[INFO ] 2021-02-09 12:25:56.901 [TestNG-tests-1] hyscaleLoginPageTestCase - firefoxbrowser started
[INFO ] 2021-02-09 12:26:02.189 [TestNG-tests-1] hyscaleLoginPageTestCase - titletest
[INFO ] 2021-02-09 12:26:02.228 [TestNG-tests-1] hyscaleLoginPageTestCase - login page factory constructor
[INFO ] 2021-02-09 12:26:02.360 [TestNG-tests-1] hyscaleLoginPageTestCase - Logo test
[INFO ] 2021-02-09 12:26:08.100 [TestNG-tests-1] hyscaleLoginPageTestCase - login test is successful
[INFO ] 2021-02-09 12:26:08.100 [TestNG-tests-1] hyscaleLoginPageTestCase - Email  and passowrd entered
[INFO ] 2021-02-09 12:26:08.232 [TestNG-tests-1] hyscaleLoginPageTestCase - get driver
[INFO ] 2021-02-09 12:26:48.864 [TestNG-tests-1] hyscaleLoginPageTestCase - chromebrowser started
[INFO ] 2021-02-09 12:26:51.750 [TestNG-tests-1] hyscaleLoginPageTestCase - titletest
[INFO ] 2021-02-09 12:26:51.770 [TestNG-tests-1] hyscaleLoginPageTestCase - login page factory constructor
[INFO ] 2021-02-09 12:26:51.833 [TestNG-tests-1] hyscaleLoginPageTestCase - Logo test
[INFO ] 2021-02-09 12:27:00.801 [TestNG-tests-1] hyscaleLoginPageTestCase - login test is successful
[INFO ] 2021-02-09 12:27:00.802 [TestNG-tests-1] hyscaleLoginPageTestCase - Email  and passowrd entered
[INFO ] 2021-02-09 12:27:00.927 [TestNG-tests-1] hyscaleLoginPageTestCase - get driver
[INFO ] 2021-02-09 12:27:01.226 [TestNG-tests-1] PackageNegativeTestCases - packages testcase started
[INFO ] 2021-02-09 12:27:08.409 [TestNG-tests-1] hyscaleLoginPageTestCase - get driver
[INFO ] 2021-02-09 12:27:11.449 [TestNG-tests-1] hyscaleLoginPageTestCase - get driver
[INFO ] 2021-02-09 12:27:11.775 [TestNG-tests-1] PackageNegativeTestCases - base images testcases started
[INFO ] 2021-02-09 12:27:19.461 [TestNG-tests-1] hyscaleLoginPageTestCase - get driver
[INFO ] 2021-02-09 12:27:22.022 [TestNG-tests-1] hyscaleLoginPageTestCase - get driver
[INFO ] 2021-02-09 12:27:22.676 [TestNG-tests-1] PackageNegativeTestCases - agent images testcases started
[INFO ] 2021-02-09 19:05:49.045 [TestNG-tests-1] hyscaleLoginPageTestCase - chromebrowser started
[INFO ] 2021-02-09 19:05:53.308 [TestNG-tests-1] hyscaleLoginPageTestCase - titletest
[INFO ] 2021-02-09 19:05:53.332 [TestNG-tests-1] hyscaleLoginPageTestCase - login page factory constructor
[INFO ] 2021-02-09 19:05:53.399 [TestNG-tests-1] hyscaleLoginPageTestCase - Logo test
[INFO ] 2021-02-09 19:06:05.709 [TestNG-tests-1] hyscaleLoginPageTestCase - login test is successful
[INFO ] 2021-02-09 19:06:05.709 [TestNG-tests-1] hyscaleLoginPageTestCase - Email  and passowrd entered
[INFO ] 2021-02-09 19:06:05.710 [TestNG-tests-1] hyscaleLoginPageTestCase - get driver
[INFO ] 2021-02-09 19:06:06.082 [TestNG-tests-1] PackageNegativeTestCases - packages testcase started
[INFO ] 2021-02-09 19:06:50.415 [TestNG-tests-1] hyscaleLoginPageTestCase - chromebrowser started
[INFO ] 2021-02-09 19:06:53.589 [TestNG-tests-1] hyscaleLoginPageTestCase - titletest
[INFO ] 2021-02-09 19:06:53.614 [TestNG-tests-1] hyscaleLoginPageTestCase - login page factory constructor
[INFO ] 2021-02-09 19:06:53.683 [TestNG-tests-1] hyscaleLoginPageTestCase - Logo test
[INFO ] 2021-02-09 19:07:04.496 [TestNG-tests-1] hyscaleLoginPageTestCase - login test is successful
[INFO ] 2021-02-09 19:07:04.496 [TestNG-tests-1] hyscaleLoginPageTestCase - Email  and passowrd entered
[INFO ] 2021-02-09 19:07:04.636 [TestNG-tests-1] hyscaleLoginPageTestCase - get driver
[INFO ] 2021-02-09 19:07:04.970 [TestNG-tests-1] PackageNegativeTestCases - packages testcase started
[INFO ] 2021-02-09 19:08:17.467 [TestNG-tests-1] hyscaleLoginPageTestCase - chromebrowser started
[INFO ] 2021-02-09 19:08:22.066 [TestNG-tests-1] hyscaleLoginPageTestCase - titletest
[INFO ] 2021-02-09 19:08:22.089 [TestNG-tests-1] hyscaleLoginPageTestCase - login page factory constructor
[INFO ] 2021-02-09 19:08:22.158 [TestNG-tests-1] hyscaleLoginPageTestCase - Logo test
[INFO ] 2021-02-09 19:08:33.446 [TestNG-tests-1] hyscaleLoginPageTestCase - login test is successful
[INFO ] 2021-02-09 19:08:33.447 [TestNG-tests-1] hyscaleLoginPageTestCase - Email  and passowrd entered
[INFO ] 2021-02-09 19:08:33.588 [TestNG-tests-1] hyscaleLoginPageTestCase - get driver
[INFO ] 2021-02-09 19:13:32.673 [TestNG-tests-1] hyscaleLoginPageTestCase - chromebrowser started
[INFO ] 2021-02-09 19:13:35.931 [TestNG-tests-1] hyscaleLoginPageTestCase - titletest
[INFO ] 2021-02-09 19:13:35.957 [TestNG-tests-1] hyscaleLoginPageTestCase - login page factory constructor
[INFO ] 2021-02-09 19:13:36.015 [TestNG-tests-1] hyscaleLoginPageTestCase - Logo test
[INFO ] 2021-02-09 19:13:45.069 [TestNG-tests-1] hyscaleLoginPageTestCase - login test is successful
[INFO ] 2021-02-09 19:13:45.069 [TestNG-tests-1] hyscaleLoginPageTestCase - Email  and passowrd entered
[INFO ] 2021-02-09 19:13:45.240 [TestNG-tests-1] hyscaleLoginPageTestCase - get driver
[INFO ] 2021-02-09 19:13:48.902 [TestNG-tests-1] hyscaleLoginPageTestCase - get driver
[INFO ] 2021-02-09 19:13:49.089 [TestNG-tests-1] PackageNegativeTestCases - packages testcase started
[INFO ] 2021-02-09 19:14:47.582 [TestNG-tests-1] hyscaleLoginPageTestCase - firefoxbrowser started
[INFO ] 2021-02-09 19:14:51.757 [TestNG-tests-1] hyscaleLoginPageTestCase - titletest
[INFO ] 2021-02-09 19:14:51.776 [TestNG-tests-1] hyscaleLoginPageTestCase - login page factory constructor
[INFO ] 2021-02-09 19:14:51.877 [TestNG-tests-1] hyscaleLoginPageTestCase - Logo test
[INFO ] 2021-02-09 19:14:58.051 [TestNG-tests-1] hyscaleLoginPageTestCase - login test is successful
[INFO ] 2021-02-09 19:14:58.051 [TestNG-tests-1] hyscaleLoginPageTestCase - Email  and passowrd entered
[INFO ] 2021-02-09 19:14:58.200 [TestNG-tests-1] hyscaleLoginPageTestCase - get driver
[INFO ] 2021-02-09 19:15:40.441 [TestNG-tests-1] hyscaleLoginPageTestCase - firefoxbrowser started
[INFO ] 2021-02-09 19:15:43.868 [TestNG-tests-1] hyscaleLoginPageTestCase - titletest
[INFO ] 2021-02-09 19:15:43.890 [TestNG-tests-1] hyscaleLoginPageTestCase - login page factory constructor
[INFO ] 2021-02-09 19:15:43.948 [TestNG-tests-1] hyscaleLoginPageTestCase - Logo test
[INFO ] 2021-02-09 19:15:49.880 [TestNG-tests-1] hyscaleLoginPageTestCase - login test is successful
[INFO ] 2021-02-09 19:15:49.880 [TestNG-tests-1] hyscaleLoginPageTestCase - Email  and passowrd entered
[INFO ] 2021-02-09 19:15:50.020 [TestNG-tests-1] hyscaleLoginPageTestCase - get driver
[INFO ] 2021-02-09 19:16:22.693 [TestNG-tests-1] hyscaleLoginPageTestCase - firefoxbrowser started
[INFO ] 2021-02-09 19:16:26.326 [TestNG-tests-1] hyscaleLoginPageTestCase - titletest
[INFO ] 2021-02-09 19:16:26.350 [TestNG-tests-1] hyscaleLoginPageTestCase - login page factory constructor
[INFO ] 2021-02-09 19:16:26.426 [TestNG-tests-1] hyscaleLoginPageTestCase - Logo test
[INFO ] 2021-02-09 19:16:33.351 [TestNG-tests-1] hyscaleLoginPageTestCase - login test is successful
[INFO ] 2021-02-09 19:16:33.351 [TestNG-tests-1] hyscaleLoginPageTestCase - Email  and passowrd entered
[INFO ] 2021-02-09 19:16:33.490 [TestNG-tests-1] hyscaleLoginPageTestCase - get driver
[INFO ] 2021-02-09 19:17:50.395 [TestNG-tests-1] hyscaleLoginPageTestCase - firefoxbrowser started
[INFO ] 2021-02-09 19:17:54.118 [TestNG-tests-1] hyscaleLoginPageTestCase - titletest
[INFO ] 2021-02-09 19:17:54.132 [TestNG-tests-1] hyscaleLoginPageTestCase - login page factory constructor
[INFO ] 2021-02-09 19:17:54.205 [TestNG-tests-1] hyscaleLoginPageTestCase - Logo test
[INFO ] 2021-02-09 19:17:59.331 [TestNG-tests-1] hyscaleLoginPageTestCase - login test is successful
[INFO ] 2021-02-09 19:17:59.332 [TestNG-tests-1] hyscaleLoginPageTestCase - Email  and passowrd entered
[INFO ] 2021-02-09 19:17:59.467 [TestNG-tests-1] hyscaleLoginPageTestCase - get driver
[INFO ] 2021-02-09 19:20:18.464 [TestNG-tests-1] hyscaleLoginPageTestCase - firefoxbrowser started
[INFO ] 2021-02-09 19:20:21.925 [TestNG-tests-1] hyscaleLoginPageTestCase - titletest
[INFO ] 2021-02-09 19:20:21.949 [TestNG-tests-1] hyscaleLoginPageTestCase - login page factory constructor
[INFO ] 2021-02-09 19:20:22.055 [TestNG-tests-1] hyscaleLoginPageTestCase - Logo test
[INFO ] 2021-02-09 19:20:28.194 [TestNG-tests-1] hyscaleLoginPageTestCase - login test is successful
[INFO ] 2021-02-09 19:20:28.194 [TestNG-tests-1] hyscaleLoginPageTestCase - Email  and passowrd entered
[INFO ] 2021-02-09 19:20:28.344 [TestNG-tests-1] hyscaleLoginPageTestCase - get driver
[INFO ] 2021-02-09 19:20:32.679 [TestNG-tests-1] hyscaleLoginPageTestCase - get driver
[INFO ] 2021-02-09 19:20:33.529 [TestNG-tests-1] PackageNegativeTestCases - packages testcase started
[INFO ] 2021-02-09 19:22:00.753 [TestNG-tests-1] hyscaleLoginPageTestCase - firefoxbrowser started
[INFO ] 2021-02-09 19:22:04.363 [TestNG-tests-1] hyscaleLoginPageTestCase - titletest
[INFO ] 2021-02-09 19:22:04.387 [TestNG-tests-1] hyscaleLoginPageTestCase - login page factory constructor
[INFO ] 2021-02-09 19:22:04.482 [TestNG-tests-1] hyscaleLoginPageTestCase - Logo test
[INFO ] 2021-02-09 19:22:11.134 [TestNG-tests-1] hyscaleLoginPageTestCase - login test is successful
[INFO ] 2021-02-09 19:22:11.134 [TestNG-tests-1] hyscaleLoginPageTestCase - Email  and passowrd entered
[INFO ] 2021-02-09 19:22:11.305 [TestNG-tests-1] hyscaleLoginPageTestCase - get driver
[INFO ] 2021-02-09 19:22:15.794 [TestNG-tests-1] hyscaleLoginPageTestCase - get driver
[INFO ] 2021-02-09 19:22:16.626 [TestNG-tests-1] PackageNegativeTestCases - packages testcase started
[INFO ] 2021-02-09 19:23:08.644 [TestNG-tests-1] hyscaleLoginPageTestCase - firefoxbrowser started
[INFO ] 2021-02-09 19:23:12.392 [TestNG-tests-1] hyscaleLoginPageTestCase - titletest
[INFO ] 2021-02-09 19:23:12.410 [TestNG-tests-1] hyscaleLoginPageTestCase - login page factory constructor
[INFO ] 2021-02-09 19:23:12.490 [TestNG-tests-1] hyscaleLoginPageTestCase - Logo test
[INFO ] 2021-02-09 19:23:18.529 [TestNG-tests-1] hyscaleLoginPageTestCase - login test is successful
[INFO ] 2021-02-09 19:23:18.529 [TestNG-tests-1] hyscaleLoginPageTestCase - Email  and passowrd entered
[INFO ] 2021-02-09 19:23:18.670 [TestNG-tests-1] hyscaleLoginPageTestCase - get driver
[INFO ] 2021-02-09 19:24:08.392 [TestNG-tests-1] hyscaleLoginPageTestCase - firefoxbrowser started
[INFO ] 2021-02-09 19:24:12.009 [TestNG-tests-1] hyscaleLoginPageTestCase - titletest
[INFO ] 2021-02-09 19:24:12.025 [TestNG-tests-1] hyscaleLoginPageTestCase - login page factory constructor
[INFO ] 2021-02-09 19:24:12.108 [TestNG-tests-1] hyscaleLoginPageTestCase - Logo test
[INFO ] 2021-02-09 19:24:18.212 [TestNG-tests-1] hyscaleLoginPageTestCase - login test is successful
[INFO ] 2021-02-09 19:24:18.212 [TestNG-tests-1] hyscaleLoginPageTestCase - Email  and passowrd entered
[INFO ] 2021-02-09 19:24:18.360 [TestNG-tests-1] hyscaleLoginPageTestCase - get driver
[INFO ] 2021-02-09 19:24:22.695 [TestNG-tests-1] hyscaleLoginPageTestCase - get driver
[INFO ] 2021-02-09 19:24:23.629 [TestNG-tests-1] PackageNegativeTestCases - packages testcase started
[INFO ] 2021-02-09 19:26:43.713 [TestNG-tests-1] hyscaleLoginPageTestCase - firefoxbrowser started
[INFO ] 2021-02-09 19:26:47.347 [TestNG-tests-1] hyscaleLoginPageTestCase - titletest
[INFO ] 2021-02-09 19:26:47.369 [TestNG-tests-1] hyscaleLoginPageTestCase - login page factory constructor
[INFO ] 2021-02-09 19:26:47.446 [TestNG-tests-1] hyscaleLoginPageTestCase - Logo test
[INFO ] 2021-02-09 19:26:52.912 [TestNG-tests-1] hyscaleLoginPageTestCase - login test is successful
[INFO ] 2021-02-09 19:26:52.913 [TestNG-tests-1] hyscaleLoginPageTestCase - Email  and passowrd entered
[INFO ] 2021-02-09 19:26:53.056 [TestNG-tests-1] hyscaleLoginPageTestCase - get driver
[INFO ] 2021-02-09 19:26:57.608 [TestNG-tests-1] hyscaleLoginPageTestCase - get driver
[INFO ] 2021-02-09 19:26:58.588 [TestNG-tests-1] PackageNegativeTestCases - packages testcase started
[INFO ] 2021-02-09 19:28:42.522 [TestNG-tests-1] hyscaleLoginPageTestCase - firefoxbrowser started
[INFO ] 2021-02-09 19:28:45.724 [TestNG-tests-1] hyscaleLoginPageTestCase - titletest
[INFO ] 2021-02-09 19:28:45.755 [TestNG-tests-1] hyscaleLoginPageTestCase - login page factory constructor
[INFO ] 2021-02-09 19:28:45.841 [TestNG-tests-1] hyscaleLoginPageTestCase - Logo test
[INFO ] 2021-02-09 19:28:51.212 [TestNG-tests-1] hyscaleLoginPageTestCase - login test is successful
[INFO ] 2021-02-09 19:28:51.212 [TestNG-tests-1] hyscaleLoginPageTestCase - Email  and passowrd entered
[INFO ] 2021-02-09 19:28:51.361 [TestNG-tests-1] hyscaleLoginPageTestCase - get driver
[INFO ] 2021-02-09 19:28:55.709 [TestNG-tests-1] hyscaleLoginPageTestCase - get driver
[INFO ] 2021-02-09 19:28:56.662 [TestNG-tests-1] PackageNegativeTestCases - packages testcase started
[INFO ] 2021-02-09 19:33:25.441 [TestNG-tests-1] hyscaleLoginPageTestCase - firefoxbrowser started
[INFO ] 2021-02-09 19:33:29.489 [TestNG-tests-1] hyscaleLoginPageTestCase - titletest
[INFO ] 2021-02-09 19:33:29.510 [TestNG-tests-1] hyscaleLoginPageTestCase - login page factory constructor
[INFO ] 2021-02-09 19:33:29.591 [TestNG-tests-1] hyscaleLoginPageTestCase - Logo test
[INFO ] 2021-02-09 19:33:37.826 [TestNG-tests-1] hyscaleLoginPageTestCase - login test is successful
[INFO ] 2021-02-09 19:33:37.826 [TestNG-tests-1] hyscaleLoginPageTestCase - Email  and passowrd entered
[INFO ] 2021-02-09 19:33:37.994 [TestNG-tests-1] hyscaleLoginPageTestCase - get driver
[INFO ] 2021-02-09 19:33:42.549 [TestNG-tests-1] hyscaleLoginPageTestCase - get driver
[INFO ] 2021-02-09 19:33:43.503 [TestNG-tests-1] PackageNegativeTestCases - packages testcase started
[INFO ] 2021-02-09 19:38:06.248 [TestNG-tests-1] hyscaleLoginPageTestCase - firefoxbrowser started
[INFO ] 2021-02-09 19:38:09.604 [TestNG-tests-1] hyscaleLoginPageTestCase - titletest
[INFO ] 2021-02-09 19:38:09.639 [TestNG-tests-1] hyscaleLoginPageTestCase - login page factory constructor
[INFO ] 2021-02-09 19:38:09.718 [TestNG-tests-1] hyscaleLoginPageTestCase - Logo test
[INFO ] 2021-02-09 19:38:15.387 [TestNG-tests-1] hyscaleLoginPageTestCase - login test is successful
[INFO ] 2021-02-09 19:38:15.387 [TestNG-tests-1] hyscaleLoginPageTestCase - Email  and passowrd entered
[INFO ] 2021-02-09 19:38:15.735 [TestNG-tests-1] hyscaleLoginPageTestCase - get driver
[INFO ] 2021-02-09 19:38:20.220 [TestNG-tests-1] hyscaleLoginPageTestCase - get driver
[INFO ] 2021-02-09 19:38:21.211 [TestNG-tests-1] PackageNegativeTestCases - packages testcase started
[INFO ] 2021-02-09 19:38:28.492 [TestNG-tests-1] hyscaleLoginPageTestCase - get driver
[INFO ] 2021-02-09 19:40:26.462 [TestNG-tests-1] hyscaleLoginPageTestCase - firefoxbrowser started
[INFO ] 2021-02-09 19:40:30.108 [TestNG-tests-1] hyscaleLoginPageTestCase - titletest
[INFO ] 2021-02-09 19:40:30.127 [TestNG-tests-1] hyscaleLoginPageTestCase - login page factory constructor
[INFO ] 2021-02-09 19:40:30.193 [TestNG-tests-1] hyscaleLoginPageTestCase - Logo test
[INFO ] 2021-02-09 19:40:36.738 [TestNG-tests-1] hyscaleLoginPageTestCase - login test is successful
[INFO ] 2021-02-09 19:40:36.738 [TestNG-tests-1] hyscaleLoginPageTestCase - Email  and passowrd entered
[INFO ] 2021-02-09 19:40:36.882 [TestNG-tests-1] hyscaleLoginPageTestCase - get driver
[INFO ] 2021-02-09 19:40:41.009 [TestNG-tests-1] hyscaleLoginPageTestCase - get driver
[INFO ] 2021-02-09 19:40:41.941 [TestNG-tests-1] PackageNegativeTestCases - packages testcase started
[INFO ] 2021-02-09 19:41:10.842 [TestNG-tests-1] hyscaleLoginPageTestCase - chromebrowser started
[INFO ] 2021-02-09 19:41:13.786 [TestNG-tests-1] hyscaleLoginPageTestCase - titletest
[INFO ] 2021-02-09 19:41:13.812 [TestNG-tests-1] hyscaleLoginPageTestCase - login page factory constructor
[INFO ] 2021-02-09 19:41:13.875 [TestNG-tests-1] hyscaleLoginPageTestCase - Logo test
[INFO ] 2021-02-09 19:41:21.763 [TestNG-tests-1] hyscaleLoginPageTestCase - login test is successful
[INFO ] 2021-02-09 19:41:21.763 [TestNG-tests-1] hyscaleLoginPageTestCase - Email  and passowrd entered
[INFO ] 2021-02-09 19:41:21.896 [TestNG-tests-1] hyscaleLoginPageTestCase - get driver
[INFO ] 2021-02-09 19:41:25.702 [TestNG-tests-1] hyscaleLoginPageTestCase - get driver
[INFO ] 2021-02-09 19:41:26.257 [TestNG-tests-1] PackageNegativeTestCases - packages testcase started
[INFO ] 2021-02-09 19:42:13.842 [TestNG-tests-1] hyscaleLoginPageTestCase - chromebrowser started
[INFO ] 2021-02-09 19:42:16.714 [TestNG-tests-1] hyscaleLoginPageTestCase - titletest
[INFO ] 2021-02-09 19:42:16.738 [TestNG-tests-1] hyscaleLoginPageTestCase - login page factory constructor
[INFO ] 2021-02-09 19:42:16.807 [TestNG-tests-1] hyscaleLoginPageTestCase - Logo test
[INFO ] 2021-02-09 19:42:25.308 [TestNG-tests-1] hyscaleLoginPageTestCase - login test is successful
[INFO ] 2021-02-09 19:42:25.309 [TestNG-tests-1] hyscaleLoginPageTestCase - Email  and passowrd entered
[INFO ] 2021-02-09 19:42:25.454 [TestNG-tests-1] hyscaleLoginPageTestCase - get driver
[INFO ] 2021-02-09 19:42:29.373 [TestNG-tests-1] hyscaleLoginPageTestCase - get driver
[INFO ] 2021-02-09 19:42:29.916 [TestNG-tests-1] PackageNegativeTestCases - packages testcase started
[INFO ] 2021-02-09 19:42:30.549 [TestNG-tests-1] hyscaleLoginPageTestCase - get driver
[INFO ] 2021-02-09 19:43:37.466 [TestNG-tests-1] hyscaleLoginPageTestCase - chromebrowser started
[INFO ] 2021-02-09 19:43:40.689 [TestNG-tests-1] hyscaleLoginPageTestCase - titletest
[INFO ] 2021-02-09 19:43:40.715 [TestNG-tests-1] hyscaleLoginPageTestCase - login page factory constructor
[INFO ] 2021-02-09 19:43:40.779 [TestNG-tests-1] hyscaleLoginPageTestCase - Logo test
[INFO ] 2021-02-09 19:43:50.945 [TestNG-tests-1] hyscaleLoginPageTestCase - login test is successful
[INFO ] 2021-02-09 19:43:50.945 [TestNG-tests-1] hyscaleLoginPageTestCase - Email  and passowrd entered
[INFO ] 2021-02-09 19:43:51.085 [TestNG-tests-1] hyscaleLoginPageTestCase - get driver
[INFO ] 2021-02-09 19:43:54.981 [TestNG-tests-1] hyscaleLoginPageTestCase - get driver
[INFO ] 2021-02-09 19:43:55.534 [TestNG-tests-1] PackageNegativeTestCases - packages testcase started
[INFO ] 2021-02-09 19:45:03.580 [TestNG-tests-1] hyscaleLoginPageTestCase - chromebrowser started
[INFO ] 2021-02-09 19:45:08.044 [TestNG-tests-1] hyscaleLoginPageTestCase - titletest
[INFO ] 2021-02-09 19:45:08.073 [TestNG-tests-1] hyscaleLoginPageTestCase - login page factory constructor
[INFO ] 2021-02-09 19:45:08.132 [TestNG-tests-1] hyscaleLoginPageTestCase - Logo test
[INFO ] 2021-02-09 19:45:21.556 [TestNG-tests-1] hyscaleLoginPageTestCase - login test is successful
[INFO ] 2021-02-09 19:45:21.556 [TestNG-tests-1] hyscaleLoginPageTestCase - Email  and passowrd entered
[INFO ] 2021-02-09 19:45:21.686 [TestNG-tests-1] hyscaleLoginPageTestCase - get driver
[INFO ] 2021-02-09 19:45:25.506 [TestNG-tests-1] hyscaleLoginPageTestCase - get driver
[INFO ] 2021-02-09 19:45:26.042 [TestNG-tests-1] PackageNegativeTestCases - packages testcase started
[INFO ] 2021-02-09 19:45:38.547 [TestNG-tests-1] hyscaleLoginPageTestCase - get driver
[INFO ] 2021-02-09 19:51:54.078 [TestNG-tests-1] hyscaleLoginPageTestCase - chromebrowser started
[INFO ] 2021-02-09 19:51:57.318 [TestNG-tests-1] hyscaleLoginPageTestCase - titletest
[INFO ] 2021-02-09 19:51:57.339 [TestNG-tests-1] hyscaleLoginPageTestCase - login page factory constructor
[INFO ] 2021-02-09 19:51:57.412 [TestNG-tests-1] hyscaleLoginPageTestCase - Logo test
[INFO ] 2021-02-09 19:52:06.818 [TestNG-tests-1] hyscaleLoginPageTestCase - login test is successful
[INFO ] 2021-02-09 19:52:06.818 [TestNG-tests-1] hyscaleLoginPageTestCase - Email  and passowrd entered
[INFO ] 2021-02-09 19:52:06.953 [TestNG-tests-1] hyscaleLoginPageTestCase - get driver
[INFO ] 2021-02-09 19:52:10.815 [TestNG-tests-1] hyscaleLoginPageTestCase - get driver
[INFO ] 2021-02-09 19:52:11.374 [TestNG-tests-1] PackageNegativeTestCases - packages testcase started
[INFO ] 2021-02-09 19:52:22.455 [TestNG-tests-1] hyscaleLoginPageTestCase - get driver
[INFO ] 2021-02-09 19:57:56.766 [TestNG-tests-1] hyscaleLoginPageTestCase - chromebrowser started
[INFO ] 2021-02-09 19:57:59.736 [TestNG-tests-1] hyscaleLoginPageTestCase - titletest
[INFO ] 2021-02-09 19:57:59.757 [TestNG-tests-1] hyscaleLoginPageTestCase - login page factory constructor
[INFO ] 2021-02-09 19:57:59.821 [TestNG-tests-1] hyscaleLoginPageTestCase - Logo test
[INFO ] 2021-02-09 19:58:08.825 [TestNG-tests-1] hyscaleLoginPageTestCase - login test is successful
[INFO ] 2021-02-09 19:58:08.826 [TestNG-tests-1] hyscaleLoginPageTestCase - Email  and passowrd entered
[INFO ] 2021-02-09 19:58:08.968 [TestNG-tests-1] hyscaleLoginPageTestCase - get driver
[INFO ] 2021-02-09 19:58:12.895 [TestNG-tests-1] hyscaleLoginPageTestCase - get driver
[INFO ] 2021-02-09 19:58:13.444 [TestNG-tests-1] PackageNegativeTestCases - packages testcase started
[INFO ] 2021-02-09 19:58:19.643 [TestNG-tests-1] hyscaleLoginPageTestCase - get driver
[INFO ] 2021-02-09 20:03:08.428 [TestNG-tests-1] hyscaleLoginPageTestCase - chromebrowser started
[INFO ] 2021-02-09 20:03:11.315 [TestNG-tests-1] hyscaleLoginPageTestCase - titletest
[INFO ] 2021-02-09 20:03:11.342 [TestNG-tests-1] hyscaleLoginPageTestCase - login page factory constructor
[INFO ] 2021-02-09 20:03:11.408 [TestNG-tests-1] hyscaleLoginPageTestCase - Logo test
[INFO ] 2021-02-09 20:03:20.348 [TestNG-tests-1] hyscaleLoginPageTestCase - login test is successful
[INFO ] 2021-02-09 20:03:20.348 [TestNG-tests-1] hyscaleLoginPageTestCase - Email  and passowrd entered
[INFO ] 2021-02-09 20:03:20.494 [TestNG-tests-1] hyscaleLoginPageTestCase - get driver
[INFO ] 2021-02-09 20:03:24.378 [TestNG-tests-1] hyscaleLoginPageTestCase - get driver
[INFO ] 2021-02-09 20:03:24.936 [TestNG-tests-1] PackageNegativeTestCases - packages testcase started
[INFO ] 2021-02-09 20:04:12.609 [TestNG-tests-1] hyscaleLoginPageTestCase - get driver
[INFO ] 2021-02-09 20:04:18.024 [TestNG-tests-1] hyscaleLoginPageTestCase - chromebrowser started
[INFO ] 2021-02-09 20:04:21.319 [TestNG-tests-1] hyscaleLoginPageTestCase - titletest
[INFO ] 2021-02-09 20:04:21.342 [TestNG-tests-1] hyscaleLoginPageTestCase - login page factory constructor
[INFO ] 2021-02-09 20:04:21.396 [TestNG-tests-1] hyscaleLoginPageTestCase - Logo test
[INFO ] 2021-02-09 20:04:30.362 [TestNG-tests-1] hyscaleLoginPageTestCase - login test is successful
[INFO ] 2021-02-09 20:04:30.363 [TestNG-tests-1] hyscaleLoginPageTestCase - Email  and passowrd entered
[INFO ] 2021-02-09 20:04:30.496 [TestNG-tests-1] hyscaleLoginPageTestCase - get driver
[INFO ] 2021-02-09 20:04:34.307 [TestNG-tests-1] hyscaleLoginPageTestCase - get driver
[INFO ] 2021-02-09 20:04:34.870 [TestNG-tests-1] PackageNegativeTestCases - packages testcase started
[INFO ] 2021-02-09 20:04:45.388 [TestNG-tests-1] hyscaleLoginPageTestCase - get driver
[INFO ] 2021-02-09 20:06:29.775 [TestNG-tests-1] hyscaleLoginPageTestCase - chromebrowser started
[INFO ] 2021-02-09 20:06:33.020 [TestNG-tests-1] hyscaleLoginPageTestCase - titletest
[INFO ] 2021-02-09 20:06:33.044 [TestNG-tests-1] hyscaleLoginPageTestCase - login page factory constructor
[INFO ] 2021-02-09 20:06:33.102 [TestNG-tests-1] hyscaleLoginPageTestCase - Logo test
[INFO ] 2021-02-09 20:06:42.071 [TestNG-tests-1] hyscaleLoginPageTestCase - login test is successful
[INFO ] 2021-02-09 20:06:42.072 [TestNG-tests-1] hyscaleLoginPageTestCase - Email  and passowrd entered
[INFO ] 2021-02-09 20:06:42.253 [TestNG-tests-1] hyscaleLoginPageTestCase - get driver
[INFO ] 2021-02-09 20:06:46.102 [TestNG-tests-1] hyscaleLoginPageTestCase - get driver
[INFO ] 2021-02-09 20:06:46.679 [TestNG-tests-1] PackageNegativeTestCases - packages testcase started
[INFO ] 2021-02-09 20:06:54.827 [TestNG-tests-1] hyscaleLoginPageTestCase - get driver
[INFO ] 2021-02-09 20:08:21.102 [TestNG-tests-1] hyscaleLoginPageTestCase - chromebrowser started
[INFO ] 2021-02-09 20:08:24.058 [TestNG-tests-1] hyscaleLoginPageTestCase - titletest
[INFO ] 2021-02-09 20:08:24.079 [TestNG-tests-1] hyscaleLoginPageTestCase - login page factory constructor
[INFO ] 2021-02-09 20:08:24.142 [TestNG-tests-1] hyscaleLoginPageTestCase - Logo test
[INFO ] 2021-02-09 20:08:32.744 [TestNG-tests-1] hyscaleLoginPageTestCase - login test is successful
[INFO ] 2021-02-09 20:08:32.745 [TestNG-tests-1] hyscaleLoginPageTestCase - Email  and passowrd entered
[INFO ] 2021-02-09 20:08:32.877 [TestNG-tests-1] hyscaleLoginPageTestCase - get driver
[INFO ] 2021-02-09 20:08:36.677 [TestNG-tests-1] hyscaleLoginPageTestCase - get driver
[INFO ] 2021-02-09 20:08:37.231 [TestNG-tests-1] PackageNegativeTestCases - packages testcase started
[INFO ] 2021-02-09 20:08:56.385 [TestNG-tests-1] hyscaleLoginPageTestCase - get driver
[INFO ] 2021-02-09 20:10:46.476 [TestNG-tests-1] hyscaleLoginPageTestCase - chromebrowser started
[INFO ] 2021-02-09 20:10:49.314 [TestNG-tests-1] hyscaleLoginPageTestCase - titletest
[INFO ] 2021-02-09 20:10:49.335 [TestNG-tests-1] hyscaleLoginPageTestCase - login page factory constructor
[INFO ] 2021-02-09 20:10:49.405 [TestNG-tests-1] hyscaleLoginPageTestCase - Logo test
[INFO ] 2021-02-09 20:10:56.831 [TestNG-tests-1] hyscaleLoginPageTestCase - login test is successful
[INFO ] 2021-02-09 20:10:56.832 [TestNG-tests-1] hyscaleLoginPageTestCase - Email  and passowrd entered
[INFO ] 2021-02-09 20:10:56.968 [TestNG-tests-1] hyscaleLoginPageTestCase - get driver
[INFO ] 2021-02-09 20:11:00.752 [TestNG-tests-1] hyscaleLoginPageTestCase - get driver
[INFO ] 2021-02-09 20:11:01.268 [TestNG-tests-1] PackageNegativeTestCases - packages testcase started
[INFO ] 2021-02-09 20:11:09.056 [TestNG-tests-1] hyscaleLoginPageTestCase - get driver
[INFO ] 2021-02-09 20:12:15.036 [TestNG-tests-1] hyscaleLoginPageTestCase - chromebrowser started
[INFO ] 2021-02-09 20:12:17.851 [TestNG-tests-1] hyscaleLoginPageTestCase - titletest
[INFO ] 2021-02-09 20:12:17.871 [TestNG-tests-1] hyscaleLoginPageTestCase - login page factory constructor
[INFO ] 2021-02-09 20:12:17.919 [TestNG-tests-1] hyscaleLoginPageTestCase - Logo test
[INFO ] 2021-02-09 20:12:27.848 [TestNG-tests-1] hyscaleLoginPageTestCase - login test is successful
[INFO ] 2021-02-09 20:12:27.848 [TestNG-tests-1] hyscaleLoginPageTestCase - Email  and passowrd entered
[INFO ] 2021-02-09 20:12:27.987 [TestNG-tests-1] hyscaleLoginPageTestCase - get driver
[INFO ] 2021-02-09 20:12:32.000 [TestNG-tests-1] hyscaleLoginPageTestCase - get driver
[INFO ] 2021-02-09 20:12:32.554 [TestNG-tests-1] PackageNegativeTestCases - packages testcase started
[INFO ] 2021-02-09 20:12:40.917 [TestNG-tests-1] hyscaleLoginPageTestCase - get driver
[INFO ] 2021-02-09 20:14:40.723 [TestNG-tests-1] hyscaleLoginPageTestCase - chromebrowser started
[INFO ] 2021-02-09 20:14:43.696 [TestNG-tests-1] hyscaleLoginPageTestCase - titletest
[INFO ] 2021-02-09 20:14:43.718 [TestNG-tests-1] hyscaleLoginPageTestCase - login page factory constructor
[INFO ] 2021-02-09 20:14:43.785 [TestNG-tests-1] hyscaleLoginPageTestCase - Logo test
[INFO ] 2021-02-09 20:14:52.834 [TestNG-tests-1] hyscaleLoginPageTestCase - login test is successful
[INFO ] 2021-02-09 20:14:52.835 [TestNG-tests-1] hyscaleLoginPageTestCase - Email  and passowrd entered
[INFO ] 2021-02-09 20:14:52.972 [TestNG-tests-1] hyscaleLoginPageTestCase - get driver
[INFO ] 2021-02-09 20:14:56.927 [TestNG-tests-1] hyscaleLoginPageTestCase - get driver
[INFO ] 2021-02-09 20:14:57.480 [TestNG-tests-1] PackageNegativeTestCases - packages testcase started
[INFO ] 2021-02-09 20:15:05.237 [TestNG-tests-1] hyscaleLoginPageTestCase - get driver
[INFO ] 2021-02-09 20:18:39.433 [TestNG-tests-1] hyscaleLoginPageTestCase - chromebrowser started
[INFO ] 2021-02-09 20:18:42.369 [TestNG-tests-1] hyscaleLoginPageTestCase - titletest
[INFO ] 2021-02-09 20:18:42.391 [TestNG-tests-1] hyscaleLoginPageTestCase - login page factory constructor
[INFO ] 2021-02-09 20:18:42.452 [TestNG-tests-1] hyscaleLoginPageTestCase - Logo test
[INFO ] 2021-02-09 20:18:50.848 [TestNG-tests-1] hyscaleLoginPageTestCase - login test is successful
[INFO ] 2021-02-09 20:18:50.848 [TestNG-tests-1] hyscaleLoginPageTestCase - Email  and passowrd entered
[INFO ] 2021-02-09 20:18:50.986 [TestNG-tests-1] hyscaleLoginPageTestCase - get driver
[INFO ] 2021-02-09 20:18:54.844 [TestNG-tests-1] hyscaleLoginPageTestCase - get driver
[INFO ] 2021-02-09 20:18:55.399 [TestNG-tests-1] PackageNegativeTestCases - packages testcase started
[INFO ] 2021-02-09 20:19:03.837 [TestNG-tests-1] hyscaleLoginPageTestCase - get driver
[INFO ] 2021-02-09 20:22:22.185 [TestNG-tests-1] hyscaleLoginPageTestCase - chromebrowser started
[INFO ] 2021-02-09 20:22:24.932 [TestNG-tests-1] hyscaleLoginPageTestCase - titletest
[INFO ] 2021-02-09 20:22:24.962 [TestNG-tests-1] hyscaleLoginPageTestCase - login page factory constructor
[INFO ] 2021-02-09 20:22:25.029 [TestNG-tests-1] hyscaleLoginPageTestCase - Logo test
[INFO ] 2021-02-09 20:22:32.884 [TestNG-tests-1] hyscaleLoginPageTestCase - login test is successful
[INFO ] 2021-02-09 20:22:32.884 [TestNG-tests-1] hyscaleLoginPageTestCase - Email  and passowrd entered
[INFO ] 2021-02-09 20:22:33.017 [TestNG-tests-1] hyscaleLoginPageTestCase - get driver
[INFO ] 2021-02-09 20:22:36.822 [TestNG-tests-1] hyscaleLoginPageTestCase - get driver
[INFO ] 2021-02-09 20:22:37.384 [TestNG-tests-1] PackageNegativeTestCases - packages testcase started
[INFO ] 2021-02-09 20:22:50.554 [TestNG-tests-1] hyscaleLoginPageTestCase - get driver
[INFO ] 2021-02-09 20:24:43.664 [TestNG-tests-1] hyscaleLoginPageTestCase - chromebrowser started
[INFO ] 2021-02-09 20:24:47.318 [TestNG-tests-1] hyscaleLoginPageTestCase - titletest
[INFO ] 2021-02-09 20:24:47.335 [TestNG-tests-1] hyscaleLoginPageTestCase - login page factory constructor
[INFO ] 2021-02-09 20:24:47.384 [TestNG-tests-1] hyscaleLoginPageTestCase - Logo test
[INFO ] 2021-02-09 20:24:55.856 [TestNG-tests-1] hyscaleLoginPageTestCase - login test is successful
[INFO ] 2021-02-09 20:24:55.856 [TestNG-tests-1] hyscaleLoginPageTestCase - Email  and passowrd entered
[INFO ] 2021-02-09 20:24:55.986 [TestNG-tests-1] hyscaleLoginPageTestCase - get driver
[INFO ] 2021-02-09 20:24:59.716 [TestNG-tests-1] hyscaleLoginPageTestCase - get driver
[INFO ] 2021-02-09 20:25:00.294 [TestNG-tests-1] PackageNegativeTestCases - packages testcase started
[INFO ] 2021-02-09 20:25:49.026 [TestNG-tests-1] hyscaleLoginPageTestCase - chromebrowser started
[INFO ] 2021-02-09 20:25:51.922 [TestNG-tests-1] hyscaleLoginPageTestCase - titletest
[INFO ] 2021-02-09 20:25:51.956 [TestNG-tests-1] hyscaleLoginPageTestCase - login page factory constructor
[INFO ] 2021-02-09 20:25:52.065 [TestNG-tests-1] hyscaleLoginPageTestCase - Logo test
[INFO ] 2021-02-09 20:26:02.049 [TestNG-tests-1] hyscaleLoginPageTestCase - login test is successful
[INFO ] 2021-02-09 20:26:02.049 [TestNG-tests-1] hyscaleLoginPageTestCase - Email  and passowrd entered
[INFO ] 2021-02-09 20:26:02.189 [TestNG-tests-1] hyscaleLoginPageTestCase - get driver
[INFO ] 2021-02-09 20:26:06.016 [TestNG-tests-1] hyscaleLoginPageTestCase - get driver
[INFO ] 2021-02-09 20:26:06.530 [TestNG-tests-1] PackageNegativeTestCases - packages testcase started
[INFO ] 2021-02-09 20:26:18.382 [TestNG-tests-1] hyscaleLoginPageTestCase - get driver
[INFO ] 2021-02-09 20:28:09.775 [TestNG-tests-1] hyscaleLoginPageTestCase - chromebrowser started
[INFO ] 2021-02-09 20:28:12.736 [TestNG-tests-1] hyscaleLoginPageTestCase - titletest
[INFO ] 2021-02-09 20:28:12.762 [TestNG-tests-1] hyscaleLoginPageTestCase - login page factory constructor
[INFO ] 2021-02-09 20:28:12.830 [TestNG-tests-1] hyscaleLoginPageTestCase - Logo test
[INFO ] 2021-02-09 20:28:19.416 [TestNG-tests-1] hyscaleLoginPageTestCase - login test is successful
[INFO ] 2021-02-09 20:28:19.416 [TestNG-tests-1] hyscaleLoginPageTestCase - Email  and passowrd entered
[INFO ] 2021-02-09 20:28:19.545 [TestNG-tests-1] hyscaleLoginPageTestCase - get driver
[INFO ] 2021-02-09 20:28:23.565 [TestNG-tests-1] hyscaleLoginPageTestCase - get driver
[INFO ] 2021-02-09 20:28:24.098 [TestNG-tests-1] PackageNegativeTestCases - packages testcase started
[INFO ] 2021-02-09 20:28:57.483 [TestNG-tests-1] hyscaleLoginPageTestCase - get driver
[INFO ] 2021-02-09 20:30:13.321 [TestNG-tests-1] hyscaleLoginPageTestCase - chromebrowser started
[INFO ] 2021-02-09 20:30:17.351 [TestNG-tests-1] hyscaleLoginPageTestCase - titletest
[INFO ] 2021-02-09 20:30:17.370 [TestNG-tests-1] hyscaleLoginPageTestCase - login page factory constructor
[INFO ] 2021-02-09 20:30:17.435 [TestNG-tests-1] hyscaleLoginPageTestCase - Logo test
[INFO ] 2021-02-09 20:30:26.082 [TestNG-tests-1] hyscaleLoginPageTestCase - login test is successful
[INFO ] 2021-02-09 20:30:26.083 [TestNG-tests-1] hyscaleLoginPageTestCase - Email  and passowrd entered
[INFO ] 2021-02-09 20:30:26.220 [TestNG-tests-1] hyscaleLoginPageTestCase - get driver
[INFO ] 2021-02-09 20:30:30.092 [TestNG-tests-1] hyscaleLoginPageTestCase - get driver
[INFO ] 2021-02-09 20:30:30.631 [TestNG-tests-1] PackageNegativeTestCases - packages testcase started
[INFO ] 2021-02-09 20:30:46.465 [TestNG-tests-1] hyscaleLoginPageTestCase - get driver
[INFO ] 2021-02-09 20:36:27.187 [TestNG-tests-1] hyscaleLoginPageTestCase - chromebrowser started
[INFO ] 2021-02-09 20:36:31.273 [TestNG-tests-1] hyscaleLoginPageTestCase - titletest
[INFO ] 2021-02-09 20:36:31.292 [TestNG-tests-1] hyscaleLoginPageTestCase - login page factory constructor
[INFO ] 2021-02-09 20:36:31.344 [TestNG-tests-1] hyscaleLoginPageTestCase - Logo test
[INFO ] 2021-02-09 20:37:44.222 [TestNG-tests-1] hyscaleLoginPageTestCase - chromebrowser started
[INFO ] 2021-02-09 20:37:47.167 [TestNG-tests-1] hyscaleLoginPageTestCase - titletest
[INFO ] 2021-02-09 20:37:47.189 [TestNG-tests-1] hyscaleLoginPageTestCase - login page factory constructor
[INFO ] 2021-02-09 20:37:47.253 [TestNG-tests-1] hyscaleLoginPageTestCase - Logo test
[INFO ] 2021-02-09 20:37:56.519 [TestNG-tests-1] hyscaleLoginPageTestCase - login test is successful
[INFO ] 2021-02-09 20:37:56.519 [TestNG-tests-1] hyscaleLoginPageTestCase - Email  and passowrd entered
[INFO ] 2021-02-09 20:37:56.657 [TestNG-tests-1] hyscaleLoginPageTestCase - get driver
[INFO ] 2021-02-09 20:38:00.512 [TestNG-tests-1] hyscaleLoginPageTestCase - get driver
[INFO ] 2021-02-09 20:38:01.069 [TestNG-tests-1] PackageNegativeTestCases - packages testcase started
[INFO ] 2021-02-09 20:38:14.312 [TestNG-tests-1] hyscaleLoginPageTestCase - get driver
[INFO ] 2021-02-09 20:39:26.657 [TestNG-tests-1] hyscaleLoginPageTestCase - chromebrowser started
[INFO ] 2021-02-09 20:39:29.954 [TestNG-tests-1] hyscaleLoginPageTestCase - titletest
[INFO ] 2021-02-09 20:39:29.983 [TestNG-tests-1] hyscaleLoginPageTestCase - login page factory constructor
[INFO ] 2021-02-09 20:39:30.064 [TestNG-tests-1] hyscaleLoginPageTestCase - Logo test
[INFO ] 2021-02-09 20:39:38.492 [TestNG-tests-1] hyscaleLoginPageTestCase - login test is successful
[INFO ] 2021-02-09 20:39:38.492 [TestNG-tests-1] hyscaleLoginPageTestCase - Email  and passowrd entered
[INFO ] 2021-02-09 20:39:38.642 [TestNG-tests-1] hyscaleLoginPageTestCase - get driver
[INFO ] 2021-02-09 20:39:42.556 [TestNG-tests-1] hyscaleLoginPageTestCase - get driver
[INFO ] 2021-02-09 20:39:43.115 [TestNG-tests-1] PackageNegativeTestCases - packages testcase started
[INFO ] 2021-02-09 20:39:49.544 [TestNG-tests-1] hyscaleLoginPageTestCase - get driver
[INFO ] 2021-02-09 20:48:54.733 [TestNG-tests-1] hyscaleLoginPageTestCase - chromebrowser started
[INFO ] 2021-02-09 20:48:57.993 [TestNG-tests-1] hyscaleLoginPageTestCase - titletest
[INFO ] 2021-02-09 20:48:58.018 [TestNG-tests-1] hyscaleLoginPageTestCase - login page factory constructor
[INFO ] 2021-02-09 20:48:58.342 [TestNG-tests-1] hyscaleLoginPageTestCase - Logo test
[INFO ] 2021-02-09 20:49:07.160 [TestNG-tests-1] hyscaleLoginPageTestCase - login test is successful
[INFO ] 2021-02-09 20:49:07.161 [TestNG-tests-1] hyscaleLoginPageTestCase - Email  and passowrd entered
[INFO ] 2021-02-09 20:49:07.300 [TestNG-tests-1] hyscaleLoginPageTestCase - get driver
[INFO ] 2021-02-09 20:49:11.339 [TestNG-tests-1] hyscaleLoginPageTestCase - get driver
[INFO ] 2021-02-09 20:49:11.908 [TestNG-tests-1] PackageNegativeTestCases - packages testcase started
[INFO ] 2021-02-09 20:49:18.152 [TestNG-tests-1] hyscaleLoginPageTestCase - get driver
[INFO ] 2021-02-09 20:49:23.225 [TestNG-tests-1] hyscaleLoginPageTestCase - get driver
[INFO ] 2021-02-09 20:49:23.586 [TestNG-tests-1] PackageNegativeTestCases - base images testcases started
[INFO ] 2021-02-09 20:49:31.892 [TestNG-tests-1] hyscaleLoginPageTestCase - get driver
[INFO ] 2021-02-09 20:56:43.206 [TestNG-tests-1] hyscaleLoginPageTestCase - chromebrowser started
[INFO ] 2021-02-09 20:56:46.771 [TestNG-tests-1] hyscaleLoginPageTestCase - titletest
[INFO ] 2021-02-09 20:56:46.796 [TestNG-tests-1] hyscaleLoginPageTestCase - login page factory constructor
[INFO ] 2021-02-09 20:56:46.851 [TestNG-tests-1] hyscaleLoginPageTestCase - Logo test
[INFO ] 2021-02-09 20:56:56.539 [TestNG-tests-1] hyscaleLoginPageTestCase - login test is successful
[INFO ] 2021-02-09 20:56:56.539 [TestNG-tests-1] hyscaleLoginPageTestCase - Email  and passowrd entered
[INFO ] 2021-02-09 20:56:56.687 [TestNG-tests-1] hyscaleLoginPageTestCase - get driver
[INFO ] 2021-02-09 20:57:00.685 [TestNG-tests-1] hyscaleLoginPageTestCase - get driver
[INFO ] 2021-02-09 20:57:01.235 [TestNG-tests-1] PackageNegativeTestCases - packages testcase started
[INFO ] 2021-02-09 20:57:01.921 [TestNG-tests-1] hyscaleLoginPageTestCase - get driver
[INFO ] 2021-02-09 20:57:20.734 [TestNG-tests-1] hyscaleLoginPageTestCase - chromebrowser started
[INFO ] 2021-02-09 20:57:24.452 [TestNG-tests-1] hyscaleLoginPageTestCase - titletest
[INFO ] 2021-02-09 20:57:24.480 [TestNG-tests-1] hyscaleLoginPageTestCase - login page factory constructor
[INFO ] 2021-02-09 20:57:24.544 [TestNG-tests-1] hyscaleLoginPageTestCase - Logo test
[INFO ] 2021-02-09 20:57:32.916 [TestNG-tests-1] hyscaleLoginPageTestCase - login test is successful
[INFO ] 2021-02-09 20:57:32.916 [TestNG-tests-1] hyscaleLoginPageTestCase - Email  and passowrd entered
[INFO ] 2021-02-09 20:57:33.046 [TestNG-tests-1] hyscaleLoginPageTestCase - get driver
[INFO ] 2021-02-09 20:57:36.782 [TestNG-tests-1] hyscaleLoginPageTestCase - get driver
[INFO ] 2021-02-09 20:57:37.337 [TestNG-tests-1] PackageNegativeTestCases - packages testcase started
[INFO ] 2021-02-09 20:57:50.553 [TestNG-tests-1] hyscaleLoginPageTestCase - get driver
[INFO ] 2021-02-09 20:57:56.490 [TestNG-tests-1] hyscaleLoginPageTestCase - get driver
[INFO ] 2021-02-09 20:57:56.817 [TestNG-tests-1] PackageNegativeTestCases - base images testcases started
[INFO ] 2021-02-09 20:58:06.019 [TestNG-tests-1] hyscaleLoginPageTestCase - get driver
