[INFO ] 2021-03-23 14:45:55.902 [TestNG-tests-1] hyscaleLoginPageTestCase - titletest
[INFO ] 2021-03-23 14:45:56.207 [TestNG-tests-1] hyscaleLoginPageTestCase - login page factory constructor
[INFO ] 2021-03-23 16:17:55.714 [TestNG-tests-1] hyscaleLoginPageTestCase - titletest
[INFO ] 2021-03-23 16:17:55.751 [TestNG-tests-1] hyscaleLoginPageTestCase - login page factory constructor
[INFO ] 2021-03-23 16:17:56.088 [TestNG-tests-1] hyscaleLoginPageTestCase - Logo test
[INFO ] 2021-03-23 16:23:59.428 [TestNG-tests-1] hyscaleLoginPageTestCase - titletest
[INFO ] 2021-03-23 16:23:59.451 [TestNG-tests-1] hyscaleLoginPageTestCase - login page factory constructor
[INFO ] 2021-03-23 16:23:59.577 [TestNG-tests-1] hyscaleLoginPageTestCase - Logo test
[INFO ] 2021-03-23 16:24:09.711 [TestNG-tests-1] hyscaleLoginPageTestCase - login test is successful
[INFO ] 2021-03-23 16:24:09.711 [TestNG-tests-1] hyscaleLoginPageTestCase - Email  and passowrd entered
[INFO ] 2021-03-23 16:24:09.778 [TestNG-tests-1] hyscaleLoginPageTestCase - get driver
[INFO ] 2021-03-23 16:24:17.592 [TestNG-tests-1] hyscaleLoginPageTestCase - get driver
[INFO ] 2021-03-23 16:24:18.206 [TestNG-tests-1] PackageNegativeTestCases - packages testcase started
[INFO ] 2021-03-23 16:25:53.706 [TestNG-tests-1] hyscaleLoginPageTestCase - get driver
[INFO ] 2021-03-23 16:40:27.488 [TestNG-tests-1] hyscaleLoginPageTestCase - chromebrowser started
[INFO ] 2021-03-23 16:40:31.001 [TestNG-tests-1] hyscaleLoginPageTestCase - titletest
[INFO ] 2021-03-23 16:40:31.029 [TestNG-tests-1] hyscaleLoginPageTestCase - login page factory constructor
[INFO ] 2021-03-23 16:40:31.158 [TestNG-tests-1] hyscaleLoginPageTestCase - Logo test
[INFO ] 2021-03-23 16:40:41.680 [TestNG-tests-1] hyscaleLoginPageTestCase - login test is successful
[INFO ] 2021-03-23 16:40:41.680 [TestNG-tests-1] hyscaleLoginPageTestCase - Email  and passowrd entered
[INFO ] 2021-03-23 16:40:41.704 [TestNG-tests-1] hyscaleLoginPageTestCase - get driver
[INFO ] 2021-03-23 16:40:45.291 [TestNG-tests-1] hyscaleLoginPageTestCase - get driver
[INFO ] 2021-03-23 16:40:45.780 [TestNG-tests-1] PackageNegativeTestCases - packages testcase started
[INFO ] 2021-03-23 16:40:52.809 [TestNG-tests-1] hyscaleLoginPageTestCase - get driver
[INFO ] 2021-03-23 16:42:26.765 [TestNG-tests-1] hyscaleLoginPageTestCase - get driver
[INFO ] 2021-03-23 16:49:02.410 [TestNG-tests-1] hyscaleLoginPageTestCase - chromebrowser started
[INFO ] 2021-03-23 16:49:03.006 [TestNG-tests-1] hyscaleLoginPageTestCase - get driver
[INFO ] 2021-03-23 16:50:34.764 [TestNG-tests-1] hyscaleLoginPageTestCase - chromebrowser started
[INFO ] 2021-03-23 16:50:35.380 [TestNG-tests-1] hyscaleLoginPageTestCase - get driver
[INFO ] 2021-03-23 16:51:06.312 [TestNG-tests-1] hyscaleLoginPageTestCase - chromebrowser started
[INFO ] 2021-03-23 16:51:06.970 [TestNG-tests-1] hyscaleLoginPageTestCase - get driver
[INFO ] 2021-03-23 16:51:29.001 [TestNG-tests-1] hyscaleLoginPageTestCase - chromebrowser started
[INFO ] 2021-03-23 16:51:32.528 [TestNG-tests-1] hyscaleLoginPageTestCase - titletest
[INFO ] 2021-03-23 16:51:32.556 [TestNG-tests-1] hyscaleLoginPageTestCase - login page factory constructor
[INFO ] 2021-03-23 16:51:32.634 [TestNG-tests-1] hyscaleLoginPageTestCase - Logo test
[INFO ] 2021-03-23 16:51:42.642 [TestNG-tests-1] hyscaleLoginPageTestCase - login test is successful
[INFO ] 2021-03-23 16:51:42.642 [TestNG-tests-1] hyscaleLoginPageTestCase - Email  and passowrd entered
[INFO ] 2021-03-23 16:51:42.679 [TestNG-tests-1] hyscaleLoginPageTestCase - get driver
[INFO ] 2021-03-23 16:51:46.395 [TestNG-tests-1] hyscaleLoginPageTestCase - get driver
[INFO ] 2021-03-23 16:51:46.869 [TestNG-tests-1] PackageNegativeTestCases - packages testcase started
[INFO ] 2021-03-23 16:51:53.366 [TestNG-tests-1] hyscaleLoginPageTestCase - get driver
[INFO ] 2021-03-23 16:53:26.444 [TestNG-tests-1] hyscaleLoginPageTestCase - get driver
[INFO ] 2021-03-23 16:55:56.920 [TestNG-tests-1] hyscaleLoginPageTestCase - get driver
[INFO ] 2021-03-23 16:56:13.171 [TestNG-tests-1] hyscaleLoginPageTestCase - chromebrowser started
[INFO ] 2021-03-23 16:56:16.794 [TestNG-tests-1] hyscaleLoginPageTestCase - titletest
[INFO ] 2021-03-23 16:56:16.818 [TestNG-tests-1] hyscaleLoginPageTestCase - login page factory constructor
[INFO ] 2021-03-23 16:56:16.893 [TestNG-tests-1] hyscaleLoginPageTestCase - Logo test
[INFO ] 2021-03-23 16:56:28.089 [TestNG-tests-1] hyscaleLoginPageTestCase - login test is successful
[INFO ] 2021-03-23 16:56:28.090 [TestNG-tests-1] hyscaleLoginPageTestCase - Email  and passowrd entered
[INFO ] 2021-03-23 16:56:28.127 [TestNG-tests-1] hyscaleLoginPageTestCase - get driver
[INFO ] 2021-03-23 16:56:31.884 [TestNG-tests-1] hyscaleLoginPageTestCase - get driver
[INFO ] 2021-03-23 16:56:32.373 [TestNG-tests-1] PackageNegativeTestCases - packages testcase started
[INFO ] 2021-03-23 16:56:39.212 [TestNG-tests-1] hyscaleLoginPageTestCase - get driver
[INFO ] 2021-03-23 16:58:12.435 [TestNG-tests-1] hyscaleLoginPageTestCase - get driver
[INFO ] 2021-03-23 16:58:58.517 [TestNG-tests-1] hyscaleLoginPageTestCase - get driver
[INFO ] 2021-03-23 16:58:58.566 [TestNG-tests-1] hyscaleLoginPageTestCase - get driver
[INFO ] 2021-03-23 16:58:58.611 [TestNG-tests-1] hyscaleLoginPageTestCase - get driver
[INFO ] 2021-03-23 16:58:58.674 [TestNG-tests-1] hyscaleLoginPageTestCase - get driver
[INFO ] 2021-03-23 16:58:58.696 [TestNG-tests-1] hyscaleLoginPageTestCase - get driver
[INFO ] 2021-03-23 17:08:01.973 [TestNG-tests-1] hyscaleLoginPageTestCase - chromebrowser started
[INFO ] 2021-03-23 17:08:06.449 [TestNG-tests-1] hyscaleLoginPageTestCase - titletest
[INFO ] 2021-03-23 17:08:06.495 [TestNG-tests-1] hyscaleLoginPageTestCase - login page factory constructor
[INFO ] 2021-03-23 17:08:06.604 [TestNG-tests-1] hyscaleLoginPageTestCase - Logo test
[INFO ] 2021-03-23 17:08:14.738 [TestNG-tests-1] hyscaleLoginPageTestCase - login test is successful
[INFO ] 2021-03-23 17:08:14.739 [TestNG-tests-1] hyscaleLoginPageTestCase - Email  and passowrd entered
[INFO ] 2021-03-23 17:08:14.779 [TestNG-tests-1] hyscaleLoginPageTestCase - get driver
[INFO ] 2021-03-23 17:08:18.488 [TestNG-tests-1] hyscaleLoginPageTestCase - get driver
[INFO ] 2021-03-23 17:08:18.999 [TestNG-tests-1] PackageNegativeTestCases - packages testcase started
[INFO ] 2021-03-23 17:08:25.793 [TestNG-tests-1] hyscaleLoginPageTestCase - get driver
[INFO ] 2021-03-23 17:09:30.073 [TestNG-tests-1] hyscaleLoginPageTestCase - get driver
[INFO ] 2021-03-23 17:09:38.039 [TestNG-tests-1] hyscaleLoginPageTestCase - chromebrowser started
[INFO ] 2021-03-23 17:09:41.763 [TestNG-tests-1] hyscaleLoginPageTestCase - titletest
[INFO ] 2021-03-23 17:09:41.791 [TestNG-tests-1] hyscaleLoginPageTestCase - login page factory constructor
[INFO ] 2021-03-23 17:09:41.868 [TestNG-tests-1] hyscaleLoginPageTestCase - Logo test
[INFO ] 2021-03-23 17:09:50.384 [TestNG-tests-1] hyscaleLoginPageTestCase - login test is successful
[INFO ] 2021-03-23 17:09:50.385 [TestNG-tests-1] hyscaleLoginPageTestCase - Email  and passowrd entered
[INFO ] 2021-03-23 17:09:50.425 [TestNG-tests-1] hyscaleLoginPageTestCase - get driver
[INFO ] 2021-03-23 17:09:54.163 [TestNG-tests-1] hyscaleLoginPageTestCase - get driver
[INFO ] 2021-03-23 17:09:54.636 [TestNG-tests-1] PackageNegativeTestCases - packages testcase started
[INFO ] 2021-03-23 17:10:01.315 [TestNG-tests-1] hyscaleLoginPageTestCase - get driver
[INFO ] 2021-03-23 17:10:39.558 [TestNG-tests-1] hyscaleLoginPageTestCase - get driver
[INFO ] 2021-03-23 17:10:40.041 [TestNG-tests-1] PackageNegativeTestCases - base images testcases started
[INFO ] 2021-03-23 17:15:05.215 [TestNG-tests-1] hyscaleLoginPageTestCase - chromebrowser started
[INFO ] 2021-03-23 17:15:08.159 [TestNG-tests-1] hyscaleLoginPageTestCase - titletest
[INFO ] 2021-03-23 17:15:08.190 [TestNG-tests-1] hyscaleLoginPageTestCase - login page factory constructor
[INFO ] 2021-03-23 17:15:08.262 [TestNG-tests-1] hyscaleLoginPageTestCase - Logo test
[INFO ] 2021-03-23 17:15:15.502 [TestNG-tests-1] hyscaleLoginPageTestCase - login test is successful
[INFO ] 2021-03-23 17:15:15.502 [TestNG-tests-1] hyscaleLoginPageTestCase - Email  and passowrd entered
[INFO ] 2021-03-23 17:15:15.533 [TestNG-tests-1] hyscaleLoginPageTestCase - get driver
[INFO ] 2021-03-23 17:15:19.218 [TestNG-tests-1] hyscaleLoginPageTestCase - get driver
[INFO ] 2021-03-23 17:15:19.698 [TestNG-tests-1] PackageNegativeTestCases - packages testcase started
[INFO ] 2021-03-23 17:15:26.489 [TestNG-tests-1] hyscaleLoginPageTestCase - get driver
[INFO ] 2021-03-23 17:22:37.856 [TestNG-tests-1] hyscaleLoginPageTestCase - chromebrowser started
[INFO ] 2021-03-23 17:22:43.801 [TestNG-tests-1] hyscaleLoginPageTestCase - titletest
[INFO ] 2021-03-23 17:22:43.818 [TestNG-tests-1] hyscaleLoginPageTestCase - login page factory constructor
[INFO ] 2021-03-23 17:22:43.866 [TestNG-tests-1] hyscaleLoginPageTestCase - Logo test
[INFO ] 2021-03-23 17:22:58.407 [TestNG-tests-1] hyscaleLoginPageTestCase - login test is successful
[INFO ] 2021-03-23 17:22:58.408 [TestNG-tests-1] hyscaleLoginPageTestCase - Email  and passowrd entered
[INFO ] 2021-03-23 17:22:58.480 [TestNG-tests-1] hyscaleLoginPageTestCase - get driver
[INFO ] 2021-03-23 17:23:02.264 [TestNG-tests-1] hyscaleLoginPageTestCase - get driver
[INFO ] 2021-03-23 17:23:02.764 [TestNG-tests-1] PackageNegativeTestCases - packages testcase started
[INFO ] 2021-03-23 17:23:09.534 [TestNG-tests-1] hyscaleLoginPageTestCase - get driver
[INFO ] 2021-03-23 17:23:20.969 [TestNG-tests-1] hyscaleLoginPageTestCase - get driver
[INFO ] 2021-03-23 17:23:21.306 [TestNG-tests-1] PackageNegativeTestCases - base images testcases started
[INFO ] 2021-03-23 17:23:47.315 [TestNG-tests-1] hyscaleLoginPageTestCase - get driver
[INFO ] 2021-03-23 17:23:53.113 [TestNG-tests-1] hyscaleLoginPageTestCase - get driver
[INFO ] 2021-03-23 17:23:53.190 [TestNG-tests-1] PackageNegativeTestCases - agent images testcases started
[INFO ] 2021-03-23 17:23:58.339 [TestNG-tests-1] hyscaleLoginPageTestCase - get driver
[INFO ] 2021-03-23 17:24:02.156 [TestNG-tests-1] hyscaleLoginPageTestCase - get driver
[INFO ] 2021-03-23 17:24:03.718 [TestNG-tests-1] hyscaleLoginPageTestCase - get driver
[INFO ] 2021-03-23 17:24:06.471 [TestNG-tests-1] hyscaleLoginPageTestCase - get driver
[INFO ] 2021-03-23 17:24:40.786 [TestNG-tests-1] hyscaleLoginPageTestCase - get driver
[INFO ] 2021-03-23 17:24:41.050 [TestNG-tests-1] containerRegistryNegativeTestCases - containerRegistry testcases started
[INFO ] 2021-03-23 17:25:24.243 [TestNG-tests-1] hyscaleLoginPageTestCase - get driver
[INFO ] 2021-03-23 17:26:55.622 [TestNG-tests-1] hyscaleLoginPageTestCase - get driver
[INFO ] 2021-03-23 17:27:32.832 [TestNG-tests-1] hyscaleLoginPageTestCase - chromebrowser started
[INFO ] 2021-03-23 17:27:35.790 [TestNG-tests-1] hyscaleLoginPageTestCase - titletest
[INFO ] 2021-03-23 17:27:35.821 [TestNG-tests-1] hyscaleLoginPageTestCase - login page factory constructor
[INFO ] 2021-03-23 17:27:35.901 [TestNG-tests-1] hyscaleLoginPageTestCase - Logo test
[INFO ] 2021-03-23 17:27:45.418 [TestNG-tests-1] hyscaleLoginPageTestCase - login test is successful
[INFO ] 2021-03-23 17:27:45.419 [TestNG-tests-1] hyscaleLoginPageTestCase - Email  and passowrd entered
[INFO ] 2021-03-23 17:27:45.455 [TestNG-tests-1] hyscaleLoginPageTestCase - get driver
[INFO ] 2021-03-23 17:27:49.651 [TestNG-tests-1] hyscaleLoginPageTestCase - get driver
[INFO ] 2021-03-23 17:27:50.200 [TestNG-tests-1] PackageNegativeTestCases - packages testcase started
[INFO ] 2021-03-23 17:28:15.557 [TestNG-tests-1] hyscaleLoginPageTestCase - get driver
[INFO ] 2021-03-23 17:28:15.626 [TestNG-tests-1] hyscaleLoginPageTestCase - get driver
[INFO ] 2021-03-23 17:28:15.694 [TestNG-tests-1] hyscaleLoginPageTestCase - get driver
[INFO ] 2021-03-23 17:28:15.751 [TestNG-tests-1] hyscaleLoginPageTestCase - get driver
[INFO ] 2021-03-23 17:28:16.300 [main] hyscaleLoginPageTestCase - ended
[INFO ] 2021-03-23 17:28:21.771 [TestNG-tests-1] hyscaleLoginPageTestCase - chromebrowser started
[INFO ] 2021-03-23 17:28:24.359 [TestNG-tests-1] hyscaleLoginPageTestCase - titletest
[INFO ] 2021-03-23 17:28:24.383 [TestNG-tests-1] hyscaleLoginPageTestCase - login page factory constructor
[INFO ] 2021-03-23 17:28:24.461 [TestNG-tests-1] hyscaleLoginPageTestCase - Logo test
[INFO ] 2021-03-23 17:28:32.874 [TestNG-tests-1] hyscaleLoginPageTestCase - login test is successful
[INFO ] 2021-03-23 17:28:32.875 [TestNG-tests-1] hyscaleLoginPageTestCase - Email  and passowrd entered
[INFO ] 2021-03-23 17:28:32.904 [TestNG-tests-1] hyscaleLoginPageTestCase - get driver
[INFO ] 2021-03-23 17:28:36.525 [TestNG-tests-1] hyscaleLoginPageTestCase - get driver
[INFO ] 2021-03-23 17:28:37.006 [TestNG-tests-1] PackageNegativeTestCases - packages testcase started
[INFO ] 2021-03-23 17:28:43.875 [TestNG-tests-1] hyscaleLoginPageTestCase - get driver
[INFO ] 2021-03-23 17:28:55.605 [TestNG-tests-1] hyscaleLoginPageTestCase - get driver
[INFO ] 2021-03-23 17:28:56.050 [TestNG-tests-1] PackageNegativeTestCases - base images testcases started
[INFO ] 2021-03-23 17:29:18.817 [TestNG-tests-1] hyscaleLoginPageTestCase - get driver
[INFO ] 2021-03-23 17:29:21.630 [TestNG-tests-1] hyscaleLoginPageTestCase - get driver
[INFO ] 2021-03-23 17:29:23.507 [main] hyscaleLoginPageTestCase - ended
[INFO ] 2021-03-23 17:29:56.700 [TestNG-tests-1] hyscaleLoginPageTestCase - chromebrowser started
[INFO ] 2021-03-23 17:29:59.891 [TestNG-tests-1] hyscaleLoginPageTestCase - titletest
[INFO ] 2021-03-23 17:29:59.916 [TestNG-tests-1] hyscaleLoginPageTestCase - login page factory constructor
[INFO ] 2021-03-23 17:29:59.998 [TestNG-tests-1] hyscaleLoginPageTestCase - Logo test
[INFO ] 2021-03-23 17:30:09.440 [TestNG-tests-1] hyscaleLoginPageTestCase - login test is successful
[INFO ] 2021-03-23 17:30:09.441 [TestNG-tests-1] hyscaleLoginPageTestCase - Email  and passowrd entered
[INFO ] 2021-03-23 17:30:09.470 [TestNG-tests-1] hyscaleLoginPageTestCase - get driver
[INFO ] 2021-03-23 17:30:13.234 [TestNG-tests-1] hyscaleLoginPageTestCase - get driver
[INFO ] 2021-03-23 17:30:13.717 [TestNG-tests-1] PackageNegativeTestCases - packages testcase started
[INFO ] 2021-03-23 17:30:20.339 [TestNG-tests-1] hyscaleLoginPageTestCase - get driver
[INFO ] 2021-03-23 17:30:57.563 [TestNG-tests-1] hyscaleLoginPageTestCase - get driver
[INFO ] 2021-03-23 17:30:57.995 [TestNG-tests-1] PackageNegativeTestCases - base images testcases started
[INFO ] 2021-03-23 17:31:20.470 [TestNG-tests-1] hyscaleLoginPageTestCase - get driver
[INFO ] 2021-03-23 17:31:23.497 [TestNG-tests-1] hyscaleLoginPageTestCase - get driver
[INFO ] 2021-03-23 17:31:25.339 [main] hyscaleLoginPageTestCase - ended
[INFO ] 2021-03-23 17:42:35.824 [TestNG-tests-1] hyscaleLoginPageTestCase - chromebrowser started
[INFO ] 2021-03-23 17:42:38.722 [TestNG-tests-1] hyscaleLoginPageTestCase - titletest
[INFO ] 2021-03-23 17:42:38.751 [TestNG-tests-1] hyscaleLoginPageTestCase - login page factory constructor
[INFO ] 2021-03-23 17:42:38.821 [TestNG-tests-1] hyscaleLoginPageTestCase - Logo test
[INFO ] 2021-03-23 17:42:49.037 [TestNG-tests-1] hyscaleLoginPageTestCase - login test is successful
[INFO ] 2021-03-23 17:42:49.037 [TestNG-tests-1] hyscaleLoginPageTestCase - Email  and passowrd entered
[INFO ] 2021-03-23 17:42:49.078 [TestNG-tests-1] hyscaleLoginPageTestCase - get driver
[INFO ] 2021-03-23 17:42:51.078 [TestNG-tests-1] hyscaleLoginPageTestCase - get driver
[INFO ] 2021-03-23 17:42:51.350 [TestNG-tests-1] PackageNegativeTestCases - packages testcase started
[INFO ] 2021-03-23 17:42:58.225 [TestNG-tests-1] hyscaleLoginPageTestCase - get driver
[INFO ] 2021-03-23 17:43:35.989 [TestNG-tests-1] hyscaleLoginPageTestCase - get driver
[INFO ] 2021-03-23 17:43:36.684 [TestNG-tests-1] PackageNegativeTestCases - base images testcases started
[INFO ] 2021-03-23 17:43:58.956 [TestNG-tests-1] hyscaleLoginPageTestCase - get driver
[INFO ] 2021-03-23 17:44:01.659 [TestNG-tests-1] hyscaleLoginPageTestCase - get driver
[INFO ] 2021-03-23 17:44:03.535 [main] hyscaleLoginPageTestCase - ended
[INFO ] 2021-03-23 17:52:44.675 [TestNG-tests-1] hyscaleLoginPageTestCase - chromebrowser started
[INFO ] 2021-03-23 17:52:47.961 [TestNG-tests-1] hyscaleLoginPageTestCase - titletest
[INFO ] 2021-03-23 17:52:47.984 [TestNG-tests-1] hyscaleLoginPageTestCase - login page factory constructor
[INFO ] 2021-03-23 17:52:48.060 [TestNG-tests-1] hyscaleLoginPageTestCase - Logo test
[INFO ] 2021-03-23 17:52:56.596 [TestNG-tests-1] hyscaleLoginPageTestCase - login test is successful
[INFO ] 2021-03-23 17:52:56.596 [TestNG-tests-1] hyscaleLoginPageTestCase - Email  and passowrd entered
[INFO ] 2021-03-23 17:52:56.625 [TestNG-tests-1] hyscaleLoginPageTestCase - get driver
[INFO ] 2021-03-23 17:52:58.669 [TestNG-tests-1] hyscaleLoginPageTestCase - get driver
[INFO ] 2021-03-23 17:52:58.973 [TestNG-tests-1] PackageNegativeTestCases - packages testcase started
[INFO ] 2021-03-23 17:53:05.656 [TestNG-tests-1] hyscaleLoginPageTestCase - get driver
[INFO ] 2021-03-23 17:53:17.346 [TestNG-tests-1] hyscaleLoginPageTestCase - get driver
[INFO ] 2021-03-23 17:53:17.761 [TestNG-tests-1] PackageNegativeTestCases - base images testcases started
[INFO ] 2021-03-23 17:53:39.388 [TestNG-tests-1] hyscaleLoginPageTestCase - get driver
[INFO ] 2021-03-23 17:53:42.117 [TestNG-tests-1] hyscaleLoginPageTestCase - get driver
[INFO ] 2021-03-23 17:53:44.004 [main] hyscaleLoginPageTestCase - ended
[INFO ] 2021-03-23 17:57:54.510 [TestNG-tests-1] hyscaleLoginPageTestCase - chromebrowser started
[INFO ] 2021-03-23 17:57:57.940 [TestNG-tests-1] hyscaleLoginPageTestCase - titletest
[INFO ] 2021-03-23 17:57:57.968 [TestNG-tests-1] hyscaleLoginPageTestCase - login page factory constructor
[INFO ] 2021-03-23 17:57:58.040 [TestNG-tests-1] hyscaleLoginPageTestCase - Logo test
[INFO ] 2021-03-23 17:58:08.108 [TestNG-tests-1] hyscaleLoginPageTestCase - login test is successful
[INFO ] 2021-03-23 17:58:08.109 [TestNG-tests-1] hyscaleLoginPageTestCase - Email  and passowrd entered
[INFO ] 2021-03-23 17:58:08.146 [TestNG-tests-1] hyscaleLoginPageTestCase - get driver
[INFO ] 2021-03-23 17:58:10.489 [TestNG-tests-1] hyscaleLoginPageTestCase - get driver
[INFO ] 2021-03-23 17:58:10.838 [TestNG-tests-1] PackageNegativeTestCases - packages testcase started
[INFO ] 2021-03-23 17:58:16.475 [TestNG-tests-1] hyscaleLoginPageTestCase - get driver
[INFO ] 2021-03-23 17:58:50.873 [TestNG-tests-1] hyscaleLoginPageTestCase - get driver
[INFO ] 2021-03-23 17:58:51.245 [TestNG-tests-1] PackageNegativeTestCases - base images testcases started
[INFO ] 2021-03-23 17:59:14.072 [TestNG-tests-1] hyscaleLoginPageTestCase - get driver
[INFO ] 2021-03-23 17:59:16.812 [TestNG-tests-1] hyscaleLoginPageTestCase - get driver
[INFO ] 2021-03-23 17:59:19.002 [main] hyscaleLoginPageTestCase - ended
[INFO ] 2021-03-23 17:59:29.277 [TestNG-tests-1] hyscaleLoginPageTestCase - chromebrowser started
[INFO ] 2021-03-23 17:59:32.133 [TestNG-tests-1] hyscaleLoginPageTestCase - titletest
[INFO ] 2021-03-23 17:59:32.158 [TestNG-tests-1] hyscaleLoginPageTestCase - login page factory constructor
[INFO ] 2021-03-23 17:59:32.250 [TestNG-tests-1] hyscaleLoginPageTestCase - Logo test
[INFO ] 2021-03-23 17:59:38.760 [TestNG-tests-1] hyscaleLoginPageTestCase - login test is successful
[INFO ] 2021-03-23 17:59:38.760 [TestNG-tests-1] hyscaleLoginPageTestCase - Email  and passowrd entered
[INFO ] 2021-03-23 17:59:38.829 [TestNG-tests-1] hyscaleLoginPageTestCase - get driver
[INFO ] 2021-03-23 17:59:41.023 [TestNG-tests-1] hyscaleLoginPageTestCase - get driver
[INFO ] 2021-03-23 17:59:41.292 [TestNG-tests-1] PackageNegativeTestCases - packages testcase started
[INFO ] 2021-03-23 17:59:48.069 [TestNG-tests-1] hyscaleLoginPageTestCase - get driver
[INFO ] 2021-03-23 17:59:58.576 [TestNG-tests-1] hyscaleLoginPageTestCase - get driver
[INFO ] 2021-03-23 17:59:58.961 [TestNG-tests-1] PackageNegativeTestCases - base images testcases started
[INFO ] 2021-03-23 18:00:20.996 [TestNG-tests-1] hyscaleLoginPageTestCase - get driver
[INFO ] 2021-03-23 18:00:23.720 [TestNG-tests-1] hyscaleLoginPageTestCase - get driver
[INFO ] 2021-03-23 18:00:25.735 [main] hyscaleLoginPageTestCase - ended
[INFO ] 2021-03-23 18:00:38.728 [TestNG-tests-1] hyscaleLoginPageTestCase - chromebrowser started
[INFO ] 2021-03-23 18:00:41.470 [TestNG-tests-1] hyscaleLoginPageTestCase - titletest
[INFO ] 2021-03-23 18:00:41.502 [TestNG-tests-1] hyscaleLoginPageTestCase - login page factory constructor
[INFO ] 2021-03-23 18:00:41.582 [TestNG-tests-1] hyscaleLoginPageTestCase - Logo test
[INFO ] 2021-03-23 18:00:49.748 [TestNG-tests-1] hyscaleLoginPageTestCase - login test is successful
[INFO ] 2021-03-23 18:00:49.748 [TestNG-tests-1] hyscaleLoginPageTestCase - Email  and passowrd entered
[INFO ] 2021-03-23 18:00:49.776 [TestNG-tests-1] hyscaleLoginPageTestCase - get driver
[INFO ] 2021-03-23 18:00:51.916 [main] hyscaleLoginPageTestCase - ended
[INFO ] 2021-03-23 18:01:04.250 [TestNG-tests-1] hyscaleLoginPageTestCase - chromebrowser started
[INFO ] 2021-03-23 18:01:07.523 [TestNG-tests-1] hyscaleLoginPageTestCase - titletest
[INFO ] 2021-03-23 18:01:07.562 [TestNG-tests-1] hyscaleLoginPageTestCase - login page factory constructor
[INFO ] 2021-03-23 18:01:07.650 [TestNG-tests-1] hyscaleLoginPageTestCase - Logo test
[INFO ] 2021-03-23 18:01:16.793 [TestNG-tests-1] hyscaleLoginPageTestCase - login test is successful
[INFO ] 2021-03-23 18:01:16.793 [TestNG-tests-1] hyscaleLoginPageTestCase - Email  and passowrd entered
[INFO ] 2021-03-23 18:01:16.837 [TestNG-tests-1] hyscaleLoginPageTestCase - get driver
[INFO ] 2021-03-23 18:01:18.999 [main] hyscaleLoginPageTestCase - ended
[INFO ] 2021-03-23 18:04:19.136 [TestNG-tests-1] hyscaleLoginPageTestCase - chromebrowser started
[INFO ] 2021-03-23 18:04:22.981 [TestNG-tests-1] hyscaleLoginPageTestCase - titletest
[INFO ] 2021-03-23 18:04:23.012 [TestNG-tests-1] hyscaleLoginPageTestCase - login page factory constructor
[INFO ] 2021-03-23 18:04:23.092 [TestNG-tests-1] hyscaleLoginPageTestCase - Logo test
[INFO ] 2021-03-23 18:04:30.772 [TestNG-tests-1] hyscaleLoginPageTestCase - login test is successful
[INFO ] 2021-03-23 18:04:30.772 [TestNG-tests-1] hyscaleLoginPageTestCase - Email  and passowrd entered
[INFO ] 2021-03-23 18:04:30.808 [TestNG-tests-1] hyscaleLoginPageTestCase - get driver
[INFO ] 2021-03-23 18:04:33.079 [main] hyscaleLoginPageTestCase - ended
[INFO ] 2021-03-23 18:05:02.991 [TestNG-tests-1] hyscaleLoginPageTestCase - chromebrowser started
[INFO ] 2021-03-23 18:05:05.778 [TestNG-tests-1] hyscaleLoginPageTestCase - titletest
[INFO ] 2021-03-23 18:05:05.809 [TestNG-tests-1] hyscaleLoginPageTestCase - login page factory constructor
[INFO ] 2021-03-23 18:05:05.886 [TestNG-tests-1] hyscaleLoginPageTestCase - Logo test
[INFO ] 2021-03-23 18:05:14.318 [TestNG-tests-1] hyscaleLoginPageTestCase - login test is successful
[INFO ] 2021-03-23 18:05:14.318 [TestNG-tests-1] hyscaleLoginPageTestCase - Email  and passowrd entered
[INFO ] 2021-03-23 18:05:14.354 [TestNG-tests-1] hyscaleLoginPageTestCase - get driver
[INFO ] 2021-03-23 18:05:17.355 [main] hyscaleLoginPageTestCase - ended
[INFO ] 2021-03-23 18:05:57.739 [TestNG-tests-1] hyscaleLoginPageTestCase - chromebrowser started
[INFO ] 2021-03-23 18:06:01.569 [TestNG-tests-1] hyscaleLoginPageTestCase - titletest
[INFO ] 2021-03-23 18:06:01.593 [TestNG-tests-1] hyscaleLoginPageTestCase - login page factory constructor
[INFO ] 2021-03-23 18:06:01.660 [TestNG-tests-1] hyscaleLoginPageTestCase - Logo test
[INFO ] 2021-03-23 18:06:12.719 [TestNG-tests-1] hyscaleLoginPageTestCase - login test is successful
[INFO ] 2021-03-23 18:06:12.720 [TestNG-tests-1] hyscaleLoginPageTestCase - Email  and passowrd entered
[INFO ] 2021-03-23 18:06:12.756 [TestNG-tests-1] hyscaleLoginPageTestCase - get driver
[INFO ] 2021-03-23 18:06:17.333 [main] hyscaleLoginPageTestCase - ended
[INFO ] 2021-03-23 18:06:29.794 [TestNG-tests-1] hyscaleLoginPageTestCase - chromebrowser started
[INFO ] 2021-03-23 18:06:32.717 [TestNG-tests-1] hyscaleLoginPageTestCase - titletest
[INFO ] 2021-03-23 18:06:32.736 [TestNG-tests-1] hyscaleLoginPageTestCase - login page factory constructor
[INFO ] 2021-03-23 18:06:32.815 [TestNG-tests-1] hyscaleLoginPageTestCase - Logo test
[INFO ] 2021-03-23 18:06:45.076 [TestNG-tests-1] hyscaleLoginPageTestCase - login test is successful
[INFO ] 2021-03-23 18:06:45.076 [TestNG-tests-1] hyscaleLoginPageTestCase - Email  and passowrd entered
[INFO ] 2021-03-23 18:06:45.103 [TestNG-tests-1] hyscaleLoginPageTestCase - get driver
[INFO ] 2021-03-23 18:06:48.771 [main] hyscaleLoginPageTestCase - ended
[INFO ] 2021-03-23 18:07:04.213 [TestNG-tests-1] hyscaleLoginPageTestCase - chromebrowser started
[INFO ] 2021-03-23 18:07:08.548 [TestNG-tests-1] hyscaleLoginPageTestCase - titletest
[INFO ] 2021-03-23 18:07:08.578 [TestNG-tests-1] hyscaleLoginPageTestCase - login page factory constructor
[INFO ] 2021-03-23 18:07:08.649 [TestNG-tests-1] hyscaleLoginPageTestCase - Logo test
[INFO ] 2021-03-23 18:07:20.145 [TestNG-tests-1] hyscaleLoginPageTestCase - login test is successful
[INFO ] 2021-03-23 18:07:20.146 [TestNG-tests-1] hyscaleLoginPageTestCase - Email  and passowrd entered
[INFO ] 2021-03-23 18:07:20.172 [TestNG-tests-1] hyscaleLoginPageTestCase - get driver
[INFO ] 2021-03-23 18:07:22.888 [main] hyscaleLoginPageTestCase - ended
[INFO ] 2021-03-23 18:09:20.016 [TestNG-tests-1] hyscaleLoginPageTestCase - chromebrowser started
[INFO ] 2021-03-23 18:09:24.353 [TestNG-tests-1] hyscaleLoginPageTestCase - titletest
[INFO ] 2021-03-23 18:09:24.385 [TestNG-tests-1] hyscaleLoginPageTestCase - login page factory constructor
[INFO ] 2021-03-23 18:09:24.476 [TestNG-tests-1] hyscaleLoginPageTestCase - Logo test
[INFO ] 2021-03-23 18:09:30.845 [TestNG-tests-1] hyscaleLoginPageTestCase - login test is successful
[INFO ] 2021-03-23 18:09:30.845 [TestNG-tests-1] hyscaleLoginPageTestCase - Email  and passowrd entered
[INFO ] 2021-03-23 18:09:30.879 [TestNG-tests-1] hyscaleLoginPageTestCase - get driver
[INFO ] 2021-03-23 18:09:33.048 [main] hyscaleLoginPageTestCase - ended
[INFO ] 2021-03-23 18:10:00.745 [TestNG-tests-1] hyscaleLoginPageTestCase - chromebrowser started
[INFO ] 2021-03-23 18:10:03.704 [TestNG-tests-1] hyscaleLoginPageTestCase - titletest
[INFO ] 2021-03-23 18:10:03.729 [TestNG-tests-1] hyscaleLoginPageTestCase - login page factory constructor
[INFO ] 2021-03-23 18:10:03.813 [TestNG-tests-1] hyscaleLoginPageTestCase - Logo test
[INFO ] 2021-03-23 18:10:11.220 [TestNG-tests-1] hyscaleLoginPageTestCase - login test is successful
[INFO ] 2021-03-23 18:10:11.220 [TestNG-tests-1] hyscaleLoginPageTestCase - Email  and passowrd entered
[INFO ] 2021-03-23 18:10:11.271 [TestNG-tests-1] hyscaleLoginPageTestCase - get driver
[INFO ] 2021-03-23 18:10:13.612 [main] hyscaleLoginPageTestCase - ended
[INFO ] 2021-03-23 18:10:38.322 [TestNG-tests-1] hyscaleLoginPageTestCase - chromebrowser started
[INFO ] 2021-03-23 18:10:41.458 [TestNG-tests-1] hyscaleLoginPageTestCase - titletest
[INFO ] 2021-03-23 18:10:41.480 [TestNG-tests-1] hyscaleLoginPageTestCase - login page factory constructor
[INFO ] 2021-03-23 18:10:41.567 [TestNG-tests-1] hyscaleLoginPageTestCase - Logo test
[INFO ] 2021-03-23 18:10:50.896 [TestNG-tests-1] hyscaleLoginPageTestCase - login test is successful
[INFO ] 2021-03-23 18:10:50.897 [TestNG-tests-1] hyscaleLoginPageTestCase - Email  and passowrd entered
[INFO ] 2021-03-23 18:10:50.925 [TestNG-tests-1] hyscaleLoginPageTestCase - get driver
[INFO ] 2021-03-23 18:10:53.083 [main] hyscaleLoginPageTestCase - ended
[INFO ] 2021-03-23 18:11:35.267 [TestNG-tests-1] hyscaleLoginPageTestCase - chromebrowser started
[INFO ] 2021-03-23 18:11:38.290 [TestNG-tests-1] hyscaleLoginPageTestCase - titletest
[INFO ] 2021-03-23 18:11:38.320 [TestNG-tests-1] hyscaleLoginPageTestCase - login page factory constructor
[INFO ] 2021-03-23 18:11:38.403 [TestNG-tests-1] hyscaleLoginPageTestCase - Logo test
[INFO ] 2021-03-23 18:11:44.953 [TestNG-tests-1] hyscaleLoginPageTestCase - login test is successful
[INFO ] 2021-03-23 18:11:44.954 [TestNG-tests-1] hyscaleLoginPageTestCase - Email  and passowrd entered
[INFO ] 2021-03-23 18:11:44.992 [TestNG-tests-1] hyscaleLoginPageTestCase - get driver
[INFO ] 2021-03-23 18:11:47.195 [main] hyscaleLoginPageTestCase - ended
[INFO ] 2021-03-23 18:13:06.333 [TestNG-tests-1] hyscaleLoginPageTestCase - chromebrowser started
[INFO ] 2021-03-23 18:13:09.329 [TestNG-tests-1] hyscaleLoginPageTestCase - titletest
[INFO ] 2021-03-23 18:13:09.352 [TestNG-tests-1] hyscaleLoginPageTestCase - login page factory constructor
[INFO ] 2021-03-23 18:13:09.423 [TestNG-tests-1] hyscaleLoginPageTestCase - Logo test
[INFO ] 2021-03-23 18:13:17.743 [TestNG-tests-1] hyscaleLoginPageTestCase - login test is successful
[INFO ] 2021-03-23 18:13:17.743 [TestNG-tests-1] hyscaleLoginPageTestCase - Email  and passowrd entered
[INFO ] 2021-03-23 18:13:17.773 [TestNG-tests-1] hyscaleLoginPageTestCase - get driver
[INFO ] 2021-03-23 18:16:06.652 [TestNG-tests-1] hyscaleLoginPageTestCase - chromebrowser started
[INFO ] 2021-03-23 18:16:10.268 [TestNG-tests-1] hyscaleLoginPageTestCase - titletest
[INFO ] 2021-03-23 18:16:10.287 [TestNG-tests-1] hyscaleLoginPageTestCase - login page factory constructor
[INFO ] 2021-03-23 18:16:10.361 [TestNG-tests-1] hyscaleLoginPageTestCase - Logo test
[INFO ] 2021-03-23 18:16:20.317 [TestNG-tests-1] hyscaleLoginPageTestCase - login test is successful
[INFO ] 2021-03-23 18:16:20.317 [TestNG-tests-1] hyscaleLoginPageTestCase - Email  and passowrd entered
[INFO ] 2021-03-23 18:16:20.348 [TestNG-tests-1] hyscaleLoginPageTestCase - get driver
[INFO ] 2021-03-23 18:16:41.805 [TestNG-tests-1] hyscaleLoginPageTestCase - chromebrowser started
[INFO ] 2021-03-23 18:16:44.337 [TestNG-tests-1] hyscaleLoginPageTestCase - titletest
[INFO ] 2021-03-23 18:16:44.367 [TestNG-tests-1] hyscaleLoginPageTestCase - login page factory constructor
[INFO ] 2021-03-23 18:16:44.443 [TestNG-tests-1] hyscaleLoginPageTestCase - Logo test
[INFO ] 2021-03-23 18:16:51.970 [TestNG-tests-1] hyscaleLoginPageTestCase - login test is successful
[INFO ] 2021-03-23 18:16:51.971 [TestNG-tests-1] hyscaleLoginPageTestCase - Email  and passowrd entered
[INFO ] 2021-03-23 18:16:52.004 [TestNG-tests-1] hyscaleLoginPageTestCase - get driver
[INFO ] 2021-03-23 18:18:24.607 [TestNG-tests-1] hyscaleLoginPageTestCase - chromebrowser started
[INFO ] 2021-03-23 18:18:27.595 [TestNG-tests-1] hyscaleLoginPageTestCase - titletest
[INFO ] 2021-03-23 18:18:27.632 [TestNG-tests-1] hyscaleLoginPageTestCase - login page factory constructor
[INFO ] 2021-03-23 18:18:27.705 [TestNG-tests-1] hyscaleLoginPageTestCase - Logo test
[INFO ] 2021-03-23 18:18:36.215 [TestNG-tests-1] hyscaleLoginPageTestCase - login test is successful
[INFO ] 2021-03-23 18:18:36.215 [TestNG-tests-1] hyscaleLoginPageTestCase - Email  and passowrd entered
[INFO ] 2021-03-23 18:18:36.259 [TestNG-tests-1] hyscaleLoginPageTestCase - get driver
[INFO ] 2021-03-23 18:19:36.043 [TestNG-tests-1] hyscaleLoginPageTestCase - chromebrowser started
[INFO ] 2021-03-23 18:19:39.244 [TestNG-tests-1] hyscaleLoginPageTestCase - titletest
[INFO ] 2021-03-23 18:19:39.267 [TestNG-tests-1] hyscaleLoginPageTestCase - login page factory constructor
[INFO ] 2021-03-23 18:19:39.344 [TestNG-tests-1] hyscaleLoginPageTestCase - Logo test
[INFO ] 2021-03-23 18:19:48.500 [TestNG-tests-1] hyscaleLoginPageTestCase - login test is successful
[INFO ] 2021-03-23 18:19:48.500 [TestNG-tests-1] hyscaleLoginPageTestCase - Email  and passowrd entered
[INFO ] 2021-03-23 18:19:48.531 [TestNG-tests-1] hyscaleLoginPageTestCase - get driver
[INFO ] 2021-03-23 18:19:51.649 [main] hyscaleLoginPageTestCase - ended
[INFO ] 2021-03-23 18:21:25.886 [TestNG-tests-1] hyscaleLoginPageTestCase - chromebrowser started
[INFO ] 2021-03-23 18:21:29.291 [TestNG-tests-1] hyscaleLoginPageTestCase - titletest
[INFO ] 2021-03-23 18:21:29.317 [TestNG-tests-1] hyscaleLoginPageTestCase - login page factory constructor
[INFO ] 2021-03-23 18:21:29.383 [TestNG-tests-1] hyscaleLoginPageTestCase - Logo test
[INFO ] 2021-03-23 18:21:36.951 [TestNG-tests-1] hyscaleLoginPageTestCase - login test is successful
[INFO ] 2021-03-23 18:21:36.952 [TestNG-tests-1] hyscaleLoginPageTestCase - Email  and passowrd entered
[INFO ] 2021-03-23 18:21:36.981 [TestNG-tests-1] hyscaleLoginPageTestCase - get driver
[INFO ] 2021-03-23 18:21:40.216 [TestNG-tests-1] hyscaleLoginPageTestCase - get driver
[INFO ] 2021-03-23 18:21:40.652 [TestNG-tests-1] PackageNegativeTestCases - packages testcase started
[INFO ] 2021-03-23 18:21:47.371 [TestNG-tests-1] hyscaleLoginPageTestCase - get driver
[INFO ] 2021-03-23 18:22:25.319 [TestNG-tests-1] hyscaleLoginPageTestCase - get driver
[INFO ] 2021-03-23 18:22:25.785 [TestNG-tests-1] PackageNegativeTestCases - base images testcases started
[INFO ] 2021-03-23 18:22:53.863 [TestNG-tests-1] hyscaleLoginPageTestCase - get driver
[INFO ] 2021-03-23 18:22:59.256 [TestNG-tests-1] hyscaleLoginPageTestCase - get driver
[INFO ] 2021-03-23 18:23:04.038 [TestNG-tests-1] hyscaleLoginPageTestCase - get driver
[INFO ] 2021-03-23 18:23:05.894 [main] hyscaleLoginPageTestCase - ended
[INFO ] 2021-03-23 18:25:21.297 [TestNG-tests-1] hyscaleLoginPageTestCase - chromebrowser started
[INFO ] 2021-03-23 18:25:26.495 [TestNG-tests-1] hyscaleLoginPageTestCase - titletest
[INFO ] 2021-03-23 18:25:26.521 [TestNG-tests-1] hyscaleLoginPageTestCase - login page factory constructor
[INFO ] 2021-03-23 18:25:26.593 [TestNG-tests-1] hyscaleLoginPageTestCase - Logo test
[INFO ] 2021-03-23 18:25:44.651 [TestNG-tests-1] hyscaleLoginPageTestCase - login test is successful
[INFO ] 2021-03-23 18:25:44.651 [TestNG-tests-1] hyscaleLoginPageTestCase - Email  and passowrd entered
[INFO ] 2021-03-23 18:25:44.681 [TestNG-tests-1] hyscaleLoginPageTestCase - get driver
[INFO ] 2021-03-23 18:26:06.061 [TestNG-tests-1] hyscaleLoginPageTestCase - chromebrowser started
[INFO ] 2021-03-23 18:26:08.796 [TestNG-tests-1] hyscaleLoginPageTestCase - titletest
[INFO ] 2021-03-23 18:26:08.830 [TestNG-tests-1] hyscaleLoginPageTestCase - login page factory constructor
[INFO ] 2021-03-23 18:26:08.931 [TestNG-tests-1] hyscaleLoginPageTestCase - Logo test
[INFO ] 2021-03-23 18:26:18.054 [TestNG-tests-1] hyscaleLoginPageTestCase - login test is successful
[INFO ] 2021-03-23 18:26:18.055 [TestNG-tests-1] hyscaleLoginPageTestCase - Email  and passowrd entered
[INFO ] 2021-03-23 18:26:18.085 [TestNG-tests-1] hyscaleLoginPageTestCase - get driver
[INFO ] 2021-03-23 18:26:50.986 [TestNG-tests-1] hyscaleLoginPageTestCase - get driver
[INFO ] 2021-03-23 18:26:52.056 [TestNG-tests-1] hyscaleLoginPageTestCase - get driver
[INFO ] 2021-03-23 18:30:42.745 [TestNG-tests-1] hyscaleLoginPageTestCase - chromebrowser started
[INFO ] 2021-03-23 18:30:46.002 [TestNG-tests-1] hyscaleLoginPageTestCase - titletest
[INFO ] 2021-03-23 18:30:46.032 [TestNG-tests-1] hyscaleLoginPageTestCase - login page factory constructor
[INFO ] 2021-03-23 18:30:46.108 [TestNG-tests-1] hyscaleLoginPageTestCase - Logo test
[INFO ] 2021-03-23 18:30:55.755 [TestNG-tests-1] hyscaleLoginPageTestCase - login test is successful
[INFO ] 2021-03-23 18:30:55.755 [TestNG-tests-1] hyscaleLoginPageTestCase - Email  and passowrd entered
[INFO ] 2021-03-23 18:30:55.794 [TestNG-tests-1] hyscaleLoginPageTestCase - get driver
[INFO ] 2021-03-23 18:30:59.770 [TestNG-tests-1] hyscaleLoginPageTestCase - get driver
[INFO ] 2021-03-23 18:31:00.101 [TestNG-tests-1] PackageNegativeTestCases - packages testcase started
[INFO ] 2021-03-23 18:31:11.637 [TestNG-tests-1] hyscaleLoginPageTestCase - get driver
[INFO ] 2021-03-23 18:31:21.073 [TestNG-tests-1] hyscaleLoginPageTestCase - get driver
[INFO ] 2021-03-23 18:31:21.407 [TestNG-tests-1] PackageNegativeTestCases - base images testcases started
[INFO ] 2021-03-23 18:32:59.290 [TestNG-tests-1] hyscaleLoginPageTestCase - chromebrowser started
[INFO ] 2021-03-23 18:33:02.089 [TestNG-tests-1] hyscaleLoginPageTestCase - titletest
[INFO ] 2021-03-23 18:33:02.124 [TestNG-tests-1] hyscaleLoginPageTestCase - login page factory constructor
[INFO ] 2021-03-23 18:33:02.206 [TestNG-tests-1] hyscaleLoginPageTestCase - Logo test
[INFO ] 2021-03-23 18:33:13.408 [TestNG-tests-1] hyscaleLoginPageTestCase - login test is successful
[INFO ] 2021-03-23 18:33:13.409 [TestNG-tests-1] hyscaleLoginPageTestCase - Email  and passowrd entered
[INFO ] 2021-03-23 18:33:13.446 [TestNG-tests-1] hyscaleLoginPageTestCase - get driver
[INFO ] 2021-03-23 18:33:17.774 [main] hyscaleLoginPageTestCase - ended
[INFO ] 2021-03-23 18:34:08.340 [TestNG-tests-1] hyscaleLoginPageTestCase - chromebrowser started
[INFO ] 2021-03-23 18:34:11.228 [TestNG-tests-1] hyscaleLoginPageTestCase - titletest
[INFO ] 2021-03-23 18:34:11.258 [TestNG-tests-1] hyscaleLoginPageTestCase - login page factory constructor
[INFO ] 2021-03-23 18:34:11.337 [TestNG-tests-1] hyscaleLoginPageTestCase - Logo test
[INFO ] 2021-03-23 18:34:19.860 [TestNG-tests-1] hyscaleLoginPageTestCase - login test is successful
[INFO ] 2021-03-23 18:34:19.860 [TestNG-tests-1] hyscaleLoginPageTestCase - Email  and passowrd entered
[INFO ] 2021-03-23 18:34:19.893 [TestNG-tests-1] hyscaleLoginPageTestCase - get driver
[INFO ] 2021-03-23 18:34:23.614 [TestNG-tests-1] hyscaleLoginPageTestCase - get driver
[INFO ] 2021-03-23 18:34:23.963 [TestNG-tests-1] PackageNegativeTestCases - packages testcase started
[INFO ] 2021-03-23 18:34:30.570 [TestNG-tests-1] hyscaleLoginPageTestCase - get driver
[INFO ] 2021-03-23 18:34:42.548 [TestNG-tests-1] hyscaleLoginPageTestCase - get driver
[INFO ] 2021-03-23 18:34:42.972 [TestNG-tests-1] PackageNegativeTestCases - base images testcases started
[INFO ] 2021-03-23 18:35:08.160 [main] hyscaleLoginPageTestCase - ended
[INFO ] 2021-03-23 18:35:26.679 [TestNG-tests-1] hyscaleLoginPageTestCase - chromebrowser started
[INFO ] 2021-03-23 18:35:29.884 [TestNG-tests-1] hyscaleLoginPageTestCase - titletest
[INFO ] 2021-03-23 18:35:29.914 [TestNG-tests-1] hyscaleLoginPageTestCase - login page factory constructor
[INFO ] 2021-03-23 18:35:29.990 [TestNG-tests-1] hyscaleLoginPageTestCase - Logo test
[INFO ] 2021-03-23 18:35:39.111 [TestNG-tests-1] hyscaleLoginPageTestCase - login test is successful
[INFO ] 2021-03-23 18:35:39.112 [TestNG-tests-1] hyscaleLoginPageTestCase - Email  and passowrd entered
[INFO ] 2021-03-23 18:35:39.143 [TestNG-tests-1] hyscaleLoginPageTestCase - get driver
[INFO ] 2021-03-23 18:35:42.112 [TestNG-tests-1] hyscaleLoginPageTestCase - get driver
[INFO ] 2021-03-23 18:35:42.525 [TestNG-tests-1] PackageNegativeTestCases - packages testcase started
[INFO ] 2021-03-23 18:35:49.379 [TestNG-tests-1] hyscaleLoginPageTestCase - get driver
[INFO ] 2021-03-23 18:35:59.699 [TestNG-tests-1] hyscaleLoginPageTestCase - get driver
[INFO ] 2021-03-23 18:36:00.117 [TestNG-tests-1] PackageNegativeTestCases - base images testcases started
[INFO ] 2021-03-23 18:36:24.969 [TestNG-tests-1] hyscaleLoginPageTestCase - get driver
[INFO ] 2021-03-23 18:36:27.604 [TestNG-tests-1] hyscaleLoginPageTestCase - get driver
[INFO ] 2021-03-23 18:36:29.771 [main] hyscaleLoginPageTestCase - ended
[INFO ] 2021-03-23 18:42:59.019 [TestNG-tests-1] hyscaleLoginPageTestCase - chromebrowser started
[INFO ] 2021-03-23 18:43:02.243 [TestNG-tests-1] hyscaleLoginPageTestCase - titletest
[INFO ] 2021-03-23 18:43:02.261 [TestNG-tests-1] hyscaleLoginPageTestCase - login page factory constructor
[INFO ] 2021-03-23 18:43:02.328 [TestNG-tests-1] hyscaleLoginPageTestCase - Logo test
[INFO ] 2021-03-23 18:45:16.964 [TestNG-tests-1] hyscaleLoginPageTestCase - chromebrowser started
[INFO ] 2021-03-23 18:45:20.759 [TestNG-tests-1] hyscaleLoginPageTestCase - titletest
[INFO ] 2021-03-23 18:45:20.784 [TestNG-tests-1] hyscaleLoginPageTestCase - login page factory constructor
[INFO ] 2021-03-23 18:45:20.868 [TestNG-tests-1] hyscaleLoginPageTestCase - Logo test
[INFO ] 2021-03-23 18:45:31.406 [TestNG-tests-1] hyscaleLoginPageTestCase - login test is successful
[INFO ] 2021-03-23 18:45:31.406 [TestNG-tests-1] hyscaleLoginPageTestCase - Email  and passowrd entered
[INFO ] 2021-03-23 18:45:31.451 [TestNG-tests-1] hyscaleLoginPageTestCase - get driver
[INFO ] 2021-03-23 18:45:34.536 [TestNG-tests-1] hyscaleLoginPageTestCase - get driver
[INFO ] 2021-03-23 18:45:34.966 [TestNG-tests-1] PackageNegativeTestCases - packages testcase started
[INFO ] 2021-03-23 18:45:42.110 [TestNG-tests-1] hyscaleLoginPageTestCase - get driver
[INFO ] 2021-03-23 18:45:57.620 [TestNG-tests-1] hyscaleLoginPageTestCase - get driver
[INFO ] 2021-03-23 18:45:58.105 [TestNG-tests-1] PackageNegativeTestCases - base images testcases started
[INFO ] 2021-03-23 18:46:24.031 [TestNG-tests-1] hyscaleLoginPageTestCase - get driver
[INFO ] 2021-03-23 18:46:29.303 [TestNG-tests-1] hyscaleLoginPageTestCase - get driver
[INFO ] 2021-03-23 18:46:33.668 [TestNG-tests-1] hyscaleLoginPageTestCase - get driver
[INFO ] 2021-03-23 18:46:35.853 [main] hyscaleLoginPageTestCase - ended
[INFO ] 2021-03-23 18:53:48.220 [TestNG-tests-1] hyscaleLoginPageTestCase - chromebrowser started
[INFO ] 2021-03-23 18:53:50.999 [TestNG-tests-1] hyscaleLoginPageTestCase - titletest
[INFO ] 2021-03-23 18:53:51.026 [TestNG-tests-1] hyscaleLoginPageTestCase - login page factory constructor
[INFO ] 2021-03-23 18:53:51.109 [TestNG-tests-1] hyscaleLoginPageTestCase - Logo test
[INFO ] 2021-03-23 18:53:59.566 [TestNG-tests-1] hyscaleLoginPageTestCase - login test is successful
[INFO ] 2021-03-23 18:53:59.566 [TestNG-tests-1] hyscaleLoginPageTestCase - Email  and passowrd entered
[INFO ] 2021-03-23 18:53:59.603 [TestNG-tests-1] hyscaleLoginPageTestCase - get driver
[INFO ] 2021-03-23 18:54:02.547 [TestNG-tests-1] hyscaleLoginPageTestCase - get driver
[INFO ] 2021-03-23 18:54:03.610 [TestNG-tests-1] hyscaleLoginPageTestCase - get driver
[INFO ] 2021-03-23 18:54:32.549 [TestNG-tests-1] hyscaleLoginPageTestCase - chromebrowser started
[INFO ] 2021-03-23 18:54:35.468 [TestNG-tests-1] hyscaleLoginPageTestCase - titletest
[INFO ] 2021-03-23 18:54:35.499 [TestNG-tests-1] hyscaleLoginPageTestCase - login page factory constructor
[INFO ] 2021-03-23 18:54:35.581 [TestNG-tests-1] hyscaleLoginPageTestCase - Logo test
[INFO ] 2021-03-23 18:54:43.855 [TestNG-tests-1] hyscaleLoginPageTestCase - login test is successful
[INFO ] 2021-03-23 18:54:43.855 [TestNG-tests-1] hyscaleLoginPageTestCase - Email  and passowrd entered
[INFO ] 2021-03-23 18:54:43.883 [TestNG-tests-1] hyscaleLoginPageTestCase - get driver
[INFO ] 2021-03-23 18:54:46.861 [TestNG-tests-1] hyscaleLoginPageTestCase - get driver
[INFO ] 2021-03-23 18:54:47.231 [TestNG-tests-1] PackageNegativeTestCases - packages testcase started
[INFO ] 2021-03-23 18:54:53.963 [TestNG-tests-1] hyscaleLoginPageTestCase - get driver
[INFO ] 2021-03-23 18:55:12.483 [TestNG-tests-1] hyscaleLoginPageTestCase - get driver
[INFO ] 2021-03-23 18:55:12.930 [TestNG-tests-1] PackageNegativeTestCases - base images testcases started
[INFO ] 2021-03-23 18:55:36.953 [TestNG-tests-1] hyscaleLoginPageTestCase - get driver
[INFO ] 2021-03-23 18:55:39.690 [TestNG-tests-1] hyscaleLoginPageTestCase - get driver
[INFO ] 2021-03-23 18:55:45.594 [TestNG-tests-1] hyscaleLoginPageTestCase - get driver
[INFO ] 2021-03-23 18:55:47.814 [main] hyscaleLoginPageTestCase - ended
[INFO ] 2021-03-23 19:11:09.548 [TestNG-tests-1] hyscaleLoginPageTestCase - chromebrowser started
[INFO ] 2021-03-23 19:11:12.685 [TestNG-tests-1] hyscaleLoginPageTestCase - titletest
[INFO ] 2021-03-23 19:11:12.710 [TestNG-tests-1] hyscaleLoginPageTestCase - login page factory constructor
[INFO ] 2021-03-23 19:11:12.783 [TestNG-tests-1] hyscaleLoginPageTestCase - Logo test
[INFO ] 2021-03-23 19:11:20.966 [TestNG-tests-1] hyscaleLoginPageTestCase - login test is successful
[INFO ] 2021-03-23 19:11:20.966 [TestNG-tests-1] hyscaleLoginPageTestCase - Email  and passowrd entered
[INFO ] 2021-03-23 19:11:21.016 [TestNG-tests-1] hyscaleLoginPageTestCase - get driver
[INFO ] 2021-03-23 19:11:24.187 [TestNG-tests-1] hyscaleLoginPageTestCase - get driver
[INFO ] 2021-03-23 19:11:24.540 [TestNG-tests-1] PackageNegativeTestCases - packages testcase started
[INFO ] 2021-03-23 19:11:31.280 [TestNG-tests-1] hyscaleLoginPageTestCase - get driver
[INFO ] 2021-03-23 19:11:34.542 [main] hyscaleLoginPageTestCase - ended
[INFO ] 2021-03-23 19:11:43.349 [TestNG-tests-1] hyscaleLoginPageTestCase - chromebrowser started
[INFO ] 2021-03-23 19:11:46.621 [TestNG-tests-1] hyscaleLoginPageTestCase - titletest
[INFO ] 2021-03-23 19:11:46.663 [TestNG-tests-1] hyscaleLoginPageTestCase - login page factory constructor
[INFO ] 2021-03-23 19:11:46.744 [TestNG-tests-1] hyscaleLoginPageTestCase - Logo test
[INFO ] 2021-03-23 19:11:55.916 [TestNG-tests-1] hyscaleLoginPageTestCase - login test is successful
[INFO ] 2021-03-23 19:11:55.917 [TestNG-tests-1] hyscaleLoginPageTestCase - Email  and passowrd entered
[INFO ] 2021-03-23 19:11:55.955 [TestNG-tests-1] hyscaleLoginPageTestCase - get driver
[INFO ] 2021-03-23 19:11:59.623 [TestNG-tests-1] hyscaleLoginPageTestCase - get driver
[INFO ] 2021-03-23 19:11:59.964 [TestNG-tests-1] PackageNegativeTestCases - packages testcase started
[INFO ] 2021-03-23 19:12:06.755 [TestNG-tests-1] hyscaleLoginPageTestCase - get driver
[INFO ] 2021-03-23 19:12:09.686 [main] hyscaleLoginPageTestCase - ended
[INFO ] 2021-03-23 19:13:05.430 [TestNG-tests-1] hyscaleLoginPageTestCase - chromebrowser started
[INFO ] 2021-03-23 19:13:08.635 [TestNG-tests-1] hyscaleLoginPageTestCase - titletest
[INFO ] 2021-03-23 19:13:08.674 [TestNG-tests-1] hyscaleLoginPageTestCase - login page factory constructor
[INFO ] 2021-03-23 19:13:08.751 [TestNG-tests-1] hyscaleLoginPageTestCase - Logo test
[INFO ] 2021-03-23 19:13:21.261 [TestNG-tests-1] hyscaleLoginPageTestCase - login test is successful
[INFO ] 2021-03-23 19:13:21.261 [TestNG-tests-1] hyscaleLoginPageTestCase - Email  and passowrd entered
[INFO ] 2021-03-23 19:13:21.292 [TestNG-tests-1] hyscaleLoginPageTestCase - get driver
[INFO ] 2021-03-23 19:13:24.977 [TestNG-tests-1] hyscaleLoginPageTestCase - get driver
[INFO ] 2021-03-23 19:13:25.395 [TestNG-tests-1] PackageNegativeTestCases - packages testcase started
[INFO ] 2021-03-23 19:13:32.300 [TestNG-tests-1] hyscaleLoginPageTestCase - get driver
[INFO ] 2021-03-23 19:13:35.761 [main] hyscaleLoginPageTestCase - ended
[INFO ] 2021-03-23 19:13:57.353 [TestNG-tests-1] hyscaleLoginPageTestCase - chromebrowser started
[INFO ] 2021-03-23 19:14:00.568 [TestNG-tests-1] hyscaleLoginPageTestCase - titletest
[INFO ] 2021-03-23 19:14:00.595 [TestNG-tests-1] hyscaleLoginPageTestCase - login page factory constructor
[INFO ] 2021-03-23 19:14:00.670 [TestNG-tests-1] hyscaleLoginPageTestCase - Logo test
[INFO ] 2021-03-23 19:14:09.286 [TestNG-tests-1] hyscaleLoginPageTestCase - login test is successful
[INFO ] 2021-03-23 19:14:09.287 [TestNG-tests-1] hyscaleLoginPageTestCase - Email  and passowrd entered
[INFO ] 2021-03-23 19:14:09.330 [TestNG-tests-1] hyscaleLoginPageTestCase - get driver
[INFO ] 2021-03-23 19:14:13.136 [TestNG-tests-1] hyscaleLoginPageTestCase - get driver
[INFO ] 2021-03-23 19:14:13.494 [TestNG-tests-1] PackageNegativeTestCases - packages testcase started
[INFO ] 2021-03-23 19:14:20.629 [TestNG-tests-1] hyscaleLoginPageTestCase - get driver
[INFO ] 2021-03-23 19:14:24.143 [main] hyscaleLoginPageTestCase - ended
[INFO ] 2021-03-23 19:15:12.465 [TestNG-tests-1] hyscaleLoginPageTestCase - chromebrowser started
[INFO ] 2021-03-23 19:15:15.586 [TestNG-tests-1] hyscaleLoginPageTestCase - titletest
[INFO ] 2021-03-23 19:15:15.611 [TestNG-tests-1] hyscaleLoginPageTestCase - login page factory constructor
[INFO ] 2021-03-23 19:15:15.682 [TestNG-tests-1] hyscaleLoginPageTestCase - Logo test
[INFO ] 2021-03-23 19:15:23.535 [TestNG-tests-1] hyscaleLoginPageTestCase - login test is successful
[INFO ] 2021-03-23 19:15:23.536 [TestNG-tests-1] hyscaleLoginPageTestCase - Email  and passowrd entered
[INFO ] 2021-03-23 19:15:23.575 [TestNG-tests-1] hyscaleLoginPageTestCase - get driver
[INFO ] 2021-03-23 19:15:27.176 [TestNG-tests-1] hyscaleLoginPageTestCase - get driver
[INFO ] 2021-03-23 19:15:27.518 [TestNG-tests-1] PackageNegativeTestCases - packages testcase started
[INFO ] 2021-03-23 19:15:34.252 [TestNG-tests-1] hyscaleLoginPageTestCase - get driver
[INFO ] 2021-03-23 19:15:37.365 [main] hyscaleLoginPageTestCase - ended
[INFO ] 2021-03-23 19:20:32.147 [TestNG-tests-1] hyscaleLoginPageTestCase - chromebrowser started
[INFO ] 2021-03-23 19:20:35.924 [TestNG-tests-1] hyscaleLoginPageTestCase - titletest
[INFO ] 2021-03-23 19:20:35.947 [TestNG-tests-1] hyscaleLoginPageTestCase - login page factory constructor
[INFO ] 2021-03-23 19:20:36.021 [TestNG-tests-1] hyscaleLoginPageTestCase - Logo test
[INFO ] 2021-03-23 19:20:45.175 [TestNG-tests-1] hyscaleLoginPageTestCase - login test is successful
[INFO ] 2021-03-23 19:20:45.176 [TestNG-tests-1] hyscaleLoginPageTestCase - Email  and passowrd entered
[INFO ] 2021-03-23 19:20:45.207 [TestNG-tests-1] hyscaleLoginPageTestCase - get driver
[INFO ] 2021-03-23 19:20:48.445 [TestNG-tests-1] hyscaleLoginPageTestCase - get driver
[INFO ] 2021-03-23 19:20:48.879 [TestNG-tests-1] PackageNegativeTestCases - packages testcase started
[INFO ] 2021-03-23 19:20:55.868 [TestNG-tests-1] hyscaleLoginPageTestCase - get driver
[INFO ] 2021-03-23 19:21:01.480 [main] hyscaleLoginPageTestCase - ended
[INFO ] 2021-03-23 19:25:49.087 [TestNG-tests-1] hyscaleLoginPageTestCase - chromebrowser started
[INFO ] 2021-03-23 19:25:53.529 [TestNG-tests-1] hyscaleLoginPageTestCase - titletest
[INFO ] 2021-03-23 19:25:53.560 [TestNG-tests-1] hyscaleLoginPageTestCase - login page factory constructor
[INFO ] 2021-03-23 19:25:53.635 [TestNG-tests-1] hyscaleLoginPageTestCase - Logo test
[INFO ] 2021-03-23 19:26:11.404 [TestNG-tests-1] hyscaleLoginPageTestCase - login test is successful
[INFO ] 2021-03-23 19:26:11.404 [TestNG-tests-1] hyscaleLoginPageTestCase - Email  and passowrd entered
[INFO ] 2021-03-23 19:26:11.437 [TestNG-tests-1] hyscaleLoginPageTestCase - get driver
[INFO ] 2021-03-23 19:26:14.426 [TestNG-tests-1] hyscaleLoginPageTestCase - get driver
[INFO ] 2021-03-23 19:26:14.825 [TestNG-tests-1] PackageNegativeTestCases - packages testcase started
[INFO ] 2021-03-23 19:26:21.997 [TestNG-tests-1] hyscaleLoginPageTestCase - get driver
[INFO ] 2021-03-23 19:26:27.016 [main] hyscaleLoginPageTestCase - ended
[INFO ] 2021-03-23 19:34:16.048 [TestNG-tests-1] hyscaleLoginPageTestCase - chromebrowser started
[INFO ] 2021-03-23 19:34:19.673 [TestNG-tests-1] hyscaleLoginPageTestCase - titletest
[INFO ] 2021-03-23 19:34:19.704 [TestNG-tests-1] hyscaleLoginPageTestCase - login page factory constructor
[INFO ] 2021-03-23 19:34:19.783 [TestNG-tests-1] hyscaleLoginPageTestCase - Logo test
[INFO ] 2021-03-23 19:34:28.580 [TestNG-tests-1] hyscaleLoginPageTestCase - login test is successful
[INFO ] 2021-03-23 19:34:28.581 [TestNG-tests-1] hyscaleLoginPageTestCase - Email  and passowrd entered
[INFO ] 2021-03-23 19:34:28.615 [TestNG-tests-1] hyscaleLoginPageTestCase - get driver
[INFO ] 2021-03-23 19:34:32.170 [TestNG-tests-1] hyscaleLoginPageTestCase - get driver
[INFO ] 2021-03-23 19:34:32.584 [TestNG-tests-1] PackageNegativeTestCases - packages testcase started
[INFO ] 2021-03-23 19:34:49.306 [TestNG-tests-1] hyscaleLoginPageTestCase - get driver
[INFO ] 2021-03-23 19:34:52.391 [main] hyscaleLoginPageTestCase - ended
[INFO ] 2021-03-23 19:39:37.755 [TestNG-tests-1] hyscaleLoginPageTestCase - chromebrowser started
[INFO ] 2021-03-23 19:39:40.581 [TestNG-tests-1] hyscaleLoginPageTestCase - titletest
[INFO ] 2021-03-23 19:39:40.616 [TestNG-tests-1] hyscaleLoginPageTestCase - login page factory constructor
[INFO ] 2021-03-23 19:39:40.691 [TestNG-tests-1] hyscaleLoginPageTestCase - Logo test
[INFO ] 2021-03-23 19:39:49.531 [TestNG-tests-1] hyscaleLoginPageTestCase - login test is successful
[INFO ] 2021-03-23 19:39:49.532 [TestNG-tests-1] hyscaleLoginPageTestCase - Email  and passowrd entered
[INFO ] 2021-03-23 19:39:49.567 [TestNG-tests-1] hyscaleLoginPageTestCase - get driver
[INFO ] 2021-03-23 19:39:53.994 [TestNG-tests-1] hyscaleLoginPageTestCase - get driver
[INFO ] 2021-03-23 19:39:54.416 [TestNG-tests-1] PackageNegativeTestCases - packages testcase started
[INFO ] 2021-03-23 19:40:01.581 [TestNG-tests-1] hyscaleLoginPageTestCase - get driver
[INFO ] 2021-03-23 19:40:06.820 [main] hyscaleLoginPageTestCase - ended
[INFO ] 2021-03-23 19:40:33.935 [TestNG-tests-1] hyscaleLoginPageTestCase - chromebrowser started
[INFO ] 2021-03-23 19:40:37.128 [TestNG-tests-1] hyscaleLoginPageTestCase - titletest
[INFO ] 2021-03-23 19:40:37.168 [TestNG-tests-1] hyscaleLoginPageTestCase - login page factory constructor
[INFO ] 2021-03-23 19:40:37.256 [TestNG-tests-1] hyscaleLoginPageTestCase - Logo test
[INFO ] 2021-03-23 19:40:46.453 [TestNG-tests-1] hyscaleLoginPageTestCase - login test is successful
[INFO ] 2021-03-23 19:40:46.454 [TestNG-tests-1] hyscaleLoginPageTestCase - Email  and passowrd entered
[INFO ] 2021-03-23 19:40:46.493 [TestNG-tests-1] hyscaleLoginPageTestCase - get driver
[INFO ] 2021-03-23 19:40:50.946 [TestNG-tests-1] hyscaleLoginPageTestCase - get driver
[INFO ] 2021-03-23 19:40:51.366 [TestNG-tests-1] PackageNegativeTestCases - packages testcase started
[INFO ] 2021-03-23 19:40:58.692 [TestNG-tests-1] hyscaleLoginPageTestCase - get driver
[INFO ] 2021-03-23 19:41:01.398 [main] hyscaleLoginPageTestCase - ended
[INFO ] 2021-03-23 19:41:34.227 [TestNG-tests-1] hyscaleLoginPageTestCase - chromebrowser started
[INFO ] 2021-03-23 19:41:37.143 [TestNG-tests-1] hyscaleLoginPageTestCase - titletest
[INFO ] 2021-03-23 19:41:37.166 [TestNG-tests-1] hyscaleLoginPageTestCase - login page factory constructor
[INFO ] 2021-03-23 19:41:37.244 [TestNG-tests-1] hyscaleLoginPageTestCase - Logo test
[INFO ] 2021-03-23 19:41:45.148 [TestNG-tests-1] hyscaleLoginPageTestCase - login test is successful
[INFO ] 2021-03-23 19:41:45.149 [TestNG-tests-1] hyscaleLoginPageTestCase - Email  and passowrd entered
[INFO ] 2021-03-23 19:41:45.190 [TestNG-tests-1] hyscaleLoginPageTestCase - get driver
[INFO ] 2021-03-23 19:41:48.944 [TestNG-tests-1] hyscaleLoginPageTestCase - get driver
[INFO ] 2021-03-23 19:41:49.390 [TestNG-tests-1] PackageNegativeTestCases - packages testcase started
[INFO ] 2021-03-23 19:41:56.477 [TestNG-tests-1] hyscaleLoginPageTestCase - get driver
[INFO ] 2021-03-23 19:42:01.114 [main] hyscaleLoginPageTestCase - ended
[INFO ] 2021-03-23 19:42:39.541 [TestNG-tests-1] hyscaleLoginPageTestCase - chromebrowser started
[INFO ] 2021-03-23 19:42:42.359 [TestNG-tests-1] hyscaleLoginPageTestCase - titletest
[INFO ] 2021-03-23 19:42:42.390 [TestNG-tests-1] hyscaleLoginPageTestCase - login page factory constructor
[INFO ] 2021-03-23 19:42:42.472 [TestNG-tests-1] hyscaleLoginPageTestCase - Logo test
[INFO ] 2021-03-23 19:42:49.419 [TestNG-tests-1] hyscaleLoginPageTestCase - login test is successful
[INFO ] 2021-03-23 19:42:49.419 [TestNG-tests-1] hyscaleLoginPageTestCase - Email  and passowrd entered
[INFO ] 2021-03-23 19:42:49.456 [TestNG-tests-1] hyscaleLoginPageTestCase - get driver
[INFO ] 2021-03-23 19:42:53.835 [TestNG-tests-1] hyscaleLoginPageTestCase - get driver
[INFO ] 2021-03-23 19:42:54.224 [TestNG-tests-1] PackageNegativeTestCases - packages testcase started
[INFO ] 2021-03-23 19:43:01.477 [TestNG-tests-1] hyscaleLoginPageTestCase - get driver
[INFO ] 2021-03-23 19:43:06.270 [main] hyscaleLoginPageTestCase - ended
[INFO ] 2021-03-23 19:43:15.348 [TestNG-tests-1] hyscaleLoginPageTestCase - chromebrowser started
[INFO ] 2021-03-23 19:43:18.603 [TestNG-tests-1] hyscaleLoginPageTestCase - titletest
[INFO ] 2021-03-23 19:43:18.628 [TestNG-tests-1] hyscaleLoginPageTestCase - login page factory constructor
[INFO ] 2021-03-23 19:43:18.708 [TestNG-tests-1] hyscaleLoginPageTestCase - Logo test
[INFO ] 2021-03-23 19:43:27.759 [TestNG-tests-1] hyscaleLoginPageTestCase - login test is successful
[INFO ] 2021-03-23 19:43:27.759 [TestNG-tests-1] hyscaleLoginPageTestCase - Email  and passowrd entered
[INFO ] 2021-03-23 19:43:27.802 [TestNG-tests-1] hyscaleLoginPageTestCase - get driver
[INFO ] 2021-03-23 19:43:31.541 [TestNG-tests-1] hyscaleLoginPageTestCase - get driver
[INFO ] 2021-03-23 19:43:31.976 [TestNG-tests-1] PackageNegativeTestCases - packages testcase started
[INFO ] 2021-03-23 19:43:39.133 [TestNG-tests-1] hyscaleLoginPageTestCase - get driver
[INFO ] 2021-03-23 19:43:41.580 [main] hyscaleLoginPageTestCase - ended
[INFO ] 2021-03-23 19:48:46.376 [TestNG-tests-1] hyscaleLoginPageTestCase - chromebrowser started
[INFO ] 2021-03-23 19:48:49.157 [TestNG-tests-1] hyscaleLoginPageTestCase - titletest
[INFO ] 2021-03-23 19:48:49.185 [TestNG-tests-1] hyscaleLoginPageTestCase - login page factory constructor
[INFO ] 2021-03-23 19:48:49.269 [TestNG-tests-1] hyscaleLoginPageTestCase - Logo test
[INFO ] 2021-03-23 19:48:59.135 [TestNG-tests-1] hyscaleLoginPageTestCase - login test is successful
[INFO ] 2021-03-23 19:48:59.135 [TestNG-tests-1] hyscaleLoginPageTestCase - Email  and passowrd entered
[INFO ] 2021-03-23 19:48:59.169 [TestNG-tests-1] hyscaleLoginPageTestCase - get driver
[INFO ] 2021-03-23 19:49:02.773 [TestNG-tests-1] hyscaleLoginPageTestCase - get driver
[INFO ] 2021-03-23 19:49:03.184 [TestNG-tests-1] PackageNegativeTestCases - packages testcase started
[INFO ] 2021-03-23 19:49:09.772 [TestNG-tests-1] hyscaleLoginPageTestCase - get driver
[INFO ] 2021-03-23 19:49:13.910 [main] hyscaleLoginPageTestCase - ended
[INFO ] 2021-03-23 19:50:15.126 [TestNG-tests-1] hyscaleLoginPageTestCase - chromebrowser started
[INFO ] 2021-03-23 19:50:18.645 [TestNG-tests-1] hyscaleLoginPageTestCase - titletest
[INFO ] 2021-03-23 19:50:18.672 [TestNG-tests-1] hyscaleLoginPageTestCase - login page factory constructor
[INFO ] 2021-03-23 19:50:18.739 [TestNG-tests-1] hyscaleLoginPageTestCase - Logo test
[INFO ] 2021-03-23 19:50:27.067 [TestNG-tests-1] hyscaleLoginPageTestCase - login test is successful
[INFO ] 2021-03-23 19:50:27.068 [TestNG-tests-1] hyscaleLoginPageTestCase - Email  and passowrd entered
[INFO ] 2021-03-23 19:50:27.101 [TestNG-tests-1] hyscaleLoginPageTestCase - get driver
[INFO ] 2021-03-23 19:50:30.254 [TestNG-tests-1] hyscaleLoginPageTestCase - get driver
[INFO ] 2021-03-23 19:50:30.665 [TestNG-tests-1] PackageNegativeTestCases - packages testcase started
[INFO ] 2021-03-23 19:50:37.245 [TestNG-tests-1] hyscaleLoginPageTestCase - get driver
[INFO ] 2021-03-23 19:50:49.317 [TestNG-tests-1] hyscaleLoginPageTestCase - get driver
[INFO ] 2021-03-23 19:50:49.724 [TestNG-tests-1] PackageNegativeTestCases - base images testcases started
[INFO ] 2021-03-23 19:51:18.735 [TestNG-tests-1] hyscaleLoginPageTestCase - get driver
[INFO ] 2021-03-23 19:51:22.869 [TestNG-tests-1] hyscaleLoginPageTestCase - get driver
[INFO ] 2021-03-23 19:51:22.946 [TestNG-tests-1] PackageNegativeTestCases - agent images testcases started
[INFO ] 2021-03-23 19:51:27.902 [TestNG-tests-1] hyscaleLoginPageTestCase - get driver
[INFO ] 2021-03-23 19:51:30.686 [TestNG-tests-1] hyscaleLoginPageTestCase - get driver
[INFO ] 2021-03-23 19:51:32.523 [TestNG-tests-1] hyscaleLoginPageTestCase - get driver
[INFO ] 2021-03-23 19:51:35.888 [TestNG-tests-1] hyscaleLoginPageTestCase - get driver
[INFO ] 2021-03-23 19:52:10.017 [TestNG-tests-1] hyscaleLoginPageTestCase - get driver
[INFO ] 2021-03-23 19:52:10.253 [TestNG-tests-1] containerRegistryNegativeTestCases - containerRegistry testcases started
[INFO ] 2021-03-23 19:52:53.369 [TestNG-tests-1] hyscaleLoginPageTestCase - get driver
[INFO ] 2021-03-23 19:54:14.737 [TestNG-tests-1] hyscaleLoginPageTestCase - get driver
[INFO ] 2021-03-23 19:54:18.481 [TestNG-tests-1] hyscaleLoginPageTestCase - get driver
[INFO ] 2021-03-23 19:54:19.691 [main] hyscaleLoginPageTestCase - ended
[INFO ] 2021-03-23 19:56:15.696 [TestNG-tests-1] hyscaleLoginPageTestCase - chromebrowser started
[INFO ] 2021-03-23 19:56:18.285 [TestNG-tests-1] hyscaleLoginPageTestCase - titletest
[INFO ] 2021-03-23 19:56:18.311 [TestNG-tests-1] hyscaleLoginPageTestCase - login page factory constructor
[INFO ] 2021-03-23 19:56:18.380 [TestNG-tests-1] hyscaleLoginPageTestCase - Logo test
[INFO ] 2021-03-23 19:56:27.321 [TestNG-tests-1] hyscaleLoginPageTestCase - login test is successful
[INFO ] 2021-03-23 19:56:27.321 [TestNG-tests-1] hyscaleLoginPageTestCase - Email  and passowrd entered
[INFO ] 2021-03-23 19:56:27.357 [TestNG-tests-1] hyscaleLoginPageTestCase - get driver
[INFO ] 2021-03-23 19:56:30.258 [TestNG-tests-1] hyscaleLoginPageTestCase - get driver
[INFO ] 2021-03-23 19:56:30.660 [TestNG-tests-1] PackageNegativeTestCases - packages testcase started
[INFO ] 2021-03-23 19:56:37.427 [TestNG-tests-1] hyscaleLoginPageTestCase - get driver
[INFO ] 2021-03-23 19:56:49.011 [TestNG-tests-1] hyscaleLoginPageTestCase - get driver
[INFO ] 2021-03-23 19:56:49.394 [TestNG-tests-1] PackageNegativeTestCases - base images testcases started
[INFO ] 2021-03-23 19:57:12.548 [TestNG-tests-1] hyscaleLoginPageTestCase - get driver
[INFO ] 2021-03-23 19:57:15.990 [TestNG-tests-1] hyscaleLoginPageTestCase - get driver
[INFO ] 2021-03-23 19:57:16.080 [TestNG-tests-1] PackageNegativeTestCases - agent images testcases started
[INFO ] 2021-03-23 19:57:21.394 [TestNG-tests-1] hyscaleLoginPageTestCase - get driver
[INFO ] 2021-03-23 19:57:24.268 [TestNG-tests-1] hyscaleLoginPageTestCase - get driver
[INFO ] 2021-03-23 19:57:25.996 [TestNG-tests-1] hyscaleLoginPageTestCase - get driver
[INFO ] 2021-03-23 19:57:28.634 [TestNG-tests-1] hyscaleLoginPageTestCase - get driver
[INFO ] 2021-03-23 19:58:28.909 [TestNG-tests-1] hyscaleLoginPageTestCase - chromebrowser started
[INFO ] 2021-03-23 19:58:31.917 [TestNG-tests-1] hyscaleLoginPageTestCase - titletest
[INFO ] 2021-03-23 19:58:31.947 [TestNG-tests-1] hyscaleLoginPageTestCase - login page factory constructor
[INFO ] 2021-03-23 19:58:32.026 [TestNG-tests-1] hyscaleLoginPageTestCase - Logo test
[INFO ] 2021-03-23 19:58:41.165 [TestNG-tests-1] hyscaleLoginPageTestCase - login test is successful
[INFO ] 2021-03-23 19:58:41.166 [TestNG-tests-1] hyscaleLoginPageTestCase - Email  and passowrd entered
[INFO ] 2021-03-23 19:58:41.202 [TestNG-tests-1] hyscaleLoginPageTestCase - get driver
[INFO ] 2021-03-23 19:59:29.269 [TestNG-tests-1] hyscaleLoginPageTestCase - chromebrowser started
[INFO ] 2021-03-23 19:59:32.238 [TestNG-tests-1] hyscaleLoginPageTestCase - titletest
[INFO ] 2021-03-23 19:59:32.257 [TestNG-tests-1] hyscaleLoginPageTestCase - login page factory constructor
[INFO ] 2021-03-23 19:59:32.306 [TestNG-tests-1] hyscaleLoginPageTestCase - Logo test
[INFO ] 2021-03-23 19:59:40.145 [TestNG-tests-1] hyscaleLoginPageTestCase - login test is successful
[INFO ] 2021-03-23 19:59:40.146 [TestNG-tests-1] hyscaleLoginPageTestCase - Email  and passowrd entered
[INFO ] 2021-03-23 19:59:40.170 [TestNG-tests-1] hyscaleLoginPageTestCase - get driver
[INFO ] 2021-03-23 19:59:42.405 [TestNG-tests-1] hyscaleLoginPageTestCase - get driver
[INFO ] 2021-03-23 20:00:18.111 [TestNG-tests-1] hyscaleLoginPageTestCase - get driver
[INFO ] 2021-03-23 20:00:18.535 [TestNG-tests-1] containerRegistryNegativeTestCases - containerRegistry testcases started
[INFO ] 2021-03-23 20:01:01.643 [TestNG-tests-1] hyscaleLoginPageTestCase - get driver
[INFO ] 2021-03-23 20:02:32.943 [TestNG-tests-1] hyscaleLoginPageTestCase - get driver
[INFO ] 2021-03-23 20:04:27.134 [TestNG-tests-1] hyscaleLoginPageTestCase - chromebrowser started
[INFO ] 2021-03-23 20:04:30.339 [TestNG-tests-1] hyscaleLoginPageTestCase - titletest
[INFO ] 2021-03-23 20:04:30.364 [TestNG-tests-1] hyscaleLoginPageTestCase - login page factory constructor
[INFO ] 2021-03-23 20:04:30.435 [TestNG-tests-1] hyscaleLoginPageTestCase - Logo test
[INFO ] 2021-03-23 20:04:39.480 [TestNG-tests-1] hyscaleLoginPageTestCase - login test is successful
[INFO ] 2021-03-23 20:04:39.481 [TestNG-tests-1] hyscaleLoginPageTestCase - Email  and passowrd entered
[INFO ] 2021-03-23 20:04:39.510 [TestNG-tests-1] hyscaleLoginPageTestCase - get driver
[INFO ] 2021-03-23 20:04:42.481 [TestNG-tests-1] hyscaleLoginPageTestCase - get driver
[INFO ] 2021-03-23 20:05:18.788 [main] hyscaleLoginPageTestCase - ended
[INFO ] 2021-03-23 20:09:50.520 [TestNG-tests-1] hyscaleLoginPageTestCase - chromebrowser started
[INFO ] 2021-03-23 20:09:54.051 [TestNG-tests-1] hyscaleLoginPageTestCase - titletest
[INFO ] 2021-03-23 20:09:54.090 [TestNG-tests-1] hyscaleLoginPageTestCase - login page factory constructor
[INFO ] 2021-03-23 20:09:54.168 [TestNG-tests-1] hyscaleLoginPageTestCase - Logo test
[INFO ] 2021-03-23 20:10:03.563 [TestNG-tests-1] hyscaleLoginPageTestCase - login test is successful
[INFO ] 2021-03-23 20:10:03.564 [TestNG-tests-1] hyscaleLoginPageTestCase - Email  and passowrd entered
[INFO ] 2021-03-23 20:10:03.602 [TestNG-tests-1] hyscaleLoginPageTestCase - get driver
[INFO ] 2021-03-23 20:10:06.428 [TestNG-tests-1] hyscaleLoginPageTestCase - get driver
[INFO ] 2021-03-23 20:10:42.266 [main] hyscaleLoginPageTestCase - ended
[INFO ] 2021-03-23 20:11:17.580 [TestNG-tests-1] hyscaleLoginPageTestCase - chromebrowser started
[INFO ] 2021-03-23 20:11:20.849 [TestNG-tests-1] hyscaleLoginPageTestCase - titletest
[INFO ] 2021-03-23 20:11:20.878 [TestNG-tests-1] hyscaleLoginPageTestCase - login page factory constructor
[INFO ] 2021-03-23 20:11:20.950 [TestNG-tests-1] hyscaleLoginPageTestCase - Logo test
[INFO ] 2021-03-23 20:11:28.655 [TestNG-tests-1] hyscaleLoginPageTestCase - login test is successful
[INFO ] 2021-03-23 20:11:28.655 [TestNG-tests-1] hyscaleLoginPageTestCase - Email  and passowrd entered
[INFO ] 2021-03-23 20:11:28.689 [TestNG-tests-1] hyscaleLoginPageTestCase - get driver
[INFO ] 2021-03-23 20:11:31.555 [TestNG-tests-1] hyscaleLoginPageTestCase - get driver
[INFO ] 2021-03-23 20:13:46.033 [TestNG-tests-1] hyscaleLoginPageTestCase - chromebrowser started
[INFO ] 2021-03-23 20:13:49.133 [TestNG-tests-1] hyscaleLoginPageTestCase - titletest
[INFO ] 2021-03-23 20:13:49.164 [TestNG-tests-1] hyscaleLoginPageTestCase - login page factory constructor
[INFO ] 2021-03-23 20:13:49.239 [TestNG-tests-1] hyscaleLoginPageTestCase - Logo test
[INFO ] 2021-03-23 20:13:58.270 [TestNG-tests-1] hyscaleLoginPageTestCase - login test is successful
[INFO ] 2021-03-23 20:13:58.270 [TestNG-tests-1] hyscaleLoginPageTestCase - Email  and passowrd entered
[INFO ] 2021-03-23 20:13:58.305 [TestNG-tests-1] hyscaleLoginPageTestCase - get driver
[INFO ] 2021-03-23 20:14:01.177 [TestNG-tests-1] hyscaleLoginPageTestCase - get driver
[INFO ] 2021-03-23 20:14:04.774 [main] hyscaleLoginPageTestCase - ended
[INFO ] 2021-03-23 20:14:33.405 [TestNG-tests-1] hyscaleLoginPageTestCase - chromebrowser started
[INFO ] 2021-03-23 20:14:36.754 [TestNG-tests-1] hyscaleLoginPageTestCase - titletest
[INFO ] 2021-03-23 20:14:36.786 [TestNG-tests-1] hyscaleLoginPageTestCase - login page factory constructor
[INFO ] 2021-03-23 20:14:36.866 [TestNG-tests-1] hyscaleLoginPageTestCase - Logo test
[INFO ] 2021-03-23 20:14:46.104 [TestNG-tests-1] hyscaleLoginPageTestCase - login test is successful
[INFO ] 2021-03-23 20:14:46.104 [TestNG-tests-1] hyscaleLoginPageTestCase - Email  and passowrd entered
[INFO ] 2021-03-23 20:14:46.140 [TestNG-tests-1] hyscaleLoginPageTestCase - get driver
[INFO ] 2021-03-23 20:14:48.935 [TestNG-tests-1] hyscaleLoginPageTestCase - get driver
[INFO ] 2021-03-23 20:15:21.950 [TestNG-tests-1] hyscaleLoginPageTestCase - chromebrowser started
[INFO ] 2021-03-23 20:15:25.182 [TestNG-tests-1] hyscaleLoginPageTestCase - titletest
[INFO ] 2021-03-23 20:15:25.211 [TestNG-tests-1] hyscaleLoginPageTestCase - login page factory constructor
[INFO ] 2021-03-23 20:15:25.291 [TestNG-tests-1] hyscaleLoginPageTestCase - Logo test
[INFO ] 2021-03-23 20:15:34.933 [TestNG-tests-1] hyscaleLoginPageTestCase - login test is successful
[INFO ] 2021-03-23 20:15:34.933 [TestNG-tests-1] hyscaleLoginPageTestCase - Email  and passowrd entered
[INFO ] 2021-03-23 20:15:34.967 [TestNG-tests-1] hyscaleLoginPageTestCase - get driver
[INFO ] 2021-03-23 20:15:38.017 [TestNG-tests-1] hyscaleLoginPageTestCase - get driver
[INFO ] 2021-03-23 20:15:40.970 [main] hyscaleLoginPageTestCase - ended
[INFO ] 2021-03-23 20:17:16.506 [TestNG-tests-1] hyscaleLoginPageTestCase - chromebrowser started
[INFO ] 2021-03-23 20:17:19.476 [TestNG-tests-1] hyscaleLoginPageTestCase - titletest
[INFO ] 2021-03-23 20:17:19.499 [TestNG-tests-1] hyscaleLoginPageTestCase - login page factory constructor
[INFO ] 2021-03-23 20:17:19.568 [TestNG-tests-1] hyscaleLoginPageTestCase - Logo test
[INFO ] 2021-03-23 20:17:29.418 [TestNG-tests-1] hyscaleLoginPageTestCase - login test is successful
[INFO ] 2021-03-23 20:17:29.418 [TestNG-tests-1] hyscaleLoginPageTestCase - Email  and passowrd entered
[INFO ] 2021-03-23 20:17:29.450 [TestNG-tests-1] hyscaleLoginPageTestCase - get driver
[INFO ] 2021-03-23 20:17:32.252 [TestNG-tests-1] hyscaleLoginPageTestCase - get driver
[INFO ] 2021-03-23 20:17:35.609 [main] hyscaleLoginPageTestCase - ended
[INFO ] 2021-03-23 20:19:22.038 [TestNG-tests-1] hyscaleLoginPageTestCase - chromebrowser started
[INFO ] 2021-03-23 20:19:24.917 [TestNG-tests-1] hyscaleLoginPageTestCase - titletest
[INFO ] 2021-03-23 20:19:24.948 [TestNG-tests-1] hyscaleLoginPageTestCase - login page factory constructor
[INFO ] 2021-03-23 20:19:25.033 [TestNG-tests-1] hyscaleLoginPageTestCase - Logo test
[INFO ] 2021-03-23 20:19:32.812 [TestNG-tests-1] hyscaleLoginPageTestCase - login test is successful
[INFO ] 2021-03-23 20:19:32.813 [TestNG-tests-1] hyscaleLoginPageTestCase - Email  and passowrd entered
[INFO ] 2021-03-23 20:19:32.846 [TestNG-tests-1] hyscaleLoginPageTestCase - get driver
[INFO ] 2021-03-23 20:19:35.803 [TestNG-tests-1] hyscaleLoginPageTestCase - get driver
[INFO ] 2021-03-23 20:20:17.611 [main] hyscaleLoginPageTestCase - ended
[INFO ] 2021-03-23 20:20:52.710 [TestNG-tests-1] hyscaleLoginPageTestCase - chromebrowser started
[INFO ] 2021-03-23 20:20:55.625 [TestNG-tests-1] hyscaleLoginPageTestCase - titletest
[INFO ] 2021-03-23 20:20:55.659 [TestNG-tests-1] hyscaleLoginPageTestCase - login page factory constructor
[INFO ] 2021-03-23 20:20:55.733 [TestNG-tests-1] hyscaleLoginPageTestCase - Logo test
[INFO ] 2021-03-23 20:21:04.559 [TestNG-tests-1] hyscaleLoginPageTestCase - login test is successful
[INFO ] 2021-03-23 20:21:04.559 [TestNG-tests-1] hyscaleLoginPageTestCase - Email  and passowrd entered
[INFO ] 2021-03-23 20:21:04.589 [TestNG-tests-1] hyscaleLoginPageTestCase - get driver
[INFO ] 2021-03-23 20:21:07.598 [TestNG-tests-1] hyscaleLoginPageTestCase - get driver
[INFO ] 2021-03-23 20:21:38.257 [main] hyscaleLoginPageTestCase - ended
[INFO ] 2021-03-23 20:26:07.170 [TestNG-tests-1] hyscaleLoginPageTestCase - chromebrowser started
[INFO ] 2021-03-23 20:26:12.141 [TestNG-tests-1] hyscaleLoginPageTestCase - titletest
[INFO ] 2021-03-23 20:26:12.174 [TestNG-tests-1] hyscaleLoginPageTestCase - login page factory constructor
[INFO ] 2021-03-23 20:26:12.272 [TestNG-tests-1] hyscaleLoginPageTestCase - Logo test
[INFO ] 2021-03-23 20:26:32.545 [TestNG-tests-1] hyscaleLoginPageTestCase - login test is successful
[INFO ] 2021-03-23 20:26:32.545 [TestNG-tests-1] hyscaleLoginPageTestCase - Email  and passowrd entered
[INFO ] 2021-03-23 20:26:32.569 [TestNG-tests-1] hyscaleLoginPageTestCase - get driver
[INFO ] 2021-03-23 20:26:35.528 [TestNG-tests-1] hyscaleLoginPageTestCase - get driver
[INFO ] 2021-03-23 20:28:06.854 [TestNG-tests-1] hyscaleLoginPageTestCase - chromebrowser started
[INFO ] 2021-03-23 20:28:10.065 [TestNG-tests-1] hyscaleLoginPageTestCase - titletest
[INFO ] 2021-03-23 20:28:10.093 [TestNG-tests-1] hyscaleLoginPageTestCase - login page factory constructor
[INFO ] 2021-03-23 20:28:10.173 [TestNG-tests-1] hyscaleLoginPageTestCase - Logo test
[INFO ] 2021-03-23 20:28:19.658 [TestNG-tests-1] hyscaleLoginPageTestCase - login test is successful
[INFO ] 2021-03-23 20:28:19.658 [TestNG-tests-1] hyscaleLoginPageTestCase - Email  and passowrd entered
[INFO ] 2021-03-23 20:28:19.691 [TestNG-tests-1] hyscaleLoginPageTestCase - get driver
[INFO ] 2021-03-23 20:28:22.557 [TestNG-tests-1] hyscaleLoginPageTestCase - get driver
[INFO ] 2021-03-23 20:29:10.119 [main] hyscaleLoginPageTestCase - ended
[INFO ] 2021-03-23 20:29:35.885 [TestNG-tests-1] hyscaleLoginPageTestCase - chromebrowser started
[INFO ] 2021-03-23 20:29:39.081 [TestNG-tests-1] hyscaleLoginPageTestCase - titletest
[INFO ] 2021-03-23 20:29:39.099 [TestNG-tests-1] hyscaleLoginPageTestCase - login page factory constructor
[INFO ] 2021-03-23 20:29:39.172 [TestNG-tests-1] hyscaleLoginPageTestCase - Logo test
[INFO ] 2021-03-23 20:29:48.369 [TestNG-tests-1] hyscaleLoginPageTestCase - login test is successful
[INFO ] 2021-03-23 20:29:48.369 [TestNG-tests-1] hyscaleLoginPageTestCase - Email  and passowrd entered
[INFO ] 2021-03-23 20:29:48.406 [TestNG-tests-1] hyscaleLoginPageTestCase - get driver
[INFO ] 2021-03-23 20:29:51.350 [TestNG-tests-1] hyscaleLoginPageTestCase - get driver
[INFO ] 2021-03-23 20:30:35.053 [TestNG-tests-1] hyscaleLoginPageTestCase - chromebrowser started
[INFO ] 2021-03-23 20:30:37.787 [TestNG-tests-1] hyscaleLoginPageTestCase - titletest
[INFO ] 2021-03-23 20:30:37.814 [TestNG-tests-1] hyscaleLoginPageTestCase - login page factory constructor
[INFO ] 2021-03-23 20:30:37.887 [TestNG-tests-1] hyscaleLoginPageTestCase - Logo test
[INFO ] 2021-03-23 20:30:47.519 [TestNG-tests-1] hyscaleLoginPageTestCase - login test is successful
[INFO ] 2021-03-23 20:30:47.519 [TestNG-tests-1] hyscaleLoginPageTestCase - Email  and passowrd entered
[INFO ] 2021-03-23 20:30:47.547 [TestNG-tests-1] hyscaleLoginPageTestCase - get driver
[INFO ] 2021-03-23 20:30:50.347 [TestNG-tests-1] hyscaleLoginPageTestCase - get driver
[INFO ] 2021-03-23 20:31:25.140 [main] hyscaleLoginPageTestCase - ended
[INFO ] 2021-03-23 20:38:36.055 [TestNG-tests-1] hyscaleLoginPageTestCase - chromebrowser started
[INFO ] 2021-03-23 20:38:38.845 [TestNG-tests-1] hyscaleLoginPageTestCase - titletest
[INFO ] 2021-03-23 20:38:38.874 [TestNG-tests-1] hyscaleLoginPageTestCase - login page factory constructor
[INFO ] 2021-03-23 20:38:38.979 [TestNG-tests-1] hyscaleLoginPageTestCase - Logo test
[INFO ] 2021-03-23 20:38:47.983 [TestNG-tests-1] hyscaleLoginPageTestCase - login test is successful
[INFO ] 2021-03-23 20:38:47.983 [TestNG-tests-1] hyscaleLoginPageTestCase - Email  and passowrd entered
[INFO ] 2021-03-23 20:38:48.015 [TestNG-tests-1] hyscaleLoginPageTestCase - get driver
[INFO ] 2021-03-23 20:38:51.203 [TestNG-tests-1] hyscaleLoginPageTestCase - get driver
[INFO ] 2021-03-23 20:39:22.198 [TestNG-tests-1] hyscaleLoginPageTestCase - chromebrowser started
[INFO ] 2021-03-23 20:39:24.747 [TestNG-tests-1] hyscaleLoginPageTestCase - titletest
[INFO ] 2021-03-23 20:39:24.780 [TestNG-tests-1] hyscaleLoginPageTestCase - login page factory constructor
[INFO ] 2021-03-23 20:39:24.852 [TestNG-tests-1] hyscaleLoginPageTestCase - Logo test
[INFO ] 2021-03-23 20:39:35.351 [TestNG-tests-1] hyscaleLoginPageTestCase - login test is successful
[INFO ] 2021-03-23 20:39:35.353 [TestNG-tests-1] hyscaleLoginPageTestCase - Email  and passowrd entered
[INFO ] 2021-03-23 20:39:35.396 [TestNG-tests-1] hyscaleLoginPageTestCase - get driver
[INFO ] 2021-03-23 20:39:38.337 [TestNG-tests-1] hyscaleLoginPageTestCase - get driver
[INFO ] 2021-03-23 20:39:54.845 [TestNG-tests-1] hyscaleLoginPageTestCase - chromebrowser started
[INFO ] 2021-03-23 20:39:57.624 [TestNG-tests-1] hyscaleLoginPageTestCase - titletest
[INFO ] 2021-03-23 20:39:57.646 [TestNG-tests-1] hyscaleLoginPageTestCase - login page factory constructor
[INFO ] 2021-03-23 20:39:57.722 [TestNG-tests-1] hyscaleLoginPageTestCase - Logo test
[INFO ] 2021-03-23 20:40:05.919 [TestNG-tests-1] hyscaleLoginPageTestCase - login test is successful
[INFO ] 2021-03-23 20:40:05.919 [TestNG-tests-1] hyscaleLoginPageTestCase - Email  and passowrd entered
[INFO ] 2021-03-23 20:40:05.950 [TestNG-tests-1] hyscaleLoginPageTestCase - get driver
[INFO ] 2021-03-23 20:40:08.798 [TestNG-tests-1] hyscaleLoginPageTestCase - get driver
[INFO ] 2021-03-23 20:40:41.267 [TestNG-tests-1] hyscaleLoginPageTestCase - chromebrowser started
[INFO ] 2021-03-23 20:40:45.053 [TestNG-tests-1] hyscaleLoginPageTestCase - titletest
[INFO ] 2021-03-23 20:40:45.082 [TestNG-tests-1] hyscaleLoginPageTestCase - login page factory constructor
[INFO ] 2021-03-23 20:40:45.160 [TestNG-tests-1] hyscaleLoginPageTestCase - Logo test
[INFO ] 2021-03-23 20:40:55.292 [TestNG-tests-1] hyscaleLoginPageTestCase - login test is successful
[INFO ] 2021-03-23 20:40:55.292 [TestNG-tests-1] hyscaleLoginPageTestCase - Email  and passowrd entered
[INFO ] 2021-03-23 20:40:55.325 [TestNG-tests-1] hyscaleLoginPageTestCase - get driver
[INFO ] 2021-03-23 20:40:58.197 [TestNG-tests-1] hyscaleLoginPageTestCase - get driver
[INFO ] 2021-03-23 20:41:52.267 [main] hyscaleLoginPageTestCase - ended
[INFO ] 2021-03-23 20:42:27.394 [TestNG-tests-1] hyscaleLoginPageTestCase - chromebrowser started
[INFO ] 2021-03-23 20:42:30.606 [TestNG-tests-1] hyscaleLoginPageTestCase - titletest
[INFO ] 2021-03-23 20:42:30.645 [TestNG-tests-1] hyscaleLoginPageTestCase - login page factory constructor
[INFO ] 2021-03-23 20:42:30.718 [TestNG-tests-1] hyscaleLoginPageTestCase - Logo test
[INFO ] 2021-03-23 20:42:39.720 [TestNG-tests-1] hyscaleLoginPageTestCase - login test is successful
[INFO ] 2021-03-23 20:42:39.720 [TestNG-tests-1] hyscaleLoginPageTestCase - Email  and passowrd entered
[INFO ] 2021-03-23 20:42:39.756 [TestNG-tests-1] hyscaleLoginPageTestCase - get driver
[INFO ] 2021-03-23 20:42:42.638 [TestNG-tests-1] hyscaleLoginPageTestCase - get driver
[INFO ] 2021-03-23 20:43:18.238 [main] hyscaleLoginPageTestCase - ended
[INFO ] 2021-03-23 20:45:07.004 [TestNG-tests-1] hyscaleLoginPageTestCase - chromebrowser started
[INFO ] 2021-03-23 20:45:10.480 [TestNG-tests-1] hyscaleLoginPageTestCase - titletest
[INFO ] 2021-03-23 20:45:10.507 [TestNG-tests-1] hyscaleLoginPageTestCase - login page factory constructor
[INFO ] 2021-03-23 20:45:10.598 [TestNG-tests-1] hyscaleLoginPageTestCase - Logo test
[INFO ] 2021-03-23 20:45:19.676 [TestNG-tests-1] hyscaleLoginPageTestCase - login test is successful
[INFO ] 2021-03-23 20:45:19.676 [TestNG-tests-1] hyscaleLoginPageTestCase - Email  and passowrd entered
[INFO ] 2021-03-23 20:45:19.710 [TestNG-tests-1] hyscaleLoginPageTestCase - get driver
[INFO ] 2021-03-23 20:45:22.597 [TestNG-tests-1] hyscaleLoginPageTestCase - get driver
[INFO ] 2021-03-23 20:45:51.736 [main] hyscaleLoginPageTestCase - ended
[INFO ] 2021-03-23 20:46:30.391 [TestNG-tests-1] hyscaleLoginPageTestCase - chromebrowser started
[INFO ] 2021-03-23 20:46:33.901 [TestNG-tests-1] hyscaleLoginPageTestCase - titletest
[INFO ] 2021-03-23 20:46:33.940 [TestNG-tests-1] hyscaleLoginPageTestCase - login page factory constructor
[INFO ] 2021-03-23 20:46:34.030 [TestNG-tests-1] hyscaleLoginPageTestCase - Logo test
[INFO ] 2021-03-23 20:46:42.578 [TestNG-tests-1] hyscaleLoginPageTestCase - login test is successful
[INFO ] 2021-03-23 20:46:42.579 [TestNG-tests-1] hyscaleLoginPageTestCase - Email  and passowrd entered
[INFO ] 2021-03-23 20:46:42.609 [TestNG-tests-1] hyscaleLoginPageTestCase - get driver
[INFO ] 2021-03-23 20:46:45.536 [TestNG-tests-1] hyscaleLoginPageTestCase - get driver
[INFO ] 2021-03-23 20:47:01.575 [main] hyscaleLoginPageTestCase - ended
[INFO ] 2021-03-23 20:52:59.873 [TestNG-tests-1] hyscaleLoginPageTestCase - chromebrowser started
[INFO ] 2021-03-23 20:53:03.230 [TestNG-tests-1] hyscaleLoginPageTestCase - titletest
[INFO ] 2021-03-23 20:53:03.257 [TestNG-tests-1] hyscaleLoginPageTestCase - login page factory constructor
[INFO ] 2021-03-23 20:53:03.336 [TestNG-tests-1] hyscaleLoginPageTestCase - Logo test
[INFO ] 2021-03-23 20:53:14.629 [TestNG-tests-1] hyscaleLoginPageTestCase - login test is successful
[INFO ] 2021-03-23 20:53:14.629 [TestNG-tests-1] hyscaleLoginPageTestCase - Email  and passowrd entered
[INFO ] 2021-03-23 20:53:14.658 [TestNG-tests-1] hyscaleLoginPageTestCase - get driver
[INFO ] 2021-03-23 20:53:18.411 [TestNG-tests-1] hyscaleLoginPageTestCase - get driver
[INFO ] 2021-03-23 20:53:30.642 [main] hyscaleLoginPageTestCase - ended
[INFO ] 2021-03-23 20:53:36.495 [TestNG-tests-1] hyscaleLoginPageTestCase - chromebrowser started
[INFO ] 2021-03-23 20:53:39.416 [TestNG-tests-1] hyscaleLoginPageTestCase - titletest
[INFO ] 2021-03-23 20:53:39.452 [TestNG-tests-1] hyscaleLoginPageTestCase - login page factory constructor
[INFO ] 2021-03-23 20:53:39.543 [TestNG-tests-1] hyscaleLoginPageTestCase - Logo test
[INFO ] 2021-03-23 20:53:48.836 [TestNG-tests-1] hyscaleLoginPageTestCase - login test is successful
[INFO ] 2021-03-23 20:53:48.837 [TestNG-tests-1] hyscaleLoginPageTestCase - Email  and passowrd entered
[INFO ] 2021-03-23 20:53:48.871 [TestNG-tests-1] hyscaleLoginPageTestCase - get driver
[INFO ] 2021-03-23 20:53:51.836 [TestNG-tests-1] hyscaleLoginPageTestCase - get driver
[INFO ] 2021-03-23 20:53:58.331 [main] hyscaleLoginPageTestCase - ended
[INFO ] 2021-03-23 20:54:40.419 [TestNG-tests-1] hyscaleLoginPageTestCase - chromebrowser started
[INFO ] 2021-03-23 20:54:43.341 [TestNG-tests-1] hyscaleLoginPageTestCase - titletest
[INFO ] 2021-03-23 20:54:43.369 [TestNG-tests-1] hyscaleLoginPageTestCase - login page factory constructor
[INFO ] 2021-03-23 20:54:43.452 [TestNG-tests-1] hyscaleLoginPageTestCase - Logo test
[INFO ] 2021-03-23 20:54:53.286 [TestNG-tests-1] hyscaleLoginPageTestCase - login test is successful
[INFO ] 2021-03-23 20:54:53.286 [TestNG-tests-1] hyscaleLoginPageTestCase - Email  and passowrd entered
[INFO ] 2021-03-23 20:54:53.321 [TestNG-tests-1] hyscaleLoginPageTestCase - get driver
[INFO ] 2021-03-23 20:54:56.166 [TestNG-tests-1] hyscaleLoginPageTestCase - get driver
[INFO ] 2021-03-23 20:55:07.078 [TestNG-tests-1] hyscaleLoginPageTestCase - get driver
[INFO ] 2021-03-23 20:55:07.953 [TestNG-tests-1] containerRegistryNegativeTestCases - containerRegistry testcases started
[INFO ] 2021-03-23 20:57:15.407 [TestNG-tests-1] hyscaleLoginPageTestCase - chromebrowser started
[INFO ] 2021-03-23 20:57:18.852 [TestNG-tests-1] hyscaleLoginPageTestCase - titletest
[INFO ] 2021-03-23 20:57:18.876 [TestNG-tests-1] hyscaleLoginPageTestCase - login page factory constructor
[INFO ] 2021-03-23 20:57:18.958 [TestNG-tests-1] hyscaleLoginPageTestCase - Logo test
[INFO ] 2021-03-23 20:57:28.397 [TestNG-tests-1] hyscaleLoginPageTestCase - login test is successful
[INFO ] 2021-03-23 20:57:28.397 [TestNG-tests-1] hyscaleLoginPageTestCase - Email  and passowrd entered
[INFO ] 2021-03-23 20:57:28.429 [TestNG-tests-1] hyscaleLoginPageTestCase - get driver
[INFO ] 2021-03-23 20:57:31.276 [TestNG-tests-1] hyscaleLoginPageTestCase - get driver
[INFO ] 2021-03-23 20:57:33.126 [TestNG-tests-1] hyscaleLoginPageTestCase - get driver
[INFO ] 2021-03-23 20:57:33.393 [TestNG-tests-1] containerRegistryNegativeTestCases - containerRegistry testcases started
[INFO ] 2021-03-23 20:59:04.517 [TestNG-tests-1] hyscaleLoginPageTestCase - chromebrowser started
[INFO ] 2021-03-23 20:59:07.449 [TestNG-tests-1] hyscaleLoginPageTestCase - titletest
[INFO ] 2021-03-23 20:59:07.470 [TestNG-tests-1] hyscaleLoginPageTestCase - login page factory constructor
[INFO ] 2021-03-23 20:59:07.547 [TestNG-tests-1] hyscaleLoginPageTestCase - Logo test
[INFO ] 2021-03-23 20:59:17.168 [TestNG-tests-1] hyscaleLoginPageTestCase - login test is successful
[INFO ] 2021-03-23 20:59:17.168 [TestNG-tests-1] hyscaleLoginPageTestCase - Email  and passowrd entered
[INFO ] 2021-03-23 20:59:17.197 [TestNG-tests-1] hyscaleLoginPageTestCase - get driver
[INFO ] 2021-03-23 20:59:20.131 [TestNG-tests-1] hyscaleLoginPageTestCase - get driver
[INFO ] 2021-03-23 20:59:31.522 [TestNG-tests-1] hyscaleLoginPageTestCase - get driver
[INFO ] 2021-03-23 20:59:31.724 [TestNG-tests-1] containerRegistryNegativeTestCases - containerRegistry testcases started
[INFO ] 2021-03-23 21:00:12.678 [TestNG-tests-1] hyscaleLoginPageTestCase - get driver
[INFO ] 2021-03-23 21:00:12.962 [TestNG-tests-1] containerRegistryNegativeTestCases - artifactRepo testcases started
[INFO ] 2021-03-23 21:00:14.492 [TestNG-tests-1] hyscaleLoginPageTestCase - get driver
[INFO ] 2021-03-23 21:00:20.514 [TestNG-tests-1] hyscaleLoginPageTestCase - chromebrowser started
[INFO ] 2021-03-23 21:00:23.501 [TestNG-tests-1] hyscaleLoginPageTestCase - titletest
[INFO ] 2021-03-23 21:00:23.534 [TestNG-tests-1] hyscaleLoginPageTestCase - login page factory constructor
[INFO ] 2021-03-23 21:00:23.614 [TestNG-tests-1] hyscaleLoginPageTestCase - Logo test
[INFO ] 2021-03-23 21:00:33.327 [TestNG-tests-1] hyscaleLoginPageTestCase - login test is successful
[INFO ] 2021-03-23 21:00:33.328 [TestNG-tests-1] hyscaleLoginPageTestCase - Email  and passowrd entered
[INFO ] 2021-03-23 21:00:33.364 [TestNG-tests-1] hyscaleLoginPageTestCase - get driver
[INFO ] 2021-03-23 21:00:36.680 [TestNG-tests-1] hyscaleLoginPageTestCase - get driver
[INFO ] 2021-03-23 21:00:44.803 [TestNG-tests-1] hyscaleLoginPageTestCase - get driver
[INFO ] 2021-03-23 21:00:44.983 [TestNG-tests-1] containerRegistryNegativeTestCases - containerRegistry testcases started
[INFO ] 2021-03-23 21:00:57.571 [TestNG-tests-1] hyscaleLoginPageTestCase - get driver
[INFO ] 2021-03-23 21:01:59.137 [TestNG-tests-1] hyscaleLoginPageTestCase - chromebrowser started
[INFO ] 2021-03-23 21:02:02.382 [TestNG-tests-1] hyscaleLoginPageTestCase - titletest
[INFO ] 2021-03-23 21:02:02.403 [TestNG-tests-1] hyscaleLoginPageTestCase - login page factory constructor
[INFO ] 2021-03-23 21:02:02.478 [TestNG-tests-1] hyscaleLoginPageTestCase - Logo test
[INFO ] 2021-03-23 21:02:12.550 [TestNG-tests-1] hyscaleLoginPageTestCase - login test is successful
[INFO ] 2021-03-23 21:02:12.550 [TestNG-tests-1] hyscaleLoginPageTestCase - Email  and passowrd entered
[INFO ] 2021-03-23 21:02:12.581 [TestNG-tests-1] hyscaleLoginPageTestCase - get driver
[INFO ] 2021-03-23 21:02:15.789 [TestNG-tests-1] hyscaleLoginPageTestCase - get driver
[INFO ] 2021-03-23 21:02:22.013 [TestNG-tests-1] hyscaleLoginPageTestCase - get driver
[INFO ] 2021-03-23 21:02:22.230 [TestNG-tests-1] containerRegistryNegativeTestCases - containerRegistry testcases started
[INFO ] 2021-03-23 21:02:35.277 [TestNG-tests-1] hyscaleLoginPageTestCase - get driver
[INFO ] 2021-03-23 21:02:45.909 [TestNG-tests-1] hyscaleLoginPageTestCase - get driver
[INFO ] 2021-03-23 21:02:48.123 [TestNG-tests-1] hyscaleLoginPageTestCase - get driver
[INFO ] 2021-03-23 21:02:49.239 [main] hyscaleLoginPageTestCase - ended
[INFO ] 2021-03-23 21:04:19.275 [TestNG-tests-1] hyscaleLoginPageTestCase - chromebrowser started
[INFO ] 2021-03-23 21:04:23.005 [TestNG-tests-1] hyscaleLoginPageTestCase - titletest
[INFO ] 2021-03-23 21:04:23.033 [TestNG-tests-1] hyscaleLoginPageTestCase - login page factory constructor
[INFO ] 2021-03-23 21:04:23.116 [TestNG-tests-1] hyscaleLoginPageTestCase - Logo test
[INFO ] 2021-03-23 21:04:37.559 [TestNG-tests-1] hyscaleLoginPageTestCase - login test is successful
[INFO ] 2021-03-23 21:04:37.560 [TestNG-tests-1] hyscaleLoginPageTestCase - Email  and passowrd entered
[INFO ] 2021-03-23 21:04:37.597 [TestNG-tests-1] hyscaleLoginPageTestCase - get driver
[INFO ] 2021-03-23 21:04:40.936 [TestNG-tests-1] hyscaleLoginPageTestCase - get driver
[INFO ] 2021-03-23 21:05:00.784 [TestNG-tests-1] hyscaleLoginPageTestCase - get driver
[INFO ] 2021-03-23 21:05:01.027 [TestNG-tests-1] containerRegistryNegativeTestCases - containerRegistry testcases started
[INFO ] 2021-03-23 21:05:46.374 [TestNG-tests-1] hyscaleLoginPageTestCase - chromebrowser started
[INFO ] 2021-03-23 21:05:49.728 [TestNG-tests-1] hyscaleLoginPageTestCase - titletest
[INFO ] 2021-03-23 21:05:49.757 [TestNG-tests-1] hyscaleLoginPageTestCase - login page factory constructor
[INFO ] 2021-03-23 21:05:49.840 [TestNG-tests-1] hyscaleLoginPageTestCase - Logo test
[INFO ] 2021-03-23 21:06:03.943 [TestNG-tests-1] hyscaleLoginPageTestCase - login test is successful
[INFO ] 2021-03-23 21:06:03.943 [TestNG-tests-1] hyscaleLoginPageTestCase - Email  and passowrd entered
[INFO ] 2021-03-23 21:06:03.992 [TestNG-tests-1] hyscaleLoginPageTestCase - get driver
[INFO ] 2021-03-23 21:06:07.045 [TestNG-tests-1] hyscaleLoginPageTestCase - get driver
[INFO ] 2021-03-23 21:06:13.743 [TestNG-tests-1] hyscaleLoginPageTestCase - get driver
[INFO ] 2021-03-23 21:07:03.274 [TestNG-tests-1] hyscaleLoginPageTestCase - chromebrowser started
[INFO ] 2021-03-23 21:07:06.324 [TestNG-tests-1] hyscaleLoginPageTestCase - titletest
[INFO ] 2021-03-23 21:07:06.357 [TestNG-tests-1] hyscaleLoginPageTestCase - login page factory constructor
[INFO ] 2021-03-23 21:07:06.438 [TestNG-tests-1] hyscaleLoginPageTestCase - Logo test
[INFO ] 2021-03-23 21:07:17.097 [TestNG-tests-1] hyscaleLoginPageTestCase - login test is successful
[INFO ] 2021-03-23 21:07:17.097 [TestNG-tests-1] hyscaleLoginPageTestCase - Email  and passowrd entered
[INFO ] 2021-03-23 21:07:17.133 [TestNG-tests-1] hyscaleLoginPageTestCase - get driver
[INFO ] 2021-03-23 21:07:20.248 [TestNG-tests-1] hyscaleLoginPageTestCase - get driver
[INFO ] 2021-03-23 21:07:33.506 [TestNG-tests-1] hyscaleLoginPageTestCase - get driver
[INFO ] 2021-03-23 21:07:33.738 [TestNG-tests-1] containerRegistryNegativeTestCases - containerRegistry testcases started
[INFO ] 2021-03-23 21:08:13.377 [TestNG-tests-1] hyscaleLoginPageTestCase - get driver
[INFO ] 2021-03-23 21:08:13.698 [TestNG-tests-1] containerRegistryNegativeTestCases - artifactRepo testcases started
[INFO ] 2021-03-23 21:08:15.376 [TestNG-tests-1] hyscaleLoginPageTestCase - get driver
[INFO ] 2021-03-23 21:08:17.027 [TestNG-tests-1] hyscaleLoginPageTestCase - get driver
[INFO ] 2021-03-23 21:08:18.149 [main] hyscaleLoginPageTestCase - ended
[INFO ] 2021-03-23 21:10:49.031 [TestNG-tests-1] hyscaleLoginPageTestCase - chromebrowser started
[INFO ] 2021-03-23 21:10:52.519 [TestNG-tests-1] hyscaleLoginPageTestCase - titletest
[INFO ] 2021-03-23 21:10:52.550 [TestNG-tests-1] hyscaleLoginPageTestCase - login page factory constructor
[INFO ] 2021-03-23 21:10:52.626 [TestNG-tests-1] hyscaleLoginPageTestCase - Logo test
[INFO ] 2021-03-23 21:11:02.800 [TestNG-tests-1] hyscaleLoginPageTestCase - login test is successful
[INFO ] 2021-03-23 21:11:02.800 [TestNG-tests-1] hyscaleLoginPageTestCase - Email  and passowrd entered
[INFO ] 2021-03-23 21:11:02.834 [TestNG-tests-1] hyscaleLoginPageTestCase - get driver
[INFO ] 2021-03-23 21:11:05.676 [TestNG-tests-1] hyscaleLoginPageTestCase - get driver
[INFO ] 2021-03-23 21:11:13.873 [TestNG-tests-1] hyscaleLoginPageTestCase - get driver
[INFO ] 2021-03-23 21:11:14.069 [TestNG-tests-1] containerRegistryNegativeTestCases - containerRegistry testcases started
[INFO ] 2021-03-23 21:11:53.019 [TestNG-tests-1] hyscaleLoginPageTestCase - get driver
[INFO ] 2021-03-23 21:48:22.794 [TestNG-tests-1] hyscaleLoginPageTestCase - chromebrowser started
[INFO ] 2021-03-23 21:48:29.088 [TestNG-tests-1] hyscaleLoginPageTestCase - titletest
[INFO ] 2021-03-23 21:48:29.114 [TestNG-tests-1] hyscaleLoginPageTestCase - login page factory constructor
[INFO ] 2021-03-23 21:48:29.164 [TestNG-tests-1] hyscaleLoginPageTestCase - Logo test
[INFO ] 2021-03-23 21:48:49.434 [TestNG-tests-1] hyscaleLoginPageTestCase - chromebrowser started
[INFO ] 2021-03-23 21:48:52.439 [TestNG-tests-1] hyscaleLoginPageTestCase - titletest
[INFO ] 2021-03-23 21:48:52.480 [TestNG-tests-1] hyscaleLoginPageTestCase - login page factory constructor
[INFO ] 2021-03-23 21:48:52.573 [TestNG-tests-1] hyscaleLoginPageTestCase - Logo test
[INFO ] 2021-03-23 21:49:07.047 [TestNG-tests-1] hyscaleLoginPageTestCase - login test is successful
[INFO ] 2021-03-23 21:49:07.047 [TestNG-tests-1] hyscaleLoginPageTestCase - Email  and passowrd entered
[INFO ] 2021-03-23 21:49:07.077 [TestNG-tests-1] hyscaleLoginPageTestCase - get driver
[INFO ] 2021-03-23 21:49:09.954 [TestNG-tests-1] hyscaleLoginPageTestCase - get driver
[INFO ] 2021-03-23 21:49:17.257 [TestNG-tests-1] hyscaleLoginPageTestCase - get driver
[INFO ] 2021-03-23 21:49:17.437 [TestNG-tests-1] containerRegistryNegativeTestCases - containerRegistry testcases started
[INFO ] 2021-03-23 21:50:18.520 [TestNG-tests-1] hyscaleLoginPageTestCase - chromebrowser started
[INFO ] 2021-03-23 21:50:21.779 [TestNG-tests-1] hyscaleLoginPageTestCase - titletest
[INFO ] 2021-03-23 21:50:21.818 [TestNG-tests-1] hyscaleLoginPageTestCase - login page factory constructor
[INFO ] 2021-03-23 21:50:21.895 [TestNG-tests-1] hyscaleLoginPageTestCase - Logo test
[INFO ] 2021-03-23 21:50:32.818 [TestNG-tests-1] hyscaleLoginPageTestCase - login test is successful
[INFO ] 2021-03-23 21:50:32.818 [TestNG-tests-1] hyscaleLoginPageTestCase - Email  and passowrd entered
[INFO ] 2021-03-23 21:50:32.855 [TestNG-tests-1] hyscaleLoginPageTestCase - get driver
[INFO ] 2021-03-23 21:50:35.635 [TestNG-tests-1] hyscaleLoginPageTestCase - get driver
[INFO ] 2021-03-23 21:50:44.289 [TestNG-tests-1] hyscaleLoginPageTestCase - get driver
[INFO ] 2021-03-23 21:50:44.496 [TestNG-tests-1] containerRegistryNegativeTestCases - containerRegistry testcases started
[INFO ] 2021-03-23 21:50:49.558 [TestNG-tests-1] hyscaleLoginPageTestCase - get driver
[INFO ] 2021-03-23 21:50:50.201 [TestNG-tests-1] containerRegistryNegativeTestCases - artifactRepo testcases started
[INFO ] 2021-03-23 21:50:52.016 [TestNG-tests-1] hyscaleLoginPageTestCase - get driver
[INFO ] 2021-03-23 21:50:53.664 [TestNG-tests-1] hyscaleLoginPageTestCase - get driver
[INFO ] 2021-03-23 21:50:54.726 [main] hyscaleLoginPageTestCase - ended
[INFO ] 2021-03-23 21:51:33.435 [TestNG-tests-1] hyscaleLoginPageTestCase - chromebrowser started
[INFO ] 2021-03-23 21:51:36.514 [TestNG-tests-1] hyscaleLoginPageTestCase - titletest
[INFO ] 2021-03-23 21:51:36.537 [TestNG-tests-1] hyscaleLoginPageTestCase - login page factory constructor
[INFO ] 2021-03-23 21:51:36.613 [TestNG-tests-1] hyscaleLoginPageTestCase - Logo test
[INFO ] 2021-03-23 21:51:44.442 [TestNG-tests-1] hyscaleLoginPageTestCase - login test is successful
[INFO ] 2021-03-23 21:51:44.443 [TestNG-tests-1] hyscaleLoginPageTestCase - Email  and passowrd entered
[INFO ] 2021-03-23 21:51:44.483 [TestNG-tests-1] hyscaleLoginPageTestCase - get driver
[INFO ] 2021-03-23 21:51:47.436 [TestNG-tests-1] hyscaleLoginPageTestCase - get driver
[INFO ] 2021-03-23 21:51:54.417 [TestNG-tests-1] hyscaleLoginPageTestCase - get driver
[INFO ] 2021-03-23 21:51:54.638 [TestNG-tests-1] containerRegistryNegativeTestCases - containerRegistry testcases started
[INFO ] 2021-03-23 21:52:08.135 [TestNG-tests-1] hyscaleLoginPageTestCase - get driver
[INFO ] 2021-03-23 21:52:30.899 [TestNG-tests-1] hyscaleLoginPageTestCase - chromebrowser started
[INFO ] 2021-03-23 21:52:34.544 [TestNG-tests-1] hyscaleLoginPageTestCase - titletest
[INFO ] 2021-03-23 21:52:34.579 [TestNG-tests-1] hyscaleLoginPageTestCase - login page factory constructor
[INFO ] 2021-03-23 21:52:34.647 [TestNG-tests-1] hyscaleLoginPageTestCase - Logo test
[INFO ] 2021-03-23 21:52:45.864 [TestNG-tests-1] hyscaleLoginPageTestCase - login test is successful
[INFO ] 2021-03-23 21:52:45.864 [TestNG-tests-1] hyscaleLoginPageTestCase - Email  and passowrd entered
[INFO ] 2021-03-23 21:52:45.894 [TestNG-tests-1] hyscaleLoginPageTestCase - get driver
[INFO ] 2021-03-23 21:52:48.313 [TestNG-tests-1] hyscaleLoginPageTestCase - get driver
[INFO ] 2021-03-23 21:52:58.284 [TestNG-tests-1] hyscaleLoginPageTestCase - get driver
[INFO ] 2021-03-23 21:52:58.494 [TestNG-tests-1] containerRegistryNegativeTestCases - containerRegistry testcases started
[INFO ] 2021-03-23 21:53:04.660 [TestNG-tests-1] hyscaleLoginPageTestCase - get driver
[INFO ] 2021-03-23 21:53:05.282 [TestNG-tests-1] containerRegistryNegativeTestCases - artifactRepo testcases started
[INFO ] 2021-03-23 21:53:07.012 [TestNG-tests-1] hyscaleLoginPageTestCase - get driver
[INFO ] 2021-03-23 21:53:08.829 [TestNG-tests-1] hyscaleLoginPageTestCase - get driver
[INFO ] 2021-03-23 21:53:09.857 [main] hyscaleLoginPageTestCase - ended
[INFO ] 2021-03-23 21:53:44.806 [TestNG-tests-1] hyscaleLoginPageTestCase - chromebrowser started
[INFO ] 2021-03-23 21:53:49.136 [TestNG-tests-1] hyscaleLoginPageTestCase - titletest
[INFO ] 2021-03-23 21:53:49.173 [TestNG-tests-1] hyscaleLoginPageTestCase - login page factory constructor
[INFO ] 2021-03-23 21:53:49.242 [TestNG-tests-1] hyscaleLoginPageTestCase - Logo test
[INFO ] 2021-03-23 21:54:01.434 [TestNG-tests-1] hyscaleLoginPageTestCase - login test is successful
[INFO ] 2021-03-23 21:54:01.434 [TestNG-tests-1] hyscaleLoginPageTestCase - Email  and passowrd entered
[INFO ] 2021-03-23 21:54:01.461 [TestNG-tests-1] hyscaleLoginPageTestCase - get driver
[INFO ] 2021-03-23 21:54:05.805 [TestNG-tests-1] hyscaleLoginPageTestCase - get driver
[INFO ] 2021-03-23 21:54:06.221 [TestNG-tests-1] PackageNegativeTestCases - packages testcase started
[INFO ] 2021-03-23 21:54:22.634 [TestNG-tests-1] hyscaleLoginPageTestCase - get driver
[INFO ] 2021-03-23 21:54:35.727 [TestNG-tests-1] hyscaleLoginPageTestCase - get driver
[INFO ] 2021-03-23 21:54:36.057 [TestNG-tests-1] PackageNegativeTestCases - base images testcases started
[INFO ] 2021-03-23 21:55:03.841 [TestNG-tests-1] hyscaleLoginPageTestCase - get driver
[INFO ] 2021-03-23 21:55:08.972 [TestNG-tests-1] hyscaleLoginPageTestCase - get driver
[INFO ] 2021-03-23 21:55:09.081 [TestNG-tests-1] PackageNegativeTestCases - agent images testcases started
[INFO ] 2021-03-23 21:55:14.121 [TestNG-tests-1] hyscaleLoginPageTestCase - get driver
[INFO ] 2021-03-23 21:55:18.419 [TestNG-tests-1] hyscaleLoginPageTestCase - get driver
[INFO ] 2021-03-23 21:55:20.268 [TestNG-tests-1] hyscaleLoginPageTestCase - get driver
[INFO ] 2021-03-23 21:55:23.948 [TestNG-tests-1] hyscaleLoginPageTestCase - get driver
[INFO ] 2021-03-23 21:55:33.712 [TestNG-tests-1] hyscaleLoginPageTestCase - get driver
[INFO ] 2021-03-23 21:55:33.940 [TestNG-tests-1] containerRegistryNegativeTestCases - containerRegistry testcases started
[INFO ] 2021-03-23 21:55:38.751 [TestNG-tests-1] hyscaleLoginPageTestCase - get driver
[INFO ] 2021-03-23 21:55:39.314 [TestNG-tests-1] containerRegistryNegativeTestCases - artifactRepo testcases started
[INFO ] 2021-03-23 21:55:40.848 [TestNG-tests-1] hyscaleLoginPageTestCase - get driver
[INFO ] 2021-03-23 21:55:42.490 [TestNG-tests-1] hyscaleLoginPageTestCase - get driver
[INFO ] 2021-03-23 21:55:43.655 [main] hyscaleLoginPageTestCase - ended
