[INFO ] 2021-02-26 16:07:31.133 [TestNG-tests-1] hyscaleLoginPageTestCase - chromebrowser started
[INFO ] 2021-02-26 16:07:39.860 [TestNG-tests-1] hyscaleLoginPageTestCase - titletest
[INFO ] 2021-02-26 16:07:39.884 [TestNG-tests-1] hyscaleLoginPageTestCase - login page factory constructor
[INFO ] 2021-02-26 16:07:39.945 [TestNG-tests-1] hyscaleLoginPageTestCase - Logo test
[INFO ] 2021-02-26 16:07:51.141 [TestNG-tests-1] hyscaleLoginPageTestCase - login test is successful
[INFO ] 2021-02-26 16:07:51.141 [TestNG-tests-1] hyscaleLoginPageTestCase - Email  and passowrd entered
[INFO ] 2021-02-26 16:07:51.268 [TestNG-tests-1] hyscaleLoginPageTestCase - get driver
[INFO ] 2021-02-26 16:07:55.917 [TestNG-tests-1] hyscaleLoginPageTestCase - get driver
[INFO ] 2021-02-26 16:13:44.373 [TestNG-tests-1] hyscaleLoginPageTestCase - chromebrowser started
[INFO ] 2021-02-26 16:13:47.662 [TestNG-tests-1] hyscaleLoginPageTestCase - titletest
[INFO ] 2021-02-26 16:13:47.684 [TestNG-tests-1] hyscaleLoginPageTestCase - login page factory constructor
[INFO ] 2021-02-26 16:13:47.748 [TestNG-tests-1] hyscaleLoginPageTestCase - Logo test
[INFO ] 2021-02-26 16:13:58.849 [TestNG-tests-1] hyscaleLoginPageTestCase - login test is successful
[INFO ] 2021-02-26 16:13:58.850 [TestNG-tests-1] hyscaleLoginPageTestCase - Email  and passowrd entered
[INFO ] 2021-02-26 16:13:58.978 [TestNG-tests-1] hyscaleLoginPageTestCase - get driver
[INFO ] 2021-02-26 16:14:02.485 [TestNG-tests-1] hyscaleLoginPageTestCase - get driver
[INFO ] 2021-02-26 16:18:15.838 [TestNG-tests-1] hyscaleLoginPageTestCase - chromebrowser started
[INFO ] 2021-02-26 16:18:19.138 [TestNG-tests-1] hyscaleLoginPageTestCase - titletest
[INFO ] 2021-02-26 16:18:19.160 [TestNG-tests-1] hyscaleLoginPageTestCase - login page factory constructor
[INFO ] 2021-02-26 16:18:19.229 [TestNG-tests-1] hyscaleLoginPageTestCase - Logo test
[INFO ] 2021-02-26 16:18:28.688 [TestNG-tests-1] hyscaleLoginPageTestCase - login test is successful
[INFO ] 2021-02-26 16:18:28.688 [TestNG-tests-1] hyscaleLoginPageTestCase - Email  and passowrd entered
[INFO ] 2021-02-26 16:18:28.861 [TestNG-tests-1] hyscaleLoginPageTestCase - get driver
[INFO ] 2021-02-26 16:18:32.070 [TestNG-tests-1] hyscaleLoginPageTestCase - get driver
[INFO ] 2021-02-26 16:43:27.663 [TestNG-tests-1] hyscaleLoginPageTestCase - chromebrowser started
[INFO ] 2021-02-26 16:43:30.605 [TestNG-tests-1] hyscaleLoginPageTestCase - titletest
[INFO ] 2021-02-26 16:43:30.626 [TestNG-tests-1] hyscaleLoginPageTestCase - login page factory constructor
[INFO ] 2021-02-26 16:43:30.704 [TestNG-tests-1] hyscaleLoginPageTestCase - Logo test
[INFO ] 2021-02-26 16:43:38.710 [TestNG-tests-1] hyscaleLoginPageTestCase - login test is successful
[INFO ] 2021-02-26 16:43:38.711 [TestNG-tests-1] hyscaleLoginPageTestCase - Email  and passowrd entered
[INFO ] 2021-02-26 16:43:38.856 [TestNG-tests-1] hyscaleLoginPageTestCase - get driver
[INFO ] 2021-02-26 16:43:42.103 [TestNG-tests-1] hyscaleLoginPageTestCase - get driver
[INFO ] 2021-02-26 16:45:00.950 [TestNG-tests-1] hyscaleLoginPageTestCase - chromebrowser started
[INFO ] 2021-02-26 16:45:05.065 [TestNG-tests-1] hyscaleLoginPageTestCase - titletest
[INFO ] 2021-02-26 16:45:05.087 [TestNG-tests-1] hyscaleLoginPageTestCase - login page factory constructor
[INFO ] 2021-02-26 16:45:05.151 [TestNG-tests-1] hyscaleLoginPageTestCase - Logo test
[INFO ] 2021-02-26 16:45:16.770 [TestNG-tests-1] hyscaleLoginPageTestCase - login test is successful
[INFO ] 2021-02-26 16:45:16.770 [TestNG-tests-1] hyscaleLoginPageTestCase - Email  and passowrd entered
[INFO ] 2021-02-26 16:45:16.915 [TestNG-tests-1] hyscaleLoginPageTestCase - get driver
[INFO ] 2021-02-26 16:45:20.057 [TestNG-tests-1] hyscaleLoginPageTestCase - get driver
[INFO ] 2021-02-26 16:46:30.844 [TestNG-tests-1] hyscaleLoginPageTestCase - chromebrowser started
[INFO ] 2021-02-26 16:46:36.586 [TestNG-tests-1] hyscaleLoginPageTestCase - titletest
[INFO ] 2021-02-26 16:46:36.618 [TestNG-tests-1] hyscaleLoginPageTestCase - login page factory constructor
[INFO ] 2021-02-26 16:46:36.696 [TestNG-tests-1] hyscaleLoginPageTestCase - Logo test
[INFO ] 2021-02-26 16:46:44.180 [TestNG-tests-1] hyscaleLoginPageTestCase - login test is successful
[INFO ] 2021-02-26 16:46:44.181 [TestNG-tests-1] hyscaleLoginPageTestCase - Email  and passowrd entered
[INFO ] 2021-02-26 16:46:44.316 [TestNG-tests-1] hyscaleLoginPageTestCase - get driver
[INFO ] 2021-02-26 16:46:47.214 [TestNG-tests-1] hyscaleLoginPageTestCase - get driver
[INFO ] 2021-02-26 16:47:56.453 [TestNG-tests-1] hyscaleLoginPageTestCase - chromebrowser started
[INFO ] 2021-02-26 16:48:01.583 [TestNG-tests-1] hyscaleLoginPageTestCase - titletest
[INFO ] 2021-02-26 16:48:01.605 [TestNG-tests-1] hyscaleLoginPageTestCase - login page factory constructor
[INFO ] 2021-02-26 16:48:01.670 [TestNG-tests-1] hyscaleLoginPageTestCase - Logo test
[INFO ] 2021-02-26 16:48:13.754 [TestNG-tests-1] hyscaleLoginPageTestCase - login test is successful
[INFO ] 2021-02-26 16:48:13.754 [TestNG-tests-1] hyscaleLoginPageTestCase - Email  and passowrd entered
[INFO ] 2021-02-26 16:48:13.883 [TestNG-tests-1] hyscaleLoginPageTestCase - get driver
[INFO ] 2021-02-26 16:48:16.969 [TestNG-tests-1] hyscaleLoginPageTestCase - get driver
[INFO ] 2021-02-26 16:48:30.415 [TestNG-tests-1] hyscaleLoginPageTestCase - chromebrowser started
[INFO ] 2021-02-26 16:48:33.582 [TestNG-tests-1] hyscaleLoginPageTestCase - titletest
[INFO ] 2021-02-26 16:48:33.605 [TestNG-tests-1] hyscaleLoginPageTestCase - login page factory constructor
[INFO ] 2021-02-26 16:48:33.678 [TestNG-tests-1] hyscaleLoginPageTestCase - Logo test
[INFO ] 2021-02-26 16:48:41.054 [TestNG-tests-1] hyscaleLoginPageTestCase - login test is successful
[INFO ] 2021-02-26 16:48:41.054 [TestNG-tests-1] hyscaleLoginPageTestCase - Email  and passowrd entered
[INFO ] 2021-02-26 16:48:41.196 [TestNG-tests-1] hyscaleLoginPageTestCase - get driver
[INFO ] 2021-02-26 16:48:45.024 [TestNG-tests-1] hyscaleLoginPageTestCase - get driver
[INFO ] 2021-02-26 16:52:26.743 [TestNG-tests-1] hyscaleLoginPageTestCase - chromebrowser started
[INFO ] 2021-02-26 16:52:29.827 [TestNG-tests-1] hyscaleLoginPageTestCase - titletest
[INFO ] 2021-02-26 16:52:29.850 [TestNG-tests-1] hyscaleLoginPageTestCase - login page factory constructor
[INFO ] 2021-02-26 16:52:29.914 [TestNG-tests-1] hyscaleLoginPageTestCase - Logo test
[INFO ] 2021-02-26 16:52:38.714 [TestNG-tests-1] hyscaleLoginPageTestCase - login test is successful
[INFO ] 2021-02-26 16:52:38.714 [TestNG-tests-1] hyscaleLoginPageTestCase - Email  and passowrd entered
[INFO ] 2021-02-26 16:52:38.859 [TestNG-tests-1] hyscaleLoginPageTestCase - get driver
[INFO ] 2021-02-26 16:52:41.872 [TestNG-tests-1] hyscaleLoginPageTestCase - get driver
[INFO ] 2021-02-26 17:06:36.789 [TestNG-tests-1] hyscaleLoginPageTestCase - chromebrowser started
[INFO ] 2021-02-26 17:06:39.692 [TestNG-tests-1] hyscaleLoginPageTestCase - titletest
[INFO ] 2021-02-26 17:06:39.713 [TestNG-tests-1] hyscaleLoginPageTestCase - login page factory constructor
[INFO ] 2021-02-26 17:06:39.777 [TestNG-tests-1] hyscaleLoginPageTestCase - Logo test
[INFO ] 2021-02-26 17:06:47.787 [TestNG-tests-1] hyscaleLoginPageTestCase - login test is successful
[INFO ] 2021-02-26 17:06:47.787 [TestNG-tests-1] hyscaleLoginPageTestCase - Email  and passowrd entered
[INFO ] 2021-02-26 17:06:47.932 [TestNG-tests-1] hyscaleLoginPageTestCase - get driver
[INFO ] 2021-02-26 17:06:51.077 [TestNG-tests-1] hyscaleLoginPageTestCase - get driver
[INFO ] 2021-02-26 17:08:32.830 [TestNG-tests-1] hyscaleLoginPageTestCase - chromebrowser started
[INFO ] 2021-02-26 17:08:36.295 [TestNG-tests-1] hyscaleLoginPageTestCase - titletest
[INFO ] 2021-02-26 17:08:36.320 [TestNG-tests-1] hyscaleLoginPageTestCase - login page factory constructor
[INFO ] 2021-02-26 17:08:36.396 [TestNG-tests-1] hyscaleLoginPageTestCase - Logo test
[INFO ] 2021-02-26 17:08:38.836 [TestNG-tests-1] hyscaleLoginPageTestCase - login test is successful
[INFO ] 2021-02-26 17:08:38.836 [TestNG-tests-1] hyscaleLoginPageTestCase - Email  and passowrd entered
[INFO ] 2021-02-26 17:08:38.980 [TestNG-tests-1] hyscaleLoginPageTestCase - get driver
[INFO ] 2021-02-26 17:08:49.282 [TestNG-tests-1] hyscaleLoginPageTestCase - get driver
[INFO ] 2021-02-26 17:47:29.250 [TestNG-tests-1] hyscaleLoginPageTestCase - chromebrowser started
[INFO ] 2021-02-26 17:47:37.351 [TestNG-tests-1] hyscaleLoginPageTestCase - titletest
[INFO ] 2021-02-26 17:47:37.376 [TestNG-tests-1] hyscaleLoginPageTestCase - login page factory constructor
[INFO ] 2021-02-26 17:47:37.442 [TestNG-tests-1] hyscaleLoginPageTestCase - Logo test
[INFO ] 2021-02-26 17:47:56.625 [TestNG-tests-1] hyscaleLoginPageTestCase - login test is successful
[INFO ] 2021-02-26 17:47:56.625 [TestNG-tests-1] hyscaleLoginPageTestCase - Email  and passowrd entered
[INFO ] 2021-02-26 17:47:56.659 [TestNG-tests-1] hyscaleLoginPageTestCase - get driver
[INFO ] 2021-02-26 17:48:00.258 [TestNG-tests-1] hyscaleLoginPageTestCase - get driver
[INFO ] 2021-02-26 17:48:40.340 [TestNG-tests-1] hyscaleLoginPageTestCase - chromebrowser started
[INFO ] 2021-02-26 17:48:43.641 [TestNG-tests-1] hyscaleLoginPageTestCase - titletest
[INFO ] 2021-02-26 17:48:43.664 [TestNG-tests-1] hyscaleLoginPageTestCase - login page factory constructor
[INFO ] 2021-02-26 17:48:43.732 [TestNG-tests-1] hyscaleLoginPageTestCase - Logo test
[INFO ] 2021-02-26 17:48:52.986 [TestNG-tests-1] hyscaleLoginPageTestCase - login test is successful
[INFO ] 2021-02-26 17:48:52.986 [TestNG-tests-1] hyscaleLoginPageTestCase - Email  and passowrd entered
[INFO ] 2021-02-26 17:48:53.018 [TestNG-tests-1] hyscaleLoginPageTestCase - get driver
[INFO ] 2021-02-26 17:48:55.883 [TestNG-tests-1] hyscaleLoginPageTestCase - get driver
[INFO ] 2021-02-26 17:49:52.942 [TestNG-tests-1] hyscaleLoginPageTestCase - chromebrowser started
[INFO ] 2021-02-26 17:49:57.301 [TestNG-tests-1] hyscaleLoginPageTestCase - titletest
[INFO ] 2021-02-26 17:49:57.323 [TestNG-tests-1] hyscaleLoginPageTestCase - login page factory constructor
[INFO ] 2021-02-26 17:49:57.385 [TestNG-tests-1] hyscaleLoginPageTestCase - Logo test
[INFO ] 2021-02-26 17:50:06.848 [TestNG-tests-1] hyscaleLoginPageTestCase - login test is successful
[INFO ] 2021-02-26 17:50:06.848 [TestNG-tests-1] hyscaleLoginPageTestCase - Email  and passowrd entered
[INFO ] 2021-02-26 17:50:06.882 [TestNG-tests-1] hyscaleLoginPageTestCase - get driver
[INFO ] 2021-02-26 17:50:09.935 [TestNG-tests-1] hyscaleLoginPageTestCase - get driver
[INFO ] 2021-02-26 17:51:55.350 [TestNG-tests-1] hyscaleLoginPageTestCase - chromebrowser started
[INFO ] 2021-02-26 17:51:58.915 [TestNG-tests-1] hyscaleLoginPageTestCase - titletest
[INFO ] 2021-02-26 17:51:58.944 [TestNG-tests-1] hyscaleLoginPageTestCase - login page factory constructor
[INFO ] 2021-02-26 17:51:59.007 [TestNG-tests-1] hyscaleLoginPageTestCase - Logo test
[INFO ] 2021-02-26 17:52:08.717 [TestNG-tests-1] hyscaleLoginPageTestCase - login test is successful
[INFO ] 2021-02-26 17:52:08.718 [TestNG-tests-1] hyscaleLoginPageTestCase - Email  and passowrd entered
[INFO ] 2021-02-26 17:52:08.755 [TestNG-tests-1] hyscaleLoginPageTestCase - get driver
[INFO ] 2021-02-26 17:52:11.728 [TestNG-tests-1] hyscaleLoginPageTestCase - get driver
[INFO ] 2021-02-26 17:52:53.426 [TestNG-tests-1] hyscaleLoginPageTestCase - chromebrowser started
[INFO ] 2021-02-26 17:52:58.547 [TestNG-tests-1] hyscaleLoginPageTestCase - titletest
[INFO ] 2021-02-26 17:52:58.567 [TestNG-tests-1] hyscaleLoginPageTestCase - login page factory constructor
[INFO ] 2021-02-26 17:52:58.632 [TestNG-tests-1] hyscaleLoginPageTestCase - Logo test
[INFO ] 2021-02-26 17:53:08.391 [TestNG-tests-1] hyscaleLoginPageTestCase - login test is successful
[INFO ] 2021-02-26 17:53:08.392 [TestNG-tests-1] hyscaleLoginPageTestCase - Email  and passowrd entered
[INFO ] 2021-02-26 17:53:08.425 [TestNG-tests-1] hyscaleLoginPageTestCase - get driver
[INFO ] 2021-02-26 17:53:11.405 [TestNG-tests-1] hyscaleLoginPageTestCase - get driver
[INFO ] 2021-02-26 18:43:53.945 [TestNG-tests-1] hyscaleLoginPageTestCase - chromebrowser started
[INFO ] 2021-02-26 18:43:57.776 [TestNG-tests-1] hyscaleLoginPageTestCase - titletest
[INFO ] 2021-02-26 18:43:57.802 [TestNG-tests-1] hyscaleLoginPageTestCase - login page factory constructor
[INFO ] 2021-02-26 18:43:57.866 [TestNG-tests-1] hyscaleLoginPageTestCase - Logo test
[INFO ] 2021-02-26 18:44:13.528 [TestNG-tests-1] hyscaleLoginPageTestCase - login test is successful
[INFO ] 2021-02-26 18:44:13.528 [TestNG-tests-1] hyscaleLoginPageTestCase - Email  and passowrd entered
[INFO ] 2021-02-26 18:44:13.562 [TestNG-tests-1] hyscaleLoginPageTestCase - get driver
[INFO ] 2021-02-26 18:44:16.547 [TestNG-tests-1] hyscaleLoginPageTestCase - get driver
[INFO ] 2021-02-26 18:46:07.476 [TestNG-tests-1] hyscaleLoginPageTestCase - chromebrowser started
[INFO ] 2021-02-26 18:46:10.474 [TestNG-tests-1] hyscaleLoginPageTestCase - titletest
[INFO ] 2021-02-26 18:46:10.494 [TestNG-tests-1] hyscaleLoginPageTestCase - login page factory constructor
[INFO ] 2021-02-26 18:46:10.556 [TestNG-tests-1] hyscaleLoginPageTestCase - Logo test
[INFO ] 2021-02-26 18:46:26.990 [TestNG-tests-1] hyscaleLoginPageTestCase - login test is successful
[INFO ] 2021-02-26 18:46:26.991 [TestNG-tests-1] hyscaleLoginPageTestCase - Email  and passowrd entered
[INFO ] 2021-02-26 18:46:27.025 [TestNG-tests-1] hyscaleLoginPageTestCase - get driver
[INFO ] 2021-02-26 18:46:54.617 [TestNG-tests-1] hyscaleLoginPageTestCase - get driver
[INFO ] 2021-02-26 18:46:59.449 [TestNG-tests-1] hyscaleLoginPageTestCase - chromebrowser started
[INFO ] 2021-02-26 18:47:02.771 [TestNG-tests-1] hyscaleLoginPageTestCase - titletest
[INFO ] 2021-02-26 18:47:02.791 [TestNG-tests-1] hyscaleLoginPageTestCase - login page factory constructor
[INFO ] 2021-02-26 18:47:02.854 [TestNG-tests-1] hyscaleLoginPageTestCase - Logo test
[INFO ] 2021-02-26 18:47:13.434 [TestNG-tests-1] hyscaleLoginPageTestCase - login test is successful
[INFO ] 2021-02-26 18:47:13.434 [TestNG-tests-1] hyscaleLoginPageTestCase - Email  and passowrd entered
[INFO ] 2021-02-26 18:47:13.467 [TestNG-tests-1] hyscaleLoginPageTestCase - get driver
[INFO ] 2021-02-26 18:47:43.567 [TestNG-tests-1] hyscaleLoginPageTestCase - get driver
[INFO ] 2021-02-26 18:48:39.545 [TestNG-tests-1] hyscaleLoginPageTestCase - chromebrowser started
[INFO ] 2021-02-26 18:48:44.953 [TestNG-tests-1] hyscaleLoginPageTestCase - titletest
[INFO ] 2021-02-26 18:48:44.972 [TestNG-tests-1] hyscaleLoginPageTestCase - login page factory constructor
[INFO ] 2021-02-26 18:48:45.031 [TestNG-tests-1] hyscaleLoginPageTestCase - Logo test
[INFO ] 2021-02-26 18:49:05.922 [TestNG-tests-1] hyscaleLoginPageTestCase - login test is successful
[INFO ] 2021-02-26 18:49:05.922 [TestNG-tests-1] hyscaleLoginPageTestCase - Email  and passowrd entered
[INFO ] 2021-02-26 18:49:05.952 [TestNG-tests-1] hyscaleLoginPageTestCase - get driver
[INFO ] 2021-02-26 18:49:09.534 [TestNG-tests-1] hyscaleLoginPageTestCase - get driver
[INFO ] 2021-02-26 18:49:54.531 [TestNG-tests-1] hyscaleLoginPageTestCase - chromebrowser started
[INFO ] 2021-02-26 18:49:57.467 [TestNG-tests-1] hyscaleLoginPageTestCase - titletest
[INFO ] 2021-02-26 18:49:57.489 [TestNG-tests-1] hyscaleLoginPageTestCase - login page factory constructor
[INFO ] 2021-02-26 18:49:57.551 [TestNG-tests-1] hyscaleLoginPageTestCase - Logo test
[INFO ] 2021-02-26 18:50:07.127 [TestNG-tests-1] hyscaleLoginPageTestCase - login test is successful
[INFO ] 2021-02-26 18:50:07.127 [TestNG-tests-1] hyscaleLoginPageTestCase - Email  and passowrd entered
[INFO ] 2021-02-26 18:50:07.160 [TestNG-tests-1] hyscaleLoginPageTestCase - get driver
[INFO ] 2021-02-26 18:50:10.107 [TestNG-tests-1] hyscaleLoginPageTestCase - get driver
[INFO ] 2021-02-26 18:50:48.363 [TestNG-tests-1] hyscaleLoginPageTestCase - chromebrowser started
[INFO ] 2021-02-26 18:50:51.374 [TestNG-tests-1] hyscaleLoginPageTestCase - titletest
[INFO ] 2021-02-26 18:50:51.394 [TestNG-tests-1] hyscaleLoginPageTestCase - login page factory constructor
[INFO ] 2021-02-26 18:50:51.451 [TestNG-tests-1] hyscaleLoginPageTestCase - Logo test
[INFO ] 2021-02-26 18:50:59.923 [TestNG-tests-1] hyscaleLoginPageTestCase - login test is successful
[INFO ] 2021-02-26 18:50:59.924 [TestNG-tests-1] hyscaleLoginPageTestCase - Email  and passowrd entered
[INFO ] 2021-02-26 18:50:59.955 [TestNG-tests-1] hyscaleLoginPageTestCase - get driver
[INFO ] 2021-02-26 18:51:02.741 [TestNG-tests-1] hyscaleLoginPageTestCase - get driver
[INFO ] 2021-02-26 18:53:02.912 [TestNG-tests-1] hyscaleLoginPageTestCase - chromebrowser started
[INFO ] 2021-02-26 18:53:06.701 [TestNG-tests-1] hyscaleLoginPageTestCase - titletest
[INFO ] 2021-02-26 18:53:06.721 [TestNG-tests-1] hyscaleLoginPageTestCase - login page factory constructor
[INFO ] 2021-02-26 18:53:06.780 [TestNG-tests-1] hyscaleLoginPageTestCase - Logo test
[INFO ] 2021-02-26 18:53:16.254 [TestNG-tests-1] hyscaleLoginPageTestCase - login test is successful
[INFO ] 2021-02-26 18:53:16.254 [TestNG-tests-1] hyscaleLoginPageTestCase - Email  and passowrd entered
[INFO ] 2021-02-26 18:53:16.285 [TestNG-tests-1] hyscaleLoginPageTestCase - get driver
[INFO ] 2021-02-26 18:53:19.359 [TestNG-tests-1] hyscaleLoginPageTestCase - get driver
[INFO ] 2021-02-26 19:12:41.586 [TestNG-tests-1] hyscaleLoginPageTestCase - chromebrowser started
[INFO ] 2021-02-26 19:12:44.407 [TestNG-tests-1] hyscaleLoginPageTestCase - titletest
[INFO ] 2021-02-26 19:12:44.429 [TestNG-tests-1] hyscaleLoginPageTestCase - login page factory constructor
[INFO ] 2021-02-26 19:12:44.503 [TestNG-tests-1] hyscaleLoginPageTestCase - Logo test
[INFO ] 2021-02-26 19:12:54.454 [TestNG-tests-1] hyscaleLoginPageTestCase - login test is successful
[INFO ] 2021-02-26 19:12:54.455 [TestNG-tests-1] hyscaleLoginPageTestCase - Email  and passowrd entered
[INFO ] 2021-02-26 19:12:54.490 [TestNG-tests-1] hyscaleLoginPageTestCase - get driver
[INFO ] 2021-02-26 19:12:57.447 [TestNG-tests-1] hyscaleLoginPageTestCase - get driver
[INFO ] 2021-02-26 19:14:05.670 [TestNG-tests-1] hyscaleLoginPageTestCase - chromebrowser started
[INFO ] 2021-02-26 19:14:09.570 [TestNG-tests-1] hyscaleLoginPageTestCase - titletest
[INFO ] 2021-02-26 19:14:09.591 [TestNG-tests-1] hyscaleLoginPageTestCase - login page factory constructor
[INFO ] 2021-02-26 19:14:09.688 [TestNG-tests-1] hyscaleLoginPageTestCase - Logo test
[INFO ] 2021-02-26 19:14:18.916 [TestNG-tests-1] hyscaleLoginPageTestCase - login test is successful
[INFO ] 2021-02-26 19:14:18.916 [TestNG-tests-1] hyscaleLoginPageTestCase - Email  and passowrd entered
[INFO ] 2021-02-26 19:14:18.959 [TestNG-tests-1] hyscaleLoginPageTestCase - get driver
[INFO ] 2021-02-26 19:14:22.318 [TestNG-tests-1] hyscaleLoginPageTestCase - get driver
[INFO ] 2021-02-26 19:15:24.226 [TestNG-tests-1] hyscaleLoginPageTestCase - chromebrowser started
[INFO ] 2021-02-26 19:15:27.316 [TestNG-tests-1] hyscaleLoginPageTestCase - titletest
[INFO ] 2021-02-26 19:15:27.332 [TestNG-tests-1] hyscaleLoginPageTestCase - login page factory constructor
[INFO ] 2021-02-26 19:15:27.379 [TestNG-tests-1] hyscaleLoginPageTestCase - Logo test
[INFO ] 2021-02-26 19:15:37.356 [TestNG-tests-1] hyscaleLoginPageTestCase - login test is successful
[INFO ] 2021-02-26 19:15:37.356 [TestNG-tests-1] hyscaleLoginPageTestCase - Email  and passowrd entered
[INFO ] 2021-02-26 19:15:37.391 [TestNG-tests-1] hyscaleLoginPageTestCase - get driver
[INFO ] 2021-02-26 19:15:40.260 [TestNG-tests-1] hyscaleLoginPageTestCase - get driver
[INFO ] 2021-02-26 19:16:34.832 [TestNG-tests-1] hyscaleLoginPageTestCase - chromebrowser started
[INFO ] 2021-02-26 19:16:37.752 [TestNG-tests-1] hyscaleLoginPageTestCase - titletest
[INFO ] 2021-02-26 19:16:37.771 [TestNG-tests-1] hyscaleLoginPageTestCase - login page factory constructor
[INFO ] 2021-02-26 19:16:37.833 [TestNG-tests-1] hyscaleLoginPageTestCase - Logo test
[INFO ] 2021-02-26 19:16:46.702 [TestNG-tests-1] hyscaleLoginPageTestCase - login test is successful
[INFO ] 2021-02-26 19:16:46.702 [TestNG-tests-1] hyscaleLoginPageTestCase - Email  and passowrd entered
[INFO ] 2021-02-26 19:16:46.734 [TestNG-tests-1] hyscaleLoginPageTestCase - get driver
[INFO ] 2021-02-26 19:16:49.478 [TestNG-tests-1] hyscaleLoginPageTestCase - get driver
[INFO ] 2021-02-26 19:19:07.622 [TestNG-tests-1] hyscaleLoginPageTestCase - chromebrowser started
[INFO ] 2021-02-26 19:19:10.608 [TestNG-tests-1] hyscaleLoginPageTestCase - titletest
[INFO ] 2021-02-26 19:19:10.628 [TestNG-tests-1] hyscaleLoginPageTestCase - login page factory constructor
[INFO ] 2021-02-26 19:19:10.685 [TestNG-tests-1] hyscaleLoginPageTestCase - Logo test
[INFO ] 2021-02-26 19:19:23.061 [TestNG-tests-1] hyscaleLoginPageTestCase - login test is successful
[INFO ] 2021-02-26 19:19:23.061 [TestNG-tests-1] hyscaleLoginPageTestCase - Email  and passowrd entered
[INFO ] 2021-02-26 19:19:23.093 [TestNG-tests-1] hyscaleLoginPageTestCase - get driver
[INFO ] 2021-02-26 19:19:25.972 [TestNG-tests-1] hyscaleLoginPageTestCase - get driver
[INFO ] 2021-02-26 19:20:02.203 [TestNG-tests-1] hyscaleLoginPageTestCase - chromebrowser started
[INFO ] 2021-02-26 19:20:05.232 [TestNG-tests-1] hyscaleLoginPageTestCase - titletest
[INFO ] 2021-02-26 19:20:05.263 [TestNG-tests-1] hyscaleLoginPageTestCase - login page factory constructor
[INFO ] 2021-02-26 19:20:05.343 [TestNG-tests-1] hyscaleLoginPageTestCase - Logo test
[INFO ] 2021-02-26 19:20:15.537 [TestNG-tests-1] hyscaleLoginPageTestCase - login test is successful
[INFO ] 2021-02-26 19:20:15.537 [TestNG-tests-1] hyscaleLoginPageTestCase - Email  and passowrd entered
[INFO ] 2021-02-26 19:20:15.571 [TestNG-tests-1] hyscaleLoginPageTestCase - get driver
[INFO ] 2021-02-26 19:20:18.358 [TestNG-tests-1] hyscaleLoginPageTestCase - get driver
[INFO ] 2021-02-26 19:31:38.463 [TestNG-tests-1] hyscaleLoginPageTestCase - chromebrowser started
[INFO ] 2021-02-26 19:31:41.661 [TestNG-tests-1] hyscaleLoginPageTestCase - titletest
[INFO ] 2021-02-26 19:31:41.680 [TestNG-tests-1] hyscaleLoginPageTestCase - login page factory constructor
[INFO ] 2021-02-26 19:31:41.742 [TestNG-tests-1] hyscaleLoginPageTestCase - Logo test
[INFO ] 2021-02-26 19:31:51.824 [TestNG-tests-1] hyscaleLoginPageTestCase - login test is successful
[INFO ] 2021-02-26 19:31:51.825 [TestNG-tests-1] hyscaleLoginPageTestCase - Email  and passowrd entered
[INFO ] 2021-02-26 19:31:51.861 [TestNG-tests-1] hyscaleLoginPageTestCase - get driver
[INFO ] 2021-02-26 19:31:54.746 [TestNG-tests-1] hyscaleLoginPageTestCase - get driver
[INFO ] 2021-02-26 19:33:17.913 [TestNG-tests-1] hyscaleLoginPageTestCase - chromebrowser started
[INFO ] 2021-02-26 19:33:21.911 [TestNG-tests-1] hyscaleLoginPageTestCase - titletest
[INFO ] 2021-02-26 19:33:21.932 [TestNG-tests-1] hyscaleLoginPageTestCase - login page factory constructor
[INFO ] 2021-02-26 19:33:21.991 [TestNG-tests-1] hyscaleLoginPageTestCase - Logo test
[INFO ] 2021-02-26 19:33:30.781 [TestNG-tests-1] hyscaleLoginPageTestCase - login test is successful
[INFO ] 2021-02-26 19:33:30.781 [TestNG-tests-1] hyscaleLoginPageTestCase - Email  and passowrd entered
[INFO ] 2021-02-26 19:33:30.813 [TestNG-tests-1] hyscaleLoginPageTestCase - get driver
[INFO ] 2021-02-26 19:33:33.832 [TestNG-tests-1] hyscaleLoginPageTestCase - get driver
[INFO ] 2021-02-26 19:50:21.229 [TestNG-tests-1] hyscaleLoginPageTestCase - chromebrowser started
[INFO ] 2021-02-26 19:50:26.456 [TestNG-tests-1] hyscaleLoginPageTestCase - titletest
[INFO ] 2021-02-26 19:50:26.481 [TestNG-tests-1] hyscaleLoginPageTestCase - login page factory constructor
[INFO ] 2021-02-26 19:50:26.542 [TestNG-tests-1] hyscaleLoginPageTestCase - Logo test
[INFO ] 2021-02-26 19:50:48.787 [TestNG-tests-1] hyscaleLoginPageTestCase - login test is successful
[INFO ] 2021-02-26 19:50:48.787 [TestNG-tests-1] hyscaleLoginPageTestCase - Email  and passowrd entered
[INFO ] 2021-02-26 19:50:48.822 [TestNG-tests-1] hyscaleLoginPageTestCase - get driver
[INFO ] 2021-02-26 19:50:52.472 [TestNG-tests-1] hyscaleLoginPageTestCase - get driver
[INFO ] 2021-02-26 19:56:06.913 [TestNG-tests-1] hyscaleLoginPageTestCase - chromebrowser started
[INFO ] 2021-02-26 19:56:11.637 [TestNG-tests-1] hyscaleLoginPageTestCase - titletest
[INFO ] 2021-02-26 19:56:11.657 [TestNG-tests-1] hyscaleLoginPageTestCase - login page factory constructor
[INFO ] 2021-02-26 19:56:11.719 [TestNG-tests-1] hyscaleLoginPageTestCase - Logo test
[INFO ] 2021-02-26 19:56:22.113 [TestNG-tests-1] hyscaleLoginPageTestCase - login test is successful
[INFO ] 2021-02-26 19:56:22.114 [TestNG-tests-1] hyscaleLoginPageTestCase - Email  and passowrd entered
[INFO ] 2021-02-26 19:56:22.148 [TestNG-tests-1] hyscaleLoginPageTestCase - get driver
[INFO ] 2021-02-26 19:56:25.420 [TestNG-tests-1] hyscaleLoginPageTestCase - get driver
[INFO ] 2021-02-26 19:57:21.478 [TestNG-tests-1] hyscaleLoginPageTestCase - chromebrowser started
[INFO ] 2021-02-26 19:57:25.446 [TestNG-tests-1] hyscaleLoginPageTestCase - titletest
[INFO ] 2021-02-26 19:57:25.465 [TestNG-tests-1] hyscaleLoginPageTestCase - login page factory constructor
[INFO ] 2021-02-26 19:57:25.532 [TestNG-tests-1] hyscaleLoginPageTestCase - Logo test
[INFO ] 2021-02-26 19:57:36.250 [TestNG-tests-1] hyscaleLoginPageTestCase - login test is successful
[INFO ] 2021-02-26 19:57:36.250 [TestNG-tests-1] hyscaleLoginPageTestCase - Email  and passowrd entered
[INFO ] 2021-02-26 19:57:36.281 [TestNG-tests-1] hyscaleLoginPageTestCase - get driver
[INFO ] 2021-02-26 19:57:39.137 [TestNG-tests-1] hyscaleLoginPageTestCase - get driver
[INFO ] 2021-02-26 19:58:19.887 [TestNG-tests-1] hyscaleLoginPageTestCase - chromebrowser started
[INFO ] 2021-02-26 19:58:22.948 [TestNG-tests-1] hyscaleLoginPageTestCase - titletest
[INFO ] 2021-02-26 19:58:22.970 [TestNG-tests-1] hyscaleLoginPageTestCase - login page factory constructor
[INFO ] 2021-02-26 19:58:23.038 [TestNG-tests-1] hyscaleLoginPageTestCase - Logo test
[INFO ] 2021-02-26 19:58:33.177 [TestNG-tests-1] hyscaleLoginPageTestCase - login test is successful
[INFO ] 2021-02-26 19:58:33.177 [TestNG-tests-1] hyscaleLoginPageTestCase - Email  and passowrd entered
[INFO ] 2021-02-26 19:58:33.211 [TestNG-tests-1] hyscaleLoginPageTestCase - get driver
[INFO ] 2021-02-26 19:58:36.268 [TestNG-tests-1] hyscaleLoginPageTestCase - get driver
[INFO ] 2021-02-26 20:00:19.750 [TestNG-tests-1] hyscaleLoginPageTestCase - chromebrowser started
[INFO ] 2021-02-26 20:00:23.232 [TestNG-tests-1] hyscaleLoginPageTestCase - titletest
[INFO ] 2021-02-26 20:00:23.251 [TestNG-tests-1] hyscaleLoginPageTestCase - login page factory constructor
[INFO ] 2021-02-26 20:00:23.316 [TestNG-tests-1] hyscaleLoginPageTestCase - Logo test
[INFO ] 2021-02-26 20:00:33.415 [TestNG-tests-1] hyscaleLoginPageTestCase - login test is successful
[INFO ] 2021-02-26 20:00:33.416 [TestNG-tests-1] hyscaleLoginPageTestCase - Email  and passowrd entered
[INFO ] 2021-02-26 20:00:33.451 [TestNG-tests-1] hyscaleLoginPageTestCase - get driver
[INFO ] 2021-02-26 20:00:36.195 [TestNG-tests-1] hyscaleLoginPageTestCase - get driver
[INFO ] 2021-02-26 20:01:47.171 [TestNG-tests-1] hyscaleLoginPageTestCase - chromebrowser started
[INFO ] 2021-02-26 20:01:50.359 [TestNG-tests-1] hyscaleLoginPageTestCase - titletest
[INFO ] 2021-02-26 20:01:50.386 [TestNG-tests-1] hyscaleLoginPageTestCase - login page factory constructor
[INFO ] 2021-02-26 20:01:50.442 [TestNG-tests-1] hyscaleLoginPageTestCase - Logo test
[INFO ] 2021-02-26 20:02:00.649 [TestNG-tests-1] hyscaleLoginPageTestCase - login test is successful
[INFO ] 2021-02-26 20:02:00.649 [TestNG-tests-1] hyscaleLoginPageTestCase - Email  and passowrd entered
[INFO ] 2021-02-26 20:02:00.680 [TestNG-tests-1] hyscaleLoginPageTestCase - get driver
[INFO ] 2021-02-26 20:02:03.644 [TestNG-tests-1] hyscaleLoginPageTestCase - get driver
[INFO ] 2021-02-26 20:02:53.477 [TestNG-tests-1] hyscaleLoginPageTestCase - chromebrowser started
[INFO ] 2021-02-26 20:02:56.548 [TestNG-tests-1] hyscaleLoginPageTestCase - titletest
[INFO ] 2021-02-26 20:02:56.568 [TestNG-tests-1] hyscaleLoginPageTestCase - login page factory constructor
[INFO ] 2021-02-26 20:02:56.639 [TestNG-tests-1] hyscaleLoginPageTestCase - Logo test
[INFO ] 2021-02-26 20:03:04.931 [TestNG-tests-1] hyscaleLoginPageTestCase - login test is successful
[INFO ] 2021-02-26 20:03:04.932 [TestNG-tests-1] hyscaleLoginPageTestCase - Email  and passowrd entered
[INFO ] 2021-02-26 20:03:04.964 [TestNG-tests-1] hyscaleLoginPageTestCase - get driver
[INFO ] 2021-02-26 20:03:08.380 [TestNG-tests-1] hyscaleLoginPageTestCase - get driver
[INFO ] 2021-02-26 20:04:23.604 [TestNG-tests-1] hyscaleLoginPageTestCase - chromebrowser started
[INFO ] 2021-02-26 20:04:26.547 [TestNG-tests-1] hyscaleLoginPageTestCase - titletest
[INFO ] 2021-02-26 20:04:26.569 [TestNG-tests-1] hyscaleLoginPageTestCase - login page factory constructor
[INFO ] 2021-02-26 20:04:26.632 [TestNG-tests-1] hyscaleLoginPageTestCase - Logo test
[INFO ] 2021-02-26 20:04:38.004 [TestNG-tests-1] hyscaleLoginPageTestCase - login test is successful
[INFO ] 2021-02-26 20:04:38.004 [TestNG-tests-1] hyscaleLoginPageTestCase - Email  and passowrd entered
[INFO ] 2021-02-26 20:04:38.041 [TestNG-tests-1] hyscaleLoginPageTestCase - get driver
[INFO ] 2021-02-26 20:04:40.933 [TestNG-tests-1] hyscaleLoginPageTestCase - get driver
[INFO ] 2021-02-26 20:05:39.317 [TestNG-tests-1] hyscaleLoginPageTestCase - chromebrowser started
[INFO ] 2021-02-26 20:05:42.594 [TestNG-tests-1] hyscaleLoginPageTestCase - titletest
[INFO ] 2021-02-26 20:05:42.613 [TestNG-tests-1] hyscaleLoginPageTestCase - login page factory constructor
[INFO ] 2021-02-26 20:05:42.674 [TestNG-tests-1] hyscaleLoginPageTestCase - Logo test
[INFO ] 2021-02-26 20:05:52.243 [TestNG-tests-1] hyscaleLoginPageTestCase - login test is successful
[INFO ] 2021-02-26 20:05:52.244 [TestNG-tests-1] hyscaleLoginPageTestCase - Email  and passowrd entered
[INFO ] 2021-02-26 20:05:52.280 [TestNG-tests-1] hyscaleLoginPageTestCase - get driver
[INFO ] 2021-02-26 20:05:55.130 [TestNG-tests-1] hyscaleLoginPageTestCase - get driver
[INFO ] 2021-02-26 20:11:40.077 [TestNG-tests-1] hyscaleLoginPageTestCase - chromebrowser started
[INFO ] 2021-02-26 20:11:43.088 [TestNG-tests-1] hyscaleLoginPageTestCase - titletest
[INFO ] 2021-02-26 20:11:43.111 [TestNG-tests-1] hyscaleLoginPageTestCase - login page factory constructor
[INFO ] 2021-02-26 20:11:43.177 [TestNG-tests-1] hyscaleLoginPageTestCase - Logo test
[INFO ] 2021-02-26 20:11:54.005 [TestNG-tests-1] hyscaleLoginPageTestCase - login test is successful
[INFO ] 2021-02-26 20:11:54.005 [TestNG-tests-1] hyscaleLoginPageTestCase - Email  and passowrd entered
[INFO ] 2021-02-26 20:11:54.045 [TestNG-tests-1] hyscaleLoginPageTestCase - get driver
[INFO ] 2021-02-26 20:11:57.379 [TestNG-tests-1] hyscaleLoginPageTestCase - get driver
[INFO ] 2021-02-26 20:12:21.216 [TestNG-tests-1] hyscaleLoginPageTestCase - chromebrowser started
[INFO ] 2021-02-26 20:12:24.327 [TestNG-tests-1] hyscaleLoginPageTestCase - titletest
[INFO ] 2021-02-26 20:12:24.350 [TestNG-tests-1] hyscaleLoginPageTestCase - login page factory constructor
[INFO ] 2021-02-26 20:12:24.414 [TestNG-tests-1] hyscaleLoginPageTestCase - Logo test
[INFO ] 2021-02-26 20:12:33.949 [TestNG-tests-1] hyscaleLoginPageTestCase - login test is successful
[INFO ] 2021-02-26 20:12:33.949 [TestNG-tests-1] hyscaleLoginPageTestCase - Email  and passowrd entered
[INFO ] 2021-02-26 20:12:33.985 [TestNG-tests-1] hyscaleLoginPageTestCase - get driver
[INFO ] 2021-02-26 20:12:36.645 [TestNG-tests-1] hyscaleLoginPageTestCase - get driver
[INFO ] 2021-02-26 20:17:33.927 [TestNG-tests-1] hyscaleLoginPageTestCase - chromebrowser started
[INFO ] 2021-02-26 20:17:37.729 [TestNG-tests-1] hyscaleLoginPageTestCase - titletest
[INFO ] 2021-02-26 20:17:37.757 [TestNG-tests-1] hyscaleLoginPageTestCase - login page factory constructor
[INFO ] 2021-02-26 20:17:37.824 [TestNG-tests-1] hyscaleLoginPageTestCase - Logo test
[INFO ] 2021-02-26 20:17:47.595 [TestNG-tests-1] hyscaleLoginPageTestCase - login test is successful
[INFO ] 2021-02-26 20:17:47.595 [TestNG-tests-1] hyscaleLoginPageTestCase - Email  and passowrd entered
[INFO ] 2021-02-26 20:17:47.629 [TestNG-tests-1] hyscaleLoginPageTestCase - get driver
[INFO ] 2021-02-26 20:17:50.497 [TestNG-tests-1] hyscaleLoginPageTestCase - get driver
[INFO ] 2021-02-26 20:18:15.912 [TestNG-tests-1] hyscaleLoginPageTestCase - chromebrowser started
[INFO ] 2021-02-26 20:18:19.205 [TestNG-tests-1] hyscaleLoginPageTestCase - titletest
[INFO ] 2021-02-26 20:18:19.225 [TestNG-tests-1] hyscaleLoginPageTestCase - login page factory constructor
[INFO ] 2021-02-26 20:18:19.291 [TestNG-tests-1] hyscaleLoginPageTestCase - Logo test
[INFO ] 2021-02-26 20:18:28.660 [TestNG-tests-1] hyscaleLoginPageTestCase - login test is successful
[INFO ] 2021-02-26 20:18:28.660 [TestNG-tests-1] hyscaleLoginPageTestCase - Email  and passowrd entered
[INFO ] 2021-02-26 20:18:28.691 [TestNG-tests-1] hyscaleLoginPageTestCase - get driver
[INFO ] 2021-02-26 20:18:31.649 [TestNG-tests-1] hyscaleLoginPageTestCase - get driver
[INFO ] 2021-02-26 20:20:06.107 [TestNG-tests-1] hyscaleLoginPageTestCase - chromebrowser started
[INFO ] 2021-02-26 20:20:08.984 [TestNG-tests-1] hyscaleLoginPageTestCase - titletest
[INFO ] 2021-02-26 20:20:09.003 [TestNG-tests-1] hyscaleLoginPageTestCase - login page factory constructor
[INFO ] 2021-02-26 20:20:09.058 [TestNG-tests-1] hyscaleLoginPageTestCase - Logo test
[INFO ] 2021-02-26 20:20:18.322 [TestNG-tests-1] hyscaleLoginPageTestCase - login test is successful
[INFO ] 2021-02-26 20:20:18.323 [TestNG-tests-1] hyscaleLoginPageTestCase - Email  and passowrd entered
[INFO ] 2021-02-26 20:20:18.357 [TestNG-tests-1] hyscaleLoginPageTestCase - get driver
[INFO ] 2021-02-26 20:20:21.159 [TestNG-tests-1] hyscaleLoginPageTestCase - get driver
[INFO ] 2021-02-26 20:22:36.541 [TestNG-tests-1] hyscaleLoginPageTestCase - chromebrowser started
[INFO ] 2021-02-26 20:22:41.060 [TestNG-tests-1] hyscaleLoginPageTestCase - titletest
[INFO ] 2021-02-26 20:22:41.079 [TestNG-tests-1] hyscaleLoginPageTestCase - login page factory constructor
[INFO ] 2021-02-26 20:22:41.143 [TestNG-tests-1] hyscaleLoginPageTestCase - Logo test
[INFO ] 2021-02-26 20:22:49.396 [TestNG-tests-1] hyscaleLoginPageTestCase - login test is successful
[INFO ] 2021-02-26 20:22:49.397 [TestNG-tests-1] hyscaleLoginPageTestCase - Email  and passowrd entered
[INFO ] 2021-02-26 20:22:49.435 [TestNG-tests-1] hyscaleLoginPageTestCase - get driver
[INFO ] 2021-02-26 20:22:52.151 [TestNG-tests-1] hyscaleLoginPageTestCase - get driver
[INFO ] 2021-02-26 20:24:05.564 [TestNG-tests-1] hyscaleLoginPageTestCase - chromebrowser started
[INFO ] 2021-02-26 20:24:08.567 [TestNG-tests-1] hyscaleLoginPageTestCase - titletest
[INFO ] 2021-02-26 20:24:08.589 [TestNG-tests-1] hyscaleLoginPageTestCase - login page factory constructor
[INFO ] 2021-02-26 20:24:08.655 [TestNG-tests-1] hyscaleLoginPageTestCase - Logo test
[INFO ] 2021-02-26 20:24:16.329 [TestNG-tests-1] hyscaleLoginPageTestCase - login test is successful
[INFO ] 2021-02-26 20:24:16.330 [TestNG-tests-1] hyscaleLoginPageTestCase - Email  and passowrd entered
[INFO ] 2021-02-26 20:24:16.384 [TestNG-tests-1] hyscaleLoginPageTestCase - get driver
[INFO ] 2021-02-26 20:24:19.897 [TestNG-tests-1] hyscaleLoginPageTestCase - get driver
[INFO ] 2021-02-26 20:25:13.790 [TestNG-tests-1] hyscaleLoginPageTestCase - chromebrowser started
[INFO ] 2021-02-26 20:25:17.585 [TestNG-tests-1] hyscaleLoginPageTestCase - titletest
[INFO ] 2021-02-26 20:25:17.601 [TestNG-tests-1] hyscaleLoginPageTestCase - login page factory constructor
[INFO ] 2021-02-26 20:25:17.656 [TestNG-tests-1] hyscaleLoginPageTestCase - Logo test
[INFO ] 2021-02-26 20:25:27.772 [TestNG-tests-1] hyscaleLoginPageTestCase - login test is successful
[INFO ] 2021-02-26 20:25:27.772 [TestNG-tests-1] hyscaleLoginPageTestCase - Email  and passowrd entered
[INFO ] 2021-02-26 20:25:27.803 [TestNG-tests-1] hyscaleLoginPageTestCase - get driver
[INFO ] 2021-02-26 20:25:30.530 [TestNG-tests-1] hyscaleLoginPageTestCase - get driver
[INFO ] 2021-02-26 20:26:25.404 [TestNG-tests-1] hyscaleLoginPageTestCase - chromebrowser started
[INFO ] 2021-02-26 20:26:28.397 [TestNG-tests-1] hyscaleLoginPageTestCase - titletest
[INFO ] 2021-02-26 20:26:28.418 [TestNG-tests-1] hyscaleLoginPageTestCase - login page factory constructor
[INFO ] 2021-02-26 20:26:28.479 [TestNG-tests-1] hyscaleLoginPageTestCase - Logo test
[INFO ] 2021-02-26 20:26:38.329 [TestNG-tests-1] hyscaleLoginPageTestCase - login test is successful
[INFO ] 2021-02-26 20:26:38.329 [TestNG-tests-1] hyscaleLoginPageTestCase - Email  and passowrd entered
[INFO ] 2021-02-26 20:26:38.364 [TestNG-tests-1] hyscaleLoginPageTestCase - get driver
[INFO ] 2021-02-26 20:26:41.274 [TestNG-tests-1] hyscaleLoginPageTestCase - get driver
[INFO ] 2021-02-26 20:27:59.437 [TestNG-tests-1] hyscaleLoginPageTestCase - chromebrowser started
[INFO ] 2021-02-26 20:28:03.110 [TestNG-tests-1] hyscaleLoginPageTestCase - titletest
[INFO ] 2021-02-26 20:28:03.135 [TestNG-tests-1] hyscaleLoginPageTestCase - login page factory constructor
[INFO ] 2021-02-26 20:28:03.200 [TestNG-tests-1] hyscaleLoginPageTestCase - Logo test
[INFO ] 2021-02-26 20:28:13.147 [TestNG-tests-1] hyscaleLoginPageTestCase - login test is successful
[INFO ] 2021-02-26 20:28:13.148 [TestNG-tests-1] hyscaleLoginPageTestCase - Email  and passowrd entered
[INFO ] 2021-02-26 20:28:13.179 [TestNG-tests-1] hyscaleLoginPageTestCase - get driver
[INFO ] 2021-02-26 20:28:16.034 [TestNG-tests-1] hyscaleLoginPageTestCase - get driver
[INFO ] 2021-02-26 20:28:48.425 [TestNG-tests-1] hyscaleLoginPageTestCase - chromebrowser started
[INFO ] 2021-02-26 20:28:53.270 [TestNG-tests-1] hyscaleLoginPageTestCase - titletest
[INFO ] 2021-02-26 20:28:53.290 [TestNG-tests-1] hyscaleLoginPageTestCase - login page factory constructor
[INFO ] 2021-02-26 20:28:53.353 [TestNG-tests-1] hyscaleLoginPageTestCase - Logo test
[INFO ] 2021-02-26 20:29:02.592 [TestNG-tests-1] hyscaleLoginPageTestCase - login test is successful
[INFO ] 2021-02-26 20:29:02.593 [TestNG-tests-1] hyscaleLoginPageTestCase - Email  and passowrd entered
[INFO ] 2021-02-26 20:29:02.638 [TestNG-tests-1] hyscaleLoginPageTestCase - get driver
[INFO ] 2021-02-26 20:29:05.413 [TestNG-tests-1] hyscaleLoginPageTestCase - get driver
[INFO ] 2021-02-26 20:52:29.487 [TestNG-tests-1] hyscaleLoginPageTestCase - chromebrowser started
[INFO ] 2021-02-26 20:52:34.542 [TestNG-tests-1] hyscaleLoginPageTestCase - titletest
[INFO ] 2021-02-26 20:52:34.564 [TestNG-tests-1] hyscaleLoginPageTestCase - login page factory constructor
[INFO ] 2021-02-26 20:52:34.618 [TestNG-tests-1] hyscaleLoginPageTestCase - Logo test
[INFO ] 2021-02-26 20:52:56.698 [TestNG-tests-1] hyscaleLoginPageTestCase - login test is successful
[INFO ] 2021-02-26 20:52:56.699 [TestNG-tests-1] hyscaleLoginPageTestCase - Email  and passowrd entered
[INFO ] 2021-02-26 20:52:56.732 [TestNG-tests-1] hyscaleLoginPageTestCase - get driver
[INFO ] 2021-02-26 20:53:00.363 [TestNG-tests-1] hyscaleLoginPageTestCase - get driver
[INFO ] 2021-02-26 20:53:44.979 [TestNG-tests-1] hyscaleLoginPageTestCase - chromebrowser started
[INFO ] 2021-02-26 20:53:48.361 [TestNG-tests-1] hyscaleLoginPageTestCase - titletest
[INFO ] 2021-02-26 20:53:48.387 [TestNG-tests-1] hyscaleLoginPageTestCase - login page factory constructor
[INFO ] 2021-02-26 20:53:48.454 [TestNG-tests-1] hyscaleLoginPageTestCase - Logo test
[INFO ] 2021-02-26 20:54:00.375 [TestNG-tests-1] hyscaleLoginPageTestCase - login test is successful
[INFO ] 2021-02-26 20:54:00.375 [TestNG-tests-1] hyscaleLoginPageTestCase - Email  and passowrd entered
[INFO ] 2021-02-26 20:54:00.405 [TestNG-tests-1] hyscaleLoginPageTestCase - get driver
[INFO ] 2021-02-26 20:54:03.008 [TestNG-tests-1] hyscaleLoginPageTestCase - get driver
[INFO ] 2021-02-26 20:54:43.738 [TestNG-tests-1] hyscaleLoginPageTestCase - chromebrowser started
[INFO ] 2021-02-26 20:54:46.905 [TestNG-tests-1] hyscaleLoginPageTestCase - titletest
[INFO ] 2021-02-26 20:54:46.924 [TestNG-tests-1] hyscaleLoginPageTestCase - login page factory constructor
[INFO ] 2021-02-26 20:54:46.990 [TestNG-tests-1] hyscaleLoginPageTestCase - Logo test
[INFO ] 2021-02-26 20:54:57.824 [TestNG-tests-1] hyscaleLoginPageTestCase - login test is successful
[INFO ] 2021-02-26 20:54:57.824 [TestNG-tests-1] hyscaleLoginPageTestCase - Email  and passowrd entered
[INFO ] 2021-02-26 20:54:57.856 [TestNG-tests-1] hyscaleLoginPageTestCase - get driver
[INFO ] 2021-02-26 20:55:00.710 [TestNG-tests-1] hyscaleLoginPageTestCase - get driver
[INFO ] 2021-02-26 20:55:23.315 [TestNG-tests-1] hyscaleLoginPageTestCase - chromebrowser started
[INFO ] 2021-02-26 20:55:26.531 [TestNG-tests-1] hyscaleLoginPageTestCase - titletest
[INFO ] 2021-02-26 20:55:26.552 [TestNG-tests-1] hyscaleLoginPageTestCase - login page factory constructor
[INFO ] 2021-02-26 20:55:26.614 [TestNG-tests-1] hyscaleLoginPageTestCase - Logo test
[INFO ] 2021-02-26 20:55:38.586 [TestNG-tests-1] hyscaleLoginPageTestCase - login test is successful
[INFO ] 2021-02-26 20:55:38.586 [TestNG-tests-1] hyscaleLoginPageTestCase - Email  and passowrd entered
[INFO ] 2021-02-26 20:55:38.617 [TestNG-tests-1] hyscaleLoginPageTestCase - get driver
[INFO ] 2021-02-26 20:55:41.499 [TestNG-tests-1] hyscaleLoginPageTestCase - get driver
[INFO ] 2021-02-26 20:56:16.663 [TestNG-tests-1] hyscaleLoginPageTestCase - chromebrowser started
[INFO ] 2021-02-26 20:56:20.699 [TestNG-tests-1] hyscaleLoginPageTestCase - titletest
[INFO ] 2021-02-26 20:56:20.719 [TestNG-tests-1] hyscaleLoginPageTestCase - login page factory constructor
[INFO ] 2021-02-26 20:56:20.782 [TestNG-tests-1] hyscaleLoginPageTestCase - Logo test
[INFO ] 2021-02-26 20:56:32.147 [TestNG-tests-1] hyscaleLoginPageTestCase - login test is successful
[INFO ] 2021-02-26 20:56:32.147 [TestNG-tests-1] hyscaleLoginPageTestCase - Email  and passowrd entered
[INFO ] 2021-02-26 20:56:32.180 [TestNG-tests-1] hyscaleLoginPageTestCase - get driver
[INFO ] 2021-02-26 20:56:35.114 [TestNG-tests-1] hyscaleLoginPageTestCase - get driver
[INFO ] 2021-02-26 20:58:20.065 [TestNG-tests-1] hyscaleLoginPageTestCase - chromebrowser started
[INFO ] 2021-02-26 20:58:24.001 [TestNG-tests-1] hyscaleLoginPageTestCase - titletest
[INFO ] 2021-02-26 20:58:24.026 [TestNG-tests-1] hyscaleLoginPageTestCase - login page factory constructor
[INFO ] 2021-02-26 20:58:24.091 [TestNG-tests-1] hyscaleLoginPageTestCase - Logo test
[INFO ] 2021-02-26 20:58:33.392 [TestNG-tests-1] hyscaleLoginPageTestCase - login test is successful
[INFO ] 2021-02-26 20:58:33.392 [TestNG-tests-1] hyscaleLoginPageTestCase - Email  and passowrd entered
[INFO ] 2021-02-26 20:58:33.423 [TestNG-tests-1] hyscaleLoginPageTestCase - get driver
[INFO ] 2021-02-26 20:58:36.806 [TestNG-tests-1] hyscaleLoginPageTestCase - get driver
[INFO ] 2021-02-26 21:01:05.874 [TestNG-tests-1] hyscaleLoginPageTestCase - chromebrowser started
[INFO ] 2021-02-26 21:01:09.524 [TestNG-tests-1] hyscaleLoginPageTestCase - titletest
[INFO ] 2021-02-26 21:01:09.545 [TestNG-tests-1] hyscaleLoginPageTestCase - login page factory constructor
[INFO ] 2021-02-26 21:01:09.602 [TestNG-tests-1] hyscaleLoginPageTestCase - Logo test
[INFO ] 2021-02-26 21:01:20.618 [TestNG-tests-1] hyscaleLoginPageTestCase - login test is successful
[INFO ] 2021-02-26 21:01:20.619 [TestNG-tests-1] hyscaleLoginPageTestCase - Email  and passowrd entered
[INFO ] 2021-02-26 21:01:20.655 [TestNG-tests-1] hyscaleLoginPageTestCase - get driver
[INFO ] 2021-02-26 21:01:23.508 [TestNG-tests-1] hyscaleLoginPageTestCase - get driver
[INFO ] 2021-02-26 21:04:55.603 [TestNG-tests-1] hyscaleLoginPageTestCase - chromebrowser started
[INFO ] 2021-02-26 21:04:59.876 [TestNG-tests-1] hyscaleLoginPageTestCase - titletest
[INFO ] 2021-02-26 21:04:59.896 [TestNG-tests-1] hyscaleLoginPageTestCase - login page factory constructor
[INFO ] 2021-02-26 21:04:59.956 [TestNG-tests-1] hyscaleLoginPageTestCase - Logo test
[INFO ] 2021-02-26 21:05:11.521 [TestNG-tests-1] hyscaleLoginPageTestCase - login test is successful
[INFO ] 2021-02-26 21:05:11.521 [TestNG-tests-1] hyscaleLoginPageTestCase - Email  and passowrd entered
[INFO ] 2021-02-26 21:05:11.555 [TestNG-tests-1] hyscaleLoginPageTestCase - get driver
[INFO ] 2021-02-26 21:05:14.471 [TestNG-tests-1] hyscaleLoginPageTestCase - get driver
[INFO ] 2021-02-26 21:09:00.236 [TestNG-tests-1] hyscaleLoginPageTestCase - chromebrowser started
[INFO ] 2021-02-26 21:09:03.745 [TestNG-tests-1] hyscaleLoginPageTestCase - titletest
[INFO ] 2021-02-26 21:09:03.763 [TestNG-tests-1] hyscaleLoginPageTestCase - login page factory constructor
[INFO ] 2021-02-26 21:09:03.824 [TestNG-tests-1] hyscaleLoginPageTestCase - Logo test
[INFO ] 2021-02-26 21:09:20.569 [TestNG-tests-1] hyscaleLoginPageTestCase - login test is successful
[INFO ] 2021-02-26 21:09:20.570 [TestNG-tests-1] hyscaleLoginPageTestCase - Email  and passowrd entered
[INFO ] 2021-02-26 21:09:20.600 [TestNG-tests-1] hyscaleLoginPageTestCase - get driver
[INFO ] 2021-02-26 21:09:23.532 [TestNG-tests-1] hyscaleLoginPageTestCase - get driver
[INFO ] 2021-02-26 21:10:07.281 [TestNG-tests-1] hyscaleLoginPageTestCase - chromebrowser started
[INFO ] 2021-02-26 21:10:10.334 [TestNG-tests-1] hyscaleLoginPageTestCase - titletest
[INFO ] 2021-02-26 21:10:10.354 [TestNG-tests-1] hyscaleLoginPageTestCase - login page factory constructor
[INFO ] 2021-02-26 21:10:10.422 [TestNG-tests-1] hyscaleLoginPageTestCase - Logo test
[INFO ] 2021-02-26 21:10:19.337 [TestNG-tests-1] hyscaleLoginPageTestCase - login test is successful
[INFO ] 2021-02-26 21:10:19.338 [TestNG-tests-1] hyscaleLoginPageTestCase - Email  and passowrd entered
[INFO ] 2021-02-26 21:10:19.374 [TestNG-tests-1] hyscaleLoginPageTestCase - get driver
[INFO ] 2021-02-26 21:10:22.385 [TestNG-tests-1] hyscaleLoginPageTestCase - get driver
[INFO ] 2021-02-26 21:10:51.559 [TestNG-tests-1] hyscaleLoginPageTestCase - chromebrowser started
[INFO ] 2021-02-26 21:10:54.605 [TestNG-tests-1] hyscaleLoginPageTestCase - titletest
[INFO ] 2021-02-26 21:10:54.626 [TestNG-tests-1] hyscaleLoginPageTestCase - login page factory constructor
[INFO ] 2021-02-26 21:10:54.691 [TestNG-tests-1] hyscaleLoginPageTestCase - Logo test
[INFO ] 2021-02-26 21:11:05.527 [TestNG-tests-1] hyscaleLoginPageTestCase - login test is successful
[INFO ] 2021-02-26 21:11:05.527 [TestNG-tests-1] hyscaleLoginPageTestCase - Email  and passowrd entered
[INFO ] 2021-02-26 21:11:05.561 [TestNG-tests-1] hyscaleLoginPageTestCase - get driver
[INFO ] 2021-02-26 21:11:08.536 [TestNG-tests-1] hyscaleLoginPageTestCase - get driver
[INFO ] 2021-02-26 21:13:07.044 [TestNG-tests-1] hyscaleLoginPageTestCase - chromebrowser started
[INFO ] 2021-02-26 21:13:10.337 [TestNG-tests-1] hyscaleLoginPageTestCase - titletest
[INFO ] 2021-02-26 21:13:10.360 [TestNG-tests-1] hyscaleLoginPageTestCase - login page factory constructor
[INFO ] 2021-02-26 21:13:10.426 [TestNG-tests-1] hyscaleLoginPageTestCase - Logo test
[INFO ] 2021-02-26 21:13:19.330 [TestNG-tests-1] hyscaleLoginPageTestCase - login test is successful
[INFO ] 2021-02-26 21:13:19.330 [TestNG-tests-1] hyscaleLoginPageTestCase - Email  and passowrd entered
[INFO ] 2021-02-26 21:13:19.364 [TestNG-tests-1] hyscaleLoginPageTestCase - get driver
[INFO ] 2021-02-26 21:13:22.155 [TestNG-tests-1] hyscaleLoginPageTestCase - get driver
