[INFO ] 2021-02-11 12:23:46.971 [TestNG-tests-1] hyscaleLoginPageTestCase - chromebrowser started
[INFO ] 2021-02-11 12:23:50.527 [TestNG-tests-1] hyscaleLoginPageTestCase - titletest
[INFO ] 2021-02-11 12:23:50.601 [TestNG-tests-1] hyscaleLoginPageTestCase - login page factory constructor
[INFO ] 2021-02-11 12:23:50.668 [TestNG-tests-1] hyscaleLoginPageTestCase - Logo test
[INFO ] 2021-02-11 12:23:58.852 [TestNG-tests-1] hyscaleLoginPageTestCase - login test is successful
[INFO ] 2021-02-11 12:23:58.853 [TestNG-tests-1] hyscaleLoginPageTestCase - Email  and passowrd entered
[INFO ] 2021-02-11 12:23:58.883 [TestNG-tests-1] hyscaleLoginPageTestCase - get driver
[INFO ] 2021-02-11 12:27:11.426 [TestNG-tests-1] hyscaleLoginPageTestCase - chromebrowser started
[INFO ] 2021-02-11 12:27:15.019 [TestNG-tests-1] hyscaleLoginPageTestCase - titletest
[INFO ] 2021-02-11 12:27:15.044 [TestNG-tests-1] hyscaleLoginPageTestCase - login page factory constructor
[INFO ] 2021-02-11 12:27:15.111 [TestNG-tests-1] hyscaleLoginPageTestCase - Logo test
[INFO ] 2021-02-11 12:27:25.900 [TestNG-tests-1] hyscaleLoginPageTestCase - login test is successful
[INFO ] 2021-02-11 12:27:25.900 [TestNG-tests-1] hyscaleLoginPageTestCase - Email  and passowrd entered
[INFO ] 2021-02-11 12:27:25.933 [TestNG-tests-1] hyscaleLoginPageTestCase - get driver
[INFO ] 2021-02-11 12:27:57.601 [TestNG-tests-1] hyscaleLoginPageTestCase - firefoxbrowser started
[INFO ] 2021-02-11 12:28:00.482 [TestNG-tests-1] hyscaleLoginPageTestCase - titletest
[INFO ] 2021-02-11 12:28:00.501 [TestNG-tests-1] hyscaleLoginPageTestCase - login page factory constructor
[INFO ] 2021-02-11 12:28:00.563 [TestNG-tests-1] hyscaleLoginPageTestCase - Logo test
[INFO ] 2021-02-11 12:28:03.866 [TestNG-tests-1] hyscaleLoginPageTestCase - login test is successful
[INFO ] 2021-02-11 12:28:03.866 [TestNG-tests-1] hyscaleLoginPageTestCase - Email  and passowrd entered
[INFO ] 2021-02-11 12:28:04.135 [TestNG-tests-1] hyscaleLoginPageTestCase - get driver
[INFO ] 2021-02-11 12:36:28.136 [TestNG-tests-1] hyscaleLoginPageTestCase - firefoxbrowser started
[INFO ] 2021-02-11 12:36:30.990 [TestNG-tests-1] hyscaleLoginPageTestCase - titletest
[INFO ] 2021-02-11 12:36:31.007 [TestNG-tests-1] hyscaleLoginPageTestCase - login page factory constructor
[INFO ] 2021-02-11 12:36:31.069 [TestNG-tests-1] hyscaleLoginPageTestCase - Logo test
[INFO ] 2021-02-11 12:36:35.936 [TestNG-tests-1] hyscaleLoginPageTestCase - login test is successful
[INFO ] 2021-02-11 12:36:35.936 [TestNG-tests-1] hyscaleLoginPageTestCase - Email  and passowrd entered
[INFO ] 2021-02-11 12:36:35.971 [TestNG-tests-1] hyscaleLoginPageTestCase - get driver
[INFO ] 2021-02-11 12:38:11.241 [TestNG-tests-1] hyscaleLoginPageTestCase - firefoxbrowser started
[INFO ] 2021-02-11 12:38:14.823 [TestNG-tests-1] hyscaleLoginPageTestCase - titletest
[INFO ] 2021-02-11 12:38:14.840 [TestNG-tests-1] hyscaleLoginPageTestCase - login page factory constructor
[INFO ] 2021-02-11 12:38:14.903 [TestNG-tests-1] hyscaleLoginPageTestCase - Logo test
[INFO ] 2021-02-11 12:38:20.752 [TestNG-tests-1] hyscaleLoginPageTestCase - login test is successful
[INFO ] 2021-02-11 12:38:20.753 [TestNG-tests-1] hyscaleLoginPageTestCase - Email  and passowrd entered
[INFO ] 2021-02-11 12:38:20.790 [TestNG-tests-1] hyscaleLoginPageTestCase - get driver
[INFO ] 2021-02-11 12:39:45.137 [TestNG-tests-1] hyscaleLoginPageTestCase - firefoxbrowser started
[INFO ] 2021-02-11 12:39:48.038 [TestNG-tests-1] hyscaleLoginPageTestCase - titletest
[INFO ] 2021-02-11 12:39:48.055 [TestNG-tests-1] hyscaleLoginPageTestCase - login page factory constructor
[INFO ] 2021-02-11 12:39:48.124 [TestNG-tests-1] hyscaleLoginPageTestCase - Logo test
[INFO ] 2021-02-11 12:39:55.176 [TestNG-tests-1] hyscaleLoginPageTestCase - login test is successful
[INFO ] 2021-02-11 12:39:55.177 [TestNG-tests-1] hyscaleLoginPageTestCase - Email  and passowrd entered
[INFO ] 2021-02-11 12:39:55.221 [TestNG-tests-1] hyscaleLoginPageTestCase - get driver
[INFO ] 2021-02-11 12:40:57.224 [TestNG-tests-1] hyscaleLoginPageTestCase - firefoxbrowser started
[INFO ] 2021-02-11 12:41:00.208 [TestNG-tests-1] hyscaleLoginPageTestCase - titletest
[INFO ] 2021-02-11 12:41:00.234 [TestNG-tests-1] hyscaleLoginPageTestCase - login page factory constructor
[INFO ] 2021-02-11 12:41:00.330 [TestNG-tests-1] hyscaleLoginPageTestCase - Logo test
[INFO ] 2021-02-11 12:41:06.654 [TestNG-tests-1] hyscaleLoginPageTestCase - login test is successful
[INFO ] 2021-02-11 12:41:06.654 [TestNG-tests-1] hyscaleLoginPageTestCase - Email  and passowrd entered
[INFO ] 2021-02-11 12:41:06.691 [TestNG-tests-1] hyscaleLoginPageTestCase - get driver
[INFO ] 2021-02-11 12:43:11.766 [TestNG-tests-1] hyscaleLoginPageTestCase - firefoxbrowser started
[INFO ] 2021-02-11 12:43:15.050 [TestNG-tests-1] hyscaleLoginPageTestCase - titletest
[INFO ] 2021-02-11 12:43:15.087 [TestNG-tests-1] hyscaleLoginPageTestCase - login page factory constructor
[INFO ] 2021-02-11 12:43:15.172 [TestNG-tests-1] hyscaleLoginPageTestCase - Logo test
[INFO ] 2021-02-11 12:43:19.637 [TestNG-tests-1] hyscaleLoginPageTestCase - login test is successful
[INFO ] 2021-02-11 12:43:19.638 [TestNG-tests-1] hyscaleLoginPageTestCase - Email  and passowrd entered
[INFO ] 2021-02-11 12:43:19.674 [TestNG-tests-1] hyscaleLoginPageTestCase - get driver
[INFO ] 2021-02-11 13:02:42.711 [TestNG-tests-1] hyscaleLoginPageTestCase - firefoxbrowser started
[INFO ] 2021-02-11 13:02:46.272 [TestNG-tests-1] hyscaleLoginPageTestCase - titletest
[INFO ] 2021-02-11 13:02:46.292 [TestNG-tests-1] hyscaleLoginPageTestCase - login page factory constructor
[INFO ] 2021-02-11 13:02:46.401 [TestNG-tests-1] hyscaleLoginPageTestCase - Logo test
[INFO ] 2021-02-11 13:02:50.808 [TestNG-tests-1] hyscaleLoginPageTestCase - login test is successful
[INFO ] 2021-02-11 13:02:50.808 [TestNG-tests-1] hyscaleLoginPageTestCase - Email  and passowrd entered
[INFO ] 2021-02-11 13:02:50.851 [TestNG-tests-1] hyscaleLoginPageTestCase - get driver
[INFO ] 2021-02-11 13:04:07.174 [TestNG-tests-1] hyscaleLoginPageTestCase - firefoxbrowser started
[INFO ] 2021-02-11 13:04:10.149 [TestNG-tests-1] hyscaleLoginPageTestCase - titletest
[INFO ] 2021-02-11 13:04:10.172 [TestNG-tests-1] hyscaleLoginPageTestCase - login page factory constructor
[INFO ] 2021-02-11 13:04:10.249 [TestNG-tests-1] hyscaleLoginPageTestCase - Logo test
[INFO ] 2021-02-11 13:04:14.343 [TestNG-tests-1] hyscaleLoginPageTestCase - login test is successful
[INFO ] 2021-02-11 13:04:14.344 [TestNG-tests-1] hyscaleLoginPageTestCase - Email  and passowrd entered
[INFO ] 2021-02-11 13:04:14.379 [TestNG-tests-1] hyscaleLoginPageTestCase - get driver
[INFO ] 2021-02-11 13:37:59.100 [TestNG-tests-1] hyscaleLoginPageTestCase - firefoxbrowser started
[INFO ] 2021-02-11 13:38:02.471 [TestNG-tests-1] hyscaleLoginPageTestCase - titletest
[INFO ] 2021-02-11 13:38:02.488 [TestNG-tests-1] hyscaleLoginPageTestCase - login page factory constructor
[INFO ] 2021-02-11 13:38:02.559 [TestNG-tests-1] hyscaleLoginPageTestCase - Logo test
[INFO ] 2021-02-11 13:38:07.523 [TestNG-tests-1] hyscaleLoginPageTestCase - login test is successful
[INFO ] 2021-02-11 13:38:07.523 [TestNG-tests-1] hyscaleLoginPageTestCase - Email  and passowrd entered
[INFO ] 2021-02-11 13:38:07.603 [TestNG-tests-1] hyscaleLoginPageTestCase - get driver
[INFO ] 2021-02-11 13:40:57.304 [TestNG-tests-1] hyscaleLoginPageTestCase - firefoxbrowser started
[INFO ] 2021-02-11 13:41:00.339 [TestNG-tests-1] hyscaleLoginPageTestCase - titletest
[INFO ] 2021-02-11 13:41:00.375 [TestNG-tests-1] hyscaleLoginPageTestCase - login page factory constructor
[INFO ] 2021-02-11 13:41:00.483 [TestNG-tests-1] hyscaleLoginPageTestCase - Logo test
[INFO ] 2021-02-11 13:41:06.370 [TestNG-tests-1] hyscaleLoginPageTestCase - login test is successful
[INFO ] 2021-02-11 13:41:06.370 [TestNG-tests-1] hyscaleLoginPageTestCase - Email  and passowrd entered
[INFO ] 2021-02-11 13:41:06.407 [TestNG-tests-1] hyscaleLoginPageTestCase - get driver
[INFO ] 2021-02-11 13:41:49.085 [TestNG-tests-1] hyscaleLoginPageTestCase - firefoxbrowser started
[INFO ] 2021-02-11 13:41:52.339 [TestNG-tests-1] hyscaleLoginPageTestCase - titletest
[INFO ] 2021-02-11 13:41:52.359 [TestNG-tests-1] hyscaleLoginPageTestCase - login page factory constructor
[INFO ] 2021-02-11 13:41:52.423 [TestNG-tests-1] hyscaleLoginPageTestCase - Logo test
[INFO ] 2021-02-11 13:41:57.206 [TestNG-tests-1] hyscaleLoginPageTestCase - login test is successful
[INFO ] 2021-02-11 13:41:57.206 [TestNG-tests-1] hyscaleLoginPageTestCase - Email  and passowrd entered
[INFO ] 2021-02-11 13:41:57.244 [TestNG-tests-1] hyscaleLoginPageTestCase - get driver
[INFO ] 2021-02-11 13:43:13.652 [TestNG-tests-1] hyscaleLoginPageTestCase - firefoxbrowser started
[INFO ] 2021-02-11 13:43:16.372 [TestNG-tests-1] hyscaleLoginPageTestCase - titletest
[INFO ] 2021-02-11 13:43:16.388 [TestNG-tests-1] hyscaleLoginPageTestCase - login page factory constructor
[INFO ] 2021-02-11 13:43:16.464 [TestNG-tests-1] hyscaleLoginPageTestCase - Logo test
[INFO ] 2021-02-11 13:43:21.037 [TestNG-tests-1] hyscaleLoginPageTestCase - login test is successful
[INFO ] 2021-02-11 13:43:21.037 [TestNG-tests-1] hyscaleLoginPageTestCase - Email  and passowrd entered
[INFO ] 2021-02-11 13:43:21.074 [TestNG-tests-1] hyscaleLoginPageTestCase - get driver
[INFO ] 2021-02-11 13:59:59.592 [TestNG-tests-1] hyscaleLoginPageTestCase - firefoxbrowser started
[INFO ] 2021-02-11 14:00:03.259 [TestNG-tests-1] hyscaleLoginPageTestCase - titletest
[INFO ] 2021-02-11 14:00:03.279 [TestNG-tests-1] hyscaleLoginPageTestCase - login page factory constructor
[INFO ] 2021-02-11 14:00:03.356 [TestNG-tests-1] hyscaleLoginPageTestCase - Logo test
[INFO ] 2021-02-11 14:00:07.830 [TestNG-tests-1] hyscaleLoginPageTestCase - login test is successful
[INFO ] 2021-02-11 14:00:07.831 [TestNG-tests-1] hyscaleLoginPageTestCase - Email  and passowrd entered
[INFO ] 2021-02-11 14:00:07.873 [TestNG-tests-1] hyscaleLoginPageTestCase - get driver
[INFO ] 2021-02-11 14:03:29.154 [TestNG-tests-1] hyscaleLoginPageTestCase - firefoxbrowser started
[INFO ] 2021-02-11 14:03:31.797 [TestNG-tests-1] hyscaleLoginPageTestCase - titletest
[INFO ] 2021-02-11 14:03:31.813 [TestNG-tests-1] hyscaleLoginPageTestCase - login page factory constructor
[INFO ] 2021-02-11 14:03:31.887 [TestNG-tests-1] hyscaleLoginPageTestCase - Logo test
[INFO ] 2021-02-11 14:03:35.295 [TestNG-tests-1] hyscaleLoginPageTestCase - login test is successful
[INFO ] 2021-02-11 14:03:35.295 [TestNG-tests-1] hyscaleLoginPageTestCase - Email  and passowrd entered
[INFO ] 2021-02-11 14:03:35.332 [TestNG-tests-1] hyscaleLoginPageTestCase - get driver
[INFO ] 2021-02-11 14:07:09.989 [TestNG-tests-1] hyscaleLoginPageTestCase - firefoxbrowser started
[INFO ] 2021-02-11 14:07:12.759 [TestNG-tests-1] hyscaleLoginPageTestCase - titletest
[INFO ] 2021-02-11 14:07:12.778 [TestNG-tests-1] hyscaleLoginPageTestCase - login page factory constructor
[INFO ] 2021-02-11 14:07:12.847 [TestNG-tests-1] hyscaleLoginPageTestCase - Logo test
[INFO ] 2021-02-11 14:07:16.605 [TestNG-tests-1] hyscaleLoginPageTestCase - login test is successful
[INFO ] 2021-02-11 14:07:16.606 [TestNG-tests-1] hyscaleLoginPageTestCase - Email  and passowrd entered
[INFO ] 2021-02-11 14:07:16.643 [TestNG-tests-1] hyscaleLoginPageTestCase - get driver
[INFO ] 2021-02-11 14:07:54.446 [TestNG-tests-1] hyscaleLoginPageTestCase - firefoxbrowser started
[INFO ] 2021-02-11 14:07:57.101 [TestNG-tests-1] hyscaleLoginPageTestCase - titletest
[INFO ] 2021-02-11 14:07:57.127 [TestNG-tests-1] hyscaleLoginPageTestCase - login page factory constructor
[INFO ] 2021-02-11 14:07:57.206 [TestNG-tests-1] hyscaleLoginPageTestCase - Logo test
[INFO ] 2021-02-11 14:08:00.784 [TestNG-tests-1] hyscaleLoginPageTestCase - login test is successful
[INFO ] 2021-02-11 14:08:00.784 [TestNG-tests-1] hyscaleLoginPageTestCase - Email  and passowrd entered
[INFO ] 2021-02-11 14:08:00.821 [TestNG-tests-1] hyscaleLoginPageTestCase - get driver
[INFO ] 2021-02-11 14:09:00.235 [TestNG-tests-1] hyscaleLoginPageTestCase - firefoxbrowser started
[INFO ] 2021-02-11 14:09:03.816 [TestNG-tests-1] hyscaleLoginPageTestCase - titletest
[INFO ] 2021-02-11 14:09:03.833 [TestNG-tests-1] hyscaleLoginPageTestCase - login page factory constructor
[INFO ] 2021-02-11 14:09:03.893 [TestNG-tests-1] hyscaleLoginPageTestCase - Logo test
[INFO ] 2021-02-11 14:09:07.683 [TestNG-tests-1] hyscaleLoginPageTestCase - login test is successful
[INFO ] 2021-02-11 14:09:07.684 [TestNG-tests-1] hyscaleLoginPageTestCase - Email  and passowrd entered
[INFO ] 2021-02-11 14:09:07.717 [TestNG-tests-1] hyscaleLoginPageTestCase - get driver
[INFO ] 2021-02-11 14:25:14.450 [TestNG-tests-1] hyscaleLoginPageTestCase - firefoxbrowser started
[INFO ] 2021-02-11 14:25:17.161 [TestNG-tests-1] hyscaleLoginPageTestCase - titletest
[INFO ] 2021-02-11 14:25:17.175 [TestNG-tests-1] hyscaleLoginPageTestCase - login page factory constructor
[INFO ] 2021-02-11 14:25:17.245 [TestNG-tests-1] hyscaleLoginPageTestCase - Logo test
[INFO ] 2021-02-11 14:25:21.537 [TestNG-tests-1] hyscaleLoginPageTestCase - login test is successful
[INFO ] 2021-02-11 14:25:21.537 [TestNG-tests-1] hyscaleLoginPageTestCase - Email  and passowrd entered
[INFO ] 2021-02-11 14:25:21.574 [TestNG-tests-1] hyscaleLoginPageTestCase - get driver
[INFO ] 2021-02-11 14:26:35.787 [TestNG-tests-1] hyscaleLoginPageTestCase - firefoxbrowser started
[INFO ] 2021-02-11 14:26:38.456 [TestNG-tests-1] hyscaleLoginPageTestCase - titletest
[INFO ] 2021-02-11 14:26:38.472 [TestNG-tests-1] hyscaleLoginPageTestCase - login page factory constructor
[INFO ] 2021-02-11 14:26:38.527 [TestNG-tests-1] hyscaleLoginPageTestCase - Logo test
[INFO ] 2021-02-11 14:26:41.692 [TestNG-tests-1] hyscaleLoginPageTestCase - login test is successful
[INFO ] 2021-02-11 14:26:41.692 [TestNG-tests-1] hyscaleLoginPageTestCase - Email  and passowrd entered
[INFO ] 2021-02-11 14:26:41.726 [TestNG-tests-1] hyscaleLoginPageTestCase - get driver
[INFO ] 2021-02-11 14:41:29.285 [TestNG-tests-1] hyscaleLoginPageTestCase - firefoxbrowser started
[INFO ] 2021-02-11 14:41:32.047 [TestNG-tests-1] hyscaleLoginPageTestCase - titletest
[INFO ] 2021-02-11 14:41:32.068 [TestNG-tests-1] hyscaleLoginPageTestCase - login page factory constructor
[INFO ] 2021-02-11 14:41:32.144 [TestNG-tests-1] hyscaleLoginPageTestCase - Logo test
[INFO ] 2021-02-11 14:41:35.854 [TestNG-tests-1] hyscaleLoginPageTestCase - login test is successful
[INFO ] 2021-02-11 14:41:35.854 [TestNG-tests-1] hyscaleLoginPageTestCase - Email  and passowrd entered
[INFO ] 2021-02-11 14:41:35.893 [TestNG-tests-1] hyscaleLoginPageTestCase - get driver
[INFO ] 2021-02-11 14:42:07.524 [TestNG-tests-1] hyscaleLoginPageTestCase - firefoxbrowser started
[INFO ] 2021-02-11 14:42:10.509 [TestNG-tests-1] hyscaleLoginPageTestCase - titletest
[INFO ] 2021-02-11 14:42:10.530 [TestNG-tests-1] hyscaleLoginPageTestCase - login page factory constructor
[INFO ] 2021-02-11 14:42:10.601 [TestNG-tests-1] hyscaleLoginPageTestCase - Logo test
[INFO ] 2021-02-11 14:42:15.263 [TestNG-tests-1] hyscaleLoginPageTestCase - login test is successful
[INFO ] 2021-02-11 14:42:15.263 [TestNG-tests-1] hyscaleLoginPageTestCase - Email  and passowrd entered
[INFO ] 2021-02-11 14:42:15.314 [TestNG-tests-1] hyscaleLoginPageTestCase - get driver
[INFO ] 2021-02-11 15:13:07.153 [TestNG-tests-1] hyscaleLoginPageTestCase - firefoxbrowser started
[INFO ] 2021-02-11 15:13:09.928 [TestNG-tests-1] hyscaleLoginPageTestCase - titletest
[INFO ] 2021-02-11 15:13:09.953 [TestNG-tests-1] hyscaleLoginPageTestCase - login page factory constructor
[INFO ] 2021-02-11 15:13:10.040 [TestNG-tests-1] hyscaleLoginPageTestCase - Logo test
[INFO ] 2021-02-11 15:13:13.802 [TestNG-tests-1] hyscaleLoginPageTestCase - login test is successful
[INFO ] 2021-02-11 15:13:13.802 [TestNG-tests-1] hyscaleLoginPageTestCase - Email  and passowrd entered
[INFO ] 2021-02-11 15:13:13.839 [TestNG-tests-1] hyscaleLoginPageTestCase - get driver
[INFO ] 2021-02-11 15:13:18.286 [TestNG-tests-1] hyscaleLoginPageTestCase - get driver
[INFO ] 2021-02-11 15:28:46.342 [TestNG-tests-1] hyscaleLoginPageTestCase - firefoxbrowser started
[INFO ] 2021-02-11 15:28:49.655 [TestNG-tests-1] hyscaleLoginPageTestCase - titletest
[INFO ] 2021-02-11 15:28:49.685 [TestNG-tests-1] hyscaleLoginPageTestCase - login page factory constructor
[INFO ] 2021-02-11 15:28:49.785 [TestNG-tests-1] hyscaleLoginPageTestCase - Logo test
[INFO ] 2021-02-11 15:28:54.953 [TestNG-tests-1] hyscaleLoginPageTestCase - login test is successful
[INFO ] 2021-02-11 15:28:54.953 [TestNG-tests-1] hyscaleLoginPageTestCase - Email  and passowrd entered
[INFO ] 2021-02-11 15:28:54.989 [TestNG-tests-1] hyscaleLoginPageTestCase - get driver
[INFO ] 2021-02-11 15:28:59.140 [TestNG-tests-1] hyscaleLoginPageTestCase - get driver
[INFO ] 2021-02-11 15:30:33.499 [TestNG-tests-1] hyscaleLoginPageTestCase - firefoxbrowser started
[INFO ] 2021-02-11 15:30:36.139 [TestNG-tests-1] hyscaleLoginPageTestCase - titletest
[INFO ] 2021-02-11 15:30:36.158 [TestNG-tests-1] hyscaleLoginPageTestCase - login page factory constructor
[INFO ] 2021-02-11 15:30:36.224 [TestNG-tests-1] hyscaleLoginPageTestCase - Logo test
[INFO ] 2021-02-11 15:30:40.472 [TestNG-tests-1] hyscaleLoginPageTestCase - login test is successful
[INFO ] 2021-02-11 15:30:40.472 [TestNG-tests-1] hyscaleLoginPageTestCase - Email  and passowrd entered
[INFO ] 2021-02-11 15:30:40.510 [TestNG-tests-1] hyscaleLoginPageTestCase - get driver
[INFO ] 2021-02-11 15:30:44.909 [TestNG-tests-1] hyscaleLoginPageTestCase - get driver
