[INFO ] 2021-02-12 14:15:22.145 [TestNG-tests-1] hyscaleLoginPageTestCase - chromebrowser started
[INFO ] 2021-02-12 14:15:25.352 [TestNG-tests-1] hyscaleLoginPageTestCase - titletest
[INFO ] 2021-02-12 14:15:25.391 [TestNG-tests-1] hyscaleLoginPageTestCase - login page factory constructor
[INFO ] 2021-02-12 14:15:25.461 [TestNG-tests-1] hyscaleLoginPageTestCase - Logo test
[INFO ] 2021-02-12 14:15:41.253 [TestNG-tests-1] hyscaleLoginPageTestCase - login test is successful
[INFO ] 2021-02-12 14:15:41.253 [TestNG-tests-1] hyscaleLoginPageTestCase - Email  and passowrd entered
[INFO ] 2021-02-12 14:15:41.377 [TestNG-tests-1] hyscaleLoginPageTestCase - get driver
[INFO ] 2021-02-12 14:17:13.843 [TestNG-tests-1] hyscaleLoginPageTestCase - chromebrowser started
[INFO ] 2021-02-12 14:17:16.597 [TestNG-tests-1] hyscaleLoginPageTestCase - titletest
[INFO ] 2021-02-12 14:17:16.614 [TestNG-tests-1] hyscaleLoginPageTestCase - login page factory constructor
[INFO ] 2021-02-12 14:17:16.675 [TestNG-tests-1] hyscaleLoginPageTestCase - Logo test
[INFO ] 2021-02-12 14:17:26.260 [TestNG-tests-1] hyscaleLoginPageTestCase - login test is successful
[INFO ] 2021-02-12 14:17:26.260 [TestNG-tests-1] hyscaleLoginPageTestCase - Email  and passowrd entered
[INFO ] 2021-02-12 14:17:26.396 [TestNG-tests-1] hyscaleLoginPageTestCase - get driver
[INFO ] 2021-02-12 14:17:59.929 [TestNG-tests-1] hyscaleLoginPageTestCase - get driver
[INFO ] 2021-02-12 14:18:00.652 [TestNG-tests-1] PackageNegativeTestCases - packages testcase started
[INFO ] 2021-02-12 14:18:12.205 [TestNG-tests-1] hyscaleLoginPageTestCase - get driver
[INFO ] 2021-02-12 14:20:15.746 [TestNG-tests-1] hyscaleLoginPageTestCase - chromebrowser started
[INFO ] 2021-02-12 14:20:18.467 [TestNG-tests-1] hyscaleLoginPageTestCase - titletest
[INFO ] 2021-02-12 14:20:18.494 [TestNG-tests-1] hyscaleLoginPageTestCase - login page factory constructor
[INFO ] 2021-02-12 14:20:18.579 [TestNG-tests-1] hyscaleLoginPageTestCase - Logo test
[INFO ] 2021-02-12 14:20:27.758 [TestNG-tests-1] hyscaleLoginPageTestCase - login test is successful
[INFO ] 2021-02-12 14:20:27.758 [TestNG-tests-1] hyscaleLoginPageTestCase - Email  and passowrd entered
[INFO ] 2021-02-12 14:20:27.888 [TestNG-tests-1] hyscaleLoginPageTestCase - get driver
[INFO ] 2021-02-12 14:20:31.715 [TestNG-tests-1] hyscaleLoginPageTestCase - get driver
[INFO ] 2021-02-12 14:20:32.256 [TestNG-tests-1] PackageNegativeTestCases - packages testcase started
[INFO ] 2021-02-12 14:21:38.922 [TestNG-tests-1] hyscaleLoginPageTestCase - chromebrowser started
[INFO ] 2021-02-12 14:21:41.611 [TestNG-tests-1] hyscaleLoginPageTestCase - titletest
[INFO ] 2021-02-12 14:21:41.635 [TestNG-tests-1] hyscaleLoginPageTestCase - login page factory constructor
[INFO ] 2021-02-12 14:21:41.712 [TestNG-tests-1] hyscaleLoginPageTestCase - Logo test
[INFO ] 2021-02-12 14:21:50.391 [TestNG-tests-1] hyscaleLoginPageTestCase - login test is successful
[INFO ] 2021-02-12 14:21:50.392 [TestNG-tests-1] hyscaleLoginPageTestCase - Email  and passowrd entered
[INFO ] 2021-02-12 14:21:50.524 [TestNG-tests-1] hyscaleLoginPageTestCase - get driver
[INFO ] 2021-02-12 14:21:54.492 [TestNG-tests-1] hyscaleLoginPageTestCase - get driver
[INFO ] 2021-02-12 14:21:55.022 [TestNG-tests-1] PackageNegativeTestCases - packages testcase started
[INFO ] 2021-02-12 14:22:29.180 [TestNG-tests-1] hyscaleLoginPageTestCase - get driver
[INFO ] 2021-02-12 14:27:28.137 [TestNG-tests-1] hyscaleLoginPageTestCase - chromebrowser started
[INFO ] 2021-02-12 14:27:32.311 [TestNG-tests-1] hyscaleLoginPageTestCase - titletest
[INFO ] 2021-02-12 14:27:32.330 [TestNG-tests-1] hyscaleLoginPageTestCase - login page factory constructor
[INFO ] 2021-02-12 14:27:32.377 [TestNG-tests-1] hyscaleLoginPageTestCase - Logo test
[INFO ] 2021-02-12 14:27:43.045 [TestNG-tests-1] hyscaleLoginPageTestCase - login test is successful
[INFO ] 2021-02-12 14:27:43.046 [TestNG-tests-1] hyscaleLoginPageTestCase - Email  and passowrd entered
[INFO ] 2021-02-12 14:27:43.206 [TestNG-tests-1] hyscaleLoginPageTestCase - get driver
[INFO ] 2021-02-12 14:27:47.260 [TestNG-tests-1] hyscaleLoginPageTestCase - get driver
[INFO ] 2021-02-12 14:27:47.946 [TestNG-tests-1] PackageNegativeTestCases - packages testcase started
[INFO ] 2021-02-12 14:28:44.618 [TestNG-tests-1] hyscaleLoginPageTestCase - get driver
[INFO ] 2021-02-12 14:28:53.246 [TestNG-tests-1] hyscaleLoginPageTestCase - chromebrowser started
[INFO ] 2021-02-12 14:28:56.210 [TestNG-tests-1] hyscaleLoginPageTestCase - titletest
[INFO ] 2021-02-12 14:28:56.231 [TestNG-tests-1] hyscaleLoginPageTestCase - login page factory constructor
[INFO ] 2021-02-12 14:28:56.305 [TestNG-tests-1] hyscaleLoginPageTestCase - Logo test
[INFO ] 2021-02-12 14:29:05.345 [TestNG-tests-1] hyscaleLoginPageTestCase - login test is successful
[INFO ] 2021-02-12 14:29:05.345 [TestNG-tests-1] hyscaleLoginPageTestCase - Email  and passowrd entered
[INFO ] 2021-02-12 14:29:05.485 [TestNG-tests-1] hyscaleLoginPageTestCase - get driver
[INFO ] 2021-02-12 14:29:09.313 [TestNG-tests-1] hyscaleLoginPageTestCase - get driver
[INFO ] 2021-02-12 14:29:09.879 [TestNG-tests-1] PackageNegativeTestCases - packages testcase started
[INFO ] 2021-02-12 14:29:36.370 [TestNG-tests-1] hyscaleLoginPageTestCase - get driver
[INFO ] 2021-02-12 14:30:23.546 [TestNG-tests-1] hyscaleLoginPageTestCase - chromebrowser started
[INFO ] 2021-02-12 14:30:26.232 [TestNG-tests-1] hyscaleLoginPageTestCase - titletest
[INFO ] 2021-02-12 14:30:26.257 [TestNG-tests-1] hyscaleLoginPageTestCase - login page factory constructor
[INFO ] 2021-02-12 14:30:26.325 [TestNG-tests-1] hyscaleLoginPageTestCase - Logo test
[INFO ] 2021-02-12 14:30:33.666 [TestNG-tests-1] hyscaleLoginPageTestCase - login test is successful
[INFO ] 2021-02-12 14:30:33.666 [TestNG-tests-1] hyscaleLoginPageTestCase - Email  and passowrd entered
[INFO ] 2021-02-12 14:30:33.792 [TestNG-tests-1] hyscaleLoginPageTestCase - get driver
[INFO ] 2021-02-12 14:30:37.538 [TestNG-tests-1] hyscaleLoginPageTestCase - get driver
[INFO ] 2021-02-12 14:30:38.032 [TestNG-tests-1] PackageNegativeTestCases - packages testcase started
[INFO ] 2021-02-12 14:30:44.601 [TestNG-tests-1] hyscaleLoginPageTestCase - get driver
[INFO ] 2021-02-12 14:41:04.906 [TestNG-tests-1] hyscaleLoginPageTestCase - chromebrowser started
[INFO ] 2021-02-12 14:41:07.980 [TestNG-tests-1] hyscaleLoginPageTestCase - titletest
[INFO ] 2021-02-12 14:41:08.004 [TestNG-tests-1] hyscaleLoginPageTestCase - login page factory constructor
[INFO ] 2021-02-12 14:41:08.078 [TestNG-tests-1] hyscaleLoginPageTestCase - Logo test
[INFO ] 2021-02-12 14:41:15.777 [TestNG-tests-1] hyscaleLoginPageTestCase - login test is successful
[INFO ] 2021-02-12 14:41:15.778 [TestNG-tests-1] hyscaleLoginPageTestCase - Email  and passowrd entered
[INFO ] 2021-02-12 14:41:15.928 [TestNG-tests-1] hyscaleLoginPageTestCase - get driver
[INFO ] 2021-02-12 14:41:19.721 [TestNG-tests-1] hyscaleLoginPageTestCase - get driver
[INFO ] 2021-02-12 14:41:20.217 [TestNG-tests-1] PackageNegativeTestCases - packages testcase started
[INFO ] 2021-02-12 14:41:27.328 [TestNG-tests-1] hyscaleLoginPageTestCase - get driver
[INFO ] 2021-02-12 14:41:35.472 [TestNG-tests-1] hyscaleLoginPageTestCase - get driver
[INFO ] 2021-02-12 14:41:35.917 [TestNG-tests-1] PackageNegativeTestCases - base images testcases started
[INFO ] 2021-02-12 14:42:35.591 [TestNG-tests-1] hyscaleLoginPageTestCase - get driver
[INFO ] 2021-02-12 14:42:37.602 [TestNG-tests-1] hyscaleLoginPageTestCase - get driver
[INFO ] 2021-02-12 14:42:37.701 [TestNG-tests-1] PackageNegativeTestCases - agent images testcases started
[INFO ] 2021-02-12 14:43:23.068 [TestNG-tests-1] hyscaleLoginPageTestCase - chromebrowser started
[INFO ] 2021-02-12 14:43:26.206 [TestNG-tests-1] hyscaleLoginPageTestCase - titletest
[INFO ] 2021-02-12 14:43:26.229 [TestNG-tests-1] hyscaleLoginPageTestCase - login page factory constructor
[INFO ] 2021-02-12 14:43:26.305 [TestNG-tests-1] hyscaleLoginPageTestCase - Logo test
[INFO ] 2021-02-12 14:43:36.271 [TestNG-tests-1] hyscaleLoginPageTestCase - login test is successful
[INFO ] 2021-02-12 14:43:36.272 [TestNG-tests-1] hyscaleLoginPageTestCase - Email  and passowrd entered
[INFO ] 2021-02-12 14:43:36.402 [TestNG-tests-1] hyscaleLoginPageTestCase - get driver
[INFO ] 2021-02-12 14:43:40.278 [TestNG-tests-1] hyscaleLoginPageTestCase - get driver
[INFO ] 2021-02-12 14:43:40.834 [TestNG-tests-1] PackageNegativeTestCases - packages testcase started
[INFO ] 2021-02-12 14:43:48.150 [TestNG-tests-1] hyscaleLoginPageTestCase - get driver
[INFO ] 2021-02-12 14:43:56.476 [TestNG-tests-1] hyscaleLoginPageTestCase - get driver
[INFO ] 2021-02-12 14:43:56.885 [TestNG-tests-1] PackageNegativeTestCases - base images testcases started
[INFO ] 2021-02-12 14:44:27.299 [TestNG-tests-1] hyscaleLoginPageTestCase - get driver
[INFO ] 2021-02-12 14:44:29.547 [TestNG-tests-1] hyscaleLoginPageTestCase - get driver
[INFO ] 2021-02-12 14:44:29.631 [TestNG-tests-1] PackageNegativeTestCases - agent images testcases started
[INFO ] 2021-02-12 14:45:25.124 [TestNG-tests-1] hyscaleLoginPageTestCase - get driver
[INFO ] 2021-02-12 14:45:54.212 [TestNG-tests-1] hyscaleLoginPageTestCase - chromebrowser started
[INFO ] 2021-02-12 14:45:56.855 [TestNG-tests-1] hyscaleLoginPageTestCase - titletest
[INFO ] 2021-02-12 14:45:56.876 [TestNG-tests-1] hyscaleLoginPageTestCase - login page factory constructor
[INFO ] 2021-02-12 14:45:56.941 [TestNG-tests-1] hyscaleLoginPageTestCase - Logo test
[INFO ] 2021-02-12 14:46:04.954 [TestNG-tests-1] hyscaleLoginPageTestCase - login test is successful
[INFO ] 2021-02-12 14:46:04.954 [TestNG-tests-1] hyscaleLoginPageTestCase - Email  and passowrd entered
[INFO ] 2021-02-12 14:46:05.084 [TestNG-tests-1] hyscaleLoginPageTestCase - get driver
[INFO ] 2021-02-12 14:46:08.922 [TestNG-tests-1] hyscaleLoginPageTestCase - get driver
[INFO ] 2021-02-12 14:46:09.472 [TestNG-tests-1] PackageNegativeTestCases - packages testcase started
[INFO ] 2021-02-12 14:46:16.691 [TestNG-tests-1] hyscaleLoginPageTestCase - get driver
[INFO ] 2021-02-12 14:46:25.714 [TestNG-tests-1] hyscaleLoginPageTestCase - get driver
[INFO ] 2021-02-12 14:46:26.188 [TestNG-tests-1] PackageNegativeTestCases - base images testcases started
[INFO ] 2021-02-12 14:46:37.075 [TestNG-tests-1] hyscaleLoginPageTestCase - get driver
[INFO ] 2021-02-12 14:46:39.026 [TestNG-tests-1] hyscaleLoginPageTestCase - get driver
[INFO ] 2021-02-12 14:46:39.118 [TestNG-tests-1] PackageNegativeTestCases - agent images testcases started
[INFO ] 2021-02-12 14:46:45.060 [TestNG-tests-1] hyscaleLoginPageTestCase - get driver
[INFO ] 2021-02-12 14:46:47.132 [TestNG-tests-1] hyscaleLoginPageTestCase - get driver
[INFO ] 2021-02-12 14:46:49.202 [TestNG-tests-1] hyscaleLoginPageTestCase - get driver
[INFO ] 2021-02-12 14:47:23.499 [TestNG-tests-1] hyscaleLoginPageTestCase - get driver
[INFO ] 2021-02-12 15:09:03.795 [TestNG-tests-1] hyscaleLoginPageTestCase - chromebrowser started
[INFO ] 2021-02-12 15:09:07.566 [TestNG-tests-1] hyscaleLoginPageTestCase - titletest
[INFO ] 2021-02-12 15:09:07.591 [TestNG-tests-1] hyscaleLoginPageTestCase - login page factory constructor
[INFO ] 2021-02-12 15:09:07.665 [TestNG-tests-1] hyscaleLoginPageTestCase - Logo test
[INFO ] 2021-02-12 15:09:15.732 [TestNG-tests-1] hyscaleLoginPageTestCase - login test is successful
[INFO ] 2021-02-12 15:09:15.732 [TestNG-tests-1] hyscaleLoginPageTestCase - Email  and passowrd entered
[INFO ] 2021-02-12 15:09:15.863 [TestNG-tests-1] hyscaleLoginPageTestCase - get driver
[INFO ] 2021-02-12 15:09:19.774 [TestNG-tests-1] hyscaleLoginPageTestCase - get driver
[INFO ] 2021-02-12 15:09:20.337 [TestNG-tests-1] PackageNegativeTestCases - packages testcase started
[INFO ] 2021-02-12 15:09:27.681 [TestNG-tests-1] hyscaleLoginPageTestCase - get driver
[INFO ] 2021-02-12 15:09:35.608 [TestNG-tests-1] hyscaleLoginPageTestCase - get driver
[INFO ] 2021-02-12 15:09:35.973 [TestNG-tests-1] PackageNegativeTestCases - base images testcases started
[INFO ] 2021-02-12 15:09:47.021 [TestNG-tests-1] hyscaleLoginPageTestCase - get driver
[INFO ] 2021-02-12 15:09:49.059 [TestNG-tests-1] hyscaleLoginPageTestCase - get driver
[INFO ] 2021-02-12 15:09:49.148 [TestNG-tests-1] PackageNegativeTestCases - agent images testcases started
[INFO ] 2021-02-12 15:09:55.081 [TestNG-tests-1] hyscaleLoginPageTestCase - get driver
[INFO ] 2021-02-12 15:09:57.161 [TestNG-tests-1] hyscaleLoginPageTestCase - get driver
[INFO ] 2021-02-12 15:09:59.285 [TestNG-tests-1] hyscaleLoginPageTestCase - get driver
[INFO ] 2021-02-12 15:11:11.068 [TestNG-tests-1] hyscaleLoginPageTestCase - chromebrowser started
[INFO ] 2021-02-12 15:11:13.782 [TestNG-tests-1] hyscaleLoginPageTestCase - titletest
[INFO ] 2021-02-12 15:11:13.810 [TestNG-tests-1] hyscaleLoginPageTestCase - login page factory constructor
[INFO ] 2021-02-12 15:11:13.906 [TestNG-tests-1] hyscaleLoginPageTestCase - Logo test
[INFO ] 2021-02-12 15:11:24.017 [TestNG-tests-1] hyscaleLoginPageTestCase - login test is successful
[INFO ] 2021-02-12 15:11:24.017 [TestNG-tests-1] hyscaleLoginPageTestCase - Email  and passowrd entered
[INFO ] 2021-02-12 15:11:24.147 [TestNG-tests-1] hyscaleLoginPageTestCase - get driver
[INFO ] 2021-02-12 15:11:27.907 [TestNG-tests-1] hyscaleLoginPageTestCase - get driver
[INFO ] 2021-02-12 15:11:28.636 [TestNG-tests-1] PackageNegativeTestCases - packages testcase started
[INFO ] 2021-02-12 15:11:35.860 [TestNG-tests-1] hyscaleLoginPageTestCase - get driver
[INFO ] 2021-02-12 15:11:44.010 [TestNG-tests-1] hyscaleLoginPageTestCase - get driver
[INFO ] 2021-02-12 15:11:44.355 [TestNG-tests-1] PackageNegativeTestCases - base images testcases started
[INFO ] 2021-02-12 15:11:55.335 [TestNG-tests-1] hyscaleLoginPageTestCase - get driver
[INFO ] 2021-02-12 15:11:57.454 [TestNG-tests-1] hyscaleLoginPageTestCase - get driver
[INFO ] 2021-02-12 15:11:57.576 [TestNG-tests-1] PackageNegativeTestCases - agent images testcases started
[INFO ] 2021-02-12 15:12:03.997 [TestNG-tests-1] hyscaleLoginPageTestCase - get driver
[INFO ] 2021-02-12 15:12:06.058 [TestNG-tests-1] hyscaleLoginPageTestCase - get driver
[INFO ] 2021-02-12 15:12:09.509 [TestNG-tests-1] hyscaleLoginPageTestCase - get driver
[INFO ] 2021-02-12 15:12:12.560 [TestNG-tests-1] hyscaleLoginPageTestCase - get driver
[INFO ] 2021-02-12 15:13:43.326 [TestNG-tests-1] hyscaleLoginPageTestCase - chromebrowser started
[INFO ] 2021-02-12 15:13:46.251 [TestNG-tests-1] hyscaleLoginPageTestCase - titletest
[INFO ] 2021-02-12 15:13:46.278 [TestNG-tests-1] hyscaleLoginPageTestCase - login page factory constructor
[INFO ] 2021-02-12 15:13:46.372 [TestNG-tests-1] hyscaleLoginPageTestCase - Logo test
[INFO ] 2021-02-12 15:13:54.307 [TestNG-tests-1] hyscaleLoginPageTestCase - login test is successful
[INFO ] 2021-02-12 15:13:54.307 [TestNG-tests-1] hyscaleLoginPageTestCase - Email  and passowrd entered
[INFO ] 2021-02-12 15:13:54.462 [TestNG-tests-1] hyscaleLoginPageTestCase - get driver
[INFO ] 2021-02-12 15:13:58.380 [TestNG-tests-1] hyscaleLoginPageTestCase - get driver
[INFO ] 2021-02-12 15:13:58.959 [TestNG-tests-1] PackageNegativeTestCases - packages testcase started
[INFO ] 2021-02-12 15:14:06.116 [TestNG-tests-1] hyscaleLoginPageTestCase - get driver
[INFO ] 2021-02-12 15:14:42.292 [TestNG-tests-1] hyscaleLoginPageTestCase - get driver
[INFO ] 2021-02-12 15:14:42.710 [TestNG-tests-1] PackageNegativeTestCases - base images testcases started
[INFO ] 2021-02-12 15:14:50.302 [TestNG-tests-1] hyscaleLoginPageTestCase - get driver
[INFO ] 2021-02-12 15:14:52.331 [TestNG-tests-1] hyscaleLoginPageTestCase - get driver
[INFO ] 2021-02-12 15:14:52.416 [TestNG-tests-1] PackageNegativeTestCases - agent images testcases started
[INFO ] 2021-02-12 15:14:58.483 [TestNG-tests-1] hyscaleLoginPageTestCase - get driver
[INFO ] 2021-02-12 15:15:00.651 [TestNG-tests-1] hyscaleLoginPageTestCase - get driver
[INFO ] 2021-02-12 15:15:03.863 [TestNG-tests-1] hyscaleLoginPageTestCase - get driver
[INFO ] 2021-02-12 15:15:06.963 [TestNG-tests-1] hyscaleLoginPageTestCase - get driver
[INFO ] 2021-02-12 15:16:25.309 [TestNG-tests-1] hyscaleLoginPageTestCase - chromebrowser started
[INFO ] 2021-02-12 15:16:28.294 [TestNG-tests-1] hyscaleLoginPageTestCase - titletest
[INFO ] 2021-02-12 15:16:28.318 [TestNG-tests-1] hyscaleLoginPageTestCase - login page factory constructor
[INFO ] 2021-02-12 15:16:28.390 [TestNG-tests-1] hyscaleLoginPageTestCase - Logo test
[INFO ] 2021-02-12 15:16:38.076 [TestNG-tests-1] hyscaleLoginPageTestCase - login test is successful
[INFO ] 2021-02-12 15:16:38.076 [TestNG-tests-1] hyscaleLoginPageTestCase - Email  and passowrd entered
[INFO ] 2021-02-12 15:16:38.225 [TestNG-tests-1] hyscaleLoginPageTestCase - get driver
[INFO ] 2021-02-12 15:16:42.108 [TestNG-tests-1] hyscaleLoginPageTestCase - get driver
[INFO ] 2021-02-12 15:16:42.617 [TestNG-tests-1] PackageNegativeTestCases - packages testcase started
[INFO ] 2021-02-12 15:16:49.269 [TestNG-tests-1] hyscaleLoginPageTestCase - get driver
[INFO ] 2021-02-12 15:16:57.564 [TestNG-tests-1] hyscaleLoginPageTestCase - get driver
[INFO ] 2021-02-12 15:16:58.035 [TestNG-tests-1] PackageNegativeTestCases - base images testcases started
[INFO ] 2021-02-12 15:17:09.030 [TestNG-tests-1] hyscaleLoginPageTestCase - get driver
[INFO ] 2021-02-12 15:17:11.092 [TestNG-tests-1] hyscaleLoginPageTestCase - get driver
[INFO ] 2021-02-12 15:17:11.173 [TestNG-tests-1] PackageNegativeTestCases - agent images testcases started
[INFO ] 2021-02-12 15:17:17.046 [TestNG-tests-1] hyscaleLoginPageTestCase - get driver
[INFO ] 2021-02-12 15:17:19.228 [TestNG-tests-1] hyscaleLoginPageTestCase - get driver
[INFO ] 2021-02-12 15:17:22.526 [TestNG-tests-1] hyscaleLoginPageTestCase - get driver
[INFO ] 2021-02-12 15:17:25.810 [TestNG-tests-1] hyscaleLoginPageTestCase - get driver
[INFO ] 2021-02-12 15:18:07.816 [TestNG-tests-1] hyscaleLoginPageTestCase - chromebrowser started
[INFO ] 2021-02-12 15:18:10.779 [TestNG-tests-1] hyscaleLoginPageTestCase - titletest
[INFO ] 2021-02-12 15:18:10.801 [TestNG-tests-1] hyscaleLoginPageTestCase - login page factory constructor
[INFO ] 2021-02-12 15:18:10.876 [TestNG-tests-1] hyscaleLoginPageTestCase - Logo test
[INFO ] 2021-02-12 15:18:18.707 [TestNG-tests-1] hyscaleLoginPageTestCase - login test is successful
[INFO ] 2021-02-12 15:18:18.707 [TestNG-tests-1] hyscaleLoginPageTestCase - Email  and passowrd entered
[INFO ] 2021-02-12 15:18:18.836 [TestNG-tests-1] hyscaleLoginPageTestCase - get driver
[INFO ] 2021-02-12 15:18:21.937 [TestNG-tests-1] hyscaleLoginPageTestCase - get driver
[INFO ] 2021-02-12 15:18:34.523 [TestNG-tests-1] hyscaleLoginPageTestCase - chromebrowser started
[INFO ] 2021-02-12 15:18:37.489 [TestNG-tests-1] hyscaleLoginPageTestCase - titletest
[INFO ] 2021-02-12 15:18:37.517 [TestNG-tests-1] hyscaleLoginPageTestCase - login page factory constructor
[INFO ] 2021-02-12 15:18:37.601 [TestNG-tests-1] hyscaleLoginPageTestCase - Logo test
[INFO ] 2021-02-12 15:18:52.137 [TestNG-tests-1] hyscaleLoginPageTestCase - login test is successful
[INFO ] 2021-02-12 15:18:52.138 [TestNG-tests-1] hyscaleLoginPageTestCase - Email  and passowrd entered
[INFO ] 2021-02-12 15:18:52.277 [TestNG-tests-1] hyscaleLoginPageTestCase - get driver
[INFO ] 2021-02-12 15:18:55.390 [TestNG-tests-1] hyscaleLoginPageTestCase - get driver
[INFO ] 2021-02-12 15:21:03.269 [TestNG-tests-1] hyscaleLoginPageTestCase - chromebrowser started
[INFO ] 2021-02-12 15:21:06.250 [TestNG-tests-1] hyscaleLoginPageTestCase - titletest
[INFO ] 2021-02-12 15:21:06.272 [TestNG-tests-1] hyscaleLoginPageTestCase - login page factory constructor
[INFO ] 2021-02-12 15:21:06.342 [TestNG-tests-1] hyscaleLoginPageTestCase - Logo test
[INFO ] 2021-02-12 15:21:13.630 [TestNG-tests-1] hyscaleLoginPageTestCase - login test is successful
[INFO ] 2021-02-12 15:21:13.630 [TestNG-tests-1] hyscaleLoginPageTestCase - Email  and passowrd entered
[INFO ] 2021-02-12 15:21:13.745 [TestNG-tests-1] hyscaleLoginPageTestCase - get driver
[INFO ] 2021-02-12 15:21:16.807 [TestNG-tests-1] hyscaleLoginPageTestCase - get driver
[INFO ] 2021-02-12 15:21:56.065 [TestNG-tests-1] hyscaleLoginPageTestCase - chromebrowser started
[INFO ] 2021-02-12 15:21:58.767 [TestNG-tests-1] hyscaleLoginPageTestCase - titletest
[INFO ] 2021-02-12 15:21:58.789 [TestNG-tests-1] hyscaleLoginPageTestCase - login page factory constructor
[INFO ] 2021-02-12 15:21:58.855 [TestNG-tests-1] hyscaleLoginPageTestCase - Logo test
[INFO ] 2021-02-12 15:22:08.578 [TestNG-tests-1] hyscaleLoginPageTestCase - login test is successful
[INFO ] 2021-02-12 15:22:08.578 [TestNG-tests-1] hyscaleLoginPageTestCase - Email  and passowrd entered
[INFO ] 2021-02-12 15:22:08.938 [TestNG-tests-1] hyscaleLoginPageTestCase - get driver
[INFO ] 2021-02-12 15:22:12.127 [TestNG-tests-1] hyscaleLoginPageTestCase - get driver
[INFO ] 2021-02-12 15:22:45.573 [TestNG-tests-1] hyscaleLoginPageTestCase - chromebrowser started
[INFO ] 2021-02-12 15:22:48.859 [TestNG-tests-1] hyscaleLoginPageTestCase - titletest
[INFO ] 2021-02-12 15:22:48.876 [TestNG-tests-1] hyscaleLoginPageTestCase - login page factory constructor
[INFO ] 2021-02-12 15:22:48.942 [TestNG-tests-1] hyscaleLoginPageTestCase - Logo test
[INFO ] 2021-02-12 15:22:56.526 [TestNG-tests-1] hyscaleLoginPageTestCase - login test is successful
[INFO ] 2021-02-12 15:22:56.526 [TestNG-tests-1] hyscaleLoginPageTestCase - Email  and passowrd entered
[INFO ] 2021-02-12 15:22:56.657 [TestNG-tests-1] hyscaleLoginPageTestCase - get driver
[INFO ] 2021-02-12 15:22:59.731 [TestNG-tests-1] hyscaleLoginPageTestCase - get driver
[INFO ] 2021-02-12 15:24:21.828 [TestNG-tests-1] hyscaleLoginPageTestCase - chromebrowser started
[INFO ] 2021-02-12 15:24:24.806 [TestNG-tests-1] hyscaleLoginPageTestCase - titletest
[INFO ] 2021-02-12 15:24:24.833 [TestNG-tests-1] hyscaleLoginPageTestCase - login page factory constructor
[INFO ] 2021-02-12 15:24:24.902 [TestNG-tests-1] hyscaleLoginPageTestCase - Logo test
[INFO ] 2021-02-12 15:24:33.061 [TestNG-tests-1] hyscaleLoginPageTestCase - login test is successful
[INFO ] 2021-02-12 15:24:33.062 [TestNG-tests-1] hyscaleLoginPageTestCase - Email  and passowrd entered
[INFO ] 2021-02-12 15:24:33.181 [TestNG-tests-1] hyscaleLoginPageTestCase - get driver
[INFO ] 2021-02-12 15:24:37.051 [TestNG-tests-1] hyscaleLoginPageTestCase - get driver
[INFO ] 2021-02-12 15:24:37.603 [TestNG-tests-1] PackageNegativeTestCases - packages testcase started
[INFO ] 2021-02-12 15:24:44.659 [TestNG-tests-1] hyscaleLoginPageTestCase - get driver
[INFO ] 2021-02-12 15:24:46.725 [TestNG-tests-1] hyscaleLoginPageTestCase - get driver
[INFO ] 2021-02-12 15:24:46.814 [TestNG-tests-1] PackageNegativeTestCases - agent images testcases started
[INFO ] 2021-02-12 15:24:52.765 [TestNG-tests-1] hyscaleLoginPageTestCase - get driver
[INFO ] 2021-02-12 15:24:55.941 [TestNG-tests-1] hyscaleLoginPageTestCase - get driver
[INFO ] 2021-02-12 15:26:14.518 [TestNG-tests-1] hyscaleLoginPageTestCase - chromebrowser started
[INFO ] 2021-02-12 15:26:17.206 [TestNG-tests-1] hyscaleLoginPageTestCase - titletest
[INFO ] 2021-02-12 15:26:17.232 [TestNG-tests-1] hyscaleLoginPageTestCase - login page factory constructor
[INFO ] 2021-02-12 15:26:17.301 [TestNG-tests-1] hyscaleLoginPageTestCase - Logo test
[INFO ] 2021-02-12 15:26:25.068 [TestNG-tests-1] hyscaleLoginPageTestCase - login test is successful
[INFO ] 2021-02-12 15:26:25.069 [TestNG-tests-1] hyscaleLoginPageTestCase - Email  and passowrd entered
[INFO ] 2021-02-12 15:26:25.205 [TestNG-tests-1] hyscaleLoginPageTestCase - get driver
[INFO ] 2021-02-12 15:26:28.997 [TestNG-tests-1] hyscaleLoginPageTestCase - get driver
[INFO ] 2021-02-12 15:26:29.527 [TestNG-tests-1] PackageNegativeTestCases - packages testcase started
[INFO ] 2021-02-12 15:26:36.664 [TestNG-tests-1] hyscaleLoginPageTestCase - get driver
[INFO ] 2021-02-12 15:26:38.621 [TestNG-tests-1] hyscaleLoginPageTestCase - get driver
[INFO ] 2021-02-12 15:26:38.708 [TestNG-tests-1] PackageNegativeTestCases - agent images testcases started
[INFO ] 2021-02-12 15:26:44.897 [TestNG-tests-1] hyscaleLoginPageTestCase - get driver
[INFO ] 2021-02-12 15:26:48.129 [TestNG-tests-1] hyscaleLoginPageTestCase - get driver
[INFO ] 2021-02-12 15:27:18.581 [TestNG-tests-1] hyscaleLoginPageTestCase - chromebrowser started
[INFO ] 2021-02-12 15:27:21.837 [TestNG-tests-1] hyscaleLoginPageTestCase - titletest
[INFO ] 2021-02-12 15:27:21.860 [TestNG-tests-1] hyscaleLoginPageTestCase - login page factory constructor
[INFO ] 2021-02-12 15:27:21.925 [TestNG-tests-1] hyscaleLoginPageTestCase - Logo test
[INFO ] 2021-02-12 15:27:32.464 [TestNG-tests-1] hyscaleLoginPageTestCase - login test is successful
[INFO ] 2021-02-12 15:27:32.465 [TestNG-tests-1] hyscaleLoginPageTestCase - Email  and passowrd entered
[INFO ] 2021-02-12 15:27:32.590 [TestNG-tests-1] hyscaleLoginPageTestCase - get driver
[INFO ] 2021-02-12 15:27:36.358 [TestNG-tests-1] hyscaleLoginPageTestCase - get driver
[INFO ] 2021-02-12 15:27:36.889 [TestNG-tests-1] PackageNegativeTestCases - packages testcase started
[INFO ] 2021-02-12 15:27:43.864 [TestNG-tests-1] hyscaleLoginPageTestCase - get driver
[INFO ] 2021-02-12 15:27:45.879 [TestNG-tests-1] hyscaleLoginPageTestCase - get driver
[INFO ] 2021-02-12 15:27:45.980 [TestNG-tests-1] PackageNegativeTestCases - agent images testcases started
[INFO ] 2021-02-12 15:27:51.883 [TestNG-tests-1] hyscaleLoginPageTestCase - get driver
[INFO ] 2021-02-12 15:27:54.957 [TestNG-tests-1] hyscaleLoginPageTestCase - get driver
[INFO ] 2021-02-12 15:28:40.648 [TestNG-tests-1] hyscaleLoginPageTestCase - chromebrowser started
[INFO ] 2021-02-12 15:28:43.561 [TestNG-tests-1] hyscaleLoginPageTestCase - titletest
[INFO ] 2021-02-12 15:28:43.591 [TestNG-tests-1] hyscaleLoginPageTestCase - login page factory constructor
[INFO ] 2021-02-12 15:28:43.672 [TestNG-tests-1] hyscaleLoginPageTestCase - Logo test
[INFO ] 2021-02-12 15:28:55.258 [TestNG-tests-1] hyscaleLoginPageTestCase - login test is successful
[INFO ] 2021-02-12 15:28:55.259 [TestNG-tests-1] hyscaleLoginPageTestCase - Email  and passowrd entered
[INFO ] 2021-02-12 15:28:55.402 [TestNG-tests-1] hyscaleLoginPageTestCase - get driver
[INFO ] 2021-02-12 15:28:59.383 [TestNG-tests-1] hyscaleLoginPageTestCase - get driver
[INFO ] 2021-02-12 15:28:59.964 [TestNG-tests-1] PackageNegativeTestCases - packages testcase started
[INFO ] 2021-02-12 15:29:07.260 [TestNG-tests-1] hyscaleLoginPageTestCase - get driver
[INFO ] 2021-02-12 15:29:10.472 [TestNG-tests-1] hyscaleLoginPageTestCase - get driver
[INFO ] 2021-02-12 15:29:10.560 [TestNG-tests-1] PackageNegativeTestCases - agent images testcases started
[INFO ] 2021-02-12 15:29:16.377 [TestNG-tests-1] hyscaleLoginPageTestCase - get driver
[INFO ] 2021-02-12 15:29:19.796 [TestNG-tests-1] hyscaleLoginPageTestCase - get driver
[INFO ] 2021-02-12 15:29:44.500 [TestNG-tests-1] hyscaleLoginPageTestCase - chromebrowser started
[INFO ] 2021-02-12 15:29:49.326 [TestNG-tests-1] hyscaleLoginPageTestCase - titletest
[INFO ] 2021-02-12 15:29:49.352 [TestNG-tests-1] hyscaleLoginPageTestCase - login page factory constructor
[INFO ] 2021-02-12 15:29:49.401 [TestNG-tests-1] hyscaleLoginPageTestCase - Logo test
[INFO ] 2021-02-12 15:29:59.146 [TestNG-tests-1] hyscaleLoginPageTestCase - login test is successful
[INFO ] 2021-02-12 15:29:59.146 [TestNG-tests-1] hyscaleLoginPageTestCase - Email  and passowrd entered
[INFO ] 2021-02-12 15:29:59.263 [TestNG-tests-1] hyscaleLoginPageTestCase - get driver
[INFO ] 2021-02-12 15:30:03.053 [TestNG-tests-1] hyscaleLoginPageTestCase - get driver
[INFO ] 2021-02-12 15:30:05.807 [TestNG-tests-1] hyscaleLoginPageTestCase - get driver
[INFO ] 2021-02-12 15:30:05.879 [TestNG-tests-1] PackageNegativeTestCases - agent images testcases started
[INFO ] 2021-02-12 15:30:11.379 [TestNG-tests-1] hyscaleLoginPageTestCase - get driver
[INFO ] 2021-02-12 15:30:13.540 [TestNG-tests-1] hyscaleLoginPageTestCase - get driver
[INFO ] 2021-02-12 15:30:16.610 [TestNG-tests-1] hyscaleLoginPageTestCase - get driver
[INFO ] 2021-02-12 15:30:19.629 [TestNG-tests-1] hyscaleLoginPageTestCase - get driver
[INFO ] 2021-02-12 15:30:36.060 [TestNG-tests-1] hyscaleLoginPageTestCase - chromebrowser started
[INFO ] 2021-02-12 15:30:40.253 [TestNG-tests-1] hyscaleLoginPageTestCase - titletest
[INFO ] 2021-02-12 15:30:40.282 [TestNG-tests-1] hyscaleLoginPageTestCase - login page factory constructor
[INFO ] 2021-02-12 15:30:40.366 [TestNG-tests-1] hyscaleLoginPageTestCase - Logo test
[INFO ] 2021-02-12 15:30:48.716 [TestNG-tests-1] hyscaleLoginPageTestCase - login test is successful
[INFO ] 2021-02-12 15:30:48.717 [TestNG-tests-1] hyscaleLoginPageTestCase - Email  and passowrd entered
[INFO ] 2021-02-12 15:30:49.111 [TestNG-tests-1] hyscaleLoginPageTestCase - get driver
[INFO ] 2021-02-12 15:30:53.088 [TestNG-tests-1] hyscaleLoginPageTestCase - get driver
[INFO ] 2021-02-12 15:30:55.870 [TestNG-tests-1] hyscaleLoginPageTestCase - get driver
[INFO ] 2021-02-12 15:30:55.955 [TestNG-tests-1] PackageNegativeTestCases - agent images testcases started
[INFO ] 2021-02-12 15:31:01.865 [TestNG-tests-1] hyscaleLoginPageTestCase - get driver
[INFO ] 2021-02-12 15:31:04.016 [TestNG-tests-1] hyscaleLoginPageTestCase - get driver
[INFO ] 2021-02-12 15:31:07.233 [TestNG-tests-1] hyscaleLoginPageTestCase - get driver
[INFO ] 2021-02-12 15:31:10.566 [TestNG-tests-1] hyscaleLoginPageTestCase - get driver
[INFO ] 2021-02-12 15:31:31.582 [TestNG-tests-1] hyscaleLoginPageTestCase - chromebrowser started
[INFO ] 2021-02-12 15:31:35.335 [TestNG-tests-1] hyscaleLoginPageTestCase - titletest
[INFO ] 2021-02-12 15:31:35.357 [TestNG-tests-1] hyscaleLoginPageTestCase - login page factory constructor
[INFO ] 2021-02-12 15:31:35.446 [TestNG-tests-1] hyscaleLoginPageTestCase - Logo test
[INFO ] 2021-02-12 15:31:43.056 [TestNG-tests-1] hyscaleLoginPageTestCase - login test is successful
[INFO ] 2021-02-12 15:31:43.056 [TestNG-tests-1] hyscaleLoginPageTestCase - Email  and passowrd entered
[INFO ] 2021-02-12 15:31:43.360 [TestNG-tests-1] hyscaleLoginPageTestCase - get driver
[INFO ] 2021-02-12 15:31:47.256 [TestNG-tests-1] hyscaleLoginPageTestCase - get driver
[INFO ] 2021-02-12 15:31:47.810 [TestNG-tests-1] PackageNegativeTestCases - packages testcase started
[INFO ] 2021-02-12 15:31:55.143 [TestNG-tests-1] hyscaleLoginPageTestCase - get driver
[INFO ] 2021-02-12 15:32:04.025 [TestNG-tests-1] hyscaleLoginPageTestCase - get driver
[INFO ] 2021-02-12 15:32:04.467 [TestNG-tests-1] PackageNegativeTestCases - base images testcases started
[INFO ] 2021-02-12 15:32:15.638 [TestNG-tests-1] hyscaleLoginPageTestCase - get driver
[INFO ] 2021-02-12 15:32:18.717 [TestNG-tests-1] hyscaleLoginPageTestCase - get driver
[INFO ] 2021-02-12 15:32:18.787 [TestNG-tests-1] PackageNegativeTestCases - agent images testcases started
[INFO ] 2021-02-12 15:32:24.551 [TestNG-tests-1] hyscaleLoginPageTestCase - get driver
[INFO ] 2021-02-12 15:32:26.655 [TestNG-tests-1] hyscaleLoginPageTestCase - get driver
[INFO ] 2021-02-12 15:32:28.731 [TestNG-tests-1] hyscaleLoginPageTestCase - get driver
[INFO ] 2021-02-12 15:32:31.935 [TestNG-tests-1] hyscaleLoginPageTestCase - get driver
