[INFO ] 2021-02-16 17:01:56.450 [TestNG-tests-1] hyscaleLoginPageTestCase - chromebrowser started
[INFO ] 2021-02-16 17:02:00.324 [TestNG-tests-1] hyscaleLoginPageTestCase - titletest
[INFO ] 2021-02-16 17:02:00.348 [TestNG-tests-1] hyscaleLoginPageTestCase - login page factory constructor
[INFO ] 2021-02-16 17:02:00.528 [TestNG-tests-1] hyscaleLoginPageTestCase - Logo test
[INFO ] 2021-02-16 17:02:11.994 [TestNG-tests-1] hyscaleLoginPageTestCase - login test is successful
[INFO ] 2021-02-16 17:02:11.994 [TestNG-tests-1] hyscaleLoginPageTestCase - Email  and passowrd entered
[INFO ] 2021-02-16 17:02:12.118 [TestNG-tests-1] hyscaleLoginPageTestCase - get driver
[INFO ] 2021-02-16 17:02:17.530 [TestNG-tests-1] hyscaleLoginPageTestCase - get driver
[INFO ] 2021-02-16 17:07:55.356 [TestNG-tests-1] hyscaleLoginPageTestCase - chromebrowser started
[INFO ] 2021-02-16 17:07:58.257 [TestNG-tests-1] hyscaleLoginPageTestCase - titletest
[INFO ] 2021-02-16 17:07:58.284 [TestNG-tests-1] hyscaleLoginPageTestCase - login page factory constructor
[INFO ] 2021-02-16 17:07:58.350 [TestNG-tests-1] hyscaleLoginPageTestCase - Logo test
[INFO ] 2021-02-16 17:08:07.512 [TestNG-tests-1] hyscaleLoginPageTestCase - login test is successful
[INFO ] 2021-02-16 17:08:07.513 [TestNG-tests-1] hyscaleLoginPageTestCase - Email  and passowrd entered
[INFO ] 2021-02-16 17:08:07.644 [TestNG-tests-1] hyscaleLoginPageTestCase - get driver
[INFO ] 2021-02-16 17:08:10.936 [TestNG-tests-1] hyscaleLoginPageTestCase - get driver
[INFO ] 2021-02-16 17:08:11.632 [TestNG-tests-1] containerRegistryNegativeTestCases - artifactRepo testcases started
[INFO ] 2021-02-16 17:09:09.757 [TestNG-tests-1] hyscaleLoginPageTestCase - chromebrowser started
[INFO ] 2021-02-16 17:09:13.536 [TestNG-tests-1] hyscaleLoginPageTestCase - titletest
[INFO ] 2021-02-16 17:09:13.575 [TestNG-tests-1] hyscaleLoginPageTestCase - login page factory constructor
[INFO ] 2021-02-16 17:09:13.647 [TestNG-tests-1] hyscaleLoginPageTestCase - Logo test
[INFO ] 2021-02-16 17:09:24.267 [TestNG-tests-1] hyscaleLoginPageTestCase - login test is successful
[INFO ] 2021-02-16 17:09:24.267 [TestNG-tests-1] hyscaleLoginPageTestCase - Email  and passowrd entered
[INFO ] 2021-02-16 17:09:24.405 [TestNG-tests-1] hyscaleLoginPageTestCase - get driver
[INFO ] 2021-02-16 17:09:27.552 [TestNG-tests-1] hyscaleLoginPageTestCase - get driver
[INFO ] 2021-02-16 17:09:28.235 [TestNG-tests-1] containerRegistryNegativeTestCases - artifactRepo testcases started
[INFO ] 2021-02-16 17:09:44.642 [TestNG-tests-1] hyscaleLoginPageTestCase - chromebrowser started
[INFO ] 2021-02-16 17:09:48.635 [TestNG-tests-1] hyscaleLoginPageTestCase - titletest
[INFO ] 2021-02-16 17:09:48.660 [TestNG-tests-1] hyscaleLoginPageTestCase - login page factory constructor
[INFO ] 2021-02-16 17:09:48.723 [TestNG-tests-1] hyscaleLoginPageTestCase - Logo test
[INFO ] 2021-02-16 17:10:03.201 [TestNG-tests-1] hyscaleLoginPageTestCase - login test is successful
[INFO ] 2021-02-16 17:10:03.201 [TestNG-tests-1] hyscaleLoginPageTestCase - Email  and passowrd entered
[INFO ] 2021-02-16 17:10:03.338 [TestNG-tests-1] hyscaleLoginPageTestCase - get driver
[INFO ] 2021-02-16 17:10:06.003 [TestNG-tests-1] hyscaleLoginPageTestCase - get driver
[INFO ] 2021-02-16 17:10:06.670 [TestNG-tests-1] containerRegistryNegativeTestCases - artifactRepo testcases started
[INFO ] 2021-02-16 17:15:45.894 [TestNG-tests-1] hyscaleLoginPageTestCase - chromebrowser started
[INFO ] 2021-02-16 17:15:48.983 [TestNG-tests-1] hyscaleLoginPageTestCase - titletest
[INFO ] 2021-02-16 17:15:49.005 [TestNG-tests-1] hyscaleLoginPageTestCase - login page factory constructor
[INFO ] 2021-02-16 17:15:49.075 [TestNG-tests-1] hyscaleLoginPageTestCase - Logo test
[INFO ] 2021-02-16 17:15:57.467 [TestNG-tests-1] hyscaleLoginPageTestCase - login test is successful
[INFO ] 2021-02-16 17:15:57.467 [TestNG-tests-1] hyscaleLoginPageTestCase - Email  and passowrd entered
[INFO ] 2021-02-16 17:15:57.645 [TestNG-tests-1] hyscaleLoginPageTestCase - get driver
[INFO ] 2021-02-16 17:16:00.618 [TestNG-tests-1] hyscaleLoginPageTestCase - get driver
[INFO ] 2021-02-16 17:16:01.246 [TestNG-tests-1] containerRegistryNegativeTestCases - artifactRepo testcases started
