[INFO ] 2021-02-03 11:42:42.795 [main] hyscaleLoginPageTestCase - chromebrowser started
[INFO ] 2021-02-03 11:42:46.309 [main] hyscaleLoginPageTestCase - titletest
[INFO ] 2021-02-03 11:42:46.402 [main] hyscaleLoginPageTestCase - login page factory constructor
[INFO ] 2021-02-03 11:42:46.466 [main] hyscaleLoginPageTestCase - Logo test
[INFO ] 2021-02-03 11:42:55.246 [main] hyscaleLoginPageTestCase - login test is successful
[INFO ] 2021-02-03 11:42:55.247 [main] hyscaleLoginPageTestCase - Email  and passowrd entered
[INFO ] 2021-02-03 11:42:55.274 [main] hyscaleLoginPageTestCase - home page factory constructor
[INFO ] 2021-02-03 11:42:55.304 [main] hyscaleLoginPageTestCase - verified the login user
[INFO ] 2021-02-03 11:42:55.306 [main] hyscaleLoginPageTestCase - get driver
[INFO ] 2021-02-03 11:42:55.613 [main] PackageNegativeTestCases - packages testcase started
[INFO ] 2021-02-03 11:43:03.668 [main] hyscaleLoginPageTestCase - get driver
[INFO ] 2021-02-03 11:43:04.627 [main] PackageNegativeTestCases - base images testcases started
[INFO ] 2021-02-03 12:55:03.414 [main] hyscaleLoginPageTestCase - chromebrowser started
[INFO ] 2021-02-03 12:55:06.397 [main] hyscaleLoginPageTestCase - titletest
[INFO ] 2021-02-03 12:55:06.421 [main] hyscaleLoginPageTestCase - login page factory constructor
[INFO ] 2021-02-03 12:55:06.487 [main] hyscaleLoginPageTestCase - Logo test
[INFO ] 2021-02-03 12:55:18.018 [main] hyscaleLoginPageTestCase - login test is successful
[INFO ] 2021-02-03 12:55:18.018 [main] hyscaleLoginPageTestCase - Email  and passowrd entered
[INFO ] 2021-02-03 12:55:18.023 [main] hyscaleLoginPageTestCase - home page factory constructor
[INFO ] 2021-02-03 12:55:18.058 [main] hyscaleLoginPageTestCase - verified the login user
[INFO ] 2021-02-03 12:55:18.060 [main] hyscaleLoginPageTestCase - get driver
[INFO ] 2021-02-03 12:55:18.416 [main] PackageNegativeTestCases - packages testcase started
[INFO ] 2021-02-03 12:55:26.670 [main] hyscaleLoginPageTestCase - get driver
[INFO ] 2021-02-03 12:55:27.443 [main] PackageNegativeTestCases - base images testcases started
[INFO ] 2021-02-03 13:11:57.460 [main] hyscaleLoginPageTestCase - chromebrowser started
[INFO ] 2021-02-03 13:12:00.973 [main] hyscaleLoginPageTestCase - titletest
[INFO ] 2021-02-03 13:12:00.994 [main] hyscaleLoginPageTestCase - login page factory constructor
[INFO ] 2021-02-03 13:12:01.054 [main] hyscaleLoginPageTestCase - Logo test
[INFO ] 2021-02-03 13:12:11.158 [main] hyscaleLoginPageTestCase - login test is successful
[INFO ] 2021-02-03 13:12:11.158 [main] hyscaleLoginPageTestCase - Email  and passowrd entered
[INFO ] 2021-02-03 13:12:11.162 [main] hyscaleLoginPageTestCase - home page factory constructor
[INFO ] 2021-02-03 13:12:11.191 [main] hyscaleLoginPageTestCase - verified the login user
[INFO ] 2021-02-03 13:12:11.193 [main] hyscaleLoginPageTestCase - get driver
[INFO ] 2021-02-03 13:12:11.494 [main] PackageNegativeTestCases - packages testcase started
[INFO ] 2021-02-03 13:12:19.476 [main] hyscaleLoginPageTestCase - get driver
[INFO ] 2021-02-03 13:12:20.230 [main] PackageNegativeTestCases - base images testcases started
[INFO ] 2021-02-03 14:11:44.702 [main] hyscaleLoginPageTestCase - chromebrowser started
[INFO ] 2021-02-03 14:11:48.074 [main] hyscaleLoginPageTestCase - titletest
[INFO ] 2021-02-03 14:11:48.098 [main] hyscaleLoginPageTestCase - login page factory constructor
[INFO ] 2021-02-03 14:11:48.166 [main] hyscaleLoginPageTestCase - Logo test
[INFO ] 2021-02-03 14:11:56.543 [main] hyscaleLoginPageTestCase - login test is successful
[INFO ] 2021-02-03 14:11:56.544 [main] hyscaleLoginPageTestCase - Email  and passowrd entered
[INFO ] 2021-02-03 14:11:56.549 [main] hyscaleLoginPageTestCase - home page factory constructor
[INFO ] 2021-02-03 14:11:56.619 [main] hyscaleLoginPageTestCase - verified the login user
[INFO ] 2021-02-03 14:11:56.622 [main] hyscaleLoginPageTestCase - get driver
[INFO ] 2021-02-03 14:11:56.927 [main] PackageNegativeTestCases - packages testcase started
[INFO ] 2021-02-03 14:12:05.029 [main] hyscaleLoginPageTestCase - get driver
[INFO ] 2021-02-03 14:12:05.834 [main] PackageNegativeTestCases - base images testcases started
[INFO ] 2021-02-03 14:14:13.086 [main] hyscaleLoginPageTestCase - chromebrowser started
[INFO ] 2021-02-03 14:14:16.935 [main] hyscaleLoginPageTestCase - titletest
[INFO ] 2021-02-03 14:14:16.960 [main] hyscaleLoginPageTestCase - login page factory constructor
[INFO ] 2021-02-03 14:14:17.026 [main] hyscaleLoginPageTestCase - Logo test
[INFO ] 2021-02-03 14:14:26.122 [main] hyscaleLoginPageTestCase - login test is successful
[INFO ] 2021-02-03 14:14:26.122 [main] hyscaleLoginPageTestCase - Email  and passowrd entered
[INFO ] 2021-02-03 14:14:26.126 [main] hyscaleLoginPageTestCase - home page factory constructor
[INFO ] 2021-02-03 14:14:26.151 [main] hyscaleLoginPageTestCase - verified the login user
[INFO ] 2021-02-03 14:14:26.152 [main] hyscaleLoginPageTestCase - get driver
[INFO ] 2021-02-03 14:14:26.476 [main] PackageNegativeTestCases - packages testcase started
[INFO ] 2021-02-03 14:14:34.603 [main] hyscaleLoginPageTestCase - get driver
[INFO ] 2021-02-03 14:14:35.352 [main] PackageNegativeTestCases - base images testcases started
[INFO ] 2021-02-03 14:16:05.569 [main] hyscaleLoginPageTestCase - chromebrowser started
[INFO ] 2021-02-03 14:16:08.465 [main] hyscaleLoginPageTestCase - titletest
[INFO ] 2021-02-03 14:16:08.490 [main] hyscaleLoginPageTestCase - login page factory constructor
[INFO ] 2021-02-03 14:16:08.593 [main] hyscaleLoginPageTestCase - Logo test
[INFO ] 2021-02-03 14:16:17.153 [main] hyscaleLoginPageTestCase - login test is successful
[INFO ] 2021-02-03 14:16:17.153 [main] hyscaleLoginPageTestCase - Email  and passowrd entered
[INFO ] 2021-02-03 14:16:17.156 [main] hyscaleLoginPageTestCase - home page factory constructor
[INFO ] 2021-02-03 14:16:17.185 [main] hyscaleLoginPageTestCase - verified the login user
[INFO ] 2021-02-03 14:16:17.187 [main] hyscaleLoginPageTestCase - get driver
[INFO ] 2021-02-03 14:16:17.465 [main] PackageNegativeTestCases - packages testcase started
[INFO ] 2021-02-03 14:16:25.528 [main] hyscaleLoginPageTestCase - get driver
[INFO ] 2021-02-03 14:16:26.277 [main] PackageNegativeTestCases - base images testcases started
[INFO ] 2021-02-03 14:29:32.660 [main] hyscaleLoginPageTestCase - chromebrowser started
[INFO ] 2021-02-03 14:29:35.670 [main] hyscaleLoginPageTestCase - titletest
[INFO ] 2021-02-03 14:29:35.693 [main] hyscaleLoginPageTestCase - login page factory constructor
[INFO ] 2021-02-03 14:29:35.768 [main] hyscaleLoginPageTestCase - Logo test
[INFO ] 2021-02-03 14:29:44.557 [main] hyscaleLoginPageTestCase - login test is successful
[INFO ] 2021-02-03 14:29:44.557 [main] hyscaleLoginPageTestCase - Email  and passowrd entered
[INFO ] 2021-02-03 14:29:44.560 [main] hyscaleLoginPageTestCase - home page factory constructor
[INFO ] 2021-02-03 14:29:44.596 [main] hyscaleLoginPageTestCase - verified the login user
[INFO ] 2021-02-03 14:29:44.597 [main] hyscaleLoginPageTestCase - get driver
[INFO ] 2021-02-03 14:29:44.881 [main] PackageNegativeTestCases - packages testcase started
[INFO ] 2021-02-03 14:29:52.693 [main] hyscaleLoginPageTestCase - get driver
[INFO ] 2021-02-03 14:29:53.554 [main] PackageNegativeTestCases - base images testcases started
[INFO ] 2021-02-03 15:03:18.509 [main] hyscaleLoginPageTestCase - chromebrowser started
[INFO ] 2021-02-03 15:03:21.441 [main] hyscaleLoginPageTestCase - titletest
[INFO ] 2021-02-03 15:03:21.464 [main] hyscaleLoginPageTestCase - login page factory constructor
[INFO ] 2021-02-03 15:03:21.515 [main] hyscaleLoginPageTestCase - Logo test
[INFO ] 2021-02-03 15:03:32.506 [main] hyscaleLoginPageTestCase - login test is successful
[INFO ] 2021-02-03 15:03:32.506 [main] hyscaleLoginPageTestCase - Email  and passowrd entered
[INFO ] 2021-02-03 15:03:32.510 [main] hyscaleLoginPageTestCase - home page factory constructor
[INFO ] 2021-02-03 15:03:32.545 [main] hyscaleLoginPageTestCase - verified the login user
[INFO ] 2021-02-03 15:03:32.547 [main] hyscaleLoginPageTestCase - get driver
[INFO ] 2021-02-03 15:03:32.839 [main] PackageNegativeTestCases - packages testcase started
[INFO ] 2021-02-03 15:03:40.909 [main] hyscaleLoginPageTestCase - get driver
[INFO ] 2021-02-03 15:03:41.710 [main] PackageNegativeTestCases - base images testcases started
[INFO ] 2021-02-03 15:05:43.138 [main] hyscaleLoginPageTestCase - chromebrowser started
[INFO ] 2021-02-03 15:05:46.423 [main] hyscaleLoginPageTestCase - titletest
[INFO ] 2021-02-03 15:05:46.450 [main] hyscaleLoginPageTestCase - login page factory constructor
[INFO ] 2021-02-03 15:05:46.519 [main] hyscaleLoginPageTestCase - Logo test
[INFO ] 2021-02-03 15:05:56.107 [main] hyscaleLoginPageTestCase - login test is successful
[INFO ] 2021-02-03 15:05:56.107 [main] hyscaleLoginPageTestCase - Email  and passowrd entered
[INFO ] 2021-02-03 15:05:56.111 [main] hyscaleLoginPageTestCase - home page factory constructor
[INFO ] 2021-02-03 15:05:56.143 [main] hyscaleLoginPageTestCase - verified the login user
[INFO ] 2021-02-03 15:05:56.144 [main] hyscaleLoginPageTestCase - get driver
[INFO ] 2021-02-03 15:05:56.454 [main] PackageNegativeTestCases - packages testcase started
[INFO ] 2021-02-03 15:06:05.172 [main] hyscaleLoginPageTestCase - get driver
[INFO ] 2021-02-03 15:06:05.927 [main] PackageNegativeTestCases - base images testcases started
[INFO ] 2021-02-03 15:06:13.970 [main] hyscaleLoginPageTestCase - ended
[INFO ] 2021-02-03 15:09:30.160 [main] hyscaleLoginPageTestCase - chromebrowser started
[INFO ] 2021-02-03 15:09:30.807 [main] hyscaleLoginPageTestCase - get driver
[INFO ] 2021-02-03 15:10:09.501 [main] hyscaleLoginPageTestCase - chromebrowser started
[INFO ] 2021-02-03 15:10:12.518 [main] hyscaleLoginPageTestCase - titletest
[INFO ] 2021-02-03 15:10:12.540 [main] hyscaleLoginPageTestCase - login page factory constructor
[INFO ] 2021-02-03 15:10:12.611 [main] hyscaleLoginPageTestCase - Logo test
[INFO ] 2021-02-03 15:10:22.625 [main] hyscaleLoginPageTestCase - login test is successful
[INFO ] 2021-02-03 15:10:22.626 [main] hyscaleLoginPageTestCase - Email  and passowrd entered
[INFO ] 2021-02-03 15:10:22.629 [main] hyscaleLoginPageTestCase - home page factory constructor
[INFO ] 2021-02-03 15:10:22.679 [main] hyscaleLoginPageTestCase - get driver
[INFO ] 2021-02-03 15:10:22.967 [main] PackageNegativeTestCases - packages testcase started
[INFO ] 2021-02-03 15:10:31.532 [main] hyscaleLoginPageTestCase - get driver
[INFO ] 2021-02-03 15:10:32.352 [main] PackageNegativeTestCases - base images testcases started
[INFO ] 2021-02-03 15:10:47.754 [main] hyscaleLoginPageTestCase - ended
[INFO ] 2021-02-03 15:11:46.246 [main] hyscaleLoginPageTestCase - chromebrowser started
[INFO ] 2021-02-03 15:11:52.570 [main] hyscaleLoginPageTestCase - titletest
[INFO ] 2021-02-03 15:11:52.595 [main] hyscaleLoginPageTestCase - login page factory constructor
[INFO ] 2021-02-03 15:11:52.663 [main] hyscaleLoginPageTestCase - Logo test
[INFO ] 2021-02-03 15:12:13.137 [main] hyscaleLoginPageTestCase - login test is successful
[INFO ] 2021-02-03 15:12:13.138 [main] hyscaleLoginPageTestCase - Email  and passowrd entered
[INFO ] 2021-02-03 15:12:13.144 [main] hyscaleLoginPageTestCase - home page factory constructor
[INFO ] 2021-02-03 15:12:13.178 [main] hyscaleLoginPageTestCase - verified the login user
[INFO ] 2021-02-03 15:12:13.180 [main] hyscaleLoginPageTestCase - get driver
[INFO ] 2021-02-03 15:12:13.471 [main] PackageNegativeTestCases - packages testcase started
[INFO ] 2021-02-03 15:12:22.151 [main] hyscaleLoginPageTestCase - get driver
[INFO ] 2021-02-03 15:12:22.933 [main] PackageNegativeTestCases - base images testcases started
[INFO ] 2021-02-03 15:12:39.649 [main] hyscaleLoginPageTestCase - ended
[INFO ] 2021-02-03 15:14:25.126 [main] hyscaleLoginPageTestCase - chromebrowser started
[INFO ] 2021-02-03 15:14:28.885 [main] hyscaleLoginPageTestCase - titletest
[INFO ] 2021-02-03 15:14:28.907 [main] hyscaleLoginPageTestCase - login page factory constructor
[INFO ] 2021-02-03 15:14:28.980 [main] hyscaleLoginPageTestCase - Logo test
[INFO ] 2021-02-03 15:14:37.680 [main] hyscaleLoginPageTestCase - login test is successful
[INFO ] 2021-02-03 15:14:37.680 [main] hyscaleLoginPageTestCase - Email  and passowrd entered
[INFO ] 2021-02-03 15:14:37.684 [main] hyscaleLoginPageTestCase - home page factory constructor
[INFO ] 2021-02-03 15:14:37.716 [main] hyscaleLoginPageTestCase - verified the login user
[INFO ] 2021-02-03 15:14:37.719 [main] hyscaleLoginPageTestCase - get driver
[INFO ] 2021-02-03 15:14:37.986 [main] PackageNegativeTestCases - packages testcase started
[INFO ] 2021-02-03 15:14:45.750 [main] hyscaleLoginPageTestCase - get driver
[INFO ] 2021-02-03 15:14:46.513 [main] PackageNegativeTestCases - base images testcases started
[INFO ] 2021-02-03 15:15:03.382 [main] hyscaleLoginPageTestCase - ended
[INFO ] 2021-02-03 15:16:49.326 [main] hyscaleLoginPageTestCase - chromebrowser started
[INFO ] 2021-02-03 15:16:52.898 [main] hyscaleLoginPageTestCase - titletest
[INFO ] 2021-02-03 15:16:52.921 [main] hyscaleLoginPageTestCase - login page factory constructor
[INFO ] 2021-02-03 15:16:52.986 [main] hyscaleLoginPageTestCase - Logo test
[INFO ] 2021-02-03 15:17:05.638 [main] hyscaleLoginPageTestCase - login test is successful
[INFO ] 2021-02-03 15:17:05.638 [main] hyscaleLoginPageTestCase - Email  and passowrd entered
[INFO ] 2021-02-03 15:17:05.644 [main] hyscaleLoginPageTestCase - home page factory constructor
[INFO ] 2021-02-03 15:17:05.684 [main] hyscaleLoginPageTestCase - verified the login user
[INFO ] 2021-02-03 15:17:05.686 [main] hyscaleLoginPageTestCase - get driver
[INFO ] 2021-02-03 15:17:05.991 [main] PackageNegativeTestCases - packages testcase started
[INFO ] 2021-02-03 15:17:14.758 [main] hyscaleLoginPageTestCase - get driver
[INFO ] 2021-02-03 15:17:15.555 [main] PackageNegativeTestCases - base images testcases started
[INFO ] 2021-02-03 15:17:32.113 [main] hyscaleLoginPageTestCase - ended
[INFO ] 2021-02-03 16:09:54.742 [main] hyscaleLoginPageTestCase - chromebrowser started
[INFO ] 2021-02-03 16:09:57.753 [main] hyscaleLoginPageTestCase - titletest
[INFO ] 2021-02-03 16:09:57.774 [main] hyscaleLoginPageTestCase - login page factory constructor
[INFO ] 2021-02-03 16:09:57.837 [main] hyscaleLoginPageTestCase - Logo test
[INFO ] 2021-02-03 16:10:09.027 [main] hyscaleLoginPageTestCase - login test is successful
[INFO ] 2021-02-03 16:10:09.027 [main] hyscaleLoginPageTestCase - Email  and passowrd entered
[INFO ] 2021-02-03 16:10:09.033 [main] hyscaleLoginPageTestCase - home page factory constructor
[INFO ] 2021-02-03 16:10:09.068 [main] hyscaleLoginPageTestCase - verified the login user
[INFO ] 2021-02-03 16:10:09.069 [main] hyscaleLoginPageTestCase - get driver
[INFO ] 2021-02-03 16:10:09.375 [main] PackageNegativeTestCases - packages testcase started
[INFO ] 2021-02-03 16:10:17.941 [main] hyscaleLoginPageTestCase - get driver
[INFO ] 2021-02-03 16:10:18.728 [main] PackageNegativeTestCases - base images testcases started
[INFO ] 2021-02-03 16:10:36.397 [main] hyscaleLoginPageTestCase - ended
[INFO ] 2021-02-03 16:11:08.426 [main] hyscaleLoginPageTestCase - chromebrowser started
[INFO ] 2021-02-03 16:11:11.748 [main] hyscaleLoginPageTestCase - titletest
[INFO ] 2021-02-03 16:11:11.770 [main] hyscaleLoginPageTestCase - login page factory constructor
[INFO ] 2021-02-03 16:11:11.838 [main] hyscaleLoginPageTestCase - Logo test
[INFO ] 2021-02-03 16:14:06.354 [main] hyscaleLoginPageTestCase - chromebrowser started
[INFO ] 2021-02-03 16:14:09.451 [main] hyscaleLoginPageTestCase - titletest
[INFO ] 2021-02-03 16:14:09.471 [main] hyscaleLoginPageTestCase - login page factory constructor
[INFO ] 2021-02-03 16:14:09.535 [main] hyscaleLoginPageTestCase - Logo test
[INFO ] 2021-02-03 16:14:21.044 [main] hyscaleLoginPageTestCase - login test is successful
[INFO ] 2021-02-03 16:14:21.044 [main] hyscaleLoginPageTestCase - Email  and passowrd entered
[INFO ] 2021-02-03 16:14:21.049 [main] hyscaleLoginPageTestCase - home page factory constructor
[INFO ] 2021-02-03 16:14:21.083 [main] hyscaleLoginPageTestCase - verified the login user
[INFO ] 2021-02-03 16:14:21.085 [main] hyscaleLoginPageTestCase - get driver
[INFO ] 2021-02-03 16:14:21.377 [main] PackageNegativeTestCases - packages testcase started
[INFO ] 2021-02-03 16:14:29.910 [main] hyscaleLoginPageTestCase - get driver
[INFO ] 2021-02-03 16:14:30.733 [main] PackageNegativeTestCases - base images testcases started
[INFO ] 2021-02-03 16:40:43.627 [main] hyscaleLoginPageTestCase - chromebrowser started
[INFO ] 2021-02-03 16:40:46.955 [main] hyscaleLoginPageTestCase - titletest
[INFO ] 2021-02-03 16:40:46.984 [main] hyscaleLoginPageTestCase - login page factory constructor
[INFO ] 2021-02-03 16:40:47.058 [main] hyscaleLoginPageTestCase - Logo test
[INFO ] 2021-02-03 16:41:00.324 [main] hyscaleLoginPageTestCase - login test is successful
[INFO ] 2021-02-03 16:41:00.324 [main] hyscaleLoginPageTestCase - Email  and passowrd entered
[INFO ] 2021-02-03 16:41:00.327 [main] hyscaleLoginPageTestCase - home page factory constructor
[INFO ] 2021-02-03 16:41:00.360 [main] hyscaleLoginPageTestCase - verified the login user
[INFO ] 2021-02-03 16:41:00.361 [main] hyscaleLoginPageTestCase - get driver
[INFO ] 2021-02-03 16:41:00.694 [main] PackageNegativeTestCases - packages testcase started
[INFO ] 2021-02-03 16:41:09.260 [main] hyscaleLoginPageTestCase - get driver
[INFO ] 2021-02-03 16:41:10.061 [main] PackageNegativeTestCases - base images testcases started
[INFO ] 2021-02-03 16:41:27.067 [main] hyscaleLoginPageTestCase - get driver
[INFO ] 2021-02-03 16:41:27.250 [main] hyscaleLoginPageTestCase - ended
[INFO ] 2021-02-03 16:47:22.847 [main] hyscaleLoginPageTestCase - chromebrowser started
[INFO ] 2021-02-03 16:47:26.395 [main] hyscaleLoginPageTestCase - titletest
[INFO ] 2021-02-03 16:47:26.414 [main] hyscaleLoginPageTestCase - login page factory constructor
[INFO ] 2021-02-03 16:47:26.481 [main] hyscaleLoginPageTestCase - Logo test
[INFO ] 2021-02-03 16:47:35.488 [main] hyscaleLoginPageTestCase - login test is successful
[INFO ] 2021-02-03 16:47:35.489 [main] hyscaleLoginPageTestCase - Email  and passowrd entered
[INFO ] 2021-02-03 16:47:35.493 [main] hyscaleLoginPageTestCase - home page factory constructor
[INFO ] 2021-02-03 16:47:35.530 [main] hyscaleLoginPageTestCase - verified the login user
[INFO ] 2021-02-03 16:47:35.532 [main] hyscaleLoginPageTestCase - get driver
[INFO ] 2021-02-03 16:47:35.848 [main] PackageNegativeTestCases - packages testcase started
[INFO ] 2021-02-03 16:47:44.468 [main] hyscaleLoginPageTestCase - get driver
[INFO ] 2021-02-03 16:47:45.265 [main] PackageNegativeTestCases - base images testcases started
[INFO ] 2021-02-03 16:48:01.880 [main] hyscaleLoginPageTestCase - get driver
[INFO ] 2021-02-03 16:48:02.068 [main] hyscaleLoginPageTestCase - ended
[INFO ] 2021-02-03 16:49:03.297 [main] hyscaleLoginPageTestCase - chromebrowser started
[INFO ] 2021-02-03 16:49:06.163 [main] hyscaleLoginPageTestCase - titletest
[INFO ] 2021-02-03 16:49:06.188 [main] hyscaleLoginPageTestCase - login page factory constructor
[INFO ] 2021-02-03 16:49:06.258 [main] hyscaleLoginPageTestCase - Logo test
[INFO ] 2021-02-03 16:49:14.629 [main] hyscaleLoginPageTestCase - login test is successful
[INFO ] 2021-02-03 16:49:14.629 [main] hyscaleLoginPageTestCase - Email  and passowrd entered
[INFO ] 2021-02-03 16:49:14.632 [main] hyscaleLoginPageTestCase - home page factory constructor
[INFO ] 2021-02-03 16:49:14.667 [main] hyscaleLoginPageTestCase - verified the login user
[INFO ] 2021-02-03 16:49:14.670 [main] hyscaleLoginPageTestCase - get driver
[INFO ] 2021-02-03 16:49:14.950 [main] PackageNegativeTestCases - packages testcase started
[INFO ] 2021-02-03 16:49:23.447 [main] hyscaleLoginPageTestCase - get driver
[INFO ] 2021-02-03 16:49:24.216 [main] PackageNegativeTestCases - base images testcases started
[INFO ] 2021-02-03 16:49:40.317 [main] hyscaleLoginPageTestCase - get driver
[INFO ] 2021-02-03 16:50:12.158 [main] hyscaleLoginPageTestCase - ended
[INFO ] 2021-02-03 16:52:37.623 [main] hyscaleLoginPageTestCase - chromebrowser started
[INFO ] 2021-02-03 16:52:41.135 [main] hyscaleLoginPageTestCase - titletest
[INFO ] 2021-02-03 16:52:41.157 [main] hyscaleLoginPageTestCase - login page factory constructor
[INFO ] 2021-02-03 16:52:41.223 [main] hyscaleLoginPageTestCase - Logo test
[INFO ] 2021-02-03 16:52:51.520 [main] hyscaleLoginPageTestCase - login test is successful
[INFO ] 2021-02-03 16:52:51.521 [main] hyscaleLoginPageTestCase - Email  and passowrd entered
[INFO ] 2021-02-03 16:52:51.525 [main] hyscaleLoginPageTestCase - home page factory constructor
[INFO ] 2021-02-03 16:52:51.561 [main] hyscaleLoginPageTestCase - verified the login user
[INFO ] 2021-02-03 16:52:51.563 [main] hyscaleLoginPageTestCase - get driver
[INFO ] 2021-02-03 16:52:51.852 [main] PackageNegativeTestCases - packages testcase started
[INFO ] 2021-02-03 16:53:00.322 [main] hyscaleLoginPageTestCase - get driver
[INFO ] 2021-02-03 16:53:01.180 [main] PackageNegativeTestCases - base images testcases started
[INFO ] 2021-02-03 16:53:17.633 [main] hyscaleLoginPageTestCase - get driver
[INFO ] 2021-02-03 16:53:18.984 [main] hyscaleLoginPageTestCase - ended
[INFO ] 2021-02-03 18:35:50.090 [main] hyscaleLoginPageTestCase - chromebrowser started
[INFO ] 2021-02-03 18:35:53.286 [main] hyscaleLoginPageTestCase - titletest
[INFO ] 2021-02-03 18:35:53.311 [main] hyscaleLoginPageTestCase - login page factory constructor
[INFO ] 2021-02-03 18:35:53.380 [main] hyscaleLoginPageTestCase - Logo test
[INFO ] 2021-02-03 18:36:03.189 [main] hyscaleLoginPageTestCase - login test is successful
[INFO ] 2021-02-03 18:36:03.190 [main] hyscaleLoginPageTestCase - Email  and passowrd entered
[INFO ] 2021-02-03 18:36:03.193 [main] hyscaleLoginPageTestCase - home page factory constructor
[INFO ] 2021-02-03 18:36:03.228 [main] hyscaleLoginPageTestCase - verified the login user
[INFO ] 2021-02-03 18:36:03.230 [main] hyscaleLoginPageTestCase - get driver
[INFO ] 2021-02-03 18:36:03.525 [main] PackageNegativeTestCases - packages testcase started
[INFO ] 2021-02-03 18:36:12.150 [main] hyscaleLoginPageTestCase - get driver
[INFO ] 2021-02-03 18:36:13.000 [main] PackageNegativeTestCases - base images testcases started
[INFO ] 2021-02-03 18:36:31.737 [main] hyscaleLoginPageTestCase - get driver
[INFO ] 2021-02-03 18:36:33.058 [main] hyscaleLoginPageTestCase - ended
[INFO ] 2021-02-03 18:44:03.727 [main] hyscaleLoginPageTestCase - chromebrowser started
[INFO ] 2021-02-03 18:44:05.875 [main] hyscaleLoginPageTestCase - get driver
[INFO ] 2021-02-03 18:44:05.981 [main] hyscaleLoginPageTestCase - get driver
[INFO ] 2021-02-03 18:44:06.051 [main] hyscaleLoginPageTestCase - get driver
[INFO ] 2021-02-03 18:44:06.187 [main] hyscaleLoginPageTestCase - ended
[INFO ] 2021-02-03 18:44:49.983 [main] hyscaleLoginPageTestCase - chromebrowser started
[INFO ] 2021-02-03 18:44:51.168 [main] hyscaleLoginPageTestCase - get driver
[INFO ] 2021-02-03 18:45:31.533 [main] hyscaleLoginPageTestCase - chromebrowser started
[INFO ] 2021-02-03 18:45:34.557 [main] hyscaleLoginPageTestCase - titletest
[INFO ] 2021-02-03 18:45:34.581 [main] hyscaleLoginPageTestCase - login page factory constructor
[INFO ] 2021-02-03 18:45:34.646 [main] hyscaleLoginPageTestCase - Logo test
[INFO ] 2021-02-03 18:45:43.231 [main] hyscaleLoginPageTestCase - login test is successful
[INFO ] 2021-02-03 18:45:43.231 [main] hyscaleLoginPageTestCase - Email  and passowrd entered
[INFO ] 2021-02-03 18:45:43.236 [main] hyscaleLoginPageTestCase - home page factory constructor
[INFO ] 2021-02-03 18:45:43.271 [main] hyscaleLoginPageTestCase - verified the login user
[INFO ] 2021-02-03 18:45:43.273 [main] hyscaleLoginPageTestCase - get driver
[INFO ] 2021-02-03 18:45:43.566 [main] PackageNegativeTestCases - packages testcase started
[INFO ] 2021-02-03 18:45:52.016 [main] hyscaleLoginPageTestCase - get driver
[INFO ] 2021-02-03 18:45:52.814 [main] PackageNegativeTestCases - base images testcases started
[INFO ] 2021-02-03 18:45:59.848 [main] hyscaleLoginPageTestCase - get driver
[INFO ] 2021-02-03 18:46:02.392 [main] hyscaleLoginPageTestCase - ended
[INFO ] 2021-02-03 18:47:32.448 [main] hyscaleLoginPageTestCase - chromebrowser started
[INFO ] 2021-02-03 18:47:36.017 [main] hyscaleLoginPageTestCase - titletest
[INFO ] 2021-02-03 18:47:36.040 [main] hyscaleLoginPageTestCase - login page factory constructor
[INFO ] 2021-02-03 18:47:36.114 [main] hyscaleLoginPageTestCase - Logo test
[INFO ] 2021-02-03 18:47:44.580 [main] hyscaleLoginPageTestCase - login test is successful
[INFO ] 2021-02-03 18:47:44.580 [main] hyscaleLoginPageTestCase - Email  and passowrd entered
[INFO ] 2021-02-03 18:47:44.583 [main] hyscaleLoginPageTestCase - home page factory constructor
[INFO ] 2021-02-03 18:47:44.612 [main] hyscaleLoginPageTestCase - verified the login user
[INFO ] 2021-02-03 18:47:44.614 [main] hyscaleLoginPageTestCase - get driver
[INFO ] 2021-02-03 18:47:44.883 [main] PackageNegativeTestCases - packages testcase started
[INFO ] 2021-02-03 18:47:53.189 [main] hyscaleLoginPageTestCase - get driver
[INFO ] 2021-02-03 18:47:53.980 [main] PackageNegativeTestCases - base images testcases started
[INFO ] 2021-02-03 18:48:00.717 [main] hyscaleLoginPageTestCase - get driver
[INFO ] 2021-02-03 18:48:04.215 [main] hyscaleLoginPageTestCase - ended
[INFO ] 2021-02-03 18:49:37.713 [main] hyscaleLoginPageTestCase - chromebrowser started
[INFO ] 2021-02-03 18:49:41.214 [main] hyscaleLoginPageTestCase - titletest
[INFO ] 2021-02-03 18:49:41.247 [main] hyscaleLoginPageTestCase - login page factory constructor
[INFO ] 2021-02-03 18:49:41.320 [main] hyscaleLoginPageTestCase - Logo test
[INFO ] 2021-02-03 18:49:49.819 [main] hyscaleLoginPageTestCase - login test is successful
[INFO ] 2021-02-03 18:49:49.819 [main] hyscaleLoginPageTestCase - Email  and passowrd entered
[INFO ] 2021-02-03 18:49:49.825 [main] hyscaleLoginPageTestCase - home page factory constructor
[INFO ] 2021-02-03 18:49:49.865 [main] hyscaleLoginPageTestCase - verified the login user
[INFO ] 2021-02-03 18:49:49.867 [main] hyscaleLoginPageTestCase - get driver
[INFO ] 2021-02-03 18:49:50.144 [main] PackageNegativeTestCases - packages testcase started
[INFO ] 2021-02-03 18:49:58.285 [main] hyscaleLoginPageTestCase - get driver
[INFO ] 2021-02-03 18:49:59.047 [main] PackageNegativeTestCases - base images testcases started
[INFO ] 2021-02-03 18:50:05.638 [main] hyscaleLoginPageTestCase - get driver
[INFO ] 2021-02-03 18:50:08.258 [main] hyscaleLoginPageTestCase - ended
[INFO ] 2021-02-03 18:50:41.820 [main] hyscaleLoginPageTestCase - chromebrowser started
[INFO ] 2021-02-03 18:50:45.921 [main] hyscaleLoginPageTestCase - titletest
[INFO ] 2021-02-03 18:50:45.943 [main] hyscaleLoginPageTestCase - login page factory constructor
[INFO ] 2021-02-03 18:50:46.015 [main] hyscaleLoginPageTestCase - Logo test
[INFO ] 2021-02-03 18:50:53.819 [main] hyscaleLoginPageTestCase - login test is successful
[INFO ] 2021-02-03 18:50:53.819 [main] hyscaleLoginPageTestCase - Email  and passowrd entered
[INFO ] 2021-02-03 18:50:53.823 [main] hyscaleLoginPageTestCase - home page factory constructor
[INFO ] 2021-02-03 18:50:53.860 [main] hyscaleLoginPageTestCase - verified the login user
[INFO ] 2021-02-03 18:50:53.862 [main] hyscaleLoginPageTestCase - get driver
[INFO ] 2021-02-03 18:50:54.166 [main] PackageNegativeTestCases - packages testcase started
[INFO ] 2021-02-03 18:51:02.899 [main] hyscaleLoginPageTestCase - get driver
[INFO ] 2021-02-03 18:51:03.736 [main] PackageNegativeTestCases - base images testcases started
[INFO ] 2021-02-03 18:51:10.274 [main] hyscaleLoginPageTestCase - get driver
[INFO ] 2021-02-03 18:51:13.044 [main] hyscaleLoginPageTestCase - ended
[INFO ] 2021-02-03 18:55:26.844 [main] hyscaleLoginPageTestCase - chromebrowser started
[INFO ] 2021-02-03 18:55:29.897 [main] hyscaleLoginPageTestCase - titletest
[INFO ] 2021-02-03 18:55:29.926 [main] hyscaleLoginPageTestCase - login page factory constructor
[INFO ] 2021-02-03 18:55:30.000 [main] hyscaleLoginPageTestCase - Logo test
[INFO ] 2021-02-03 18:55:37.680 [main] hyscaleLoginPageTestCase - login test is successful
[INFO ] 2021-02-03 18:55:37.680 [main] hyscaleLoginPageTestCase - Email  and passowrd entered
[INFO ] 2021-02-03 18:55:37.684 [main] hyscaleLoginPageTestCase - home page factory constructor
[INFO ] 2021-02-03 18:55:37.712 [main] hyscaleLoginPageTestCase - verified the login user
[INFO ] 2021-02-03 18:55:37.714 [main] hyscaleLoginPageTestCase - get driver
[INFO ] 2021-02-03 18:55:38.069 [main] PackageNegativeTestCases - packages testcase started
[INFO ] 2021-02-03 18:55:46.269 [main] hyscaleLoginPageTestCase - get driver
[INFO ] 2021-02-03 18:55:47.048 [main] PackageNegativeTestCases - base images testcases started
[INFO ] 2021-02-03 18:55:53.987 [main] hyscaleLoginPageTestCase - get driver
[INFO ] 2021-02-03 18:55:56.753 [main] hyscaleLoginPageTestCase - ended
