[INFO ] 2021-02-04 14:57:01.406 [main] hyscaleLoginPageTestCase - chromebrowser started
[INFO ] 2021-02-04 14:57:04.856 [main] hyscaleLoginPageTestCase - titletest
[INFO ] 2021-02-04 14:57:04.913 [main] hyscaleLoginPageTestCase - login page factory constructor
[INFO ] 2021-02-04 14:57:04.980 [main] hyscaleLoginPageTestCase - Logo test
[INFO ] 2021-02-04 14:57:17.705 [main] hyscaleLoginPageTestCase - login test is successful
[INFO ] 2021-02-04 14:57:17.705 [main] hyscaleLoginPageTestCase - Email  and passowrd entered
[INFO ] 2021-02-04 14:57:17.733 [main] hyscaleLoginPageTestCase - home page factory constructor
[INFO ] 2021-02-04 14:57:17.774 [main] hyscaleLoginPageTestCase - verified the login user
[INFO ] 2021-02-04 14:57:17.776 [main] hyscaleLoginPageTestCase - get driver
[INFO ] 2021-02-04 14:57:18.121 [main] PackageNegativeTestCases - packages testcase started
[INFO ] 2021-02-04 14:58:21.582 [main] hyscaleLoginPageTestCase - get driver
[INFO ] 2021-02-04 15:01:30.703 [main] hyscaleLoginPageTestCase - chromebrowser started
[INFO ] 2021-02-04 15:01:34.662 [main] hyscaleLoginPageTestCase - titletest
[INFO ] 2021-02-04 15:01:34.681 [main] hyscaleLoginPageTestCase - login page factory constructor
[INFO ] 2021-02-04 15:01:34.730 [main] hyscaleLoginPageTestCase - Logo test
[INFO ] 2021-02-04 15:01:44.532 [main] hyscaleLoginPageTestCase - login test is successful
[INFO ] 2021-02-04 15:01:44.532 [main] hyscaleLoginPageTestCase - Email  and passowrd entered
[INFO ] 2021-02-04 15:01:44.536 [main] hyscaleLoginPageTestCase - home page factory constructor
[INFO ] 2021-02-04 15:01:44.575 [main] hyscaleLoginPageTestCase - verified the login user
[INFO ] 2021-02-04 15:01:44.577 [main] hyscaleLoginPageTestCase - get driver
[INFO ] 2021-02-04 15:01:44.872 [main] PackageNegativeTestCases - packages testcase started
[INFO ] 2021-02-04 15:01:50.685 [main] hyscaleLoginPageTestCase - get driver
[INFO ] 2021-02-04 15:01:51.438 [main] PackageNegativeTestCases - base images testcases started
[INFO ] 2021-02-04 15:01:57.447 [main] hyscaleLoginPageTestCase - get driver
[INFO ] 2021-02-04 15:02:00.098 [main] hyscaleLoginPageTestCase - ended
[INFO ] 2021-02-04 15:03:07.273 [main] hyscaleLoginPageTestCase - chromebrowser started
[INFO ] 2021-02-04 15:03:10.647 [main] hyscaleLoginPageTestCase - titletest
[INFO ] 2021-02-04 15:03:10.672 [main] hyscaleLoginPageTestCase - login page factory constructor
[INFO ] 2021-02-04 15:03:10.750 [main] hyscaleLoginPageTestCase - Logo test
[INFO ] 2021-02-04 15:03:18.560 [main] hyscaleLoginPageTestCase - login test is successful
[INFO ] 2021-02-04 15:03:18.560 [main] hyscaleLoginPageTestCase - Email  and passowrd entered
[INFO ] 2021-02-04 15:03:18.564 [main] hyscaleLoginPageTestCase - home page factory constructor
[INFO ] 2021-02-04 15:03:18.596 [main] hyscaleLoginPageTestCase - verified the login user
[INFO ] 2021-02-04 15:03:18.598 [main] hyscaleLoginPageTestCase - get driver
[INFO ] 2021-02-04 15:03:18.889 [main] PackageNegativeTestCases - packages testcase started
[INFO ] 2021-02-04 15:03:25.242 [main] hyscaleLoginPageTestCase - get driver
[INFO ] 2021-02-04 15:03:26.032 [main] PackageNegativeTestCases - base images testcases started
[INFO ] 2021-02-04 15:03:32.605 [main] hyscaleLoginPageTestCase - get driver
[INFO ] 2021-02-04 15:03:35.136 [main] hyscaleLoginPageTestCase - get driver
[INFO ] 2021-02-04 15:03:35.696 [main] PackageNegativeTestCases - agent images testcases started
[INFO ] 2021-02-04 15:07:30.696 [main] hyscaleLoginPageTestCase - chromebrowser started
[INFO ] 2021-02-04 15:07:33.539 [main] hyscaleLoginPageTestCase - titletest
[INFO ] 2021-02-04 15:07:33.562 [main] hyscaleLoginPageTestCase - login page factory constructor
[INFO ] 2021-02-04 15:07:33.622 [main] hyscaleLoginPageTestCase - Logo test
[INFO ] 2021-02-04 15:07:46.231 [main] hyscaleLoginPageTestCase - login test is successful
[INFO ] 2021-02-04 15:07:46.232 [main] hyscaleLoginPageTestCase - Email  and passowrd entered
[INFO ] 2021-02-04 15:07:46.236 [main] hyscaleLoginPageTestCase - home page factory constructor
[INFO ] 2021-02-04 15:07:46.270 [main] hyscaleLoginPageTestCase - verified the login user
[INFO ] 2021-02-04 15:07:46.273 [main] hyscaleLoginPageTestCase - get driver
[INFO ] 2021-02-04 15:07:46.580 [main] PackageNegativeTestCases - packages testcase started
[INFO ] 2021-02-04 15:07:52.516 [main] hyscaleLoginPageTestCase - get driver
[INFO ] 2021-02-04 15:07:53.297 [main] PackageNegativeTestCases - base images testcases started
[INFO ] 2021-02-04 15:07:59.504 [main] hyscaleLoginPageTestCase - get driver
[INFO ] 2021-02-04 15:08:02.036 [main] hyscaleLoginPageTestCase - get driver
[INFO ] 2021-02-04 15:08:02.660 [main] PackageNegativeTestCases - agent images testcases started
[INFO ] 2021-02-04 15:08:03.283 [main] hyscaleLoginPageTestCase - ended
[INFO ] 2021-02-04 15:09:43.371 [main] hyscaleLoginPageTestCase - chromebrowser started
[INFO ] 2021-02-04 15:09:46.236 [main] hyscaleLoginPageTestCase - titletest
[INFO ] 2021-02-04 15:09:46.253 [main] hyscaleLoginPageTestCase - login page factory constructor
[INFO ] 2021-02-04 15:09:46.317 [main] hyscaleLoginPageTestCase - Logo test
[INFO ] 2021-02-04 15:09:53.834 [main] hyscaleLoginPageTestCase - login test is successful
[INFO ] 2021-02-04 15:09:53.835 [main] hyscaleLoginPageTestCase - Email  and passowrd entered
[INFO ] 2021-02-04 15:09:53.838 [main] hyscaleLoginPageTestCase - home page factory constructor
[INFO ] 2021-02-04 15:09:53.870 [main] hyscaleLoginPageTestCase - verified the login user
[INFO ] 2021-02-04 15:09:53.872 [main] hyscaleLoginPageTestCase - get driver
[INFO ] 2021-02-04 15:09:54.163 [main] PackageNegativeTestCases - packages testcase started
[INFO ] 2021-02-04 15:10:00.437 [main] hyscaleLoginPageTestCase - get driver
[INFO ] 2021-02-04 15:10:01.301 [main] PackageNegativeTestCases - base images testcases started
[INFO ] 2021-02-04 15:10:07.841 [main] hyscaleLoginPageTestCase - get driver
[INFO ] 2021-02-04 15:10:10.459 [main] hyscaleLoginPageTestCase - get driver
[INFO ] 2021-02-04 15:10:11.144 [main] PackageNegativeTestCases - agent images testcases started
[INFO ] 2021-02-04 15:10:13.468 [main] hyscaleLoginPageTestCase - ended
[INFO ] 2021-02-04 15:11:53.572 [main] hyscaleLoginPageTestCase - chromebrowser started
[INFO ] 2021-02-04 15:11:56.704 [main] hyscaleLoginPageTestCase - titletest
[INFO ] 2021-02-04 15:11:56.727 [main] hyscaleLoginPageTestCase - login page factory constructor
[INFO ] 2021-02-04 15:11:56.791 [main] hyscaleLoginPageTestCase - Logo test
[INFO ] 2021-02-04 15:12:04.905 [main] hyscaleLoginPageTestCase - login test is successful
[INFO ] 2021-02-04 15:12:04.905 [main] hyscaleLoginPageTestCase - Email  and passowrd entered
[INFO ] 2021-02-04 15:12:04.908 [main] hyscaleLoginPageTestCase - home page factory constructor
[INFO ] 2021-02-04 15:12:04.940 [main] hyscaleLoginPageTestCase - verified the login user
[INFO ] 2021-02-04 15:12:04.942 [main] hyscaleLoginPageTestCase - get driver
[INFO ] 2021-02-04 15:12:05.222 [main] PackageNegativeTestCases - packages testcase started
[INFO ] 2021-02-04 15:12:11.506 [main] hyscaleLoginPageTestCase - get driver
[INFO ] 2021-02-04 15:12:12.290 [main] PackageNegativeTestCases - base images testcases started
[INFO ] 2021-02-04 15:12:18.369 [main] hyscaleLoginPageTestCase - get driver
[INFO ] 2021-02-04 15:12:20.855 [main] hyscaleLoginPageTestCase - get driver
[INFO ] 2021-02-04 15:12:21.501 [main] PackageNegativeTestCases - agent images testcases started
[INFO ] 2021-02-04 15:12:23.636 [main] hyscaleLoginPageTestCase - ended
[INFO ] 2021-02-04 15:24:00.048 [main] hyscaleLoginPageTestCase - chromebrowser started
[INFO ] 2021-02-04 15:24:03.036 [main] hyscaleLoginPageTestCase - titletest
[INFO ] 2021-02-04 15:24:03.059 [main] hyscaleLoginPageTestCase - login page factory constructor
[INFO ] 2021-02-04 15:24:03.126 [main] hyscaleLoginPageTestCase - Logo test
[INFO ] 2021-02-04 15:24:10.527 [main] hyscaleLoginPageTestCase - login test is successful
[INFO ] 2021-02-04 15:24:10.527 [main] hyscaleLoginPageTestCase - Email  and passowrd entered
[INFO ] 2021-02-04 15:24:10.532 [main] hyscaleLoginPageTestCase - home page factory constructor
[INFO ] 2021-02-04 15:24:10.567 [main] hyscaleLoginPageTestCase - verified the login user
[INFO ] 2021-02-04 15:24:10.568 [main] hyscaleLoginPageTestCase - get driver
[INFO ] 2021-02-04 15:24:10.857 [main] PackageNegativeTestCases - packages testcase started
[INFO ] 2021-02-04 15:24:16.594 [main] hyscaleLoginPageTestCase - get driver
[INFO ] 2021-02-04 15:24:17.374 [main] PackageNegativeTestCases - base images testcases started
[INFO ] 2021-02-04 15:24:23.480 [main] hyscaleLoginPageTestCase - get driver
[INFO ] 2021-02-04 15:30:19.417 [main] hyscaleLoginPageTestCase - chromebrowser started
[INFO ] 2021-02-04 15:30:22.735 [main] hyscaleLoginPageTestCase - titletest
[INFO ] 2021-02-04 15:30:22.753 [main] hyscaleLoginPageTestCase - login page factory constructor
[INFO ] 2021-02-04 15:30:22.815 [main] hyscaleLoginPageTestCase - Logo test
[INFO ] 2021-02-04 15:30:28.587 [main] hyscaleLoginPageTestCase - login test is successful
[INFO ] 2021-02-04 15:30:28.589 [main] hyscaleLoginPageTestCase - Email  and passowrd entered
[INFO ] 2021-02-04 15:30:28.595 [main] hyscaleLoginPageTestCase - home page factory constructor
[INFO ] 2021-02-04 15:30:28.629 [main] hyscaleLoginPageTestCase - verified the login user
[INFO ] 2021-02-04 15:30:28.631 [main] hyscaleLoginPageTestCase - get driver
[INFO ] 2021-02-04 15:30:28.923 [main] PackageNegativeTestCases - packages testcase started
[INFO ] 2021-02-04 15:30:34.690 [main] hyscaleLoginPageTestCase - get driver
[INFO ] 2021-02-04 15:30:35.485 [main] PackageNegativeTestCases - base images testcases started
[INFO ] 2021-02-04 15:30:41.469 [main] hyscaleLoginPageTestCase - get driver
[INFO ] 2021-02-04 15:30:44.080 [main] hyscaleLoginPageTestCase - get driver
[INFO ] 2021-02-04 15:30:44.709 [main] PackageNegativeTestCases - agent images testcases started
[INFO ] 2021-02-04 15:30:47.501 [main] hyscaleLoginPageTestCase - ended
[INFO ] 2021-02-04 17:15:39.704 [main] hyscaleLoginPageTestCase - chromebrowser started
[INFO ] 2021-02-04 17:15:42.652 [main] hyscaleLoginPageTestCase - titletest
[INFO ] 2021-02-04 17:15:42.671 [main] hyscaleLoginPageTestCase - login page factory constructor
[INFO ] 2021-02-04 17:15:42.735 [main] hyscaleLoginPageTestCase - Logo test
[INFO ] 2021-02-04 17:15:51.796 [main] hyscaleLoginPageTestCase - login test is successful
[INFO ] 2021-02-04 17:15:51.797 [main] hyscaleLoginPageTestCase - Email  and passowrd entered
[INFO ] 2021-02-04 17:15:51.800 [main] hyscaleLoginPageTestCase - home page factory constructor
[INFO ] 2021-02-04 17:15:51.838 [main] hyscaleLoginPageTestCase - verified the login user
[INFO ] 2021-02-04 17:15:51.841 [main] hyscaleLoginPageTestCase - get driver
[INFO ] 2021-02-04 17:15:52.119 [main] PackageNegativeTestCases - packages testcase started
[INFO ] 2021-02-04 17:15:57.532 [main] hyscaleLoginPageTestCase - get driver
[INFO ] 2021-02-04 17:15:58.320 [main] PackageNegativeTestCases - base images testcases started
[INFO ] 2021-02-04 17:16:04.136 [main] hyscaleLoginPageTestCase - get driver
[INFO ] 2021-02-04 17:16:07.031 [main] hyscaleLoginPageTestCase - get driver
[INFO ] 2021-02-04 17:16:07.669 [main] PackageNegativeTestCases - agent images testcases started
[INFO ] 2021-02-04 17:16:10.978 [main] hyscaleLoginPageTestCase - ended
[INFO ] 2021-02-04 17:16:31.950 [main] hyscaleLoginPageTestCase - chromebrowser started
[INFO ] 2021-02-04 17:16:34.569 [main] hyscaleLoginPageTestCase - titletest
[INFO ] 2021-02-04 17:16:34.587 [main] hyscaleLoginPageTestCase - login page factory constructor
[INFO ] 2021-02-04 17:16:34.655 [main] hyscaleLoginPageTestCase - Logo test
[INFO ] 2021-02-04 17:16:43.077 [main] hyscaleLoginPageTestCase - login test is successful
[INFO ] 2021-02-04 17:16:43.077 [main] hyscaleLoginPageTestCase - Email  and passowrd entered
[INFO ] 2021-02-04 17:16:43.080 [main] hyscaleLoginPageTestCase - home page factory constructor
[INFO ] 2021-02-04 17:16:43.115 [main] hyscaleLoginPageTestCase - verified the login user
[INFO ] 2021-02-04 17:16:43.117 [main] hyscaleLoginPageTestCase - get driver
[INFO ] 2021-02-04 17:16:43.433 [main] PackageNegativeTestCases - packages testcase started
[INFO ] 2021-02-04 17:16:49.259 [main] hyscaleLoginPageTestCase - get driver
[INFO ] 2021-02-04 17:16:50.057 [main] PackageNegativeTestCases - base images testcases started
[INFO ] 2021-02-04 17:16:56.272 [main] hyscaleLoginPageTestCase - get driver
[INFO ] 2021-02-04 17:16:58.728 [main] hyscaleLoginPageTestCase - get driver
[INFO ] 2021-02-04 17:16:59.348 [main] PackageNegativeTestCases - agent images testcases started
[INFO ] 2021-02-04 17:17:02.828 [main] hyscaleLoginPageTestCase - ended
[INFO ] 2021-02-04 17:32:19.840 [main] hyscaleLoginPageTestCase - chromebrowser started
[INFO ] 2021-02-04 17:32:22.780 [main] hyscaleLoginPageTestCase - titletest
[INFO ] 2021-02-04 17:32:22.802 [main] hyscaleLoginPageTestCase - login page factory constructor
[INFO ] 2021-02-04 17:32:22.876 [main] hyscaleLoginPageTestCase - Logo test
[INFO ] 2021-02-04 17:32:30.550 [main] hyscaleLoginPageTestCase - login test is successful
[INFO ] 2021-02-04 17:32:30.550 [main] hyscaleLoginPageTestCase - Email  and passowrd entered
[INFO ] 2021-02-04 17:32:30.554 [main] hyscaleLoginPageTestCase - home page factory constructor
[INFO ] 2021-02-04 17:32:30.589 [main] hyscaleLoginPageTestCase - verified the login user
[INFO ] 2021-02-04 17:32:30.591 [main] hyscaleLoginPageTestCase - get driver
[INFO ] 2021-02-04 17:32:30.855 [main] PackageNegativeTestCases - packages testcase started
[INFO ] 2021-02-04 17:32:36.817 [main] hyscaleLoginPageTestCase - get driver
[INFO ] 2021-02-04 17:32:37.566 [main] PackageNegativeTestCases - base images testcases started
[INFO ] 2021-02-04 17:32:43.519 [main] hyscaleLoginPageTestCase - get driver
[INFO ] 2021-02-04 17:32:45.837 [main] hyscaleLoginPageTestCase - get driver
[INFO ] 2021-02-04 17:32:46.486 [main] PackageNegativeTestCases - agent images testcases started
[INFO ] 2021-02-04 17:32:51.322 [main] hyscaleLoginPageTestCase - ended
