[INFO ] 2021-03-26 10:05:00.586 [TestNG-tests-1] hyscaleLoginPageTestCase - get driver
[INFO ] 2021-03-26 10:08:21.533 [TestNG-tests-1] hyscaleLoginPageTestCase - get driver
[INFO ] 2021-03-26 10:08:41.594 [TestNG-tests-1] hyscaleLoginPageTestCase - get driver
[INFO ] 2021-03-26 10:10:28.503 [TestNG-tests-1] hyscaleLoginPageTestCase - titletest
[INFO ] 2021-03-26 10:10:28.531 [TestNG-tests-1] hyscaleLoginPageTestCase - login page factory constructor
[INFO ] 2021-03-26 10:10:28.721 [TestNG-tests-1] hyscaleLoginPageTestCase - Logo test
[INFO ] 2021-03-26 10:10:56.988 [TestNG-tests-1] hyscaleLoginPageTestCase - login test is successful
[INFO ] 2021-03-26 10:10:56.989 [TestNG-tests-1] hyscaleLoginPageTestCase - Email  and passowrd entered
[INFO ] 2021-03-26 10:10:57.030 [TestNG-tests-1] hyscaleLoginPageTestCase - get driver
[INFO ] 2021-03-26 10:11:01.512 [TestNG-tests-1] hyscaleLoginPageTestCase - get driver
[INFO ] 2021-03-26 10:11:01.849 [TestNG-tests-1] PackageNegativeTestCases - packages testcase started
[INFO ] 2021-03-26 10:14:33.615 [TestNG-tests-1] hyscaleLoginPageTestCase - titletest
[INFO ] 2021-03-26 10:14:33.647 [TestNG-tests-1] hyscaleLoginPageTestCase - login page factory constructor
[INFO ] 2021-03-26 10:14:33.801 [TestNG-tests-1] hyscaleLoginPageTestCase - Logo test
[INFO ] 2021-03-26 10:14:42.221 [TestNG-tests-1] hyscaleLoginPageTestCase - login test is successful
[INFO ] 2021-03-26 10:14:42.221 [TestNG-tests-1] hyscaleLoginPageTestCase - Email  and passowrd entered
[INFO ] 2021-03-26 10:14:42.261 [TestNG-tests-1] hyscaleLoginPageTestCase - get driver
[INFO ] 2021-03-26 10:14:45.075 [TestNG-tests-1] hyscaleLoginPageTestCase - get driver
[INFO ] 2021-03-26 10:14:45.392 [TestNG-tests-1] PackageNegativeTestCases - packages testcase started
[INFO ] 2021-03-26 10:14:52.942 [TestNG-tests-1] hyscaleLoginPageTestCase - get driver
[INFO ] 2021-03-26 10:15:02.698 [TestNG-tests-1] hyscaleLoginPageTestCase - get driver
[INFO ] 2021-03-26 10:15:03.213 [TestNG-tests-1] PackageNegativeTestCases - base images testcases started
[INFO ] 2021-03-26 10:15:28.353 [TestNG-tests-1] hyscaleLoginPageTestCase - get driver
[INFO ] 2021-03-26 10:15:31.762 [TestNG-tests-1] hyscaleLoginPageTestCase - get driver
[INFO ] 2021-03-26 10:15:31.903 [TestNG-tests-1] PackageNegativeTestCases - agent images testcases started
[INFO ] 2021-03-26 10:15:38.632 [TestNG-tests-1] hyscaleLoginPageTestCase - get driver
[INFO ] 2021-03-26 10:15:43.765 [TestNG-tests-1] hyscaleLoginPageTestCase - get driver
[INFO ] 2021-03-26 10:15:46.153 [TestNG-tests-1] hyscaleLoginPageTestCase - get driver
[INFO ] 2021-03-26 10:15:51.283 [TestNG-tests-1] hyscaleLoginPageTestCase - get driver
[INFO ] 2021-03-26 10:15:53.986 [TestNG-tests-1] hyscaleLoginPageTestCase - get driver
[INFO ] 2021-03-26 10:15:54.321 [TestNG-tests-1] containerRegistryNegativeTestCases - artifactRepo testcases started
[INFO ] 2021-03-26 10:15:56.384 [TestNG-tests-1] hyscaleLoginPageTestCase - get driver
[INFO ] 2021-03-26 10:16:00.922 [main] hyscaleLoginPageTestCase - ended
[INFO ] 2021-03-26 05:17:37.150 [TestNG-tests-1] hyscaleLoginPageTestCase - get driver
[INFO ] 2021-03-26 05:17:37.172 [TestNG-tests-1] hyscaleLoginPageTestCase - get driver
[INFO ] 2021-03-26 05:17:37.175 [TestNG-tests-1] hyscaleLoginPageTestCase - get driver
[INFO ] 2021-03-26 05:17:37.185 [TestNG-tests-1] hyscaleLoginPageTestCase - get driver
[INFO ] 2021-03-26 05:17:37.194 [TestNG-tests-1] hyscaleLoginPageTestCase - get driver
[INFO ] 2021-03-26 05:17:37.198 [TestNG-tests-1] hyscaleLoginPageTestCase - get driver
[INFO ] 2021-03-26 05:17:37.202 [TestNG-tests-1] hyscaleLoginPageTestCase - get driver
[INFO ] 2021-03-26 05:17:37.205 [TestNG-tests-1] hyscaleLoginPageTestCase - get driver
[INFO ] 2021-03-26 05:17:37.207 [TestNG-tests-1] hyscaleLoginPageTestCase - get driver
[INFO ] 2021-03-26 05:17:37.209 [TestNG-tests-1] hyscaleLoginPageTestCase - get driver
[INFO ] 2021-03-26 05:17:37.212 [TestNG-tests-1] hyscaleLoginPageTestCase - get driver
[INFO ] 2021-03-26 05:17:37.215 [TestNG-tests-1] hyscaleLoginPageTestCase - get driver
[INFO ] 2021-03-26 06:40:30.208 [TestNG-tests-1] hyscaleLoginPageTestCase - get driver
[INFO ] 2021-03-26 06:40:30.216 [TestNG-tests-1] hyscaleLoginPageTestCase - get driver
[INFO ] 2021-03-26 06:40:30.218 [TestNG-tests-1] hyscaleLoginPageTestCase - get driver
[INFO ] 2021-03-26 06:40:30.224 [TestNG-tests-1] hyscaleLoginPageTestCase - get driver
[INFO ] 2021-03-26 06:40:30.232 [TestNG-tests-1] hyscaleLoginPageTestCase - get driver
[INFO ] 2021-03-26 06:40:30.236 [TestNG-tests-1] hyscaleLoginPageTestCase - get driver
[INFO ] 2021-03-26 06:40:30.244 [TestNG-tests-1] hyscaleLoginPageTestCase - get driver
[INFO ] 2021-03-26 06:40:30.252 [TestNG-tests-1] hyscaleLoginPageTestCase - get driver
[INFO ] 2021-03-26 06:40:30.253 [TestNG-tests-1] hyscaleLoginPageTestCase - get driver
[INFO ] 2021-03-26 06:40:30.257 [TestNG-tests-1] hyscaleLoginPageTestCase - get driver
[INFO ] 2021-03-26 06:40:30.260 [TestNG-tests-1] hyscaleLoginPageTestCase - get driver
[INFO ] 2021-03-26 06:40:30.262 [TestNG-tests-1] hyscaleLoginPageTestCase - get driver
[INFO ] 2021-03-26 07:10:42.178 [TestNG-tests-1] hyscaleLoginPageTestCase - get driver
[INFO ] 2021-03-26 07:10:42.187 [TestNG-tests-1] hyscaleLoginPageTestCase - get driver
[INFO ] 2021-03-26 07:10:42.189 [TestNG-tests-1] hyscaleLoginPageTestCase - get driver
[INFO ] 2021-03-26 07:10:42.198 [TestNG-tests-1] hyscaleLoginPageTestCase - get driver
[INFO ] 2021-03-26 07:10:42.205 [TestNG-tests-1] hyscaleLoginPageTestCase - get driver
[INFO ] 2021-03-26 07:10:42.210 [TestNG-tests-1] hyscaleLoginPageTestCase - get driver
[INFO ] 2021-03-26 07:10:42.216 [TestNG-tests-1] hyscaleLoginPageTestCase - get driver
[INFO ] 2021-03-26 07:10:42.220 [TestNG-tests-1] hyscaleLoginPageTestCase - get driver
[INFO ] 2021-03-26 07:10:42.222 [TestNG-tests-1] hyscaleLoginPageTestCase - get driver
[INFO ] 2021-03-26 07:10:42.224 [TestNG-tests-1] hyscaleLoginPageTestCase - get driver
[INFO ] 2021-03-26 07:10:42.227 [TestNG-tests-1] hyscaleLoginPageTestCase - get driver
[INFO ] 2021-03-26 07:10:42.229 [TestNG-tests-1] hyscaleLoginPageTestCase - get driver
[INFO ] 2021-03-26 07:17:37.091 [TestNG-tests-1] hyscaleLoginPageTestCase - get driver
[INFO ] 2021-03-26 07:17:37.110 [TestNG-tests-1] hyscaleLoginPageTestCase - get driver
[INFO ] 2021-03-26 07:17:37.114 [TestNG-tests-1] hyscaleLoginPageTestCase - get driver
[INFO ] 2021-03-26 07:17:37.128 [TestNG-tests-1] hyscaleLoginPageTestCase - get driver
[INFO ] 2021-03-26 07:17:37.135 [TestNG-tests-1] hyscaleLoginPageTestCase - get driver
[INFO ] 2021-03-26 07:17:37.143 [TestNG-tests-1] hyscaleLoginPageTestCase - get driver
[INFO ] 2021-03-26 07:17:37.149 [TestNG-tests-1] hyscaleLoginPageTestCase - get driver
[INFO ] 2021-03-26 07:17:37.156 [TestNG-tests-1] hyscaleLoginPageTestCase - get driver
[INFO ] 2021-03-26 07:17:37.159 [TestNG-tests-1] hyscaleLoginPageTestCase - get driver
[INFO ] 2021-03-26 07:17:37.163 [TestNG-tests-1] hyscaleLoginPageTestCase - get driver
[INFO ] 2021-03-26 07:17:37.167 [TestNG-tests-1] hyscaleLoginPageTestCase - get driver
[INFO ] 2021-03-26 07:17:37.171 [TestNG-tests-1] hyscaleLoginPageTestCase - get driver
[INFO ] 2021-03-26 12:51:39.752 [TestNG-tests-1] hyscaleLoginPageTestCase - get driver
[INFO ] 2021-03-26 12:55:00.290 [TestNG-tests-1] hyscaleLoginPageTestCase - get driver
[INFO ] 2021-03-26 12:55:20.375 [TestNG-tests-1] hyscaleLoginPageTestCase - get driver
[INFO ] 2021-03-26 12:58:17.168 [TestNG-tests-1] hyscaleLoginPageTestCase - grid
[INFO ] 2021-03-26 12:58:18.802 [TestNG-tests-1] hyscaleLoginPageTestCase - get driver
[INFO ] 2021-03-26 13:01:39.262 [TestNG-tests-1] hyscaleLoginPageTestCase - get driver
[INFO ] 2021-03-26 13:01:59.319 [TestNG-tests-1] hyscaleLoginPageTestCase - get driver
[INFO ] 2021-03-26 13:02:26.840 [TestNG-tests-1] hyscaleLoginPageTestCase - grid
[INFO ] 2021-03-26 13:04:38.264 [TestNG-tests-1] hyscaleLoginPageTestCase - grid
[INFO ] 2021-03-26 13:04:41.558 [TestNG-tests-1] hyscaleLoginPageTestCase - test
[INFO ] 2021-03-26 13:04:41.840 [TestNG-tests-1] hyscaleLoginPageTestCase - get driver
[INFO ] 2021-03-26 13:05:50.802 [TestNG-tests-1] hyscaleLoginPageTestCase - grid
[INFO ] 2021-03-26 13:05:53.917 [TestNG-tests-1] hyscaleLoginPageTestCase - test
[INFO ] 2021-03-26 13:05:57.252 [TestNG-tests-1] hyscaleLoginPageTestCase - titletest
[INFO ] 2021-03-26 13:05:57.268 [TestNG-tests-1] hyscaleLoginPageTestCase - login page factory constructor
[INFO ] 2021-03-26 13:05:57.381 [TestNG-tests-1] hyscaleLoginPageTestCase - Logo test
[INFO ] 2021-03-26 13:06:15.022 [TestNG-tests-1] hyscaleLoginPageTestCase - login test is successful
[INFO ] 2021-03-26 13:06:15.022 [TestNG-tests-1] hyscaleLoginPageTestCase - Email  and passowrd entered
[INFO ] 2021-03-26 13:06:15.074 [TestNG-tests-1] hyscaleLoginPageTestCase - get driver
[INFO ] 2021-03-26 13:06:19.433 [TestNG-tests-1] hyscaleLoginPageTestCase - get driver
[INFO ] 2021-03-26 13:06:19.843 [TestNG-tests-1] PackageNegativeTestCases - packages testcase started
[INFO ] 2021-03-26 13:07:08.613 [TestNG-tests-1] hyscaleLoginPageTestCase - grid
[INFO ] 2021-03-26 13:07:16.747 [TestNG-tests-1] hyscaleLoginPageTestCase - test
[INFO ] 2021-03-26 13:07:20.296 [TestNG-tests-1] hyscaleLoginPageTestCase - titletest
[INFO ] 2021-03-26 13:07:20.319 [TestNG-tests-1] hyscaleLoginPageTestCase - login page factory constructor
[INFO ] 2021-03-26 13:07:20.430 [TestNG-tests-1] hyscaleLoginPageTestCase - Logo test
[INFO ] 2021-03-26 13:07:29.955 [TestNG-tests-1] hyscaleLoginPageTestCase - login test is successful
[INFO ] 2021-03-26 13:07:29.955 [TestNG-tests-1] hyscaleLoginPageTestCase - Email  and passowrd entered
[INFO ] 2021-03-26 13:07:29.991 [TestNG-tests-1] hyscaleLoginPageTestCase - get driver
[INFO ] 2021-03-26 13:07:32.716 [TestNG-tests-1] hyscaleLoginPageTestCase - get driver
[INFO ] 2021-03-26 13:07:33.007 [TestNG-tests-1] PackageNegativeTestCases - packages testcase started
[INFO ] 2021-03-26 13:07:43.011 [TestNG-tests-1] hyscaleLoginPageTestCase - get driver
[INFO ] 2021-03-26 13:07:55.012 [TestNG-tests-1] hyscaleLoginPageTestCase - get driver
[INFO ] 2021-03-26 13:07:55.638 [TestNG-tests-1] PackageNegativeTestCases - base images testcases started
[INFO ] 2021-03-26 13:08:14.952 [TestNG-tests-1] hyscaleLoginPageTestCase - get driver
[INFO ] 2021-03-26 13:08:18.026 [TestNG-tests-1] hyscaleLoginPageTestCase - get driver
[INFO ] 2021-03-26 13:08:18.122 [TestNG-tests-1] PackageNegativeTestCases - agent images testcases started
[INFO ] 2021-03-26 13:08:23.911 [TestNG-tests-1] hyscaleLoginPageTestCase - get driver
[INFO ] 2021-03-26 13:08:28.275 [TestNG-tests-1] hyscaleLoginPageTestCase - get driver
[INFO ] 2021-03-26 13:08:30.077 [TestNG-tests-1] hyscaleLoginPageTestCase - get driver
[INFO ] 2021-03-26 13:08:33.512 [TestNG-tests-1] hyscaleLoginPageTestCase - get driver
[INFO ] 2021-03-26 13:08:36.468 [TestNG-tests-1] hyscaleLoginPageTestCase - get driver
[INFO ] 2021-03-26 13:08:36.707 [TestNG-tests-1] containerRegistryNegativeTestCases - artifactRepo testcases started
[INFO ] 2021-03-26 13:08:38.323 [TestNG-tests-1] hyscaleLoginPageTestCase - get driver
[INFO ] 2021-03-26 13:08:41.764 [main] hyscaleLoginPageTestCase - ended
[INFO ] 2021-03-26 07:49:23.971 [TestNG-tests-1] hyscaleLoginPageTestCase - grid
[INFO ] 2021-03-26 07:49:38.977 [TestNG-tests-1] hyscaleLoginPageTestCase - get driver
[INFO ] 2021-03-26 07:49:38.983 [TestNG-tests-1] hyscaleLoginPageTestCase - get driver
[INFO ] 2021-03-26 07:49:38.985 [TestNG-tests-1] hyscaleLoginPageTestCase - get driver
[INFO ] 2021-03-26 07:49:38.992 [TestNG-tests-1] hyscaleLoginPageTestCase - get driver
[INFO ] 2021-03-26 07:49:39.002 [TestNG-tests-1] hyscaleLoginPageTestCase - get driver
[INFO ] 2021-03-26 07:49:39.010 [TestNG-tests-1] hyscaleLoginPageTestCase - get driver
[INFO ] 2021-03-26 07:49:39.022 [TestNG-tests-1] hyscaleLoginPageTestCase - get driver
[INFO ] 2021-03-26 07:49:39.030 [TestNG-tests-1] hyscaleLoginPageTestCase - get driver
[INFO ] 2021-03-26 07:49:39.033 [TestNG-tests-1] hyscaleLoginPageTestCase - get driver
[INFO ] 2021-03-26 07:49:39.036 [TestNG-tests-1] hyscaleLoginPageTestCase - get driver
[INFO ] 2021-03-26 07:49:39.044 [TestNG-tests-1] hyscaleLoginPageTestCase - get driver
[INFO ] 2021-03-26 07:49:39.053 [TestNG-tests-1] hyscaleLoginPageTestCase - get driver
[INFO ] 2021-03-26 07:53:36.441 [TestNG-tests-1] hyscaleLoginPageTestCase - grid
[INFO ] 2021-03-26 07:53:39.717 [TestNG-tests-1] hyscaleLoginPageTestCase - get driver
[INFO ] 2021-03-26 07:53:39.723 [TestNG-tests-1] hyscaleLoginPageTestCase - get driver
[INFO ] 2021-03-26 07:53:39.725 [TestNG-tests-1] hyscaleLoginPageTestCase - get driver
[INFO ] 2021-03-26 07:53:39.731 [TestNG-tests-1] hyscaleLoginPageTestCase - get driver
[INFO ] 2021-03-26 07:53:39.742 [TestNG-tests-1] hyscaleLoginPageTestCase - get driver
[INFO ] 2021-03-26 07:53:39.747 [TestNG-tests-1] hyscaleLoginPageTestCase - get driver
[INFO ] 2021-03-26 07:53:39.755 [TestNG-tests-1] hyscaleLoginPageTestCase - get driver
[INFO ] 2021-03-26 07:53:39.765 [TestNG-tests-1] hyscaleLoginPageTestCase - get driver
[INFO ] 2021-03-26 07:53:39.767 [TestNG-tests-1] hyscaleLoginPageTestCase - get driver
[INFO ] 2021-03-26 07:53:39.770 [TestNG-tests-1] hyscaleLoginPageTestCase - get driver
[INFO ] 2021-03-26 07:53:39.774 [TestNG-tests-1] hyscaleLoginPageTestCase - get driver
[INFO ] 2021-03-26 07:53:39.777 [TestNG-tests-1] hyscaleLoginPageTestCase - get driver
[INFO ] 2021-03-26 07:58:28.335 [TestNG-tests-1] hyscaleLoginPageTestCase - grid
[INFO ] 2021-03-26 07:58:31.392 [TestNG-tests-1] hyscaleLoginPageTestCase - get driver
[INFO ] 2021-03-26 07:58:31.399 [TestNG-tests-1] hyscaleLoginPageTestCase - get driver
[INFO ] 2021-03-26 07:58:31.401 [TestNG-tests-1] hyscaleLoginPageTestCase - get driver
[INFO ] 2021-03-26 07:58:31.407 [TestNG-tests-1] hyscaleLoginPageTestCase - get driver
[INFO ] 2021-03-26 07:58:31.418 [TestNG-tests-1] hyscaleLoginPageTestCase - get driver
[INFO ] 2021-03-26 07:58:31.424 [TestNG-tests-1] hyscaleLoginPageTestCase - get driver
[INFO ] 2021-03-26 07:58:31.434 [TestNG-tests-1] hyscaleLoginPageTestCase - get driver
[INFO ] 2021-03-26 07:58:31.440 [TestNG-tests-1] hyscaleLoginPageTestCase - get driver
[INFO ] 2021-03-26 07:58:31.442 [TestNG-tests-1] hyscaleLoginPageTestCase - get driver
[INFO ] 2021-03-26 07:58:31.445 [TestNG-tests-1] hyscaleLoginPageTestCase - get driver
[INFO ] 2021-03-26 07:58:31.448 [TestNG-tests-1] hyscaleLoginPageTestCase - get driver
[INFO ] 2021-03-26 07:58:31.451 [TestNG-tests-1] hyscaleLoginPageTestCase - get driver
[INFO ] 2021-03-26 08:06:19.559 [TestNG-tests-1] hyscaleLoginPageTestCase - grid
[INFO ] 2021-03-26 08:06:24.074 [TestNG-tests-1] hyscaleLoginPageTestCase - test
[INFO ] 2021-03-26 08:06:28.550 [TestNG-tests-1] hyscaleLoginPageTestCase - titletest
[INFO ] 2021-03-26 08:06:28.583 [TestNG-tests-1] hyscaleLoginPageTestCase - login page factory constructor
[INFO ] 2021-03-26 08:06:28.683 [TestNG-tests-1] hyscaleLoginPageTestCase - Logo test
[INFO ] 2021-03-26 08:06:39.110 [TestNG-tests-1] hyscaleLoginPageTestCase - login test is successful
[INFO ] 2021-03-26 08:06:39.110 [TestNG-tests-1] hyscaleLoginPageTestCase - Email  and passowrd entered
[INFO ] 2021-03-26 08:06:39.173 [TestNG-tests-1] hyscaleLoginPageTestCase - get driver
[INFO ] 2021-03-26 08:06:41.464 [TestNG-tests-1] hyscaleLoginPageTestCase - get driver
[INFO ] 2021-03-26 08:06:41.825 [TestNG-tests-1] PackageNegativeTestCases - packages testcase started
[INFO ] 2021-03-26 08:06:49.473 [TestNG-tests-1] hyscaleLoginPageTestCase - get driver
[INFO ] 2021-03-26 08:06:57.022 [TestNG-tests-1] hyscaleLoginPageTestCase - get driver
[INFO ] 2021-03-26 08:06:57.709 [TestNG-tests-1] PackageNegativeTestCases - base images testcases started
[INFO ] 2021-03-26 08:07:18.727 [TestNG-tests-1] hyscaleLoginPageTestCase - get driver
[INFO ] 2021-03-26 08:07:21.632 [TestNG-tests-1] hyscaleLoginPageTestCase - get driver
[INFO ] 2021-03-26 08:07:21.742 [TestNG-tests-1] PackageNegativeTestCases - agent images testcases started
[INFO ] 2021-03-26 08:07:28.225 [TestNG-tests-1] hyscaleLoginPageTestCase - get driver
[INFO ] 2021-03-26 08:07:30.672 [TestNG-tests-1] hyscaleLoginPageTestCase - get driver
[INFO ] 2021-03-26 08:07:32.744 [TestNG-tests-1] hyscaleLoginPageTestCase - get driver
[INFO ] 2021-03-26 08:07:36.282 [TestNG-tests-1] hyscaleLoginPageTestCase - get driver
[INFO ] 2021-03-26 08:07:39.233 [TestNG-tests-1] hyscaleLoginPageTestCase - get driver
[INFO ] 2021-03-26 08:07:39.538 [TestNG-tests-1] containerRegistryNegativeTestCases - artifactRepo testcases started
[INFO ] 2021-03-26 08:07:41.449 [TestNG-tests-1] hyscaleLoginPageTestCase - get driver
[INFO ] 2021-03-26 08:07:43.584 [main] hyscaleLoginPageTestCase - ended
[INFO ] 2021-03-26 08:47:16.567 [TestNG-tests-1] hyscaleLoginPageTestCase - grid
[INFO ] 2021-03-26 08:47:24.073 [TestNG-tests-1] hyscaleLoginPageTestCase - test
[INFO ] 2021-03-26 08:47:32.535 [TestNG-tests-1] hyscaleLoginPageTestCase - titletest
[INFO ] 2021-03-26 08:47:33.389 [TestNG-tests-1] hyscaleLoginPageTestCase - login page factory constructor
[INFO ] 2021-03-26 08:47:33.472 [TestNG-tests-1] hyscaleLoginPageTestCase - Logo test
[INFO ] 2021-03-26 08:47:56.795 [TestNG-tests-1] hyscaleLoginPageTestCase - login test is successful
[INFO ] 2021-03-26 08:47:56.795 [TestNG-tests-1] hyscaleLoginPageTestCase - Email  and passowrd entered
[INFO ] 2021-03-26 08:47:56.829 [TestNG-tests-1] hyscaleLoginPageTestCase - get driver
[INFO ] 2021-03-26 08:48:01.341 [TestNG-tests-1] hyscaleLoginPageTestCase - get driver
[INFO ] 2021-03-26 08:48:01.645 [TestNG-tests-1] PackageNegativeTestCases - packages testcase started
[INFO ] 2021-03-26 09:07:35.233 [TestNG-tests-1] hyscaleLoginPageTestCase - grid
[INFO ] 2021-03-26 09:07:40.341 [TestNG-tests-1] hyscaleLoginPageTestCase - test
[INFO ] 2021-03-26 09:07:40.512 [TestNG-tests-1] hyscaleLoginPageTestCase - get driver
[INFO ] 2021-03-26 09:16:15.913 [TestNG-tests-1] hyscaleLoginPageTestCase - grid
[INFO ] 2021-03-26 09:16:20.969 [TestNG-tests-1] hyscaleLoginPageTestCase - test
[INFO ] 2021-03-26 09:16:21.151 [TestNG-tests-1] hyscaleLoginPageTestCase - get driver
[INFO ] 2021-03-26 09:26:17.105 [TestNG-tests-1] hyscaleLoginPageTestCase - grid
[INFO ] 2021-03-26 09:26:33.860 [TestNG-tests-1] hyscaleLoginPageTestCase - test
[INFO ] 2021-03-26 09:26:34.028 [TestNG-tests-1] hyscaleLoginPageTestCase - get driver
[INFO ] 2021-03-26 14:57:23.643 [TestNG-tests-1] hyscaleLoginPageTestCase - grid
[INFO ] 2021-03-26 14:57:26.581 [TestNG-tests-1] hyscaleLoginPageTestCase - test
[INFO ] 2021-03-26 14:57:26.907 [TestNG-tests-1] hyscaleLoginPageTestCase - get driver
[INFO ] 2021-03-26 14:58:59.440 [TestNG-tests-1] hyscaleLoginPageTestCase - grid
[INFO ] 2021-03-26 14:59:01.226 [TestNG-tests-1] hyscaleLoginPageTestCase - test
[INFO ] 2021-03-26 14:59:04.491 [TestNG-tests-1] hyscaleLoginPageTestCase - titletest
[INFO ] 2021-03-26 14:59:04.508 [TestNG-tests-1] hyscaleLoginPageTestCase - login page factory constructor
[INFO ] 2021-03-26 14:59:04.584 [TestNG-tests-1] hyscaleLoginPageTestCase - Logo test
[INFO ] 2021-03-26 14:59:21.460 [TestNG-tests-1] hyscaleLoginPageTestCase - login test is successful
[INFO ] 2021-03-26 14:59:21.461 [TestNG-tests-1] hyscaleLoginPageTestCase - Email  and passowrd entered
[INFO ] 2021-03-26 14:59:21.488 [TestNG-tests-1] hyscaleLoginPageTestCase - get driver
[INFO ] 2021-03-26 14:59:24.993 [TestNG-tests-1] hyscaleLoginPageTestCase - get driver
[INFO ] 2021-03-26 14:59:25.385 [TestNG-tests-1] PackageNegativeTestCases - packages testcase started
[INFO ] 2021-03-26 14:59:32.924 [TestNG-tests-1] hyscaleLoginPageTestCase - get driver
[INFO ] 2021-03-26 14:59:46.711 [TestNG-tests-1] hyscaleLoginPageTestCase - get driver
[INFO ] 2021-03-26 14:59:47.275 [TestNG-tests-1] PackageNegativeTestCases - base images testcases started
[INFO ] 2021-03-26 15:00:09.556 [TestNG-tests-1] hyscaleLoginPageTestCase - get driver
[INFO ] 2021-03-26 15:00:12.935 [TestNG-tests-1] hyscaleLoginPageTestCase - get driver
[INFO ] 2021-03-26 15:00:13.062 [TestNG-tests-1] PackageNegativeTestCases - agent images testcases started
[INFO ] 2021-03-26 15:00:19.939 [TestNG-tests-1] hyscaleLoginPageTestCase - get driver
[INFO ] 2021-03-26 15:00:24.573 [TestNG-tests-1] hyscaleLoginPageTestCase - get driver
[INFO ] 2021-03-26 15:00:26.850 [TestNG-tests-1] hyscaleLoginPageTestCase - get driver
[INFO ] 2021-03-26 15:00:31.165 [TestNG-tests-1] hyscaleLoginPageTestCase - get driver
[INFO ] 2021-03-26 15:00:33.606 [TestNG-tests-1] hyscaleLoginPageTestCase - get driver
[INFO ] 2021-03-26 15:00:33.886 [TestNG-tests-1] containerRegistryNegativeTestCases - artifactRepo testcases started
[INFO ] 2021-03-26 15:00:35.961 [TestNG-tests-1] hyscaleLoginPageTestCase - get driver
[INFO ] 2021-03-26 15:00:39.254 [main] hyscaleLoginPageTestCase - ended
[INFO ] 2021-03-26 15:01:47.545 [TestNG-tests-1] hyscaleLoginPageTestCase - grid
[INFO ] 2021-03-26 15:01:48.878 [TestNG-tests-1] hyscaleLoginPageTestCase - test
[INFO ] 2021-03-26 15:01:52.123 [TestNG-tests-1] hyscaleLoginPageTestCase - titletest
[INFO ] 2021-03-26 15:01:52.140 [TestNG-tests-1] hyscaleLoginPageTestCase - login page factory constructor
[INFO ] 2021-03-26 15:01:52.203 [TestNG-tests-1] hyscaleLoginPageTestCase - Logo test
[INFO ] 2021-03-26 15:02:05.797 [TestNG-tests-1] hyscaleLoginPageTestCase - login test is successful
[INFO ] 2021-03-26 15:02:05.797 [TestNG-tests-1] hyscaleLoginPageTestCase - Email  and passowrd entered
[INFO ] 2021-03-26 15:02:05.849 [TestNG-tests-1] hyscaleLoginPageTestCase - get driver
[INFO ] 2021-03-26 15:02:09.408 [TestNG-tests-1] hyscaleLoginPageTestCase - get driver
[INFO ] 2021-03-26 15:02:09.723 [TestNG-tests-1] PackageNegativeTestCases - packages testcase started
[INFO ] 2021-03-26 15:02:17.630 [TestNG-tests-1] hyscaleLoginPageTestCase - get driver
[INFO ] 2021-03-26 15:02:25.731 [TestNG-tests-1] hyscaleLoginPageTestCase - get driver
[INFO ] 2021-03-26 15:02:26.228 [TestNG-tests-1] PackageNegativeTestCases - base images testcases started
[INFO ] 2021-03-26 15:02:44.297 [TestNG-tests-1] hyscaleLoginPageTestCase - get driver
[INFO ] 2021-03-26 15:02:46.996 [TestNG-tests-1] hyscaleLoginPageTestCase - get driver
[INFO ] 2021-03-26 15:02:47.105 [TestNG-tests-1] PackageNegativeTestCases - agent images testcases started
[INFO ] 2021-03-26 15:02:53.687 [TestNG-tests-1] hyscaleLoginPageTestCase - get driver
[INFO ] 2021-03-26 15:02:56.213 [TestNG-tests-1] hyscaleLoginPageTestCase - get driver
[INFO ] 2021-03-26 15:02:58.524 [TestNG-tests-1] hyscaleLoginPageTestCase - get driver
[INFO ] 2021-03-26 15:03:02.262 [TestNG-tests-1] hyscaleLoginPageTestCase - get driver
[INFO ] 2021-03-26 15:03:05.396 [TestNG-tests-1] hyscaleLoginPageTestCase - get driver
[INFO ] 2021-03-26 15:03:05.666 [TestNG-tests-1] containerRegistryNegativeTestCases - artifactRepo testcases started
[INFO ] 2021-03-26 15:03:07.552 [TestNG-tests-1] hyscaleLoginPageTestCase - get driver
[INFO ] 2021-03-26 15:03:10.337 [main] hyscaleLoginPageTestCase - ended
[INFO ] 2021-03-26 09:42:34.864 [TestNG-tests-1] hyscaleLoginPageTestCase - grid
[INFO ] 2021-03-26 09:42:39.394 [TestNG-tests-1] hyscaleLoginPageTestCase - test
[INFO ] 2021-03-26 09:42:43.199 [TestNG-tests-1] hyscaleLoginPageTestCase - titletest
[INFO ] 2021-03-26 09:42:43.233 [TestNG-tests-1] hyscaleLoginPageTestCase - login page factory constructor
[INFO ] 2021-03-26 09:42:43.369 [TestNG-tests-1] hyscaleLoginPageTestCase - Logo test
[INFO ] 2021-03-26 09:42:54.609 [TestNG-tests-1] hyscaleLoginPageTestCase - login test is successful
[INFO ] 2021-03-26 09:42:54.609 [TestNG-tests-1] hyscaleLoginPageTestCase - Email  and passowrd entered
[INFO ] 2021-03-26 09:42:54.643 [TestNG-tests-1] hyscaleLoginPageTestCase - get driver
[INFO ] 2021-03-26 09:42:56.974 [TestNG-tests-1] hyscaleLoginPageTestCase - get driver
[INFO ] 2021-03-26 09:42:57.283 [TestNG-tests-1] PackageNegativeTestCases - packages testcase started
[INFO ] 2021-03-26 09:43:04.575 [TestNG-tests-1] hyscaleLoginPageTestCase - get driver
[INFO ] 2021-03-26 09:43:11.957 [TestNG-tests-1] hyscaleLoginPageTestCase - get driver
[INFO ] 2021-03-26 09:43:12.399 [TestNG-tests-1] PackageNegativeTestCases - base images testcases started
[INFO ] 2021-03-26 09:43:30.555 [TestNG-tests-1] hyscaleLoginPageTestCase - get driver
[INFO ] 2021-03-26 09:43:33.331 [TestNG-tests-1] hyscaleLoginPageTestCase - get driver
[INFO ] 2021-03-26 09:43:33.444 [TestNG-tests-1] PackageNegativeTestCases - agent images testcases started
[INFO ] 2021-03-26 09:43:39.989 [TestNG-tests-1] hyscaleLoginPageTestCase - get driver
[INFO ] 2021-03-26 09:43:42.459 [TestNG-tests-1] hyscaleLoginPageTestCase - get driver
[INFO ] 2021-03-26 09:43:44.722 [TestNG-tests-1] hyscaleLoginPageTestCase - get driver
[INFO ] 2021-03-26 09:43:48.439 [TestNG-tests-1] hyscaleLoginPageTestCase - get driver
[INFO ] 2021-03-26 09:43:52.003 [TestNG-tests-1] hyscaleLoginPageTestCase - get driver
[INFO ] 2021-03-26 09:43:52.289 [TestNG-tests-1] containerRegistryNegativeTestCases - artifactRepo testcases started
[INFO ] 2021-03-26 09:43:54.250 [TestNG-tests-1] hyscaleLoginPageTestCase - get driver
[INFO ] 2021-03-26 09:43:56.541 [main] hyscaleLoginPageTestCase - ended
