[INFO ] 2021-02-05 13:12:42.786 [main] hyscaleLoginPageTestCase - chromebrowser started
[INFO ] 2021-02-05 13:12:45.706 [main] hyscaleLoginPageTestCase - titletest
[INFO ] 2021-02-05 13:12:45.791 [main] hyscaleLoginPageTestCase - login page factory constructor
[INFO ] 2021-02-05 13:12:45.854 [main] hyscaleLoginPageTestCase - Logo test
[INFO ] 2021-02-05 13:12:55.840 [main] hyscaleLoginPageTestCase - login test is successful
[INFO ] 2021-02-05 13:12:55.841 [main] hyscaleLoginPageTestCase - Email  and passowrd entered
[INFO ] 2021-02-05 13:12:55.866 [main] hyscaleLoginPageTestCase - home page factory constructor
[INFO ] 2021-02-05 13:12:55.919 [main] hyscaleLoginPageTestCase - verified the login user
[INFO ] 2021-02-05 13:12:55.921 [main] hyscaleLoginPageTestCase - get driver
[INFO ] 2021-02-05 13:12:56.293 [main] PackageNegativeTestCases - packages testcase started
[INFO ] 2021-02-05 13:13:02.378 [main] hyscaleLoginPageTestCase - get driver
[INFO ] 2021-02-05 13:13:03.180 [main] PackageNegativeTestCases - base images testcases started
[INFO ] 2021-02-05 13:13:09.718 [main] hyscaleLoginPageTestCase - get driver
[INFO ] 2021-02-05 13:13:12.167 [main] hyscaleLoginPageTestCase - get driver
[INFO ] 2021-02-05 13:13:12.776 [main] PackageNegativeTestCases - agent images testcases started
[INFO ] 2021-02-05 13:13:17.774 [main] hyscaleLoginPageTestCase - ended
[INFO ] 2021-02-05 13:14:07.915 [main] hyscaleLoginPageTestCase - chromebrowser started
[INFO ] 2021-02-05 13:14:10.945 [main] hyscaleLoginPageTestCase - titletest
[INFO ] 2021-02-05 13:14:10.964 [main] hyscaleLoginPageTestCase - login page factory constructor
[INFO ] 2021-02-05 13:14:11.026 [main] hyscaleLoginPageTestCase - Logo test
[INFO ] 2021-02-05 13:14:15.905 [main] hyscaleLoginPageTestCase - login test is successful
[INFO ] 2021-02-05 13:14:15.905 [main] hyscaleLoginPageTestCase - Email  and passowrd entered
[INFO ] 2021-02-05 13:14:15.910 [main] hyscaleLoginPageTestCase - home page factory constructor
[INFO ] 2021-02-05 13:14:15.945 [main] hyscaleLoginPageTestCase - verified the login user
[INFO ] 2021-02-05 13:14:15.946 [main] hyscaleLoginPageTestCase - get driver
[INFO ] 2021-02-05 13:14:16.298 [main] PackageNegativeTestCases - packages testcase started
[INFO ] 2021-02-05 13:14:22.306 [main] hyscaleLoginPageTestCase - get driver
[INFO ] 2021-02-05 13:14:23.126 [main] PackageNegativeTestCases - base images testcases started
[INFO ] 2021-02-05 13:14:29.490 [main] hyscaleLoginPageTestCase - get driver
[INFO ] 2021-02-05 13:14:31.922 [main] hyscaleLoginPageTestCase - get driver
[INFO ] 2021-02-05 13:14:32.596 [main] PackageNegativeTestCases - agent images testcases started
[INFO ] 2021-02-05 13:43:03.687 [main] hyscaleLoginPageTestCase - chromebrowser started
[INFO ] 2021-02-05 13:43:07.646 [main] hyscaleLoginPageTestCase - titletest
[INFO ] 2021-02-05 13:43:07.664 [main] hyscaleLoginPageTestCase - login page factory constructor
[INFO ] 2021-02-05 13:43:07.722 [main] hyscaleLoginPageTestCase - Logo test
[INFO ] 2021-02-05 13:43:15.347 [main] hyscaleLoginPageTestCase - login test is successful
[INFO ] 2021-02-05 13:43:15.347 [main] hyscaleLoginPageTestCase - Email  and passowrd entered
[INFO ] 2021-02-05 13:43:15.352 [main] hyscaleLoginPageTestCase - home page factory constructor
[INFO ] 2021-02-05 13:43:15.389 [main] hyscaleLoginPageTestCase - verified the login user
[INFO ] 2021-02-05 13:43:15.390 [main] hyscaleLoginPageTestCase - get driver
[INFO ] 2021-02-05 13:43:15.702 [main] PackageNegativeTestCases - packages testcase started
[INFO ] 2021-02-05 13:43:21.397 [main] hyscaleLoginPageTestCase - get driver
[INFO ] 2021-02-05 13:43:22.225 [main] PackageNegativeTestCases - base images testcases started
[INFO ] 2021-02-05 13:43:28.609 [main] hyscaleLoginPageTestCase - get driver
[INFO ] 2021-02-05 13:43:31.077 [main] hyscaleLoginPageTestCase - get driver
[INFO ] 2021-02-05 13:43:31.731 [main] PackageNegativeTestCases - agent images testcases started
[INFO ] 2021-02-05 13:47:06.182 [main] hyscaleLoginPageTestCase - chromebrowser started
[INFO ] 2021-02-05 13:47:09.054 [main] hyscaleLoginPageTestCase - titletest
[INFO ] 2021-02-05 13:47:09.075 [main] hyscaleLoginPageTestCase - login page factory constructor
[INFO ] 2021-02-05 13:47:09.138 [main] hyscaleLoginPageTestCase - Logo test
[INFO ] 2021-02-05 13:47:17.970 [main] hyscaleLoginPageTestCase - login test is successful
[INFO ] 2021-02-05 13:47:17.970 [main] hyscaleLoginPageTestCase - Email  and passowrd entered
[INFO ] 2021-02-05 13:47:17.974 [main] hyscaleLoginPageTestCase - home page factory constructor
[INFO ] 2021-02-05 13:47:18.009 [main] hyscaleLoginPageTestCase - verified the login user
[INFO ] 2021-02-05 13:47:18.012 [main] hyscaleLoginPageTestCase - get driver
[INFO ] 2021-02-05 13:47:18.309 [main] PackageNegativeTestCases - packages testcase started
[INFO ] 2021-02-05 13:47:24.741 [main] hyscaleLoginPageTestCase - get driver
[INFO ] 2021-02-05 13:47:25.569 [main] PackageNegativeTestCases - base images testcases started
[INFO ] 2021-02-05 13:47:33.127 [main] hyscaleLoginPageTestCase - get driver
[INFO ] 2021-02-05 13:47:35.669 [main] hyscaleLoginPageTestCase - get driver
[INFO ] 2021-02-05 13:47:36.339 [main] PackageNegativeTestCases - agent images testcases started
[INFO ] 2021-02-05 13:48:55.419 [main] hyscaleLoginPageTestCase - chromebrowser started
[INFO ] 2021-02-05 13:48:58.210 [main] hyscaleLoginPageTestCase - titletest
[INFO ] 2021-02-05 13:48:58.232 [main] hyscaleLoginPageTestCase - login page factory constructor
[INFO ] 2021-02-05 13:48:58.290 [main] hyscaleLoginPageTestCase - Logo test
[INFO ] 2021-02-05 13:49:07.641 [main] hyscaleLoginPageTestCase - login test is successful
[INFO ] 2021-02-05 13:49:07.642 [main] hyscaleLoginPageTestCase - Email  and passowrd entered
[INFO ] 2021-02-05 13:49:07.647 [main] hyscaleLoginPageTestCase - home page factory constructor
[INFO ] 2021-02-05 13:49:07.684 [main] hyscaleLoginPageTestCase - verified the login user
[INFO ] 2021-02-05 13:49:07.685 [main] hyscaleLoginPageTestCase - get driver
[INFO ] 2021-02-05 13:49:07.992 [main] PackageNegativeTestCases - packages testcase started
[INFO ] 2021-02-05 13:49:13.929 [main] hyscaleLoginPageTestCase - get driver
[INFO ] 2021-02-05 13:49:14.713 [main] PackageNegativeTestCases - base images testcases started
[INFO ] 2021-02-05 13:49:21.057 [main] hyscaleLoginPageTestCase - get driver
[INFO ] 2021-02-05 13:49:23.605 [main] hyscaleLoginPageTestCase - get driver
[INFO ] 2021-02-05 13:49:24.221 [main] PackageNegativeTestCases - agent images testcases started
[INFO ] 2021-02-05 13:52:27.928 [main] hyscaleLoginPageTestCase - chromebrowser started
[INFO ] 2021-02-05 13:52:30.800 [main] hyscaleLoginPageTestCase - titletest
[INFO ] 2021-02-05 13:52:30.821 [main] hyscaleLoginPageTestCase - login page factory constructor
[INFO ] 2021-02-05 13:52:30.881 [main] hyscaleLoginPageTestCase - Logo test
[INFO ] 2021-02-05 13:52:39.350 [main] hyscaleLoginPageTestCase - login test is successful
[INFO ] 2021-02-05 13:52:39.350 [main] hyscaleLoginPageTestCase - Email  and passowrd entered
[INFO ] 2021-02-05 13:52:39.354 [main] hyscaleLoginPageTestCase - home page factory constructor
[INFO ] 2021-02-05 13:52:39.393 [main] hyscaleLoginPageTestCase - verified the login user
[INFO ] 2021-02-05 13:52:39.395 [main] hyscaleLoginPageTestCase - get driver
[INFO ] 2021-02-05 13:52:39.699 [main] PackageNegativeTestCases - packages testcase started
[INFO ] 2021-02-05 13:52:45.625 [main] hyscaleLoginPageTestCase - get driver
[INFO ] 2021-02-05 13:52:46.363 [main] PackageNegativeTestCases - base images testcases started
[INFO ] 2021-02-05 13:52:52.608 [main] hyscaleLoginPageTestCase - get driver
[INFO ] 2021-02-05 13:52:55.190 [main] hyscaleLoginPageTestCase - get driver
[INFO ] 2021-02-05 13:52:55.830 [main] PackageNegativeTestCases - agent images testcases started
[INFO ] 2021-02-05 13:53:38.482 [main] hyscaleLoginPageTestCase - chromebrowser started
[INFO ] 2021-02-05 13:53:41.518 [main] hyscaleLoginPageTestCase - titletest
[INFO ] 2021-02-05 13:53:41.541 [main] hyscaleLoginPageTestCase - login page factory constructor
[INFO ] 2021-02-05 13:53:41.593 [main] hyscaleLoginPageTestCase - Logo test
[INFO ] 2021-02-05 13:53:51.122 [main] hyscaleLoginPageTestCase - login test is successful
[INFO ] 2021-02-05 13:53:51.122 [main] hyscaleLoginPageTestCase - Email  and passowrd entered
[INFO ] 2021-02-05 13:53:51.126 [main] hyscaleLoginPageTestCase - home page factory constructor
[INFO ] 2021-02-05 13:53:51.157 [main] hyscaleLoginPageTestCase - verified the login user
[INFO ] 2021-02-05 13:53:51.159 [main] hyscaleLoginPageTestCase - get driver
[INFO ] 2021-02-05 13:53:51.445 [main] PackageNegativeTestCases - packages testcase started
[INFO ] 2021-02-05 13:53:56.831 [main] hyscaleLoginPageTestCase - get driver
[INFO ] 2021-02-05 13:53:57.661 [main] PackageNegativeTestCases - base images testcases started
[INFO ] 2021-02-05 13:54:03.999 [main] hyscaleLoginPageTestCase - get driver
[INFO ] 2021-02-05 13:54:06.385 [main] hyscaleLoginPageTestCase - get driver
[INFO ] 2021-02-05 13:54:06.998 [main] PackageNegativeTestCases - agent images testcases started
[INFO ] 2021-02-05 15:11:42.225 [main] hyscaleLoginPageTestCase - chromebrowser started
[INFO ] 2021-02-05 15:11:45.088 [main] hyscaleLoginPageTestCase - titletest
[INFO ] 2021-02-05 15:11:45.115 [main] hyscaleLoginPageTestCase - login page factory constructor
[INFO ] 2021-02-05 15:11:45.217 [main] hyscaleLoginPageTestCase - Logo test
[INFO ] 2021-02-05 15:11:50.852 [main] hyscaleLoginPageTestCase - login test is successful
[INFO ] 2021-02-05 15:11:50.854 [main] hyscaleLoginPageTestCase - Email  and passowrd entered
[INFO ] 2021-02-05 15:11:50.864 [main] hyscaleLoginPageTestCase - home page factory constructor
[INFO ] 2021-02-05 15:11:50.981 [main] hyscaleLoginPageTestCase - verified the login user
[INFO ] 2021-02-05 15:11:50.989 [main] hyscaleLoginPageTestCase - get driver
[INFO ] 2021-02-05 15:11:51.420 [main] PackageNegativeTestCases - packages testcase started
[INFO ] 2021-02-05 15:11:57.860 [main] hyscaleLoginPageTestCase - get driver
[INFO ] 2021-02-05 15:11:58.669 [main] PackageNegativeTestCases - base images testcases started
[INFO ] 2021-02-05 15:12:05.042 [main] hyscaleLoginPageTestCase - get driver
[INFO ] 2021-02-05 15:12:07.554 [main] hyscaleLoginPageTestCase - get driver
[INFO ] 2021-02-05 15:12:08.246 [main] PackageNegativeTestCases - agent images testcases started
[INFO ] 2021-02-05 15:14:41.151 [main] hyscaleLoginPageTestCase - chromebrowser started
[INFO ] 2021-02-05 15:14:44.498 [main] hyscaleLoginPageTestCase - titletest
[INFO ] 2021-02-05 15:14:44.518 [main] hyscaleLoginPageTestCase - login page factory constructor
[INFO ] 2021-02-05 15:14:44.580 [main] hyscaleLoginPageTestCase - Logo test
[INFO ] 2021-02-05 15:14:52.524 [main] hyscaleLoginPageTestCase - login test is successful
[INFO ] 2021-02-05 15:14:52.524 [main] hyscaleLoginPageTestCase - Email  and passowrd entered
[INFO ] 2021-02-05 15:14:52.528 [main] hyscaleLoginPageTestCase - home page factory constructor
[INFO ] 2021-02-05 15:14:52.564 [main] hyscaleLoginPageTestCase - verified the login user
[INFO ] 2021-02-05 15:14:52.565 [main] hyscaleLoginPageTestCase - get driver
[INFO ] 2021-02-05 15:14:52.864 [main] PackageNegativeTestCases - packages testcase started
[INFO ] 2021-02-05 15:14:59.271 [main] hyscaleLoginPageTestCase - get driver
[INFO ] 2021-02-05 15:15:00.119 [main] PackageNegativeTestCases - base images testcases started
[INFO ] 2021-02-05 15:15:06.537 [main] hyscaleLoginPageTestCase - get driver
[INFO ] 2021-02-05 15:15:09.063 [main] hyscaleLoginPageTestCase - get driver
[INFO ] 2021-02-05 15:15:09.736 [main] PackageNegativeTestCases - agent images testcases started
[INFO ] 2021-02-05 15:16:07.102 [main] hyscaleLoginPageTestCase - chromebrowser started
[INFO ] 2021-02-05 15:16:10.003 [main] hyscaleLoginPageTestCase - titletest
[INFO ] 2021-02-05 15:16:10.022 [main] hyscaleLoginPageTestCase - login page factory constructor
[INFO ] 2021-02-05 15:16:10.084 [main] hyscaleLoginPageTestCase - Logo test
[INFO ] 2021-02-05 15:16:19.565 [main] hyscaleLoginPageTestCase - login test is successful
[INFO ] 2021-02-05 15:16:19.565 [main] hyscaleLoginPageTestCase - Email  and passowrd entered
[INFO ] 2021-02-05 15:16:19.567 [main] hyscaleLoginPageTestCase - home page factory constructor
[INFO ] 2021-02-05 15:16:19.602 [main] hyscaleLoginPageTestCase - verified the login user
[INFO ] 2021-02-05 15:16:19.604 [main] hyscaleLoginPageTestCase - get driver
[INFO ] 2021-02-05 15:16:19.893 [main] PackageNegativeTestCases - packages testcase started
[INFO ] 2021-02-05 15:16:26.228 [main] hyscaleLoginPageTestCase - get driver
[INFO ] 2021-02-05 15:16:27.025 [main] PackageNegativeTestCases - base images testcases started
[INFO ] 2021-02-05 15:16:33.292 [main] hyscaleLoginPageTestCase - get driver
[INFO ] 2021-02-05 15:16:35.793 [main] hyscaleLoginPageTestCase - get driver
[INFO ] 2021-02-05 15:16:36.419 [main] PackageNegativeTestCases - agent images testcases started
[INFO ] 2021-02-05 15:17:47.501 [main] hyscaleLoginPageTestCase - chromebrowser started
[INFO ] 2021-02-05 15:17:50.870 [main] hyscaleLoginPageTestCase - titletest
[INFO ] 2021-02-05 15:17:50.889 [main] hyscaleLoginPageTestCase - login page factory constructor
[INFO ] 2021-02-05 15:17:50.951 [main] hyscaleLoginPageTestCase - Logo test
[INFO ] 2021-02-05 15:17:55.894 [main] hyscaleLoginPageTestCase - login test is successful
[INFO ] 2021-02-05 15:17:55.895 [main] hyscaleLoginPageTestCase - Email  and passowrd entered
[INFO ] 2021-02-05 15:17:55.899 [main] hyscaleLoginPageTestCase - home page factory constructor
[INFO ] 2021-02-05 15:17:55.950 [main] hyscaleLoginPageTestCase - verified the login user
[INFO ] 2021-02-05 15:17:55.952 [main] hyscaleLoginPageTestCase - get driver
[INFO ] 2021-02-05 15:17:56.288 [main] PackageNegativeTestCases - packages testcase started
[INFO ] 2021-02-05 15:18:02.610 [main] hyscaleLoginPageTestCase - get driver
[INFO ] 2021-02-05 15:18:03.392 [main] PackageNegativeTestCases - base images testcases started
[INFO ] 2021-02-05 15:18:09.761 [main] hyscaleLoginPageTestCase - get driver
[INFO ] 2021-02-05 15:18:12.373 [main] hyscaleLoginPageTestCase - get driver
[INFO ] 2021-02-05 15:18:13.060 [main] PackageNegativeTestCases - agent images testcases started
[INFO ] 2021-02-05 15:19:25.655 [main] hyscaleLoginPageTestCase - chromebrowser started
[INFO ] 2021-02-05 15:19:28.568 [main] hyscaleLoginPageTestCase - titletest
[INFO ] 2021-02-05 15:19:28.589 [main] hyscaleLoginPageTestCase - login page factory constructor
[INFO ] 2021-02-05 15:19:28.650 [main] hyscaleLoginPageTestCase - Logo test
[INFO ] 2021-02-05 15:19:34.828 [main] hyscaleLoginPageTestCase - login test is successful
[INFO ] 2021-02-05 15:19:34.828 [main] hyscaleLoginPageTestCase - Email  and passowrd entered
[INFO ] 2021-02-05 15:19:34.832 [main] hyscaleLoginPageTestCase - home page factory constructor
[INFO ] 2021-02-05 15:19:34.863 [main] hyscaleLoginPageTestCase - verified the login user
[INFO ] 2021-02-05 15:19:34.865 [main] hyscaleLoginPageTestCase - get driver
[INFO ] 2021-02-05 15:19:35.192 [main] PackageNegativeTestCases - packages testcase started
[INFO ] 2021-02-05 15:19:41.512 [main] hyscaleLoginPageTestCase - get driver
[INFO ] 2021-02-05 15:19:42.291 [main] PackageNegativeTestCases - base images testcases started
[INFO ] 2021-02-05 15:19:48.644 [main] hyscaleLoginPageTestCase - get driver
[INFO ] 2021-02-05 15:19:51.232 [main] hyscaleLoginPageTestCase - get driver
[INFO ] 2021-02-05 15:19:51.887 [main] PackageNegativeTestCases - agent images testcases started
[INFO ] 2021-02-05 15:23:39.211 [main] hyscaleLoginPageTestCase - chromebrowser started
[INFO ] 2021-02-05 15:23:42.233 [main] hyscaleLoginPageTestCase - titletest
[INFO ] 2021-02-05 15:23:42.254 [main] hyscaleLoginPageTestCase - login page factory constructor
[INFO ] 2021-02-05 15:23:42.315 [main] hyscaleLoginPageTestCase - Logo test
[INFO ] 2021-02-05 15:23:49.325 [main] hyscaleLoginPageTestCase - login test is successful
[INFO ] 2021-02-05 15:23:49.326 [main] hyscaleLoginPageTestCase - Email  and passowrd entered
[INFO ] 2021-02-05 15:23:49.330 [main] hyscaleLoginPageTestCase - home page factory constructor
[INFO ] 2021-02-05 15:23:49.361 [main] hyscaleLoginPageTestCase - verified the login user
[INFO ] 2021-02-05 15:23:49.363 [main] hyscaleLoginPageTestCase - get driver
[INFO ] 2021-02-05 15:23:49.639 [main] PackageNegativeTestCases - packages testcase started
[INFO ] 2021-02-05 15:23:56.120 [main] hyscaleLoginPageTestCase - get driver
[INFO ] 2021-02-05 15:23:56.968 [main] PackageNegativeTestCases - base images testcases started
[INFO ] 2021-02-05 15:24:03.056 [main] hyscaleLoginPageTestCase - get driver
[INFO ] 2021-02-05 15:24:05.576 [main] hyscaleLoginPageTestCase - get driver
[INFO ] 2021-02-05 15:24:06.236 [main] PackageNegativeTestCases - agent images testcases started
[INFO ] 2021-02-05 15:25:55.824 [main] hyscaleLoginPageTestCase - chromebrowser started
[INFO ] 2021-02-05 15:25:59.019 [main] hyscaleLoginPageTestCase - titletest
[INFO ] 2021-02-05 15:25:59.045 [main] hyscaleLoginPageTestCase - login page factory constructor
[INFO ] 2021-02-05 15:25:59.109 [main] hyscaleLoginPageTestCase - Logo test
[INFO ] 2021-02-05 15:26:06.946 [main] hyscaleLoginPageTestCase - login test is successful
[INFO ] 2021-02-05 15:26:06.946 [main] hyscaleLoginPageTestCase - Email  and passowrd entered
[INFO ] 2021-02-05 15:26:06.949 [main] hyscaleLoginPageTestCase - home page factory constructor
[INFO ] 2021-02-05 15:26:06.981 [main] hyscaleLoginPageTestCase - verified the login user
[INFO ] 2021-02-05 15:26:06.983 [main] hyscaleLoginPageTestCase - get driver
[INFO ] 2021-02-05 15:26:07.266 [main] PackageNegativeTestCases - packages testcase started
[INFO ] 2021-02-05 15:26:13.618 [main] hyscaleLoginPageTestCase - get driver
[INFO ] 2021-02-05 15:26:14.419 [main] PackageNegativeTestCases - base images testcases started
[INFO ] 2021-02-05 15:26:20.704 [main] hyscaleLoginPageTestCase - get driver
[INFO ] 2021-02-05 15:26:23.177 [main] hyscaleLoginPageTestCase - get driver
[INFO ] 2021-02-05 15:26:23.767 [main] PackageNegativeTestCases - agent images testcases started
[INFO ] 2021-02-05 15:29:52.778 [main] hyscaleLoginPageTestCase - chromebrowser started
[INFO ] 2021-02-05 15:29:55.803 [main] hyscaleLoginPageTestCase - titletest
[INFO ] 2021-02-05 15:29:55.828 [main] hyscaleLoginPageTestCase - login page factory constructor
[INFO ] 2021-02-05 15:29:55.897 [main] hyscaleLoginPageTestCase - Logo test
[INFO ] 2021-02-05 15:30:04.014 [main] hyscaleLoginPageTestCase - login test is successful
[INFO ] 2021-02-05 15:30:04.015 [main] hyscaleLoginPageTestCase - Email  and passowrd entered
[INFO ] 2021-02-05 15:30:04.019 [main] hyscaleLoginPageTestCase - home page factory constructor
[INFO ] 2021-02-05 15:30:04.054 [main] hyscaleLoginPageTestCase - verified the login user
[INFO ] 2021-02-05 15:30:04.056 [main] hyscaleLoginPageTestCase - get driver
[INFO ] 2021-02-05 15:30:04.352 [main] PackageNegativeTestCases - packages testcase started
[INFO ] 2021-02-05 15:30:10.135 [main] hyscaleLoginPageTestCase - get driver
[INFO ] 2021-02-05 15:30:11.007 [main] PackageNegativeTestCases - base images testcases started
[INFO ] 2021-02-05 15:30:17.370 [main] hyscaleLoginPageTestCase - get driver
[INFO ] 2021-02-05 15:30:19.922 [main] hyscaleLoginPageTestCase - get driver
[INFO ] 2021-02-05 15:30:20.589 [main] PackageNegativeTestCases - agent images testcases started
[INFO ] 2021-02-05 15:33:42.130 [main] hyscaleLoginPageTestCase - chromebrowser started
[INFO ] 2021-02-05 15:33:46.375 [main] hyscaleLoginPageTestCase - titletest
[INFO ] 2021-02-05 15:33:46.398 [main] hyscaleLoginPageTestCase - login page factory constructor
[INFO ] 2021-02-05 15:33:46.446 [main] hyscaleLoginPageTestCase - Logo test
[INFO ] 2021-02-05 15:33:52.261 [main] hyscaleLoginPageTestCase - login test is successful
[INFO ] 2021-02-05 15:33:52.261 [main] hyscaleLoginPageTestCase - Email  and passowrd entered
[INFO ] 2021-02-05 15:33:52.265 [main] hyscaleLoginPageTestCase - home page factory constructor
[INFO ] 2021-02-05 15:33:52.300 [main] hyscaleLoginPageTestCase - verified the login user
[INFO ] 2021-02-05 15:33:52.302 [main] hyscaleLoginPageTestCase - get driver
[INFO ] 2021-02-05 15:33:52.594 [main] PackageNegativeTestCases - packages testcase started
[INFO ] 2021-02-05 15:33:59.074 [main] hyscaleLoginPageTestCase - get driver
[INFO ] 2021-02-05 15:33:59.810 [main] PackageNegativeTestCases - base images testcases started
[INFO ] 2021-02-05 15:34:06.389 [main] hyscaleLoginPageTestCase - get driver
[INFO ] 2021-02-05 15:34:08.988 [main] hyscaleLoginPageTestCase - get driver
[INFO ] 2021-02-05 15:34:09.643 [main] PackageNegativeTestCases - agent images testcases started
[INFO ] 2021-02-05 15:55:03.272 [main] hyscaleLoginPageTestCase - chromebrowser started
[INFO ] 2021-02-05 15:55:06.451 [main] hyscaleLoginPageTestCase - titletest
[INFO ] 2021-02-05 15:55:06.471 [main] hyscaleLoginPageTestCase - login page factory constructor
[INFO ] 2021-02-05 15:55:06.534 [main] hyscaleLoginPageTestCase - Logo test
[INFO ] 2021-02-05 15:55:12.623 [main] hyscaleLoginPageTestCase - login test is successful
[INFO ] 2021-02-05 15:55:12.623 [main] hyscaleLoginPageTestCase - Email  and passowrd entered
[INFO ] 2021-02-05 15:55:12.659 [main] hyscaleLoginPageTestCase - get driver
[INFO ] 2021-02-05 15:55:13.001 [main] PackageNegativeTestCases - packages testcase started
[INFO ] 2021-02-05 15:56:15.651 [main] hyscaleLoginPageTestCase - chromebrowser started
[INFO ] 2021-02-05 15:56:18.649 [main] hyscaleLoginPageTestCase - titletest
[INFO ] 2021-02-05 15:56:18.670 [main] hyscaleLoginPageTestCase - login page factory constructor
[INFO ] 2021-02-05 15:56:18.731 [main] hyscaleLoginPageTestCase - Logo test
[INFO ] 2021-02-05 15:56:27.585 [main] hyscaleLoginPageTestCase - login test is successful
[INFO ] 2021-02-05 15:56:27.585 [main] hyscaleLoginPageTestCase - Email  and passowrd entered
[INFO ] 2021-02-05 15:56:27.738 [main] hyscaleLoginPageTestCase - ended
[INFO ] 2021-02-05 15:59:08.439 [main] hyscaleLoginPageTestCase - chromebrowser started
[INFO ] 2021-02-05 15:59:11.394 [main] hyscaleLoginPageTestCase - titletest
[INFO ] 2021-02-05 15:59:11.417 [main] hyscaleLoginPageTestCase - login page factory constructor
[INFO ] 2021-02-05 15:59:11.479 [main] hyscaleLoginPageTestCase - Logo test
[INFO ] 2021-02-05 15:59:18.304 [main] hyscaleLoginPageTestCase - login test is successful
[INFO ] 2021-02-05 15:59:18.304 [main] hyscaleLoginPageTestCase - Email  and passowrd entered
[INFO ] 2021-02-05 15:59:18.825 [main] hyscaleLoginPageTestCase - ended
[INFO ] 2021-02-05 16:00:02.290 [main] hyscaleLoginPageTestCase - chromebrowser started
[INFO ] 2021-02-05 16:00:05.211 [main] hyscaleLoginPageTestCase - titletest
[INFO ] 2021-02-05 16:00:05.237 [main] hyscaleLoginPageTestCase - login page factory constructor
[INFO ] 2021-02-05 16:00:05.306 [main] hyscaleLoginPageTestCase - Logo test
[INFO ] 2021-02-05 16:00:14.289 [main] hyscaleLoginPageTestCase - login test is successful
[INFO ] 2021-02-05 16:00:14.289 [main] hyscaleLoginPageTestCase - Email  and passowrd entered
[INFO ] 2021-02-05 16:00:14.328 [main] hyscaleLoginPageTestCase - get driver
[INFO ] 2021-02-05 16:00:14.608 [main] PackageNegativeTestCases - packages testcase started
[INFO ] 2021-02-05 16:00:21.058 [main] hyscaleLoginPageTestCase - get driver
[INFO ] 2021-02-05 16:00:21.821 [main] PackageNegativeTestCases - base images testcases started
[INFO ] 2021-02-05 16:00:28.324 [main] hyscaleLoginPageTestCase - get driver
[INFO ] 2021-02-05 16:00:30.955 [main] hyscaleLoginPageTestCase - get driver
[INFO ] 2021-02-05 16:00:31.593 [main] PackageNegativeTestCases - agent images testcases started
[INFO ] 2021-02-05 16:00:37.432 [main] hyscaleLoginPageTestCase - ended
[INFO ] 2021-02-05 16:01:02.673 [main] hyscaleLoginPageTestCase - get driver
[INFO ] 2021-02-05 16:01:02.687 [main] hyscaleLoginPageTestCase - get driver
[INFO ] 2021-02-05 16:01:02.702 [main] hyscaleLoginPageTestCase - get driver
[INFO ] 2021-02-05 16:01:02.705 [main] hyscaleLoginPageTestCase - get driver
[INFO ] 2021-02-05 16:03:02.643 [main] hyscaleLoginPageTestCase - firefoxbrowser started
[INFO ] 2021-02-05 16:03:05.804 [main] hyscaleLoginPageTestCase - titletest
[INFO ] 2021-02-05 16:03:05.828 [main] hyscaleLoginPageTestCase - login page factory constructor
[INFO ] 2021-02-05 16:03:05.943 [main] hyscaleLoginPageTestCase - Logo test
[INFO ] 2021-02-05 16:03:09.868 [main] hyscaleLoginPageTestCase - login test is successful
[INFO ] 2021-02-05 16:03:09.868 [main] hyscaleLoginPageTestCase - Email  and passowrd entered
[INFO ] 2021-02-05 16:03:10.668 [main] hyscaleLoginPageTestCase - get driver
[INFO ] 2021-02-05 16:04:25.553 [main] hyscaleLoginPageTestCase - firefoxbrowser started
[INFO ] 2021-02-05 16:04:28.719 [main] hyscaleLoginPageTestCase - titletest
[INFO ] 2021-02-05 16:04:28.733 [main] hyscaleLoginPageTestCase - login page factory constructor
[INFO ] 2021-02-05 16:04:28.793 [main] hyscaleLoginPageTestCase - Logo test
[INFO ] 2021-02-05 16:04:34.225 [main] hyscaleLoginPageTestCase - login test is successful
[INFO ] 2021-02-05 16:04:34.226 [main] hyscaleLoginPageTestCase - Email  and passowrd entered
[INFO ] 2021-02-05 16:04:34.275 [main] hyscaleLoginPageTestCase - get driver
[INFO ] 2021-02-05 16:04:37.218 [main] PackageNegativeTestCases - packages testcase started
[INFO ] 2021-02-05 16:04:43.400 [main] hyscaleLoginPageTestCase - get driver
[INFO ] 2021-02-05 16:04:44.585 [main] PackageNegativeTestCases - base images testcases started
[INFO ] 2021-02-05 16:05:21.996 [main] hyscaleLoginPageTestCase - firefoxbrowser started
[INFO ] 2021-02-05 16:05:24.693 [main] hyscaleLoginPageTestCase - titletest
[INFO ] 2021-02-05 16:05:24.710 [main] hyscaleLoginPageTestCase - login page factory constructor
[INFO ] 2021-02-05 16:05:24.785 [main] hyscaleLoginPageTestCase - Logo test
[INFO ] 2021-02-05 16:05:28.578 [main] hyscaleLoginPageTestCase - login test is successful
[INFO ] 2021-02-05 16:05:28.579 [main] hyscaleLoginPageTestCase - Email  and passowrd entered
[INFO ] 2021-02-05 16:05:28.623 [main] hyscaleLoginPageTestCase - get driver
[INFO ] 2021-02-05 16:05:31.275 [main] PackageNegativeTestCases - packages testcase started
[INFO ] 2021-02-05 16:05:35.680 [main] hyscaleLoginPageTestCase - get driver
[INFO ] 2021-02-05 16:05:36.854 [main] PackageNegativeTestCases - base images testcases started
[INFO ] 2021-02-05 16:05:42.533 [main] hyscaleLoginPageTestCase - get driver
[INFO ] 2021-02-05 16:05:44.870 [main] hyscaleLoginPageTestCase - get driver
[INFO ] 2021-02-05 16:05:45.703 [main] PackageNegativeTestCases - agent images testcases started
[INFO ] 2021-02-05 16:06:23.223 [main] hyscaleLoginPageTestCase - ended
[INFO ] 2021-02-05 16:07:06.229 [main] hyscaleLoginPageTestCase - firefoxbrowser started
[INFO ] 2021-02-05 16:07:08.929 [main] hyscaleLoginPageTestCase - titletest
[INFO ] 2021-02-05 16:07:08.953 [main] hyscaleLoginPageTestCase - login page factory constructor
[INFO ] 2021-02-05 16:07:09.028 [main] hyscaleLoginPageTestCase - Logo test
[INFO ] 2021-02-05 16:07:12.409 [main] hyscaleLoginPageTestCase - login test is successful
[INFO ] 2021-02-05 16:07:12.409 [main] hyscaleLoginPageTestCase - Email  and passowrd entered
[INFO ] 2021-02-05 16:07:12.453 [main] hyscaleLoginPageTestCase - get driver
[INFO ] 2021-02-05 16:07:14.993 [main] PackageNegativeTestCases - packages testcase started
[INFO ] 2021-02-05 16:07:20.306 [main] hyscaleLoginPageTestCase - get driver
[INFO ] 2021-02-05 16:07:21.505 [main] PackageNegativeTestCases - base images testcases started
[INFO ] 2021-02-05 16:07:49.679 [main] hyscaleLoginPageTestCase - firefoxbrowser started
[INFO ] 2021-02-05 16:07:52.373 [main] hyscaleLoginPageTestCase - titletest
[INFO ] 2021-02-05 16:07:52.390 [main] hyscaleLoginPageTestCase - login page factory constructor
[INFO ] 2021-02-05 16:07:52.453 [main] hyscaleLoginPageTestCase - Logo test
[INFO ] 2021-02-05 16:07:59.395 [main] hyscaleLoginPageTestCase - login test is successful
[INFO ] 2021-02-05 16:07:59.395 [main] hyscaleLoginPageTestCase - Email  and passowrd entered
[INFO ] 2021-02-05 16:07:59.431 [main] hyscaleLoginPageTestCase - get driver
[INFO ] 2021-02-05 16:08:02.104 [main] PackageNegativeTestCases - packages testcase started
[INFO ] 2021-02-05 16:08:07.639 [main] hyscaleLoginPageTestCase - ended
[INFO ] 2021-02-05 16:09:11.581 [main] hyscaleLoginPageTestCase - firefoxbrowser started
[INFO ] 2021-02-05 16:09:14.241 [main] hyscaleLoginPageTestCase - titletest
[INFO ] 2021-02-05 16:09:14.265 [main] hyscaleLoginPageTestCase - login page factory constructor
[INFO ] 2021-02-05 16:09:14.346 [main] hyscaleLoginPageTestCase - Logo test
[INFO ] 2021-02-05 16:09:17.525 [main] hyscaleLoginPageTestCase - login test is successful
[INFO ] 2021-02-05 16:09:17.525 [main] hyscaleLoginPageTestCase - Email  and passowrd entered
[INFO ] 2021-02-05 16:09:17.573 [main] hyscaleLoginPageTestCase - get driver
[INFO ] 2021-02-05 16:09:20.301 [main] PackageNegativeTestCases - packages testcase started
[INFO ] 2021-02-05 16:19:44.154 [main] hyscaleLoginPageTestCase - firefoxbrowser started
[INFO ] 2021-02-05 16:19:46.947 [main] hyscaleLoginPageTestCase - titletest
[INFO ] 2021-02-05 16:19:46.964 [main] hyscaleLoginPageTestCase - login page factory constructor
[INFO ] 2021-02-05 16:19:47.044 [main] hyscaleLoginPageTestCase - Logo test
[INFO ] 2021-02-05 16:19:50.202 [main] hyscaleLoginPageTestCase - login test is successful
[INFO ] 2021-02-05 16:19:50.202 [main] hyscaleLoginPageTestCase - Email  and passowrd entered
[INFO ] 2021-02-05 16:19:50.244 [main] hyscaleLoginPageTestCase - get driver
[INFO ] 2021-02-05 16:19:52.831 [main] PackageNegativeTestCases - packages testcase started
[INFO ] 2021-02-05 16:27:35.335 [main] hyscaleLoginPageTestCase - firefoxbrowser started
[INFO ] 2021-02-05 16:27:38.172 [main] hyscaleLoginPageTestCase - titletest
[INFO ] 2021-02-05 16:27:38.201 [main] hyscaleLoginPageTestCase - login page factory constructor
[INFO ] 2021-02-05 16:27:38.332 [main] hyscaleLoginPageTestCase - Logo test
[INFO ] 2021-02-05 16:27:44.831 [main] hyscaleLoginPageTestCase - login test is successful
[INFO ] 2021-02-05 16:27:44.831 [main] hyscaleLoginPageTestCase - Email  and passowrd entered
[INFO ] 2021-02-05 16:27:44.873 [main] hyscaleLoginPageTestCase - get driver
[INFO ] 2021-02-05 16:27:47.566 [main] PackageNegativeTestCases - packages testcase started
[INFO ] 2021-02-05 16:29:37.291 [main] hyscaleLoginPageTestCase - firefoxbrowser started
[INFO ] 2021-02-05 16:29:40.396 [main] hyscaleLoginPageTestCase - titletest
[INFO ] 2021-02-05 16:29:40.412 [main] hyscaleLoginPageTestCase - login page factory constructor
[INFO ] 2021-02-05 16:29:40.483 [main] hyscaleLoginPageTestCase - Logo test
[INFO ] 2021-02-05 16:29:46.469 [main] hyscaleLoginPageTestCase - login test is successful
[INFO ] 2021-02-05 16:29:46.469 [main] hyscaleLoginPageTestCase - Email  and passowrd entered
[INFO ] 2021-02-05 16:29:46.513 [main] hyscaleLoginPageTestCase - get driver
[INFO ] 2021-02-05 16:30:33.254 [main] hyscaleLoginPageTestCase - firefoxbrowser started
[INFO ] 2021-02-05 16:30:35.976 [main] hyscaleLoginPageTestCase - titletest
[INFO ] 2021-02-05 16:30:35.999 [main] hyscaleLoginPageTestCase - login page factory constructor
[INFO ] 2021-02-05 16:30:36.072 [main] hyscaleLoginPageTestCase - Logo test
[INFO ] 2021-02-05 16:30:40.684 [main] hyscaleLoginPageTestCase - login test is successful
[INFO ] 2021-02-05 16:30:40.684 [main] hyscaleLoginPageTestCase - Email  and passowrd entered
[INFO ] 2021-02-05 16:30:40.724 [main] hyscaleLoginPageTestCase - get driver
[INFO ] 2021-02-05 16:32:10.752 [main] hyscaleLoginPageTestCase - firefoxbrowser started
[INFO ] 2021-02-05 16:32:15.356 [main] hyscaleLoginPageTestCase - titletest
[INFO ] 2021-02-05 16:32:15.374 [main] hyscaleLoginPageTestCase - login page factory constructor
[INFO ] 2021-02-05 16:32:15.460 [main] hyscaleLoginPageTestCase - Logo test
[INFO ] 2021-02-05 16:32:19.504 [main] hyscaleLoginPageTestCase - login test is successful
[INFO ] 2021-02-05 16:32:19.504 [main] hyscaleLoginPageTestCase - Email  and passowrd entered
[INFO ] 2021-02-05 16:32:19.553 [main] hyscaleLoginPageTestCase - get driver
[INFO ] 2021-02-05 16:32:22.255 [main] PackageNegativeTestCases - packages testcase started
[INFO ] 2021-02-05 16:33:02.393 [main] hyscaleLoginPageTestCase - firefoxbrowser started
[INFO ] 2021-02-05 16:33:05.671 [main] hyscaleLoginPageTestCase - titletest
[INFO ] 2021-02-05 16:33:05.689 [main] hyscaleLoginPageTestCase - login page factory constructor
[INFO ] 2021-02-05 16:33:05.762 [main] hyscaleLoginPageTestCase - Logo test
[INFO ] 2021-02-05 16:33:09.098 [main] hyscaleLoginPageTestCase - login test is successful
[INFO ] 2021-02-05 16:33:09.098 [main] hyscaleLoginPageTestCase - Email  and passowrd entered
[INFO ] 2021-02-05 16:33:09.139 [main] hyscaleLoginPageTestCase - get driver
[INFO ] 2021-02-05 16:33:11.722 [main] PackageNegativeTestCases - packages testcase started
[INFO ] 2021-02-05 16:33:16.354 [main] hyscaleLoginPageTestCase - get driver
[INFO ] 2021-02-05 16:33:17.575 [main] PackageNegativeTestCases - base images testcases started
[INFO ] 2021-02-05 16:33:23.382 [main] hyscaleLoginPageTestCase - get driver
[INFO ] 2021-02-05 16:33:25.797 [main] hyscaleLoginPageTestCase - get driver
[INFO ] 2021-02-05 16:33:26.632 [main] PackageNegativeTestCases - agent images testcases started
[INFO ] 2021-02-05 16:37:45.517 [main] hyscaleLoginPageTestCase - firefoxbrowser started
[INFO ] 2021-02-05 16:37:48.883 [main] hyscaleLoginPageTestCase - titletest
[INFO ] 2021-02-05 16:37:48.903 [main] hyscaleLoginPageTestCase - login page factory constructor
[INFO ] 2021-02-05 16:37:48.999 [main] hyscaleLoginPageTestCase - Logo test
[INFO ] 2021-02-05 16:37:52.551 [main] hyscaleLoginPageTestCase - login test is successful
[INFO ] 2021-02-05 16:37:52.551 [main] hyscaleLoginPageTestCase - Email  and passowrd entered
[INFO ] 2021-02-05 16:37:52.594 [main] hyscaleLoginPageTestCase - get driver
[INFO ] 2021-02-05 16:37:55.318 [main] PackageNegativeTestCases - packages testcase started
[INFO ] 2021-02-05 16:37:59.428 [main] hyscaleLoginPageTestCase - get driver
[INFO ] 2021-02-05 16:38:00.630 [main] PackageNegativeTestCases - base images testcases started
[INFO ] 2021-02-05 16:38:06.204 [main] hyscaleLoginPageTestCase - get driver
[INFO ] 2021-02-05 16:38:08.614 [main] hyscaleLoginPageTestCase - get driver
[INFO ] 2021-02-05 16:38:09.431 [main] PackageNegativeTestCases - agent images testcases started
[INFO ] 2021-02-05 17:05:20.401 [main] hyscaleLoginPageTestCase - firefoxbrowser started
[INFO ] 2021-02-05 17:05:23.367 [main] hyscaleLoginPageTestCase - titletest
[INFO ] 2021-02-05 17:05:23.393 [main] hyscaleLoginPageTestCase - login page factory constructor
[INFO ] 2021-02-05 17:05:23.479 [main] hyscaleLoginPageTestCase - Logo test
[INFO ] 2021-02-05 17:05:28.216 [main] hyscaleLoginPageTestCase - login test is successful
[INFO ] 2021-02-05 17:05:28.216 [main] hyscaleLoginPageTestCase - Email  and passowrd entered
[INFO ] 2021-02-05 17:05:28.254 [main] hyscaleLoginPageTestCase - get driver
[INFO ] 2021-02-05 17:05:30.946 [main] PackageNegativeTestCases - packages testcase started
[INFO ] 2021-02-05 17:05:34.990 [main] hyscaleLoginPageTestCase - get driver
[INFO ] 2021-02-05 17:05:36.170 [main] PackageNegativeTestCases - base images testcases started
[INFO ] 2021-02-05 17:07:00.653 [main] hyscaleLoginPageTestCase - firefoxbrowser started
[INFO ] 2021-02-05 17:07:04.253 [main] hyscaleLoginPageTestCase - titletest
[INFO ] 2021-02-05 17:07:04.270 [main] hyscaleLoginPageTestCase - login page factory constructor
[INFO ] 2021-02-05 17:07:04.338 [main] hyscaleLoginPageTestCase - Logo test
[INFO ] 2021-02-05 17:07:09.529 [main] hyscaleLoginPageTestCase - login test is successful
[INFO ] 2021-02-05 17:07:09.529 [main] hyscaleLoginPageTestCase - Email  and passowrd entered
[INFO ] 2021-02-05 17:07:09.569 [main] hyscaleLoginPageTestCase - get driver
[INFO ] 2021-02-05 17:07:12.286 [main] PackageNegativeTestCases - packages testcase started
[INFO ] 2021-02-05 17:07:17.800 [main] hyscaleLoginPageTestCase - get driver
[INFO ] 2021-02-05 17:07:18.982 [main] PackageNegativeTestCases - base images testcases started
[INFO ] 2021-02-05 17:08:34.414 [main] hyscaleLoginPageTestCase - firefoxbrowser started
[INFO ] 2021-02-05 17:08:37.123 [main] hyscaleLoginPageTestCase - titletest
[INFO ] 2021-02-05 17:08:37.143 [main] hyscaleLoginPageTestCase - login page factory constructor
[INFO ] 2021-02-05 17:08:37.217 [main] hyscaleLoginPageTestCase - Logo test
[INFO ] 2021-02-05 17:08:41.315 [main] hyscaleLoginPageTestCase - login test is successful
[INFO ] 2021-02-05 17:08:41.315 [main] hyscaleLoginPageTestCase - Email  and passowrd entered
[INFO ] 2021-02-05 17:08:41.356 [main] hyscaleLoginPageTestCase - get driver
[INFO ] 2021-02-05 17:08:44.091 [main] PackageNegativeTestCases - packages testcase started
[INFO ] 2021-02-05 17:08:48.601 [main] hyscaleLoginPageTestCase - get driver
[INFO ] 2021-02-05 17:08:49.819 [main] PackageNegativeTestCases - base images testcases started
[INFO ] 2021-02-05 17:12:26.526 [main] hyscaleLoginPageTestCase - firefoxbrowser started
[INFO ] 2021-02-05 17:12:29.681 [main] hyscaleLoginPageTestCase - titletest
[INFO ] 2021-02-05 17:12:29.721 [main] hyscaleLoginPageTestCase - login page factory constructor
[INFO ] 2021-02-05 17:12:29.808 [main] hyscaleLoginPageTestCase - Logo test
[INFO ] 2021-02-05 17:12:35.108 [main] hyscaleLoginPageTestCase - login test is successful
[INFO ] 2021-02-05 17:12:35.108 [main] hyscaleLoginPageTestCase - Email  and passowrd entered
[INFO ] 2021-02-05 17:12:35.162 [main] hyscaleLoginPageTestCase - get driver
[INFO ] 2021-02-05 17:12:38.027 [main] PackageNegativeTestCases - packages testcase started
[INFO ] 2021-02-05 17:14:13.656 [main] hyscaleLoginPageTestCase - firefoxbrowser started
[INFO ] 2021-02-05 17:14:16.405 [main] hyscaleLoginPageTestCase - titletest
[INFO ] 2021-02-05 17:14:16.422 [main] hyscaleLoginPageTestCase - login page factory constructor
[INFO ] 2021-02-05 17:14:16.502 [main] hyscaleLoginPageTestCase - Logo test
[INFO ] 2021-02-05 17:14:20.403 [main] hyscaleLoginPageTestCase - login test is successful
[INFO ] 2021-02-05 17:14:20.403 [main] hyscaleLoginPageTestCase - Email  and passowrd entered
[INFO ] 2021-02-05 17:14:20.449 [main] hyscaleLoginPageTestCase - get driver
[INFO ] 2021-02-05 17:15:49.171 [main] hyscaleLoginPageTestCase - firefoxbrowser started
[INFO ] 2021-02-05 17:15:52.549 [main] hyscaleLoginPageTestCase - titletest
[INFO ] 2021-02-05 17:15:52.568 [main] hyscaleLoginPageTestCase - login page factory constructor
[INFO ] 2021-02-05 17:15:52.643 [main] hyscaleLoginPageTestCase - Logo test
[INFO ] 2021-02-05 17:15:57.127 [main] hyscaleLoginPageTestCase - login test is successful
[INFO ] 2021-02-05 17:15:57.127 [main] hyscaleLoginPageTestCase - Email  and passowrd entered
[INFO ] 2021-02-05 17:15:57.175 [main] hyscaleLoginPageTestCase - get driver
[INFO ] 2021-02-05 17:19:09.618 [main] hyscaleLoginPageTestCase - firefoxbrowser started
[INFO ] 2021-02-05 17:19:12.460 [main] hyscaleLoginPageTestCase - titletest
[INFO ] 2021-02-05 17:19:12.490 [main] hyscaleLoginPageTestCase - login page factory constructor
[INFO ] 2021-02-05 17:19:12.565 [main] hyscaleLoginPageTestCase - Logo test
[INFO ] 2021-02-05 17:19:16.135 [main] hyscaleLoginPageTestCase - login test is successful
[INFO ] 2021-02-05 17:19:16.135 [main] hyscaleLoginPageTestCase - Email  and passowrd entered
[INFO ] 2021-02-05 17:19:16.183 [main] hyscaleLoginPageTestCase - get driver
[INFO ] 2021-02-05 17:20:49.336 [main] hyscaleLoginPageTestCase - firefoxbrowser started
[INFO ] 2021-02-05 17:20:52.078 [main] hyscaleLoginPageTestCase - titletest
[INFO ] 2021-02-05 17:20:52.101 [main] hyscaleLoginPageTestCase - login page factory constructor
[INFO ] 2021-02-05 17:20:52.175 [main] hyscaleLoginPageTestCase - Logo test
[INFO ] 2021-02-05 17:20:58.007 [main] hyscaleLoginPageTestCase - login test is successful
[INFO ] 2021-02-05 17:20:58.008 [main] hyscaleLoginPageTestCase - Email  and passowrd entered
[INFO ] 2021-02-05 17:20:58.046 [main] hyscaleLoginPageTestCase - get driver
[INFO ] 2021-02-05 17:21:54.833 [main] hyscaleLoginPageTestCase - firefoxbrowser started
[INFO ] 2021-02-05 17:21:57.848 [main] hyscaleLoginPageTestCase - titletest
[INFO ] 2021-02-05 17:21:57.868 [main] hyscaleLoginPageTestCase - login page factory constructor
[INFO ] 2021-02-05 17:21:57.941 [main] hyscaleLoginPageTestCase - Logo test
[INFO ] 2021-02-05 17:22:01.920 [main] hyscaleLoginPageTestCase - login test is successful
[INFO ] 2021-02-05 17:22:01.920 [main] hyscaleLoginPageTestCase - Email  and passowrd entered
[INFO ] 2021-02-05 17:22:01.967 [main] hyscaleLoginPageTestCase - get driver
[INFO ] 2021-02-05 17:34:59.153 [main] hyscaleLoginPageTestCase - firefoxbrowser started
[INFO ] 2021-02-05 17:35:02.528 [main] hyscaleLoginPageTestCase - titletest
[INFO ] 2021-02-05 17:35:02.554 [main] hyscaleLoginPageTestCase - login page factory constructor
[INFO ] 2021-02-05 17:35:02.623 [main] hyscaleLoginPageTestCase - Logo test
[INFO ] 2021-02-05 17:35:08.065 [main] hyscaleLoginPageTestCase - login test is successful
[INFO ] 2021-02-05 17:35:08.065 [main] hyscaleLoginPageTestCase - Email  and passowrd entered
[INFO ] 2021-02-05 17:35:08.113 [main] hyscaleLoginPageTestCase - get driver
[INFO ] 2021-02-05 17:36:11.113 [main] hyscaleLoginPageTestCase - firefoxbrowser started
[INFO ] 2021-02-05 17:36:14.543 [main] hyscaleLoginPageTestCase - titletest
[INFO ] 2021-02-05 17:36:14.565 [main] hyscaleLoginPageTestCase - login page factory constructor
[INFO ] 2021-02-05 17:36:14.643 [main] hyscaleLoginPageTestCase - Logo test
[INFO ] 2021-02-05 17:36:19.276 [main] hyscaleLoginPageTestCase - login test is successful
[INFO ] 2021-02-05 17:36:19.276 [main] hyscaleLoginPageTestCase - Email  and passowrd entered
[INFO ] 2021-02-05 17:36:19.320 [main] hyscaleLoginPageTestCase - get driver
[INFO ] 2021-02-05 17:40:24.416 [main] hyscaleLoginPageTestCase - firefoxbrowser started
[INFO ] 2021-02-05 17:40:27.375 [main] hyscaleLoginPageTestCase - titletest
[INFO ] 2021-02-05 17:40:27.395 [main] hyscaleLoginPageTestCase - login page factory constructor
[INFO ] 2021-02-05 17:40:27.456 [main] hyscaleLoginPageTestCase - Logo test
[INFO ] 2021-02-05 17:40:31.043 [main] hyscaleLoginPageTestCase - login test is successful
[INFO ] 2021-02-05 17:40:31.044 [main] hyscaleLoginPageTestCase - Email  and passowrd entered
[INFO ] 2021-02-05 17:40:31.083 [main] hyscaleLoginPageTestCase - get driver
[INFO ] 2021-02-05 17:41:49.474 [main] hyscaleLoginPageTestCase - firefoxbrowser started
[INFO ] 2021-02-05 17:41:52.290 [main] hyscaleLoginPageTestCase - titletest
[INFO ] 2021-02-05 17:41:52.309 [main] hyscaleLoginPageTestCase - login page factory constructor
[INFO ] 2021-02-05 17:41:52.374 [main] hyscaleLoginPageTestCase - Logo test
[INFO ] 2021-02-05 17:41:56.368 [main] hyscaleLoginPageTestCase - login test is successful
[INFO ] 2021-02-05 17:41:56.368 [main] hyscaleLoginPageTestCase - Email  and passowrd entered
[INFO ] 2021-02-05 17:41:56.406 [main] hyscaleLoginPageTestCase - get driver
[INFO ] 2021-02-05 17:42:45.817 [main] hyscaleLoginPageTestCase - firefoxbrowser started
[INFO ] 2021-02-05 17:42:48.604 [main] hyscaleLoginPageTestCase - titletest
[INFO ] 2021-02-05 17:42:48.628 [main] hyscaleLoginPageTestCase - login page factory constructor
[INFO ] 2021-02-05 17:42:48.718 [main] hyscaleLoginPageTestCase - Logo test
[INFO ] 2021-02-05 17:42:52.722 [main] hyscaleLoginPageTestCase - login test is successful
[INFO ] 2021-02-05 17:42:52.723 [main] hyscaleLoginPageTestCase - Email  and passowrd entered
[INFO ] 2021-02-05 17:42:52.762 [main] hyscaleLoginPageTestCase - get driver
[INFO ] 2021-02-05 17:43:52.488 [main] hyscaleLoginPageTestCase - firefoxbrowser started
[INFO ] 2021-02-05 17:43:55.418 [main] hyscaleLoginPageTestCase - titletest
[INFO ] 2021-02-05 17:43:55.435 [main] hyscaleLoginPageTestCase - login page factory constructor
[INFO ] 2021-02-05 17:43:55.508 [main] hyscaleLoginPageTestCase - Logo test
[INFO ] 2021-02-05 17:43:59.467 [main] hyscaleLoginPageTestCase - login test is successful
[INFO ] 2021-02-05 17:43:59.467 [main] hyscaleLoginPageTestCase - Email  and passowrd entered
[INFO ] 2021-02-05 17:43:59.510 [main] hyscaleLoginPageTestCase - get driver
[INFO ] 2021-02-05 17:44:03.104 [main] PackageNegativeTestCases - packages testcase started
[INFO ] 2021-02-05 17:44:56.187 [main] hyscaleLoginPageTestCase - firefoxbrowser started
[INFO ] 2021-02-05 17:44:58.990 [main] hyscaleLoginPageTestCase - titletest
[INFO ] 2021-02-05 17:44:59.007 [main] hyscaleLoginPageTestCase - login page factory constructor
[INFO ] 2021-02-05 17:44:59.080 [main] hyscaleLoginPageTestCase - Logo test
[INFO ] 2021-02-05 17:45:03.233 [main] hyscaleLoginPageTestCase - login test is successful
[INFO ] 2021-02-05 17:45:03.233 [main] hyscaleLoginPageTestCase - Email  and passowrd entered
[INFO ] 2021-02-05 17:45:03.273 [main] hyscaleLoginPageTestCase - get driver
[INFO ] 2021-02-05 17:55:15.977 [main] hyscaleLoginPageTestCase - firefoxbrowser started
[INFO ] 2021-02-05 17:55:20.282 [main] hyscaleLoginPageTestCase - titletest
[INFO ] 2021-02-05 17:55:20.310 [main] hyscaleLoginPageTestCase - login page factory constructor
[INFO ] 2021-02-05 17:55:20.425 [main] hyscaleLoginPageTestCase - Logo test
[INFO ] 2021-02-05 17:55:25.227 [main] hyscaleLoginPageTestCase - login test is successful
[INFO ] 2021-02-05 17:55:25.227 [main] hyscaleLoginPageTestCase - Email  and passowrd entered
[INFO ] 2021-02-05 17:55:25.280 [main] hyscaleLoginPageTestCase - get driver
[INFO ] 2021-02-05 17:56:26.543 [main] hyscaleLoginPageTestCase - firefoxbrowser started
[INFO ] 2021-02-05 17:56:29.788 [main] hyscaleLoginPageTestCase - titletest
[INFO ] 2021-02-05 17:56:29.825 [main] hyscaleLoginPageTestCase - login page factory constructor
[INFO ] 2021-02-05 17:56:29.935 [main] hyscaleLoginPageTestCase - Logo test
[INFO ] 2021-02-05 17:56:33.899 [main] hyscaleLoginPageTestCase - login test is successful
[INFO ] 2021-02-05 17:56:33.900 [main] hyscaleLoginPageTestCase - Email  and passowrd entered
[INFO ] 2021-02-05 17:56:33.964 [main] hyscaleLoginPageTestCase - get driver
[INFO ] 2021-02-05 18:02:11.668 [main] hyscaleLoginPageTestCase - firefoxbrowser started
[INFO ] 2021-02-05 18:02:14.932 [main] hyscaleLoginPageTestCase - titletest
[INFO ] 2021-02-05 18:02:14.952 [main] hyscaleLoginPageTestCase - login page factory constructor
[INFO ] 2021-02-05 18:02:15.020 [main] hyscaleLoginPageTestCase - Logo test
[INFO ] 2021-02-05 18:02:20.171 [main] hyscaleLoginPageTestCase - login test is successful
[INFO ] 2021-02-05 18:02:20.171 [main] hyscaleLoginPageTestCase - Email  and passowrd entered
[INFO ] 2021-02-05 18:02:20.220 [main] hyscaleLoginPageTestCase - get driver
[INFO ] 2021-02-05 18:03:53.901 [main] hyscaleLoginPageTestCase - firefoxbrowser started
[INFO ] 2021-02-05 18:03:57.218 [main] hyscaleLoginPageTestCase - titletest
[INFO ] 2021-02-05 18:03:57.258 [main] hyscaleLoginPageTestCase - login page factory constructor
[INFO ] 2021-02-05 18:03:57.381 [main] hyscaleLoginPageTestCase - Logo test
[INFO ] 2021-02-05 18:04:02.829 [main] hyscaleLoginPageTestCase - login test is successful
[INFO ] 2021-02-05 18:04:02.829 [main] hyscaleLoginPageTestCase - Email  and passowrd entered
[INFO ] 2021-02-05 18:04:02.878 [main] hyscaleLoginPageTestCase - get driver
[INFO ] 2021-02-05 18:04:04.623 [main] PackageNegativeTestCases - packages testcase started
[INFO ] 2021-02-05 18:05:20.024 [main] hyscaleLoginPageTestCase - firefoxbrowser started
[INFO ] 2021-02-05 18:05:22.816 [main] hyscaleLoginPageTestCase - titletest
[INFO ] 2021-02-05 18:05:22.838 [main] hyscaleLoginPageTestCase - login page factory constructor
[INFO ] 2021-02-05 18:05:22.920 [main] hyscaleLoginPageTestCase - Logo test
[INFO ] 2021-02-05 18:05:27.755 [main] hyscaleLoginPageTestCase - login test is successful
[INFO ] 2021-02-05 18:05:27.757 [main] hyscaleLoginPageTestCase - Email  and passowrd entered
[INFO ] 2021-02-05 18:05:27.806 [main] hyscaleLoginPageTestCase - get driver
[INFO ] 2021-02-05 18:05:29.487 [main] PackageNegativeTestCases - packages testcase started
[INFO ] 2021-02-05 18:06:28.502 [main] hyscaleLoginPageTestCase - firefoxbrowser started
[INFO ] 2021-02-05 18:06:31.370 [main] hyscaleLoginPageTestCase - titletest
[INFO ] 2021-02-05 18:06:31.402 [main] hyscaleLoginPageTestCase - login page factory constructor
[INFO ] 2021-02-05 18:06:31.498 [main] hyscaleLoginPageTestCase - Logo test
[INFO ] 2021-02-05 18:06:36.670 [main] hyscaleLoginPageTestCase - login test is successful
[INFO ] 2021-02-05 18:06:36.670 [main] hyscaleLoginPageTestCase - Email  and passowrd entered
[INFO ] 2021-02-05 18:06:36.720 [main] hyscaleLoginPageTestCase - get driver
[INFO ] 2021-02-05 18:06:38.421 [main] PackageNegativeTestCases - packages testcase started
[INFO ] 2021-02-05 18:07:32.951 [main] hyscaleLoginPageTestCase - firefoxbrowser started
[INFO ] 2021-02-05 18:07:36.642 [main] hyscaleLoginPageTestCase - titletest
[INFO ] 2021-02-05 18:07:36.678 [main] hyscaleLoginPageTestCase - login page factory constructor
[INFO ] 2021-02-05 18:07:36.767 [main] hyscaleLoginPageTestCase - Logo test
[INFO ] 2021-02-05 18:07:41.204 [main] hyscaleLoginPageTestCase - login test is successful
[INFO ] 2021-02-05 18:07:41.204 [main] hyscaleLoginPageTestCase - Email  and passowrd entered
[INFO ] 2021-02-05 18:07:41.253 [main] hyscaleLoginPageTestCase - get driver
[INFO ] 2021-02-05 18:07:42.981 [main] PackageNegativeTestCases - packages testcase started
[INFO ] 2021-02-05 18:07:50.376 [main] hyscaleLoginPageTestCase - get driver
[INFO ] 2021-02-05 18:07:51.590 [main] PackageNegativeTestCases - base images testcases started
[INFO ] 2021-02-05 18:21:57.783 [main] hyscaleLoginPageTestCase - firefoxbrowser started
[INFO ] 2021-02-05 18:22:01.034 [main] hyscaleLoginPageTestCase - titletest
[INFO ] 2021-02-05 18:22:01.051 [main] hyscaleLoginPageTestCase - login page factory constructor
[INFO ] 2021-02-05 18:22:01.142 [main] hyscaleLoginPageTestCase - Logo test
[INFO ] 2021-02-05 18:22:06.486 [main] hyscaleLoginPageTestCase - login test is successful
[INFO ] 2021-02-05 18:22:06.486 [main] hyscaleLoginPageTestCase - Email  and passowrd entered
[INFO ] 2021-02-05 18:22:06.536 [main] hyscaleLoginPageTestCase - get driver
[INFO ] 2021-02-05 18:22:08.233 [main] PackageNegativeTestCases - packages testcase started
[INFO ] 2021-02-05 18:22:15.391 [main] hyscaleLoginPageTestCase - get driver
[INFO ] 2021-02-05 18:22:16.593 [main] PackageNegativeTestCases - base images testcases started
[INFO ] 2021-02-05 18:23:21.959 [main] hyscaleLoginPageTestCase - firefoxbrowser started
[INFO ] 2021-02-05 18:23:24.829 [main] hyscaleLoginPageTestCase - titletest
[INFO ] 2021-02-05 18:23:24.856 [main] hyscaleLoginPageTestCase - login page factory constructor
[INFO ] 2021-02-05 18:23:24.950 [main] hyscaleLoginPageTestCase - Logo test
[INFO ] 2021-02-05 18:23:32.436 [main] hyscaleLoginPageTestCase - login test is successful
[INFO ] 2021-02-05 18:23:32.436 [main] hyscaleLoginPageTestCase - Email  and passowrd entered
[INFO ] 2021-02-05 18:23:32.491 [main] hyscaleLoginPageTestCase - get driver
[INFO ] 2021-02-05 18:23:34.241 [main] PackageNegativeTestCases - packages testcase started
[INFO ] 2021-02-05 18:23:41.360 [main] hyscaleLoginPageTestCase - get driver
[INFO ] 2021-02-05 18:23:42.594 [main] PackageNegativeTestCases - base images testcases started
[INFO ] 2021-02-05 18:24:34.787 [main] hyscaleLoginPageTestCase - firefoxbrowser started
[INFO ] 2021-02-05 18:24:37.700 [main] hyscaleLoginPageTestCase - titletest
[INFO ] 2021-02-05 18:24:37.736 [main] hyscaleLoginPageTestCase - login page factory constructor
[INFO ] 2021-02-05 18:24:37.820 [main] hyscaleLoginPageTestCase - Logo test
[INFO ] 2021-02-05 18:24:45.441 [main] hyscaleLoginPageTestCase - login test is successful
[INFO ] 2021-02-05 18:24:45.441 [main] hyscaleLoginPageTestCase - Email  and passowrd entered
[INFO ] 2021-02-05 18:24:45.490 [main] hyscaleLoginPageTestCase - get driver
[INFO ] 2021-02-05 18:24:47.252 [main] PackageNegativeTestCases - packages testcase started
[INFO ] 2021-02-05 18:24:54.595 [main] hyscaleLoginPageTestCase - get driver
[INFO ] 2021-02-05 18:24:55.793 [main] PackageNegativeTestCases - base images testcases started
[INFO ] 2021-02-05 18:25:02.842 [main] hyscaleLoginPageTestCase - get driver
[INFO ] 2021-02-05 18:25:31.351 [main] hyscaleLoginPageTestCase - firefoxbrowser started
[INFO ] 2021-02-05 18:25:34.843 [main] hyscaleLoginPageTestCase - titletest
[INFO ] 2021-02-05 18:25:34.872 [main] hyscaleLoginPageTestCase - login page factory constructor
[INFO ] 2021-02-05 18:25:34.951 [main] hyscaleLoginPageTestCase - Logo test
[INFO ] 2021-02-05 18:25:38.192 [main] hyscaleLoginPageTestCase - login test is successful
[INFO ] 2021-02-05 18:25:38.192 [main] hyscaleLoginPageTestCase - Email  and passowrd entered
[INFO ] 2021-02-05 18:25:38.238 [main] hyscaleLoginPageTestCase - get driver
[INFO ] 2021-02-05 18:25:39.860 [main] PackageNegativeTestCases - packages testcase started
[INFO ] 2021-02-05 18:25:47.064 [main] hyscaleLoginPageTestCase - get driver
[INFO ] 2021-02-05 18:25:48.291 [main] PackageNegativeTestCases - base images testcases started
[INFO ] 2021-02-05 18:25:55.367 [main] hyscaleLoginPageTestCase - get driver
[INFO ] 2021-02-05 18:25:57.843 [main] hyscaleLoginPageTestCase - get driver
[INFO ] 2021-02-05 18:25:58.617 [main] PackageNegativeTestCases - agent images testcases started
[INFO ] 2021-02-05 18:27:04.258 [main] hyscaleLoginPageTestCase - firefoxbrowser started
[INFO ] 2021-02-05 18:27:07.130 [main] hyscaleLoginPageTestCase - titletest
[INFO ] 2021-02-05 18:27:07.154 [main] hyscaleLoginPageTestCase - login page factory constructor
[INFO ] 2021-02-05 18:27:07.231 [main] hyscaleLoginPageTestCase - Logo test
[INFO ] 2021-02-05 18:27:11.275 [main] hyscaleLoginPageTestCase - login test is successful
[INFO ] 2021-02-05 18:27:11.275 [main] hyscaleLoginPageTestCase - Email  and passowrd entered
[INFO ] 2021-02-05 18:27:11.326 [main] hyscaleLoginPageTestCase - get driver
[INFO ] 2021-02-05 18:27:58.207 [main] hyscaleLoginPageTestCase - firefoxbrowser started
[INFO ] 2021-02-05 18:28:01.461 [main] hyscaleLoginPageTestCase - titletest
[INFO ] 2021-02-05 18:28:01.489 [main] hyscaleLoginPageTestCase - login page factory constructor
[INFO ] 2021-02-05 18:28:01.568 [main] hyscaleLoginPageTestCase - Logo test
[INFO ] 2021-02-05 18:28:06.057 [main] hyscaleLoginPageTestCase - login test is successful
[INFO ] 2021-02-05 18:28:06.057 [main] hyscaleLoginPageTestCase - Email  and passowrd entered
[INFO ] 2021-02-05 18:28:06.099 [main] hyscaleLoginPageTestCase - get driver
[INFO ] 2021-02-05 18:28:07.808 [main] PackageNegativeTestCases - packages testcase started
[INFO ] 2021-02-05 18:28:15.006 [main] hyscaleLoginPageTestCase - get driver
[INFO ] 2021-02-05 18:28:15.828 [main] PackageNegativeTestCases - agent images testcases started
[INFO ] 2021-02-05 18:28:46.928 [main] hyscaleLoginPageTestCase - firefoxbrowser started
[INFO ] 2021-02-05 18:28:49.752 [main] hyscaleLoginPageTestCase - titletest
[INFO ] 2021-02-05 18:28:49.776 [main] hyscaleLoginPageTestCase - login page factory constructor
[INFO ] 2021-02-05 18:28:49.859 [main] hyscaleLoginPageTestCase - Logo test
[INFO ] 2021-02-05 18:28:55.276 [main] hyscaleLoginPageTestCase - login test is successful
[INFO ] 2021-02-05 18:28:55.276 [main] hyscaleLoginPageTestCase - Email  and passowrd entered
[INFO ] 2021-02-05 18:28:55.331 [main] hyscaleLoginPageTestCase - get driver
[INFO ] 2021-02-05 18:28:57.048 [main] PackageNegativeTestCases - packages testcase started
[INFO ] 2021-02-05 18:29:04.537 [main] hyscaleLoginPageTestCase - get driver
[INFO ] 2021-02-05 18:29:05.717 [main] PackageNegativeTestCases - base images testcases started
[INFO ] 2021-02-05 18:29:12.792 [main] hyscaleLoginPageTestCase - get driver
[INFO ] 2021-02-05 18:29:15.430 [main] hyscaleLoginPageTestCase - get driver
[INFO ] 2021-02-05 18:29:16.277 [main] PackageNegativeTestCases - agent images testcases started
[INFO ] 2021-02-05 18:30:24.872 [main] hyscaleLoginPageTestCase - firefoxbrowser started
[INFO ] 2021-02-05 18:30:28.213 [main] hyscaleLoginPageTestCase - titletest
[INFO ] 2021-02-05 18:30:28.233 [main] hyscaleLoginPageTestCase - login page factory constructor
[INFO ] 2021-02-05 18:30:28.352 [main] hyscaleLoginPageTestCase - Logo test
[INFO ] 2021-02-05 18:30:33.145 [main] hyscaleLoginPageTestCase - login test is successful
[INFO ] 2021-02-05 18:30:33.146 [main] hyscaleLoginPageTestCase - Email  and passowrd entered
[INFO ] 2021-02-05 18:30:33.196 [main] hyscaleLoginPageTestCase - get driver
[INFO ] 2021-02-05 18:30:34.862 [main] PackageNegativeTestCases - packages testcase started
[INFO ] 2021-02-05 18:30:42.357 [main] hyscaleLoginPageTestCase - get driver
[INFO ] 2021-02-05 18:30:43.527 [main] PackageNegativeTestCases - base images testcases started
[INFO ] 2021-02-05 18:30:50.787 [main] hyscaleLoginPageTestCase - get driver
[INFO ] 2021-02-05 18:30:53.324 [main] hyscaleLoginPageTestCase - get driver
[INFO ] 2021-02-05 18:30:54.140 [main] PackageNegativeTestCases - agent images testcases started
[INFO ] 2021-02-05 18:32:58.937 [main] hyscaleLoginPageTestCase - firefoxbrowser started
[INFO ] 2021-02-05 18:33:02.433 [main] hyscaleLoginPageTestCase - titletest
[INFO ] 2021-02-05 18:33:02.449 [main] hyscaleLoginPageTestCase - login page factory constructor
[INFO ] 2021-02-05 18:33:02.544 [main] hyscaleLoginPageTestCase - Logo test
[INFO ] 2021-02-05 18:33:08.456 [main] hyscaleLoginPageTestCase - login test is successful
[INFO ] 2021-02-05 18:33:08.457 [main] hyscaleLoginPageTestCase - Email  and passowrd entered
[INFO ] 2021-02-05 18:33:08.507 [main] hyscaleLoginPageTestCase - get driver
[INFO ] 2021-02-05 18:33:10.245 [main] PackageNegativeTestCases - packages testcase started
[INFO ] 2021-02-05 18:33:17.539 [main] hyscaleLoginPageTestCase - get driver
[INFO ] 2021-02-05 18:33:18.714 [main] PackageNegativeTestCases - base images testcases started
[INFO ] 2021-02-05 18:33:25.732 [main] hyscaleLoginPageTestCase - get driver
[INFO ] 2021-02-05 18:33:28.267 [main] hyscaleLoginPageTestCase - get driver
[INFO ] 2021-02-05 18:33:29.101 [main] PackageNegativeTestCases - agent images testcases started
[INFO ] 2021-02-05 18:34:50.651 [main] hyscaleLoginPageTestCase - firefoxbrowser started
[INFO ] 2021-02-05 18:34:54.269 [main] hyscaleLoginPageTestCase - titletest
[INFO ] 2021-02-05 18:34:54.312 [main] hyscaleLoginPageTestCase - login page factory constructor
[INFO ] 2021-02-05 18:34:54.411 [main] hyscaleLoginPageTestCase - Logo test
[INFO ] 2021-02-05 18:34:59.393 [main] hyscaleLoginPageTestCase - login test is successful
[INFO ] 2021-02-05 18:34:59.393 [main] hyscaleLoginPageTestCase - Email  and passowrd entered
[INFO ] 2021-02-05 18:34:59.435 [main] hyscaleLoginPageTestCase - get driver
[INFO ] 2021-02-05 18:35:01.164 [main] PackageNegativeTestCases - packages testcase started
[INFO ] 2021-02-05 18:35:08.811 [main] hyscaleLoginPageTestCase - get driver
[INFO ] 2021-02-05 18:35:09.985 [main] PackageNegativeTestCases - base images testcases started
[INFO ] 2021-02-05 18:35:17.209 [main] hyscaleLoginPageTestCase - get driver
[INFO ] 2021-02-05 18:35:19.695 [main] hyscaleLoginPageTestCase - get driver
[INFO ] 2021-02-05 18:35:20.512 [main] PackageNegativeTestCases - agent images testcases started
[INFO ] 2021-02-05 18:37:06.696 [TestNG-tests-2] hyscaleLoginPageTestCase - get driver
[INFO ] 2021-02-05 18:37:06.722 [TestNG-tests-2] hyscaleLoginPageTestCase - get driver
[INFO ] 2021-02-05 18:37:06.740 [TestNG-tests-2] hyscaleLoginPageTestCase - get driver
[INFO ] 2021-02-05 18:37:06.745 [TestNG-tests-2] hyscaleLoginPageTestCase - get driver
[INFO ] 2021-02-05 18:37:08.567 [TestNG-tests-1] hyscaleLoginPageTestCase - chromebrowser started
[INFO ] 2021-02-05 18:37:11.220 [TestNG-tests-1] hyscaleLoginPageTestCase - titletest
[INFO ] 2021-02-05 18:37:11.242 [TestNG-tests-1] hyscaleLoginPageTestCase - login page factory constructor
[INFO ] 2021-02-05 18:37:11.318 [TestNG-tests-1] hyscaleLoginPageTestCase - Logo test
[INFO ] 2021-02-05 18:37:19.999 [TestNG-tests-1] hyscaleLoginPageTestCase - login test is successful
[INFO ] 2021-02-05 18:37:20.000 [TestNG-tests-1] hyscaleLoginPageTestCase - Email  and passowrd entered
[INFO ] 2021-02-05 18:37:20.030 [TestNG-tests-1] hyscaleLoginPageTestCase - get driver
[INFO ] 2021-02-05 18:37:21.390 [TestNG-tests-1] PackageNegativeTestCases - packages testcase started
[INFO ] 2021-02-05 18:37:28.659 [TestNG-tests-1] hyscaleLoginPageTestCase - get driver
[INFO ] 2021-02-05 18:37:29.491 [TestNG-tests-1] PackageNegativeTestCases - base images testcases started
[INFO ] 2021-02-05 18:37:37.329 [TestNG-tests-1] hyscaleLoginPageTestCase - get driver
[INFO ] 2021-02-05 18:37:39.936 [TestNG-tests-1] hyscaleLoginPageTestCase - get driver
[INFO ] 2021-02-05 18:37:40.575 [TestNG-tests-1] PackageNegativeTestCases - agent images testcases started
[INFO ] 2021-02-05 18:38:49.497 [TestNG-tests-2] hyscaleLoginPageTestCase - get driver
[INFO ] 2021-02-05 18:38:49.519 [TestNG-tests-2] hyscaleLoginPageTestCase - get driver
[INFO ] 2021-02-05 18:38:49.540 [TestNG-tests-2] hyscaleLoginPageTestCase - get driver
[INFO ] 2021-02-05 18:38:49.545 [TestNG-tests-2] hyscaleLoginPageTestCase - get driver
[INFO ] 2021-02-05 18:38:50.077 [TestNG-tests-1] hyscaleLoginPageTestCase - chromebrowser started
[INFO ] 2021-02-05 18:38:53.580 [TestNG-tests-1] hyscaleLoginPageTestCase - titletest
[INFO ] 2021-02-05 18:38:53.602 [TestNG-tests-1] hyscaleLoginPageTestCase - login page factory constructor
[INFO ] 2021-02-05 18:38:53.677 [TestNG-tests-1] hyscaleLoginPageTestCase - Logo test
[INFO ] 2021-02-05 18:38:59.783 [TestNG-tests-1] hyscaleLoginPageTestCase - login test is successful
[INFO ] 2021-02-05 18:38:59.784 [TestNG-tests-1] hyscaleLoginPageTestCase - Email  and passowrd entered
[INFO ] 2021-02-05 18:38:59.833 [TestNG-tests-1] hyscaleLoginPageTestCase - get driver
[INFO ] 2021-02-05 18:39:01.185 [TestNG-tests-1] PackageNegativeTestCases - packages testcase started
[INFO ] 2021-02-05 18:39:08.494 [TestNG-tests-1] hyscaleLoginPageTestCase - get driver
[INFO ] 2021-02-05 18:40:52.304 [TestNG-tests-2] hyscaleLoginPageTestCase - get driver
[INFO ] 2021-02-05 18:40:52.325 [TestNG-tests-2] hyscaleLoginPageTestCase - get driver
[INFO ] 2021-02-05 18:40:52.341 [TestNG-tests-2] hyscaleLoginPageTestCase - get driver
[INFO ] 2021-02-05 18:40:52.346 [TestNG-tests-2] hyscaleLoginPageTestCase - get driver
[INFO ] 2021-02-05 18:40:53.021 [TestNG-tests-1] hyscaleLoginPageTestCase - chromebrowser started
[INFO ] 2021-02-05 18:40:56.201 [TestNG-tests-1] hyscaleLoginPageTestCase - titletest
[INFO ] 2021-02-05 18:40:56.223 [TestNG-tests-1] hyscaleLoginPageTestCase - login page factory constructor
[INFO ] 2021-02-05 18:40:56.293 [TestNG-tests-1] hyscaleLoginPageTestCase - Logo test
[INFO ] 2021-02-05 18:41:03.911 [TestNG-tests-1] hyscaleLoginPageTestCase - login test is successful
[INFO ] 2021-02-05 18:41:03.911 [TestNG-tests-1] hyscaleLoginPageTestCase - Email  and passowrd entered
[INFO ] 2021-02-05 18:41:03.993 [TestNG-tests-1] hyscaleLoginPageTestCase - get driver
[INFO ] 2021-02-05 18:41:05.338 [TestNG-tests-1] PackageNegativeTestCases - packages testcase started
[INFO ] 2021-02-05 18:41:13.070 [TestNG-tests-1] hyscaleLoginPageTestCase - get driver
[INFO ] 2021-02-05 18:41:13.953 [TestNG-tests-1] PackageNegativeTestCases - base images testcases started
[INFO ] 2021-02-05 18:42:01.072 [TestNG-tests-1] hyscaleLoginPageTestCase - chromebrowser started
[INFO ] 2021-02-05 18:42:04.069 [TestNG-tests-1] hyscaleLoginPageTestCase - titletest
[INFO ] 2021-02-05 18:42:04.091 [TestNG-tests-1] hyscaleLoginPageTestCase - login page factory constructor
[INFO ] 2021-02-05 18:42:04.165 [TestNG-tests-1] hyscaleLoginPageTestCase - Logo test
[INFO ] 2021-02-05 18:42:11.465 [TestNG-tests-1] hyscaleLoginPageTestCase - login test is successful
[INFO ] 2021-02-05 18:42:11.466 [TestNG-tests-1] hyscaleLoginPageTestCase - Email  and passowrd entered
[INFO ] 2021-02-05 18:42:11.515 [TestNG-tests-1] hyscaleLoginPageTestCase - get driver
[INFO ] 2021-02-05 18:42:11.590 [TestNG-tests-2] hyscaleLoginPageTestCase - firefoxbrowser started
[INFO ] 2021-02-05 18:42:13.058 [TestNG-tests-1] PackageNegativeTestCases - packages testcase started
[INFO ] 2021-02-05 18:42:14.472 [TestNG-tests-2] hyscaleLoginPageTestCase - titletest
[INFO ] 2021-02-05 18:42:14.473 [TestNG-tests-2] hyscaleLoginPageTestCase - login page factory constructor
[INFO ] 2021-02-05 18:42:14.556 [TestNG-tests-2] hyscaleLoginPageTestCase - Logo test
[INFO ] 2021-02-05 18:42:19.199 [TestNG-tests-2] hyscaleLoginPageTestCase - login test is successful
[INFO ] 2021-02-05 18:42:19.199 [TestNG-tests-2] hyscaleLoginPageTestCase - Email  and passowrd entered
[INFO ] 2021-02-05 18:42:19.258 [TestNG-tests-2] hyscaleLoginPageTestCase - get driver
[INFO ] 2021-02-05 18:42:21.928 [TestNG-tests-2] PackageNegativeTestCases - packages testcase started
[INFO ] 2021-02-05 18:42:23.808 [TestNG-tests-1] hyscaleLoginPageTestCase - get driver
[INFO ] 2021-02-05 18:43:52.937 [TestNG-tests-1] hyscaleLoginPageTestCase - chromebrowser started
[INFO ] 2021-02-05 18:43:56.174 [TestNG-tests-1] hyscaleLoginPageTestCase - titletest
[INFO ] 2021-02-05 18:43:56.195 [TestNG-tests-1] hyscaleLoginPageTestCase - login page factory constructor
[INFO ] 2021-02-05 18:43:56.259 [TestNG-tests-1] hyscaleLoginPageTestCase - Logo test
[INFO ] 2021-02-05 18:44:02.387 [TestNG-tests-2] hyscaleLoginPageTestCase - firefoxbrowser started
[INFO ] 2021-02-05 18:44:03.406 [TestNG-tests-1] hyscaleLoginPageTestCase - login test is successful
[INFO ] 2021-02-05 18:44:03.407 [TestNG-tests-1] hyscaleLoginPageTestCase - Email  and passowrd entered
[INFO ] 2021-02-05 18:44:03.456 [TestNG-tests-1] hyscaleLoginPageTestCase - get driver
[INFO ] 2021-02-05 18:44:04.898 [TestNG-tests-2] hyscaleLoginPageTestCase - titletest
[INFO ] 2021-02-05 18:44:04.899 [TestNG-tests-2] hyscaleLoginPageTestCase - login page factory constructor
[INFO ] 2021-02-05 18:44:04.944 [TestNG-tests-2] hyscaleLoginPageTestCase - Logo test
[INFO ] 2021-02-05 18:44:08.294 [TestNG-tests-2] hyscaleLoginPageTestCase - login test is successful
[INFO ] 2021-02-05 18:44:08.295 [TestNG-tests-2] hyscaleLoginPageTestCase - Email  and passowrd entered
[INFO ] 2021-02-05 18:44:38.345 [TestNG-tests-2] hyscaleLoginPageTestCase - get driver
[INFO ] 2021-02-05 18:45:05.130 [TestNG-tests-1] hyscaleLoginPageTestCase - chromebrowser started
[INFO ] 2021-02-05 18:45:08.381 [TestNG-tests-1] hyscaleLoginPageTestCase - titletest
[INFO ] 2021-02-05 18:45:08.406 [TestNG-tests-1] hyscaleLoginPageTestCase - login page factory constructor
[INFO ] 2021-02-05 18:45:08.468 [TestNG-tests-1] hyscaleLoginPageTestCase - Logo test
[INFO ] 2021-02-05 18:45:14.689 [TestNG-tests-1] hyscaleLoginPageTestCase - login test is successful
[INFO ] 2021-02-05 18:45:14.690 [TestNG-tests-1] hyscaleLoginPageTestCase - Email  and passowrd entered
[INFO ] 2021-02-05 18:45:14.729 [TestNG-tests-1] hyscaleLoginPageTestCase - get driver
[INFO ] 2021-02-05 18:45:14.919 [TestNG-tests-2] hyscaleLoginPageTestCase - firefoxbrowser started
[INFO ] 2021-02-05 18:45:16.169 [TestNG-tests-1] PackageNegativeTestCases - packages testcase started
[INFO ] 2021-02-05 18:45:17.368 [TestNG-tests-2] hyscaleLoginPageTestCase - titletest
[INFO ] 2021-02-05 18:45:17.369 [TestNG-tests-2] hyscaleLoginPageTestCase - login page factory constructor
[INFO ] 2021-02-05 18:45:17.444 [TestNG-tests-2] hyscaleLoginPageTestCase - Logo test
[INFO ] 2021-02-05 18:45:21.475 [TestNG-tests-2] hyscaleLoginPageTestCase - login test is successful
[INFO ] 2021-02-05 18:45:21.475 [TestNG-tests-2] hyscaleLoginPageTestCase - Email  and passowrd entered
[INFO ] 2021-02-05 18:45:21.545 [TestNG-tests-2] hyscaleLoginPageTestCase - get driver
[INFO ] 2021-02-05 18:45:23.905 [TestNG-tests-2] PackageNegativeTestCases - packages testcase started
[INFO ] 2021-02-05 18:45:25.415 [TestNG-tests-1] hyscaleLoginPageTestCase - get driver
[INFO ] 2021-02-05 18:46:30.095 [TestNG-tests-1] hyscaleLoginPageTestCase - chromebrowser started
[INFO ] 2021-02-05 18:46:32.961 [TestNG-tests-1] hyscaleLoginPageTestCase - titletest
[INFO ] 2021-02-05 18:46:32.984 [TestNG-tests-1] hyscaleLoginPageTestCase - login page factory constructor
[INFO ] 2021-02-05 18:46:33.054 [TestNG-tests-1] hyscaleLoginPageTestCase - Logo test
[INFO ] 2021-02-05 18:46:40.861 [TestNG-tests-1] hyscaleLoginPageTestCase - login test is successful
[INFO ] 2021-02-05 18:46:40.861 [TestNG-tests-1] hyscaleLoginPageTestCase - Email  and passowrd entered
[INFO ] 2021-02-05 18:46:40.901 [TestNG-tests-1] hyscaleLoginPageTestCase - get driver
[INFO ] 2021-02-05 18:46:42.222 [TestNG-tests-1] PackageNegativeTestCases - packages testcase started
[INFO ] 2021-02-05 18:46:49.519 [TestNG-tests-1] hyscaleLoginPageTestCase - get driver
[INFO ] 2021-02-05 18:46:50.277 [TestNG-tests-1] PackageNegativeTestCases - base images testcases started
[INFO ] 2021-02-05 18:46:57.174 [TestNG-tests-1] hyscaleLoginPageTestCase - get driver
[INFO ] 2021-02-05 18:46:59.744 [TestNG-tests-1] hyscaleLoginPageTestCase - get driver
[INFO ] 2021-02-05 18:47:00.405 [TestNG-tests-1] PackageNegativeTestCases - agent images testcases started
[INFO ] 2021-02-05 18:47:17.594 [TestNG-tests-1] hyscaleLoginPageTestCase - chromebrowser started
[INFO ] 2021-02-05 18:47:20.484 [TestNG-tests-1] hyscaleLoginPageTestCase - titletest
[INFO ] 2021-02-05 18:47:20.514 [TestNG-tests-1] hyscaleLoginPageTestCase - login page factory constructor
[INFO ] 2021-02-05 18:47:20.584 [TestNG-tests-1] hyscaleLoginPageTestCase - Logo test
[INFO ] 2021-02-05 18:47:28.316 [TestNG-tests-2] hyscaleLoginPageTestCase - firefoxbrowser started
[INFO ] 2021-02-05 18:47:28.995 [TestNG-tests-1] hyscaleLoginPageTestCase - login test is successful
[INFO ] 2021-02-05 18:47:28.996 [TestNG-tests-1] hyscaleLoginPageTestCase - Email  and passowrd entered
[INFO ] 2021-02-05 18:47:29.046 [TestNG-tests-1] hyscaleLoginPageTestCase - get driver
[INFO ] 2021-02-05 18:47:30.869 [TestNG-tests-2] hyscaleLoginPageTestCase - titletest
[INFO ] 2021-02-05 18:47:30.869 [TestNG-tests-2] hyscaleLoginPageTestCase - login page factory constructor
[INFO ] 2021-02-05 18:47:30.933 [TestNG-tests-2] hyscaleLoginPageTestCase - Logo test
[INFO ] 2021-02-05 18:47:37.014 [TestNG-tests-2] hyscaleLoginPageTestCase - login test is successful
[INFO ] 2021-02-05 18:47:37.015 [TestNG-tests-2] hyscaleLoginPageTestCase - Email  and passowrd entered
[INFO ] 2021-02-05 18:48:07.069 [TestNG-tests-2] hyscaleLoginPageTestCase - get driver
[INFO ] 2021-02-05 18:49:00.024 [TestNG-tests-1] hyscaleLoginPageTestCase - chromebrowser started
[INFO ] 2021-02-05 18:49:03.303 [TestNG-tests-1] hyscaleLoginPageTestCase - titletest
[INFO ] 2021-02-05 18:49:03.326 [TestNG-tests-1] hyscaleLoginPageTestCase - login page factory constructor
[INFO ] 2021-02-05 18:49:03.399 [TestNG-tests-1] hyscaleLoginPageTestCase - Logo test
[INFO ] 2021-02-05 18:49:10.387 [TestNG-tests-1] hyscaleLoginPageTestCase - login test is successful
[INFO ] 2021-02-05 18:49:10.387 [TestNG-tests-1] hyscaleLoginPageTestCase - Email  and passowrd entered
[INFO ] 2021-02-05 18:49:10.421 [TestNG-tests-1] hyscaleLoginPageTestCase - get driver
[INFO ] 2021-02-05 18:49:10.713 [TestNG-tests-1] PackageNegativeTestCases - packages testcase started
[INFO ] 2021-02-05 18:49:18.055 [TestNG-tests-1] hyscaleLoginPageTestCase - get driver
[INFO ] 2021-02-05 18:49:18.871 [TestNG-tests-1] PackageNegativeTestCases - base images testcases started
[INFO ] 2021-02-05 18:49:25.728 [TestNG-tests-1] hyscaleLoginPageTestCase - get driver
[INFO ] 2021-02-05 18:49:28.396 [TestNG-tests-1] hyscaleLoginPageTestCase - get driver
[INFO ] 2021-02-05 18:49:29.006 [TestNG-tests-1] PackageNegativeTestCases - agent images testcases started
[INFO ] 2021-02-05 18:51:42.655 [TestNG-tests-1] hyscaleLoginPageTestCase - chromebrowser started
[INFO ] 2021-02-05 18:51:45.683 [TestNG-tests-1] hyscaleLoginPageTestCase - titletest
[INFO ] 2021-02-05 18:51:45.710 [TestNG-tests-1] hyscaleLoginPageTestCase - login page factory constructor
[INFO ] 2021-02-05 18:51:45.784 [TestNG-tests-1] hyscaleLoginPageTestCase - Logo test
[INFO ] 2021-02-05 18:51:52.695 [TestNG-tests-1] hyscaleLoginPageTestCase - login test is successful
[INFO ] 2021-02-05 18:51:52.695 [TestNG-tests-1] hyscaleLoginPageTestCase - Email  and passowrd entered
[INFO ] 2021-02-05 18:51:52.730 [TestNG-tests-1] hyscaleLoginPageTestCase - get driver
[INFO ] 2021-02-05 18:51:53.016 [TestNG-tests-1] PackageNegativeTestCases - packages testcase started
[INFO ] 2021-02-05 18:51:59.459 [TestNG-tests-1] hyscaleLoginPageTestCase - get driver
[INFO ] 2021-02-05 18:52:00.320 [TestNG-tests-1] PackageNegativeTestCases - base images testcases started
[INFO ] 2021-02-05 18:52:07.096 [TestNG-tests-1] hyscaleLoginPageTestCase - get driver
[INFO ] 2021-02-05 18:52:09.720 [TestNG-tests-1] hyscaleLoginPageTestCase - get driver
[INFO ] 2021-02-05 18:52:10.442 [TestNG-tests-1] PackageNegativeTestCases - agent images testcases started
[INFO ] 2021-02-05 18:52:16.397 [main] hyscaleLoginPageTestCase - ended
