[INFO ] 2021-02-15 14:02:54.890 [TestNG-tests-1] hyscaleLoginPageTestCase - chromebrowser started
[INFO ] 2021-02-15 14:02:58.616 [TestNG-tests-1] hyscaleLoginPageTestCase - titletest
[INFO ] 2021-02-15 14:02:58.646 [TestNG-tests-1] hyscaleLoginPageTestCase - login page factory constructor
[INFO ] 2021-02-15 14:02:58.730 [TestNG-tests-1] hyscaleLoginPageTestCase - Logo test
[INFO ] 2021-02-15 14:03:12.296 [TestNG-tests-1] hyscaleLoginPageTestCase - login test is successful
[INFO ] 2021-02-15 14:03:12.296 [TestNG-tests-1] hyscaleLoginPageTestCase - Email  and passowrd entered
[INFO ] 2021-02-15 14:03:12.421 [TestNG-tests-1] hyscaleLoginPageTestCase - get driver
[INFO ] 2021-02-15 14:03:16.289 [TestNG-tests-1] hyscaleLoginPageTestCase - get driver
[INFO ] 2021-02-15 14:03:16.787 [TestNG-tests-1] PackageNegativeTestCases - packages testcase started
[INFO ] 2021-02-15 14:03:23.124 [TestNG-tests-1] hyscaleLoginPageTestCase - get driver
[INFO ] 2021-02-15 14:03:33.156 [TestNG-tests-1] hyscaleLoginPageTestCase - get driver
[INFO ] 2021-02-15 14:03:33.588 [TestNG-tests-1] PackageNegativeTestCases - base images testcases started
[INFO ] 2021-02-15 14:03:44.919 [TestNG-tests-1] hyscaleLoginPageTestCase - get driver
[INFO ] 2021-02-15 14:03:48.231 [TestNG-tests-1] hyscaleLoginPageTestCase - get driver
[INFO ] 2021-02-15 14:03:48.319 [TestNG-tests-1] PackageNegativeTestCases - agent images testcases started
[INFO ] 2021-02-15 14:03:53.870 [TestNG-tests-1] hyscaleLoginPageTestCase - get driver
[INFO ] 2021-02-15 14:03:55.909 [TestNG-tests-1] hyscaleLoginPageTestCase - get driver
[INFO ] 2021-02-15 14:03:57.841 [TestNG-tests-1] hyscaleLoginPageTestCase - get driver
[INFO ] 2021-02-15 14:04:03.108 [TestNG-tests-1] hyscaleLoginPageTestCase - get driver
[INFO ] 2021-02-15 14:05:30.743 [TestNG-tests-1] hyscaleLoginPageTestCase - chromebrowser started
[INFO ] 2021-02-15 14:05:33.734 [TestNG-tests-1] hyscaleLoginPageTestCase - titletest
[INFO ] 2021-02-15 14:05:33.753 [TestNG-tests-1] hyscaleLoginPageTestCase - login page factory constructor
[INFO ] 2021-02-15 14:05:33.816 [TestNG-tests-1] hyscaleLoginPageTestCase - Logo test
[INFO ] 2021-02-15 14:05:42.049 [TestNG-tests-1] hyscaleLoginPageTestCase - login test is successful
[INFO ] 2021-02-15 14:05:42.050 [TestNG-tests-1] hyscaleLoginPageTestCase - Email  and passowrd entered
[INFO ] 2021-02-15 14:05:42.185 [TestNG-tests-1] hyscaleLoginPageTestCase - get driver
[INFO ] 2021-02-15 14:05:45.874 [TestNG-tests-1] hyscaleLoginPageTestCase - get driver
[INFO ] 2021-02-15 14:05:46.355 [TestNG-tests-1] PackageNegativeTestCases - packages testcase started
[INFO ] 2021-02-15 14:05:52.722 [TestNG-tests-1] hyscaleLoginPageTestCase - get driver
[INFO ] 2021-02-15 14:06:01.917 [TestNG-tests-1] hyscaleLoginPageTestCase - get driver
[INFO ] 2021-02-15 14:06:02.267 [TestNG-tests-1] PackageNegativeTestCases - base images testcases started
[INFO ] 2021-02-15 14:06:12.922 [TestNG-tests-1] hyscaleLoginPageTestCase - get driver
[INFO ] 2021-02-15 14:06:16.078 [TestNG-tests-1] hyscaleLoginPageTestCase - get driver
[INFO ] 2021-02-15 14:06:16.169 [TestNG-tests-1] PackageNegativeTestCases - agent images testcases started
[INFO ] 2021-02-15 14:06:21.546 [TestNG-tests-1] hyscaleLoginPageTestCase - get driver
[INFO ] 2021-02-15 14:06:23.949 [TestNG-tests-1] hyscaleLoginPageTestCase - get driver
[INFO ] 2021-02-15 14:06:25.873 [TestNG-tests-1] hyscaleLoginPageTestCase - get driver
[INFO ] 2021-02-15 14:06:27.763 [TestNG-tests-1] hyscaleLoginPageTestCase - get driver
[INFO ] 2021-02-15 14:07:21.733 [TestNG-tests-1] hyscaleLoginPageTestCase - chromebrowser started
[INFO ] 2021-02-15 14:07:24.880 [TestNG-tests-1] hyscaleLoginPageTestCase - titletest
[INFO ] 2021-02-15 14:07:24.902 [TestNG-tests-1] hyscaleLoginPageTestCase - login page factory constructor
[INFO ] 2021-02-15 14:07:24.964 [TestNG-tests-1] hyscaleLoginPageTestCase - Logo test
[INFO ] 2021-02-15 14:07:36.176 [TestNG-tests-1] hyscaleLoginPageTestCase - login test is successful
[INFO ] 2021-02-15 14:07:36.176 [TestNG-tests-1] hyscaleLoginPageTestCase - Email  and passowrd entered
[INFO ] 2021-02-15 14:07:36.317 [TestNG-tests-1] hyscaleLoginPageTestCase - get driver
[INFO ] 2021-02-15 14:07:38.006 [TestNG-tests-1] hyscaleLoginPageTestCase - get driver
[INFO ] 2021-02-15 14:08:30.358 [TestNG-tests-1] hyscaleLoginPageTestCase - chromebrowser started
[INFO ] 2021-02-15 14:08:34.458 [TestNG-tests-1] hyscaleLoginPageTestCase - titletest
[INFO ] 2021-02-15 14:08:34.485 [TestNG-tests-1] hyscaleLoginPageTestCase - login page factory constructor
[INFO ] 2021-02-15 14:08:34.548 [TestNG-tests-1] hyscaleLoginPageTestCase - Logo test
[INFO ] 2021-02-15 14:08:43.206 [TestNG-tests-1] hyscaleLoginPageTestCase - login test is successful
[INFO ] 2021-02-15 14:08:43.206 [TestNG-tests-1] hyscaleLoginPageTestCase - Email  and passowrd entered
[INFO ] 2021-02-15 14:08:43.340 [TestNG-tests-1] hyscaleLoginPageTestCase - get driver
[INFO ] 2021-02-15 14:08:46.126 [TestNG-tests-1] hyscaleLoginPageTestCase - get driver
[INFO ] 2021-02-15 14:09:23.371 [TestNG-tests-1] hyscaleLoginPageTestCase - chromebrowser started
[INFO ] 2021-02-15 14:09:26.467 [TestNG-tests-1] hyscaleLoginPageTestCase - titletest
[INFO ] 2021-02-15 14:09:26.489 [TestNG-tests-1] hyscaleLoginPageTestCase - login page factory constructor
[INFO ] 2021-02-15 14:09:26.551 [TestNG-tests-1] hyscaleLoginPageTestCase - Logo test
[INFO ] 2021-02-15 14:09:38.310 [TestNG-tests-1] hyscaleLoginPageTestCase - login test is successful
[INFO ] 2021-02-15 14:09:38.311 [TestNG-tests-1] hyscaleLoginPageTestCase - Email  and passowrd entered
[INFO ] 2021-02-15 14:09:38.447 [TestNG-tests-1] hyscaleLoginPageTestCase - get driver
[INFO ] 2021-02-15 14:09:41.102 [TestNG-tests-1] hyscaleLoginPageTestCase - get driver
[INFO ] 2021-02-15 14:10:22.839 [TestNG-tests-1] hyscaleLoginPageTestCase - chromebrowser started
[INFO ] 2021-02-15 14:10:27.859 [TestNG-tests-1] hyscaleLoginPageTestCase - titletest
[INFO ] 2021-02-15 14:10:27.881 [TestNG-tests-1] hyscaleLoginPageTestCase - login page factory constructor
[INFO ] 2021-02-15 14:10:27.941 [TestNG-tests-1] hyscaleLoginPageTestCase - Logo test
[INFO ] 2021-02-15 14:10:38.165 [TestNG-tests-1] hyscaleLoginPageTestCase - login test is successful
[INFO ] 2021-02-15 14:10:38.165 [TestNG-tests-1] hyscaleLoginPageTestCase - Email  and passowrd entered
[INFO ] 2021-02-15 14:10:38.325 [TestNG-tests-1] hyscaleLoginPageTestCase - get driver
[INFO ] 2021-02-15 14:10:41.075 [TestNG-tests-1] hyscaleLoginPageTestCase - get driver
[INFO ] 2021-02-15 14:11:22.590 [TestNG-tests-1] hyscaleLoginPageTestCase - chromebrowser started
[INFO ] 2021-02-15 14:11:27.699 [TestNG-tests-1] hyscaleLoginPageTestCase - titletest
[INFO ] 2021-02-15 14:11:27.721 [TestNG-tests-1] hyscaleLoginPageTestCase - login page factory constructor
[INFO ] 2021-02-15 14:11:27.792 [TestNG-tests-1] hyscaleLoginPageTestCase - Logo test
[INFO ] 2021-02-15 14:11:36.523 [TestNG-tests-1] hyscaleLoginPageTestCase - login test is successful
[INFO ] 2021-02-15 14:11:36.523 [TestNG-tests-1] hyscaleLoginPageTestCase - Email  and passowrd entered
[INFO ] 2021-02-15 14:11:36.649 [TestNG-tests-1] hyscaleLoginPageTestCase - get driver
[INFO ] 2021-02-15 14:11:39.576 [TestNG-tests-1] hyscaleLoginPageTestCase - get driver
[INFO ] 2021-02-15 14:12:15.718 [TestNG-tests-1] hyscaleLoginPageTestCase - chromebrowser started
[INFO ] 2021-02-15 14:12:18.562 [TestNG-tests-1] hyscaleLoginPageTestCase - titletest
[INFO ] 2021-02-15 14:12:18.588 [TestNG-tests-1] hyscaleLoginPageTestCase - login page factory constructor
[INFO ] 2021-02-15 14:12:18.675 [TestNG-tests-1] hyscaleLoginPageTestCase - Logo test
[INFO ] 2021-02-15 14:12:28.681 [TestNG-tests-1] hyscaleLoginPageTestCase - login test is successful
[INFO ] 2021-02-15 14:12:28.683 [TestNG-tests-1] hyscaleLoginPageTestCase - Email  and passowrd entered
[INFO ] 2021-02-15 14:12:28.981 [TestNG-tests-1] hyscaleLoginPageTestCase - get driver
[INFO ] 2021-02-15 14:12:31.789 [TestNG-tests-1] hyscaleLoginPageTestCase - get driver
[INFO ] 2021-02-15 14:13:12.169 [TestNG-tests-1] hyscaleLoginPageTestCase - chromebrowser started
[INFO ] 2021-02-15 14:13:15.817 [TestNG-tests-1] hyscaleLoginPageTestCase - titletest
[INFO ] 2021-02-15 14:13:15.837 [TestNG-tests-1] hyscaleLoginPageTestCase - login page factory constructor
[INFO ] 2021-02-15 14:13:15.894 [TestNG-tests-1] hyscaleLoginPageTestCase - Logo test
[INFO ] 2021-02-15 14:13:27.784 [TestNG-tests-1] hyscaleLoginPageTestCase - login test is successful
[INFO ] 2021-02-15 14:13:27.784 [TestNG-tests-1] hyscaleLoginPageTestCase - Email  and passowrd entered
[INFO ] 2021-02-15 14:13:27.899 [TestNG-tests-1] hyscaleLoginPageTestCase - get driver
[INFO ] 2021-02-15 14:13:30.725 [TestNG-tests-1] hyscaleLoginPageTestCase - get driver
[INFO ] 2021-02-15 14:20:47.309 [TestNG-tests-1] hyscaleLoginPageTestCase - chromebrowser started
[INFO ] 2021-02-15 14:20:51.043 [TestNG-tests-1] hyscaleLoginPageTestCase - titletest
[INFO ] 2021-02-15 14:20:51.062 [TestNG-tests-1] hyscaleLoginPageTestCase - login page factory constructor
[INFO ] 2021-02-15 14:20:51.121 [TestNG-tests-1] hyscaleLoginPageTestCase - Logo test
[INFO ] 2021-02-15 14:21:01.855 [TestNG-tests-1] hyscaleLoginPageTestCase - login test is successful
[INFO ] 2021-02-15 14:21:01.855 [TestNG-tests-1] hyscaleLoginPageTestCase - Email  and passowrd entered
[INFO ] 2021-02-15 14:21:02.004 [TestNG-tests-1] hyscaleLoginPageTestCase - get driver
[INFO ] 2021-02-15 14:21:04.898 [TestNG-tests-1] hyscaleLoginPageTestCase - get driver
[INFO ] 2021-02-15 14:22:26.334 [TestNG-tests-1] hyscaleLoginPageTestCase - chromebrowser started
[INFO ] 2021-02-15 14:22:29.785 [TestNG-tests-1] hyscaleLoginPageTestCase - titletest
[INFO ] 2021-02-15 14:22:29.804 [TestNG-tests-1] hyscaleLoginPageTestCase - login page factory constructor
[INFO ] 2021-02-15 14:22:29.858 [TestNG-tests-1] hyscaleLoginPageTestCase - Logo test
[INFO ] 2021-02-15 14:22:40.404 [TestNG-tests-1] hyscaleLoginPageTestCase - login test is successful
[INFO ] 2021-02-15 14:22:40.405 [TestNG-tests-1] hyscaleLoginPageTestCase - Email  and passowrd entered
[INFO ] 2021-02-15 14:22:40.541 [TestNG-tests-1] hyscaleLoginPageTestCase - get driver
[INFO ] 2021-02-15 14:22:43.221 [TestNG-tests-1] hyscaleLoginPageTestCase - get driver
[INFO ] 2021-02-15 14:24:25.541 [TestNG-tests-1] hyscaleLoginPageTestCase - chromebrowser started
[INFO ] 2021-02-15 14:24:29.393 [TestNG-tests-1] hyscaleLoginPageTestCase - titletest
[INFO ] 2021-02-15 14:24:29.420 [TestNG-tests-1] hyscaleLoginPageTestCase - login page factory constructor
[INFO ] 2021-02-15 14:24:29.488 [TestNG-tests-1] hyscaleLoginPageTestCase - Logo test
[INFO ] 2021-02-15 14:24:39.125 [TestNG-tests-1] hyscaleLoginPageTestCase - login test is successful
[INFO ] 2021-02-15 14:24:39.125 [TestNG-tests-1] hyscaleLoginPageTestCase - Email  and passowrd entered
[INFO ] 2021-02-15 14:24:39.255 [TestNG-tests-1] hyscaleLoginPageTestCase - get driver
[INFO ] 2021-02-15 14:24:41.938 [TestNG-tests-1] hyscaleLoginPageTestCase - get driver
[INFO ] 2021-02-15 14:26:00.786 [TestNG-tests-1] hyscaleLoginPageTestCase - chromebrowser started
[INFO ] 2021-02-15 14:26:04.876 [TestNG-tests-1] hyscaleLoginPageTestCase - titletest
[INFO ] 2021-02-15 14:26:04.896 [TestNG-tests-1] hyscaleLoginPageTestCase - login page factory constructor
[INFO ] 2021-02-15 14:26:04.961 [TestNG-tests-1] hyscaleLoginPageTestCase - Logo test
[INFO ] 2021-02-15 14:26:14.268 [TestNG-tests-1] hyscaleLoginPageTestCase - login test is successful
[INFO ] 2021-02-15 14:26:14.268 [TestNG-tests-1] hyscaleLoginPageTestCase - Email  and passowrd entered
[INFO ] 2021-02-15 14:26:14.444 [TestNG-tests-1] hyscaleLoginPageTestCase - get driver
[INFO ] 2021-02-15 14:26:17.338 [TestNG-tests-1] hyscaleLoginPageTestCase - get driver
[INFO ] 2021-02-15 14:32:35.876 [TestNG-tests-1] hyscaleLoginPageTestCase - chromebrowser started
[INFO ] 2021-02-15 14:32:39.876 [TestNG-tests-1] hyscaleLoginPageTestCase - titletest
[INFO ] 2021-02-15 14:32:39.901 [TestNG-tests-1] hyscaleLoginPageTestCase - login page factory constructor
[INFO ] 2021-02-15 14:32:39.975 [TestNG-tests-1] hyscaleLoginPageTestCase - Logo test
[INFO ] 2021-02-15 14:32:49.302 [TestNG-tests-1] hyscaleLoginPageTestCase - login test is successful
[INFO ] 2021-02-15 14:32:49.303 [TestNG-tests-1] hyscaleLoginPageTestCase - Email  and passowrd entered
[INFO ] 2021-02-15 14:32:49.446 [TestNG-tests-1] hyscaleLoginPageTestCase - get driver
[INFO ] 2021-02-15 14:32:52.285 [TestNG-tests-1] hyscaleLoginPageTestCase - get driver
[INFO ] 2021-02-15 14:34:12.030 [TestNG-tests-1] hyscaleLoginPageTestCase - chromebrowser started
[INFO ] 2021-02-15 14:34:15.284 [TestNG-tests-1] hyscaleLoginPageTestCase - titletest
[INFO ] 2021-02-15 14:34:15.301 [TestNG-tests-1] hyscaleLoginPageTestCase - login page factory constructor
[INFO ] 2021-02-15 14:34:15.359 [TestNG-tests-1] hyscaleLoginPageTestCase - Logo test
[INFO ] 2021-02-15 14:34:27.784 [TestNG-tests-1] hyscaleLoginPageTestCase - login test is successful
[INFO ] 2021-02-15 14:34:27.785 [TestNG-tests-1] hyscaleLoginPageTestCase - Email  and passowrd entered
[INFO ] 2021-02-15 14:34:27.931 [TestNG-tests-1] hyscaleLoginPageTestCase - get driver
[INFO ] 2021-02-15 14:34:30.698 [TestNG-tests-1] hyscaleLoginPageTestCase - get driver
[INFO ] 2021-02-15 14:34:57.885 [TestNG-tests-1] hyscaleLoginPageTestCase - chromebrowser started
[INFO ] 2021-02-15 14:35:00.776 [TestNG-tests-1] hyscaleLoginPageTestCase - titletest
[INFO ] 2021-02-15 14:35:00.795 [TestNG-tests-1] hyscaleLoginPageTestCase - login page factory constructor
[INFO ] 2021-02-15 14:35:00.860 [TestNG-tests-1] hyscaleLoginPageTestCase - Logo test
[INFO ] 2021-02-15 14:35:10.865 [TestNG-tests-1] hyscaleLoginPageTestCase - login test is successful
[INFO ] 2021-02-15 14:35:10.866 [TestNG-tests-1] hyscaleLoginPageTestCase - Email  and passowrd entered
[INFO ] 2021-02-15 14:35:11.014 [TestNG-tests-1] hyscaleLoginPageTestCase - get driver
[INFO ] 2021-02-15 14:35:13.768 [TestNG-tests-1] hyscaleLoginPageTestCase - get driver
[INFO ] 2021-02-15 14:36:40.555 [TestNG-tests-1] hyscaleLoginPageTestCase - chromebrowser started
[INFO ] 2021-02-15 14:36:44.711 [TestNG-tests-1] hyscaleLoginPageTestCase - titletest
[INFO ] 2021-02-15 14:36:44.731 [TestNG-tests-1] hyscaleLoginPageTestCase - login page factory constructor
[INFO ] 2021-02-15 14:36:44.781 [TestNG-tests-1] hyscaleLoginPageTestCase - Logo test
[INFO ] 2021-02-15 14:36:54.131 [TestNG-tests-1] hyscaleLoginPageTestCase - login test is successful
[INFO ] 2021-02-15 14:36:54.131 [TestNG-tests-1] hyscaleLoginPageTestCase - Email  and passowrd entered
[INFO ] 2021-02-15 14:36:54.273 [TestNG-tests-1] hyscaleLoginPageTestCase - get driver
[INFO ] 2021-02-15 14:36:57.131 [TestNG-tests-1] hyscaleLoginPageTestCase - get driver
[INFO ] 2021-02-15 14:41:33.405 [TestNG-tests-1] hyscaleLoginPageTestCase - chromebrowser started
[INFO ] 2021-02-15 14:41:36.680 [TestNG-tests-1] hyscaleLoginPageTestCase - titletest
[INFO ] 2021-02-15 14:41:36.703 [TestNG-tests-1] hyscaleLoginPageTestCase - login page factory constructor
[INFO ] 2021-02-15 14:41:36.763 [TestNG-tests-1] hyscaleLoginPageTestCase - Logo test
[INFO ] 2021-02-15 14:41:45.971 [TestNG-tests-1] hyscaleLoginPageTestCase - login test is successful
[INFO ] 2021-02-15 14:41:45.972 [TestNG-tests-1] hyscaleLoginPageTestCase - Email  and passowrd entered
[INFO ] 2021-02-15 14:41:46.114 [TestNG-tests-1] hyscaleLoginPageTestCase - get driver
[INFO ] 2021-02-15 14:41:48.973 [TestNG-tests-1] hyscaleLoginPageTestCase - get driver
[INFO ] 2021-02-15 14:43:18.591 [TestNG-tests-1] hyscaleLoginPageTestCase - chromebrowser started
[INFO ] 2021-02-15 14:43:21.677 [TestNG-tests-1] hyscaleLoginPageTestCase - titletest
[INFO ] 2021-02-15 14:43:21.696 [TestNG-tests-1] hyscaleLoginPageTestCase - login page factory constructor
[INFO ] 2021-02-15 14:43:21.762 [TestNG-tests-1] hyscaleLoginPageTestCase - Logo test
[INFO ] 2021-02-15 14:43:34.492 [TestNG-tests-1] hyscaleLoginPageTestCase - login test is successful
[INFO ] 2021-02-15 14:43:34.493 [TestNG-tests-1] hyscaleLoginPageTestCase - Email  and passowrd entered
[INFO ] 2021-02-15 14:43:34.638 [TestNG-tests-1] hyscaleLoginPageTestCase - get driver
[INFO ] 2021-02-15 14:43:37.522 [TestNG-tests-1] hyscaleLoginPageTestCase - get driver
[INFO ] 2021-02-15 14:46:46.952 [TestNG-tests-1] hyscaleLoginPageTestCase - chromebrowser started
[INFO ] 2021-02-15 14:46:50.180 [TestNG-tests-1] hyscaleLoginPageTestCase - titletest
[INFO ] 2021-02-15 14:46:50.198 [TestNG-tests-1] hyscaleLoginPageTestCase - login page factory constructor
[INFO ] 2021-02-15 14:46:50.257 [TestNG-tests-1] hyscaleLoginPageTestCase - Logo test
[INFO ] 2021-02-15 14:46:59.270 [TestNG-tests-1] hyscaleLoginPageTestCase - login test is successful
[INFO ] 2021-02-15 14:46:59.270 [TestNG-tests-1] hyscaleLoginPageTestCase - Email  and passowrd entered
[INFO ] 2021-02-15 14:46:59.408 [TestNG-tests-1] hyscaleLoginPageTestCase - get driver
[INFO ] 2021-02-15 14:47:02.321 [TestNG-tests-1] hyscaleLoginPageTestCase - get driver
[INFO ] 2021-02-15 14:47:40.271 [TestNG-tests-1] hyscaleLoginPageTestCase - chromebrowser started
[INFO ] 2021-02-15 14:47:43.551 [TestNG-tests-1] hyscaleLoginPageTestCase - titletest
[INFO ] 2021-02-15 14:47:43.572 [TestNG-tests-1] hyscaleLoginPageTestCase - login page factory constructor
[INFO ] 2021-02-15 14:47:43.634 [TestNG-tests-1] hyscaleLoginPageTestCase - Logo test
[INFO ] 2021-02-15 14:47:53.012 [TestNG-tests-1] hyscaleLoginPageTestCase - login test is successful
[INFO ] 2021-02-15 14:47:53.012 [TestNG-tests-1] hyscaleLoginPageTestCase - Email  and passowrd entered
[INFO ] 2021-02-15 14:47:53.142 [TestNG-tests-1] hyscaleLoginPageTestCase - get driver
[INFO ] 2021-02-15 14:47:56.035 [TestNG-tests-1] hyscaleLoginPageTestCase - get driver
[INFO ] 2021-02-15 15:01:37.744 [TestNG-tests-1] hyscaleLoginPageTestCase - chromebrowser started
[INFO ] 2021-02-15 15:01:40.692 [TestNG-tests-1] hyscaleLoginPageTestCase - titletest
[INFO ] 2021-02-15 15:01:40.717 [TestNG-tests-1] hyscaleLoginPageTestCase - login page factory constructor
[INFO ] 2021-02-15 15:01:40.793 [TestNG-tests-1] hyscaleLoginPageTestCase - Logo test
[INFO ] 2021-02-15 15:01:52.071 [TestNG-tests-1] hyscaleLoginPageTestCase - login test is successful
[INFO ] 2021-02-15 15:01:52.071 [TestNG-tests-1] hyscaleLoginPageTestCase - Email  and passowrd entered
[INFO ] 2021-02-15 15:01:52.241 [TestNG-tests-1] hyscaleLoginPageTestCase - get driver
[INFO ] 2021-02-15 15:01:55.085 [TestNG-tests-1] hyscaleLoginPageTestCase - get driver
[INFO ] 2021-02-15 15:03:56.176 [TestNG-tests-1] hyscaleLoginPageTestCase - chromebrowser started
[INFO ] 2021-02-15 15:03:59.119 [TestNG-tests-1] hyscaleLoginPageTestCase - titletest
[INFO ] 2021-02-15 15:03:59.143 [TestNG-tests-1] hyscaleLoginPageTestCase - login page factory constructor
[INFO ] 2021-02-15 15:03:59.210 [TestNG-tests-1] hyscaleLoginPageTestCase - Logo test
[INFO ] 2021-02-15 15:04:08.333 [TestNG-tests-1] hyscaleLoginPageTestCase - login test is successful
[INFO ] 2021-02-15 15:04:08.333 [TestNG-tests-1] hyscaleLoginPageTestCase - Email  and passowrd entered
[INFO ] 2021-02-15 15:04:08.462 [TestNG-tests-1] hyscaleLoginPageTestCase - get driver
[INFO ] 2021-02-15 15:04:11.410 [TestNG-tests-1] hyscaleLoginPageTestCase - get driver
[INFO ] 2021-02-15 15:04:47.463 [TestNG-tests-1] hyscaleLoginPageTestCase - chromebrowser started
[INFO ] 2021-02-15 15:04:50.716 [TestNG-tests-1] hyscaleLoginPageTestCase - titletest
[INFO ] 2021-02-15 15:04:50.738 [TestNG-tests-1] hyscaleLoginPageTestCase - login page factory constructor
[INFO ] 2021-02-15 15:04:50.848 [TestNG-tests-1] hyscaleLoginPageTestCase - Logo test
[INFO ] 2021-02-15 15:05:02.901 [TestNG-tests-1] hyscaleLoginPageTestCase - login test is successful
[INFO ] 2021-02-15 15:05:02.902 [TestNG-tests-1] hyscaleLoginPageTestCase - Email  and passowrd entered
[INFO ] 2021-02-15 15:05:03.103 [TestNG-tests-1] hyscaleLoginPageTestCase - get driver
[INFO ] 2021-02-15 15:05:05.759 [TestNG-tests-1] hyscaleLoginPageTestCase - get driver
[INFO ] 2021-02-15 15:07:49.402 [TestNG-tests-1] hyscaleLoginPageTestCase - chromebrowser started
[INFO ] 2021-02-15 15:07:52.435 [TestNG-tests-1] hyscaleLoginPageTestCase - titletest
[INFO ] 2021-02-15 15:07:52.455 [TestNG-tests-1] hyscaleLoginPageTestCase - login page factory constructor
[INFO ] 2021-02-15 15:07:52.512 [TestNG-tests-1] hyscaleLoginPageTestCase - Logo test
[INFO ] 2021-02-15 15:08:04.023 [TestNG-tests-1] hyscaleLoginPageTestCase - login test is successful
[INFO ] 2021-02-15 15:08:04.023 [TestNG-tests-1] hyscaleLoginPageTestCase - Email  and passowrd entered
[INFO ] 2021-02-15 15:08:04.162 [TestNG-tests-1] hyscaleLoginPageTestCase - get driver
[INFO ] 2021-02-15 15:08:07.088 [TestNG-tests-1] hyscaleLoginPageTestCase - get driver
[INFO ] 2021-02-15 15:09:06.816 [TestNG-tests-1] hyscaleLoginPageTestCase - chromebrowser started
[INFO ] 2021-02-15 15:09:10.170 [TestNG-tests-1] hyscaleLoginPageTestCase - titletest
[INFO ] 2021-02-15 15:09:10.191 [TestNG-tests-1] hyscaleLoginPageTestCase - login page factory constructor
[INFO ] 2021-02-15 15:09:10.246 [TestNG-tests-1] hyscaleLoginPageTestCase - Logo test
[INFO ] 2021-02-15 15:09:23.127 [TestNG-tests-1] hyscaleLoginPageTestCase - login test is successful
[INFO ] 2021-02-15 15:09:23.127 [TestNG-tests-1] hyscaleLoginPageTestCase - Email  and passowrd entered
[INFO ] 2021-02-15 15:09:23.245 [TestNG-tests-1] hyscaleLoginPageTestCase - get driver
[INFO ] 2021-02-15 15:09:25.925 [TestNG-tests-1] hyscaleLoginPageTestCase - get driver
[INFO ] 2021-02-15 15:16:06.131 [TestNG-tests-1] hyscaleLoginPageTestCase - chromebrowser started
[INFO ] 2021-02-15 15:16:09.072 [TestNG-tests-1] hyscaleLoginPageTestCase - titletest
[INFO ] 2021-02-15 15:16:09.099 [TestNG-tests-1] hyscaleLoginPageTestCase - login page factory constructor
[INFO ] 2021-02-15 15:16:09.173 [TestNG-tests-1] hyscaleLoginPageTestCase - Logo test
[INFO ] 2021-02-15 15:16:18.196 [TestNG-tests-1] hyscaleLoginPageTestCase - login test is successful
[INFO ] 2021-02-15 15:16:18.197 [TestNG-tests-1] hyscaleLoginPageTestCase - Email  and passowrd entered
[INFO ] 2021-02-15 15:16:18.328 [TestNG-tests-1] hyscaleLoginPageTestCase - get driver
[INFO ] 2021-02-15 15:16:21.234 [TestNG-tests-1] hyscaleLoginPageTestCase - get driver
[INFO ] 2021-02-15 15:16:39.283 [TestNG-tests-1] hyscaleLoginPageTestCase - chromebrowser started
[INFO ] 2021-02-15 15:16:42.002 [TestNG-tests-1] hyscaleLoginPageTestCase - titletest
[INFO ] 2021-02-15 15:16:42.021 [TestNG-tests-1] hyscaleLoginPageTestCase - login page factory constructor
[INFO ] 2021-02-15 15:16:42.083 [TestNG-tests-1] hyscaleLoginPageTestCase - Logo test
[INFO ] 2021-02-15 15:16:49.919 [TestNG-tests-1] hyscaleLoginPageTestCase - login test is successful
[INFO ] 2021-02-15 15:16:49.919 [TestNG-tests-1] hyscaleLoginPageTestCase - Email  and passowrd entered
[INFO ] 2021-02-15 15:16:50.049 [TestNG-tests-1] hyscaleLoginPageTestCase - get driver
[INFO ] 2021-02-15 15:16:52.789 [TestNG-tests-1] hyscaleLoginPageTestCase - get driver
[INFO ] 2021-02-15 15:17:26.471 [TestNG-tests-1] hyscaleLoginPageTestCase - chromebrowser started
[INFO ] 2021-02-15 15:17:29.465 [TestNG-tests-1] hyscaleLoginPageTestCase - titletest
[INFO ] 2021-02-15 15:17:29.488 [TestNG-tests-1] hyscaleLoginPageTestCase - login page factory constructor
[INFO ] 2021-02-15 15:17:29.567 [TestNG-tests-1] hyscaleLoginPageTestCase - Logo test
[INFO ] 2021-02-15 15:17:38.052 [TestNG-tests-1] hyscaleLoginPageTestCase - login test is successful
[INFO ] 2021-02-15 15:17:38.052 [TestNG-tests-1] hyscaleLoginPageTestCase - Email  and passowrd entered
[INFO ] 2021-02-15 15:17:38.187 [TestNG-tests-1] hyscaleLoginPageTestCase - get driver
[INFO ] 2021-02-15 15:17:41.072 [TestNG-tests-1] hyscaleLoginPageTestCase - get driver
[INFO ] 2021-02-15 15:17:57.382 [TestNG-tests-1] hyscaleLoginPageTestCase - chromebrowser started
[INFO ] 2021-02-15 15:18:00.573 [TestNG-tests-1] hyscaleLoginPageTestCase - titletest
[INFO ] 2021-02-15 15:18:00.601 [TestNG-tests-1] hyscaleLoginPageTestCase - login page factory constructor
[INFO ] 2021-02-15 15:18:00.675 [TestNG-tests-1] hyscaleLoginPageTestCase - Logo test
[INFO ] 2021-02-15 15:18:12.501 [TestNG-tests-1] hyscaleLoginPageTestCase - login test is successful
[INFO ] 2021-02-15 15:18:12.502 [TestNG-tests-1] hyscaleLoginPageTestCase - Email  and passowrd entered
[INFO ] 2021-02-15 15:18:12.675 [TestNG-tests-1] hyscaleLoginPageTestCase - get driver
[INFO ] 2021-02-15 15:18:15.740 [TestNG-tests-1] hyscaleLoginPageTestCase - get driver
[INFO ] 2021-02-15 17:43:17.521 [TestNG-tests-1] hyscaleLoginPageTestCase - chromebrowser started
[INFO ] 2021-02-15 17:43:20.599 [TestNG-tests-1] hyscaleLoginPageTestCase - titletest
[INFO ] 2021-02-15 17:43:20.626 [TestNG-tests-1] hyscaleLoginPageTestCase - login page factory constructor
[INFO ] 2021-02-15 17:43:20.701 [TestNG-tests-1] hyscaleLoginPageTestCase - Logo test
[INFO ] 2021-02-15 17:43:30.504 [TestNG-tests-1] hyscaleLoginPageTestCase - login test is successful
[INFO ] 2021-02-15 17:43:30.505 [TestNG-tests-1] hyscaleLoginPageTestCase - Email  and passowrd entered
[INFO ] 2021-02-15 17:43:30.632 [TestNG-tests-1] hyscaleLoginPageTestCase - get driver
[INFO ] 2021-02-15 17:43:33.314 [TestNG-tests-1] hyscaleLoginPageTestCase - get driver
[INFO ] 2021-02-15 17:43:33.863 [TestNG-tests-1] containerRegistryNegativeTestCases - containerRegistry testcases started
[INFO ] 2021-02-15 17:53:25.213 [TestNG-tests-1] hyscaleLoginPageTestCase - chromebrowser started
[INFO ] 2021-02-15 17:53:28.173 [TestNG-tests-1] hyscaleLoginPageTestCase - titletest
[INFO ] 2021-02-15 17:53:28.193 [TestNG-tests-1] hyscaleLoginPageTestCase - login page factory constructor
[INFO ] 2021-02-15 17:53:28.254 [TestNG-tests-1] hyscaleLoginPageTestCase - Logo test
[INFO ] 2021-02-15 17:53:38.352 [TestNG-tests-1] hyscaleLoginPageTestCase - login test is successful
[INFO ] 2021-02-15 17:53:38.352 [TestNG-tests-1] hyscaleLoginPageTestCase - Email  and passowrd entered
[INFO ] 2021-02-15 17:53:38.487 [TestNG-tests-1] hyscaleLoginPageTestCase - get driver
[INFO ] 2021-02-15 17:53:41.425 [TestNG-tests-1] hyscaleLoginPageTestCase - get driver
[INFO ] 2021-02-15 17:53:42.048 [TestNG-tests-1] containerRegistryNegativeTestCases - containerRegistry testcases started
[INFO ] 2021-02-15 17:56:36.931 [TestNG-tests-1] hyscaleLoginPageTestCase - chromebrowser started
[INFO ] 2021-02-15 17:56:40.385 [TestNG-tests-1] hyscaleLoginPageTestCase - titletest
[INFO ] 2021-02-15 17:56:40.410 [TestNG-tests-1] hyscaleLoginPageTestCase - login page factory constructor
[INFO ] 2021-02-15 17:56:40.472 [TestNG-tests-1] hyscaleLoginPageTestCase - Logo test
[INFO ] 2021-02-15 17:56:48.773 [TestNG-tests-1] hyscaleLoginPageTestCase - login test is successful
[INFO ] 2021-02-15 17:56:48.774 [TestNG-tests-1] hyscaleLoginPageTestCase - Email  and passowrd entered
[INFO ] 2021-02-15 17:56:48.893 [TestNG-tests-1] hyscaleLoginPageTestCase - get driver
[INFO ] 2021-02-15 17:56:51.688 [TestNG-tests-1] hyscaleLoginPageTestCase - get driver
[INFO ] 2021-02-15 17:56:52.313 [TestNG-tests-1] containerRegistryNegativeTestCases - containerRegistry testcases started
[INFO ] 2021-02-15 17:57:41.830 [TestNG-tests-1] hyscaleLoginPageTestCase - chromebrowser started
[INFO ] 2021-02-15 17:57:43.625 [TestNG-tests-1] hyscaleLoginPageTestCase - get driver
[INFO ] 2021-02-15 17:57:43.683 [TestNG-tests-1] hyscaleLoginPageTestCase - get driver
[INFO ] 2021-02-15 17:58:54.123 [TestNG-tests-1] hyscaleLoginPageTestCase - chromebrowser started
[INFO ] 2021-02-15 17:58:57.112 [TestNG-tests-1] hyscaleLoginPageTestCase - titletest
[INFO ] 2021-02-15 17:58:57.146 [TestNG-tests-1] hyscaleLoginPageTestCase - login page factory constructor
[INFO ] 2021-02-15 17:58:57.239 [TestNG-tests-1] hyscaleLoginPageTestCase - Logo test
[INFO ] 2021-02-15 17:59:05.506 [TestNG-tests-1] hyscaleLoginPageTestCase - login test is successful
[INFO ] 2021-02-15 17:59:05.506 [TestNG-tests-1] hyscaleLoginPageTestCase - Email  and passowrd entered
[INFO ] 2021-02-15 17:59:05.643 [TestNG-tests-1] hyscaleLoginPageTestCase - get driver
[INFO ] 2021-02-15 17:59:08.689 [TestNG-tests-1] hyscaleLoginPageTestCase - get driver
[INFO ] 2021-02-15 17:59:09.309 [TestNG-tests-1] containerRegistryNegativeTestCases - containerRegistry testcases started
[INFO ] 2021-02-15 17:59:29.948 [TestNG-tests-1] hyscaleLoginPageTestCase - chromebrowser started
[INFO ] 2021-02-15 17:59:32.939 [TestNG-tests-1] hyscaleLoginPageTestCase - titletest
[INFO ] 2021-02-15 17:59:32.960 [TestNG-tests-1] hyscaleLoginPageTestCase - login page factory constructor
[INFO ] 2021-02-15 17:59:33.024 [TestNG-tests-1] hyscaleLoginPageTestCase - Logo test
[INFO ] 2021-02-15 17:59:42.690 [TestNG-tests-1] hyscaleLoginPageTestCase - login test is successful
[INFO ] 2021-02-15 17:59:42.690 [TestNG-tests-1] hyscaleLoginPageTestCase - Email  and passowrd entered
[INFO ] 2021-02-15 17:59:42.819 [TestNG-tests-1] hyscaleLoginPageTestCase - get driver
[INFO ] 2021-02-15 17:59:45.657 [TestNG-tests-1] hyscaleLoginPageTestCase - get driver
[INFO ] 2021-02-15 17:59:46.288 [TestNG-tests-1] containerRegistryNegativeTestCases - containerRegistry testcases started
[INFO ] 2021-02-15 18:00:06.929 [TestNG-tests-1] hyscaleLoginPageTestCase - chromebrowser started
[INFO ] 2021-02-15 18:00:10.074 [TestNG-tests-1] hyscaleLoginPageTestCase - titletest
[INFO ] 2021-02-15 18:00:10.101 [TestNG-tests-1] hyscaleLoginPageTestCase - login page factory constructor
[INFO ] 2021-02-15 18:00:10.157 [TestNG-tests-1] hyscaleLoginPageTestCase - Logo test
[INFO ] 2021-02-15 18:00:19.095 [TestNG-tests-1] hyscaleLoginPageTestCase - login test is successful
[INFO ] 2021-02-15 18:00:19.097 [TestNG-tests-1] hyscaleLoginPageTestCase - Email  and passowrd entered
[INFO ] 2021-02-15 18:00:19.252 [TestNG-tests-1] hyscaleLoginPageTestCase - get driver
[INFO ] 2021-02-15 18:00:22.171 [TestNG-tests-1] hyscaleLoginPageTestCase - get driver
[INFO ] 2021-02-15 18:00:22.790 [TestNG-tests-1] containerRegistryNegativeTestCases - containerRegistry testcases started
[INFO ] 2021-02-15 18:01:41.861 [TestNG-tests-1] hyscaleLoginPageTestCase - chromebrowser started
[INFO ] 2021-02-15 18:01:47.054 [TestNG-tests-1] hyscaleLoginPageTestCase - titletest
[INFO ] 2021-02-15 18:01:47.075 [TestNG-tests-1] hyscaleLoginPageTestCase - login page factory constructor
[INFO ] 2021-02-15 18:01:47.124 [TestNG-tests-1] hyscaleLoginPageTestCase - Logo test
[INFO ] 2021-02-15 18:02:36.936 [TestNG-tests-1] hyscaleLoginPageTestCase - login test is successful
[INFO ] 2021-02-15 18:02:36.936 [TestNG-tests-1] hyscaleLoginPageTestCase - Email  and passowrd entered
[INFO ] 2021-02-15 18:02:37.057 [TestNG-tests-1] hyscaleLoginPageTestCase - get driver
[INFO ] 2021-02-15 18:02:42.603 [TestNG-tests-1] hyscaleLoginPageTestCase - get driver
[INFO ] 2021-02-15 18:02:43.238 [TestNG-tests-1] containerRegistryNegativeTestCases - containerRegistry testcases started
[INFO ] 2021-02-15 18:03:14.594 [TestNG-tests-1] hyscaleLoginPageTestCase - chromebrowser started
[INFO ] 2021-02-15 18:03:21.066 [TestNG-tests-1] hyscaleLoginPageTestCase - titletest
[INFO ] 2021-02-15 18:03:21.085 [TestNG-tests-1] hyscaleLoginPageTestCase - login page factory constructor
[INFO ] 2021-02-15 18:03:21.144 [TestNG-tests-1] hyscaleLoginPageTestCase - Logo test
[INFO ] 2021-02-15 18:03:40.574 [TestNG-tests-1] hyscaleLoginPageTestCase - login test is successful
[INFO ] 2021-02-15 18:03:40.574 [TestNG-tests-1] hyscaleLoginPageTestCase - Email  and passowrd entered
[INFO ] 2021-02-15 18:03:40.764 [TestNG-tests-1] hyscaleLoginPageTestCase - get driver
[INFO ] 2021-02-15 18:03:43.543 [TestNG-tests-1] hyscaleLoginPageTestCase - get driver
[INFO ] 2021-02-15 18:03:44.168 [TestNG-tests-1] containerRegistryNegativeTestCases - containerRegistry testcases started
[INFO ] 2021-02-15 18:04:22.857 [TestNG-tests-1] hyscaleLoginPageTestCase - chromebrowser started
[INFO ] 2021-02-15 18:04:25.688 [TestNG-tests-1] hyscaleLoginPageTestCase - titletest
[INFO ] 2021-02-15 18:04:25.709 [TestNG-tests-1] hyscaleLoginPageTestCase - login page factory constructor
[INFO ] 2021-02-15 18:04:25.773 [TestNG-tests-1] hyscaleLoginPageTestCase - Logo test
[INFO ] 2021-02-15 18:04:33.013 [TestNG-tests-1] hyscaleLoginPageTestCase - login test is successful
[INFO ] 2021-02-15 18:04:33.013 [TestNG-tests-1] hyscaleLoginPageTestCase - Email  and passowrd entered
[INFO ] 2021-02-15 18:04:33.139 [TestNG-tests-1] hyscaleLoginPageTestCase - get driver
[INFO ] 2021-02-15 18:04:36.074 [TestNG-tests-1] hyscaleLoginPageTestCase - get driver
[INFO ] 2021-02-15 18:04:36.657 [TestNG-tests-1] containerRegistryNegativeTestCases - containerRegistry testcases started
[INFO ] 2021-02-15 18:05:20.142 [TestNG-tests-1] hyscaleLoginPageTestCase - chromebrowser started
[INFO ] 2021-02-15 18:05:23.076 [TestNG-tests-1] hyscaleLoginPageTestCase - titletest
[INFO ] 2021-02-15 18:05:23.097 [TestNG-tests-1] hyscaleLoginPageTestCase - login page factory constructor
[INFO ] 2021-02-15 18:05:23.160 [TestNG-tests-1] hyscaleLoginPageTestCase - Logo test
[INFO ] 2021-02-15 18:05:31.469 [TestNG-tests-1] hyscaleLoginPageTestCase - login test is successful
[INFO ] 2021-02-15 18:05:31.470 [TestNG-tests-1] hyscaleLoginPageTestCase - Email  and passowrd entered
[INFO ] 2021-02-15 18:05:31.602 [TestNG-tests-1] hyscaleLoginPageTestCase - get driver
[INFO ] 2021-02-15 18:05:34.666 [TestNG-tests-1] hyscaleLoginPageTestCase - get driver
[INFO ] 2021-02-15 18:05:35.271 [TestNG-tests-1] containerRegistryNegativeTestCases - containerRegistry testcases started
[INFO ] 2021-02-15 18:06:57.302 [TestNG-tests-1] hyscaleLoginPageTestCase - chromebrowser started
[INFO ] 2021-02-15 18:07:00.620 [TestNG-tests-1] hyscaleLoginPageTestCase - titletest
[INFO ] 2021-02-15 18:07:00.641 [TestNG-tests-1] hyscaleLoginPageTestCase - login page factory constructor
[INFO ] 2021-02-15 18:07:00.697 [TestNG-tests-1] hyscaleLoginPageTestCase - Logo test
[INFO ] 2021-02-15 18:07:08.125 [TestNG-tests-1] hyscaleLoginPageTestCase - login test is successful
[INFO ] 2021-02-15 18:07:08.126 [TestNG-tests-1] hyscaleLoginPageTestCase - Email  and passowrd entered
[INFO ] 2021-02-15 18:07:08.259 [TestNG-tests-1] hyscaleLoginPageTestCase - get driver
[INFO ] 2021-02-15 18:07:11.146 [TestNG-tests-1] hyscaleLoginPageTestCase - get driver
[INFO ] 2021-02-15 18:07:11.777 [TestNG-tests-1] containerRegistryNegativeTestCases - containerRegistry testcases started
[INFO ] 2021-02-15 18:10:25.675 [TestNG-tests-1] hyscaleLoginPageTestCase - chromebrowser started
[INFO ] 2021-02-15 18:10:28.675 [TestNG-tests-1] hyscaleLoginPageTestCase - titletest
[INFO ] 2021-02-15 18:10:28.703 [TestNG-tests-1] hyscaleLoginPageTestCase - login page factory constructor
[INFO ] 2021-02-15 18:10:28.761 [TestNG-tests-1] hyscaleLoginPageTestCase - Logo test
[INFO ] 2021-02-15 18:10:37.594 [TestNG-tests-1] hyscaleLoginPageTestCase - login test is successful
[INFO ] 2021-02-15 18:10:37.595 [TestNG-tests-1] hyscaleLoginPageTestCase - Email  and passowrd entered
[INFO ] 2021-02-15 18:10:37.762 [TestNG-tests-1] hyscaleLoginPageTestCase - get driver
[INFO ] 2021-02-15 18:10:40.594 [TestNG-tests-1] hyscaleLoginPageTestCase - get driver
[INFO ] 2021-02-15 18:10:41.224 [TestNG-tests-1] containerRegistryNegativeTestCases - containerRegistry testcases started
[INFO ] 2021-02-15 18:11:33.289 [TestNG-tests-1] hyscaleLoginPageTestCase - chromebrowser started
[INFO ] 2021-02-15 18:11:36.084 [TestNG-tests-1] hyscaleLoginPageTestCase - titletest
[INFO ] 2021-02-15 18:11:36.105 [TestNG-tests-1] hyscaleLoginPageTestCase - login page factory constructor
[INFO ] 2021-02-15 18:11:36.172 [TestNG-tests-1] hyscaleLoginPageTestCase - Logo test
[INFO ] 2021-02-15 18:11:44.015 [TestNG-tests-1] hyscaleLoginPageTestCase - login test is successful
[INFO ] 2021-02-15 18:11:44.015 [TestNG-tests-1] hyscaleLoginPageTestCase - Email  and passowrd entered
[INFO ] 2021-02-15 18:11:44.140 [TestNG-tests-1] hyscaleLoginPageTestCase - get driver
[INFO ] 2021-02-15 18:11:46.997 [TestNG-tests-1] hyscaleLoginPageTestCase - get driver
[INFO ] 2021-02-15 18:11:47.641 [TestNG-tests-1] containerRegistryNegativeTestCases - containerRegistry testcases started
[INFO ] 2021-02-15 18:13:38.138 [TestNG-tests-1] hyscaleLoginPageTestCase - chromebrowser started
[INFO ] 2021-02-15 18:13:41.438 [TestNG-tests-1] hyscaleLoginPageTestCase - titletest
[INFO ] 2021-02-15 18:13:41.458 [TestNG-tests-1] hyscaleLoginPageTestCase - login page factory constructor
[INFO ] 2021-02-15 18:13:41.520 [TestNG-tests-1] hyscaleLoginPageTestCase - Logo test
[INFO ] 2021-02-15 18:13:50.702 [TestNG-tests-1] hyscaleLoginPageTestCase - login test is successful
[INFO ] 2021-02-15 18:13:50.702 [TestNG-tests-1] hyscaleLoginPageTestCase - Email  and passowrd entered
[INFO ] 2021-02-15 18:13:50.961 [TestNG-tests-1] hyscaleLoginPageTestCase - get driver
[INFO ] 2021-02-15 18:13:54.156 [TestNG-tests-1] hyscaleLoginPageTestCase - get driver
[INFO ] 2021-02-15 18:13:54.776 [TestNG-tests-1] containerRegistryNegativeTestCases - containerRegistry testcases started
[INFO ] 2021-02-15 18:15:00.451 [TestNG-tests-1] hyscaleLoginPageTestCase - chromebrowser started
[INFO ] 2021-02-15 18:15:03.291 [TestNG-tests-1] hyscaleLoginPageTestCase - titletest
[INFO ] 2021-02-15 18:15:03.311 [TestNG-tests-1] hyscaleLoginPageTestCase - login page factory constructor
[INFO ] 2021-02-15 18:15:03.372 [TestNG-tests-1] hyscaleLoginPageTestCase - Logo test
[INFO ] 2021-02-15 18:15:12.076 [TestNG-tests-1] hyscaleLoginPageTestCase - login test is successful
[INFO ] 2021-02-15 18:15:12.076 [TestNG-tests-1] hyscaleLoginPageTestCase - Email  and passowrd entered
[INFO ] 2021-02-15 18:15:12.205 [TestNG-tests-1] hyscaleLoginPageTestCase - get driver
[INFO ] 2021-02-15 18:15:14.995 [TestNG-tests-1] hyscaleLoginPageTestCase - get driver
[INFO ] 2021-02-15 18:15:15.621 [TestNG-tests-1] containerRegistryNegativeTestCases - containerRegistry testcases started
[INFO ] 2021-02-15 18:16:52.166 [TestNG-tests-1] hyscaleLoginPageTestCase - chromebrowser started
[INFO ] 2021-02-15 18:16:55.089 [TestNG-tests-1] hyscaleLoginPageTestCase - titletest
[INFO ] 2021-02-15 18:16:55.109 [TestNG-tests-1] hyscaleLoginPageTestCase - login page factory constructor
[INFO ] 2021-02-15 18:16:55.172 [TestNG-tests-1] hyscaleLoginPageTestCase - Logo test
[INFO ] 2021-02-15 18:17:03.654 [TestNG-tests-1] hyscaleLoginPageTestCase - login test is successful
[INFO ] 2021-02-15 18:17:03.654 [TestNG-tests-1] hyscaleLoginPageTestCase - Email  and passowrd entered
[INFO ] 2021-02-15 18:17:03.799 [TestNG-tests-1] hyscaleLoginPageTestCase - get driver
[INFO ] 2021-02-15 18:17:06.614 [TestNG-tests-1] hyscaleLoginPageTestCase - get driver
[INFO ] 2021-02-15 18:17:07.232 [TestNG-tests-1] containerRegistryNegativeTestCases - containerRegistry testcases started
[INFO ] 2021-02-15 18:19:05.584 [TestNG-tests-1] hyscaleLoginPageTestCase - chromebrowser started
[INFO ] 2021-02-15 18:19:08.341 [TestNG-tests-1] hyscaleLoginPageTestCase - titletest
[INFO ] 2021-02-15 18:19:08.361 [TestNG-tests-1] hyscaleLoginPageTestCase - login page factory constructor
[INFO ] 2021-02-15 18:19:08.423 [TestNG-tests-1] hyscaleLoginPageTestCase - Logo test
[INFO ] 2021-02-15 18:19:16.747 [TestNG-tests-1] hyscaleLoginPageTestCase - login test is successful
[INFO ] 2021-02-15 18:19:16.748 [TestNG-tests-1] hyscaleLoginPageTestCase - Email  and passowrd entered
[INFO ] 2021-02-15 18:19:16.870 [TestNG-tests-1] hyscaleLoginPageTestCase - get driver
[INFO ] 2021-02-15 18:19:19.859 [TestNG-tests-1] hyscaleLoginPageTestCase - get driver
[INFO ] 2021-02-15 18:19:20.495 [TestNG-tests-1] containerRegistryNegativeTestCases - containerRegistry testcases started
