[INFO ] 2021-02-10 12:43:03.704 [TestNG-tests-1] hyscaleLoginPageTestCase - chromebrowser started
[INFO ] 2021-02-10 12:43:08.705 [TestNG-tests-1] hyscaleLoginPageTestCase - titletest
[INFO ] 2021-02-10 12:43:08.726 [TestNG-tests-1] hyscaleLoginPageTestCase - login page factory constructor
[INFO ] 2021-02-10 12:43:08.784 [TestNG-tests-1] hyscaleLoginPageTestCase - Logo test
[INFO ] 2021-02-10 12:43:23.771 [TestNG-tests-1] hyscaleLoginPageTestCase - login test is successful
[INFO ] 2021-02-10 12:43:23.771 [TestNG-tests-1] hyscaleLoginPageTestCase - Email  and passowrd entered
[INFO ] 2021-02-10 12:43:23.815 [TestNG-tests-1] hyscaleLoginPageTestCase - get driver
[INFO ] 2021-02-10 12:43:27.864 [TestNG-tests-1] hyscaleLoginPageTestCase - get driver
[INFO ] 2021-02-10 12:43:28.338 [TestNG-tests-1] PackageNegativeTestCases - packages testcase started
[INFO ] 2021-02-10 12:43:33.936 [TestNG-tests-1] hyscaleLoginPageTestCase - get driver
[INFO ] 2021-02-10 12:43:39.806 [TestNG-tests-1] hyscaleLoginPageTestCase - get driver
[INFO ] 2021-02-10 12:43:40.138 [TestNG-tests-1] PackageNegativeTestCases - base images testcases started
[INFO ] 2021-02-10 12:43:49.745 [TestNG-tests-1] hyscaleLoginPageTestCase - get driver
[INFO ] 2021-02-10 12:54:46.188 [TestNG-tests-1] hyscaleLoginPageTestCase - chromebrowser started
[INFO ] 2021-02-10 12:54:49.151 [TestNG-tests-1] hyscaleLoginPageTestCase - titletest
[INFO ] 2021-02-10 12:54:49.171 [TestNG-tests-1] hyscaleLoginPageTestCase - login page factory constructor
[INFO ] 2021-02-10 12:54:49.230 [TestNG-tests-1] hyscaleLoginPageTestCase - Logo test
[INFO ] 2021-02-10 12:54:58.794 [TestNG-tests-1] hyscaleLoginPageTestCase - login test is successful
[INFO ] 2021-02-10 12:54:58.795 [TestNG-tests-1] hyscaleLoginPageTestCase - Email  and passowrd entered
[INFO ] 2021-02-10 12:54:58.834 [TestNG-tests-1] hyscaleLoginPageTestCase - get driver
[INFO ] 2021-02-10 12:55:02.660 [TestNG-tests-1] hyscaleLoginPageTestCase - get driver
[INFO ] 2021-02-10 12:55:03.209 [TestNG-tests-1] PackageNegativeTestCases - packages testcase started
[INFO ] 2021-02-10 12:55:09.156 [TestNG-tests-1] hyscaleLoginPageTestCase - get driver
[INFO ] 2021-02-10 12:55:15.065 [TestNG-tests-1] hyscaleLoginPageTestCase - get driver
[INFO ] 2021-02-10 12:55:15.374 [TestNG-tests-1] PackageNegativeTestCases - base images testcases started
[INFO ] 2021-02-10 12:55:25.025 [TestNG-tests-1] hyscaleLoginPageTestCase - get driver
[INFO ] 2021-02-10 12:57:06.899 [TestNG-tests-1] hyscaleLoginPageTestCase - chromebrowser started
[INFO ] 2021-02-10 12:57:10.987 [TestNG-tests-1] hyscaleLoginPageTestCase - titletest
[INFO ] 2021-02-10 12:57:11.005 [TestNG-tests-1] hyscaleLoginPageTestCase - login page factory constructor
[INFO ] 2021-02-10 12:57:11.064 [TestNG-tests-1] hyscaleLoginPageTestCase - Logo test
[INFO ] 2021-02-10 12:57:19.833 [TestNG-tests-1] hyscaleLoginPageTestCase - login test is successful
[INFO ] 2021-02-10 12:57:19.833 [TestNG-tests-1] hyscaleLoginPageTestCase - Email  and passowrd entered
[INFO ] 2021-02-10 12:57:19.865 [TestNG-tests-1] hyscaleLoginPageTestCase - get driver
[INFO ] 2021-02-10 12:57:23.681 [TestNG-tests-1] hyscaleLoginPageTestCase - get driver
[INFO ] 2021-02-10 12:57:24.213 [TestNG-tests-1] PackageNegativeTestCases - packages testcase started
[INFO ] 2021-02-10 12:57:30.525 [TestNG-tests-1] hyscaleLoginPageTestCase - get driver
[INFO ] 2021-02-10 12:57:36.437 [TestNG-tests-1] hyscaleLoginPageTestCase - get driver
[INFO ] 2021-02-10 12:57:36.734 [TestNG-tests-1] PackageNegativeTestCases - base images testcases started
[INFO ] 2021-02-10 12:57:47.281 [TestNG-tests-1] hyscaleLoginPageTestCase - get driver
[INFO ] 2021-02-10 13:01:43.378 [TestNG-tests-1] hyscaleLoginPageTestCase - chromebrowser started
[INFO ] 2021-02-10 13:01:46.659 [TestNG-tests-1] hyscaleLoginPageTestCase - titletest
[INFO ] 2021-02-10 13:01:46.679 [TestNG-tests-1] hyscaleLoginPageTestCase - login page factory constructor
[INFO ] 2021-02-10 13:01:46.736 [TestNG-tests-1] hyscaleLoginPageTestCase - Logo test
[INFO ] 2021-02-10 13:01:54.334 [TestNG-tests-1] hyscaleLoginPageTestCase - login test is successful
[INFO ] 2021-02-10 13:01:54.334 [TestNG-tests-1] hyscaleLoginPageTestCase - Email  and passowrd entered
[INFO ] 2021-02-10 13:01:54.367 [TestNG-tests-1] hyscaleLoginPageTestCase - get driver
[INFO ] 2021-02-10 13:01:58.170 [TestNG-tests-1] hyscaleLoginPageTestCase - get driver
[INFO ] 2021-02-10 13:01:58.756 [TestNG-tests-1] PackageNegativeTestCases - packages testcase started
[INFO ] 2021-02-10 13:02:27.278 [TestNG-tests-1] hyscaleLoginPageTestCase - get driver
[INFO ] 2021-02-10 13:02:33.077 [TestNG-tests-1] hyscaleLoginPageTestCase - get driver
[INFO ] 2021-02-10 13:02:33.445 [TestNG-tests-1] PackageNegativeTestCases - base images testcases started
[INFO ] 2021-02-10 13:02:41.997 [TestNG-tests-1] hyscaleLoginPageTestCase - get driver
[INFO ] 2021-02-10 13:23:40.433 [TestNG-tests-1] hyscaleLoginPageTestCase - chromebrowser started
[INFO ] 2021-02-10 13:23:43.944 [TestNG-tests-1] hyscaleLoginPageTestCase - titletest
[INFO ] 2021-02-10 13:23:43.964 [TestNG-tests-1] hyscaleLoginPageTestCase - login page factory constructor
[INFO ] 2021-02-10 13:23:44.019 [TestNG-tests-1] hyscaleLoginPageTestCase - Logo test
[INFO ] 2021-02-10 13:23:51.724 [TestNG-tests-1] hyscaleLoginPageTestCase - login test is successful
[INFO ] 2021-02-10 13:23:51.725 [TestNG-tests-1] hyscaleLoginPageTestCase - Email  and passowrd entered
[INFO ] 2021-02-10 13:23:51.762 [TestNG-tests-1] hyscaleLoginPageTestCase - get driver
[INFO ] 2021-02-10 13:23:55.551 [TestNG-tests-1] hyscaleLoginPageTestCase - get driver
[INFO ] 2021-02-10 13:23:56.103 [TestNG-tests-1] PackageNegativeTestCases - packages testcase started
[INFO ] 2021-02-10 13:23:56.691 [TestNG-tests-1] hyscaleLoginPageTestCase - get driver
[INFO ] 2021-02-10 13:24:12.663 [TestNG-tests-1] hyscaleLoginPageTestCase - chromebrowser started
[INFO ] 2021-02-10 13:24:16.100 [TestNG-tests-1] hyscaleLoginPageTestCase - titletest
[INFO ] 2021-02-10 13:24:16.119 [TestNG-tests-1] hyscaleLoginPageTestCase - login page factory constructor
[INFO ] 2021-02-10 13:24:16.181 [TestNG-tests-1] hyscaleLoginPageTestCase - Logo test
[INFO ] 2021-02-10 13:24:25.428 [TestNG-tests-1] hyscaleLoginPageTestCase - login test is successful
[INFO ] 2021-02-10 13:24:25.429 [TestNG-tests-1] hyscaleLoginPageTestCase - Email  and passowrd entered
[INFO ] 2021-02-10 13:24:25.459 [TestNG-tests-1] hyscaleLoginPageTestCase - get driver
[INFO ] 2021-02-10 13:24:29.061 [TestNG-tests-1] hyscaleLoginPageTestCase - get driver
[INFO ] 2021-02-10 13:24:29.612 [TestNG-tests-1] PackageNegativeTestCases - packages testcase started
[INFO ] 2021-02-10 13:24:39.355 [TestNG-tests-1] hyscaleLoginPageTestCase - get driver
[INFO ] 2021-02-10 13:24:45.227 [TestNG-tests-1] hyscaleLoginPageTestCase - get driver
[INFO ] 2021-02-10 13:24:45.536 [TestNG-tests-1] PackageNegativeTestCases - base images testcases started
[INFO ] 2021-02-10 13:24:54.983 [TestNG-tests-1] hyscaleLoginPageTestCase - get driver
[INFO ] 2021-02-10 13:28:17.555 [TestNG-tests-1] hyscaleLoginPageTestCase - chromebrowser started
[INFO ] 2021-02-10 13:28:21.077 [TestNG-tests-1] hyscaleLoginPageTestCase - titletest
[INFO ] 2021-02-10 13:28:21.097 [TestNG-tests-1] hyscaleLoginPageTestCase - login page factory constructor
[INFO ] 2021-02-10 13:28:21.155 [TestNG-tests-1] hyscaleLoginPageTestCase - Logo test
[INFO ] 2021-02-10 13:28:27.653 [TestNG-tests-1] hyscaleLoginPageTestCase - login test is successful
[INFO ] 2021-02-10 13:28:27.654 [TestNG-tests-1] hyscaleLoginPageTestCase - Email  and passowrd entered
[INFO ] 2021-02-10 13:28:27.737 [TestNG-tests-1] hyscaleLoginPageTestCase - get driver
[INFO ] 2021-02-10 13:28:32.030 [TestNG-tests-1] hyscaleLoginPageTestCase - get driver
[INFO ] 2021-02-10 13:28:32.570 [TestNG-tests-1] PackageNegativeTestCases - packages testcase started
[INFO ] 2021-02-10 13:28:42.481 [TestNG-tests-1] hyscaleLoginPageTestCase - get driver
[INFO ] 2021-02-10 13:28:48.418 [TestNG-tests-1] hyscaleLoginPageTestCase - get driver
[INFO ] 2021-02-10 13:28:48.776 [TestNG-tests-1] PackageNegativeTestCases - base images testcases started
[INFO ] 2021-02-10 13:28:57.348 [TestNG-tests-1] hyscaleLoginPageTestCase - get driver
[INFO ] 2021-02-10 13:30:45.795 [TestNG-tests-1] hyscaleLoginPageTestCase - chromebrowser started
[INFO ] 2021-02-10 13:30:48.563 [TestNG-tests-1] hyscaleLoginPageTestCase - titletest
[INFO ] 2021-02-10 13:30:48.586 [TestNG-tests-1] hyscaleLoginPageTestCase - login page factory constructor
[INFO ] 2021-02-10 13:30:48.653 [TestNG-tests-1] hyscaleLoginPageTestCase - Logo test
[INFO ] 2021-02-10 13:30:56.469 [TestNG-tests-1] hyscaleLoginPageTestCase - login test is successful
[INFO ] 2021-02-10 13:30:56.470 [TestNG-tests-1] hyscaleLoginPageTestCase - Email  and passowrd entered
[INFO ] 2021-02-10 13:30:56.499 [TestNG-tests-1] hyscaleLoginPageTestCase - get driver
[INFO ] 2021-02-10 13:31:20.474 [TestNG-tests-1] hyscaleLoginPageTestCase - chromebrowser started
[INFO ] 2021-02-10 13:31:24.403 [TestNG-tests-1] hyscaleLoginPageTestCase - titletest
[INFO ] 2021-02-10 13:31:24.423 [TestNG-tests-1] hyscaleLoginPageTestCase - login page factory constructor
[INFO ] 2021-02-10 13:31:24.487 [TestNG-tests-1] hyscaleLoginPageTestCase - Logo test
[INFO ] 2021-02-10 13:31:33.017 [TestNG-tests-1] hyscaleLoginPageTestCase - login test is successful
[INFO ] 2021-02-10 13:31:33.018 [TestNG-tests-1] hyscaleLoginPageTestCase - Email  and passowrd entered
[INFO ] 2021-02-10 13:31:33.086 [TestNG-tests-1] hyscaleLoginPageTestCase - get driver
[INFO ] 2021-02-10 13:31:37.000 [TestNG-tests-1] hyscaleLoginPageTestCase - get driver
[INFO ] 2021-02-10 13:31:37.519 [TestNG-tests-1] PackageNegativeTestCases - packages testcase started
[INFO ] 2021-02-10 13:31:49.492 [TestNG-tests-1] hyscaleLoginPageTestCase - get driver
[INFO ] 2021-02-10 13:31:55.489 [TestNG-tests-1] hyscaleLoginPageTestCase - get driver
[INFO ] 2021-02-10 13:31:55.841 [TestNG-tests-1] PackageNegativeTestCases - base images testcases started
[INFO ] 2021-02-10 13:32:04.752 [TestNG-tests-1] hyscaleLoginPageTestCase - get driver
[INFO ] 2021-02-10 13:34:13.050 [TestNG-tests-1] hyscaleLoginPageTestCase - chromebrowser started
[INFO ] 2021-02-10 13:34:15.684 [TestNG-tests-1] hyscaleLoginPageTestCase - titletest
[INFO ] 2021-02-10 13:34:15.704 [TestNG-tests-1] hyscaleLoginPageTestCase - login page factory constructor
[INFO ] 2021-02-10 13:34:15.769 [TestNG-tests-1] hyscaleLoginPageTestCase - Logo test
[INFO ] 2021-02-10 13:34:21.957 [TestNG-tests-1] hyscaleLoginPageTestCase - login test is successful
[INFO ] 2021-02-10 13:34:21.957 [TestNG-tests-1] hyscaleLoginPageTestCase - Email  and passowrd entered
[INFO ] 2021-02-10 13:34:21.997 [TestNG-tests-1] hyscaleLoginPageTestCase - get driver
[INFO ] 2021-02-10 13:34:26.159 [TestNG-tests-1] hyscaleLoginPageTestCase - get driver
[INFO ] 2021-02-10 13:34:26.734 [TestNG-tests-1] PackageNegativeTestCases - packages testcase started
[INFO ] 2021-02-10 13:34:33.616 [TestNG-tests-1] hyscaleLoginPageTestCase - get driver
[INFO ] 2021-02-10 13:34:39.593 [TestNG-tests-1] hyscaleLoginPageTestCase - get driver
[INFO ] 2021-02-10 13:34:39.900 [TestNG-tests-1] PackageNegativeTestCases - base images testcases started
[INFO ] 2021-02-10 13:34:57.938 [TestNG-tests-1] hyscaleLoginPageTestCase - get driver
[INFO ] 2021-02-10 13:40:13.220 [TestNG-tests-1] hyscaleLoginPageTestCase - chromebrowser started
[INFO ] 2021-02-10 13:40:16.118 [TestNG-tests-1] hyscaleLoginPageTestCase - titletest
[INFO ] 2021-02-10 13:40:16.146 [TestNG-tests-1] hyscaleLoginPageTestCase - login page factory constructor
[INFO ] 2021-02-10 13:40:16.214 [TestNG-tests-1] hyscaleLoginPageTestCase - Logo test
[INFO ] 2021-02-10 13:40:23.298 [TestNG-tests-1] hyscaleLoginPageTestCase - login test is successful
[INFO ] 2021-02-10 13:40:23.299 [TestNG-tests-1] hyscaleLoginPageTestCase - Email  and passowrd entered
[INFO ] 2021-02-10 13:40:23.331 [TestNG-tests-1] hyscaleLoginPageTestCase - get driver
[INFO ] 2021-02-10 13:40:27.274 [TestNG-tests-1] hyscaleLoginPageTestCase - get driver
[INFO ] 2021-02-10 13:40:27.809 [TestNG-tests-1] PackageNegativeTestCases - packages testcase started
[INFO ] 2021-02-10 13:40:33.767 [TestNG-tests-1] hyscaleLoginPageTestCase - get driver
[INFO ] 2021-02-10 13:40:39.647 [TestNG-tests-1] hyscaleLoginPageTestCase - get driver
[INFO ] 2021-02-10 13:40:39.964 [TestNG-tests-1] PackageNegativeTestCases - base images testcases started
[INFO ] 2021-02-10 13:40:57.271 [TestNG-tests-1] hyscaleLoginPageTestCase - get driver
[INFO ] 2021-02-10 13:41:31.517 [TestNG-tests-1] hyscaleLoginPageTestCase - chromebrowser started
[INFO ] 2021-02-10 13:41:35.054 [TestNG-tests-1] hyscaleLoginPageTestCase - titletest
[INFO ] 2021-02-10 13:41:35.082 [TestNG-tests-1] hyscaleLoginPageTestCase - login page factory constructor
[INFO ] 2021-02-10 13:41:35.147 [TestNG-tests-1] hyscaleLoginPageTestCase - Logo test
[INFO ] 2021-02-10 13:41:41.559 [TestNG-tests-1] hyscaleLoginPageTestCase - login test is successful
[INFO ] 2021-02-10 13:41:41.559 [TestNG-tests-1] hyscaleLoginPageTestCase - Email  and passowrd entered
[INFO ] 2021-02-10 13:41:41.593 [TestNG-tests-1] hyscaleLoginPageTestCase - get driver
[INFO ] 2021-02-10 13:41:45.597 [TestNG-tests-1] hyscaleLoginPageTestCase - get driver
[INFO ] 2021-02-10 13:41:46.153 [TestNG-tests-1] PackageNegativeTestCases - packages testcase started
[INFO ] 2021-02-10 13:41:52.590 [TestNG-tests-1] hyscaleLoginPageTestCase - get driver
[INFO ] 2021-02-10 13:41:58.412 [TestNG-tests-1] hyscaleLoginPageTestCase - get driver
[INFO ] 2021-02-10 13:41:58.759 [TestNG-tests-1] PackageNegativeTestCases - base images testcases started
[INFO ] 2021-02-10 13:42:16.679 [TestNG-tests-1] hyscaleLoginPageTestCase - get driver
[INFO ] 2021-02-10 13:42:34.729 [TestNG-tests-1] hyscaleLoginPageTestCase - chromebrowser started
[INFO ] 2021-02-10 13:42:37.723 [TestNG-tests-1] hyscaleLoginPageTestCase - titletest
[INFO ] 2021-02-10 13:42:37.739 [TestNG-tests-1] hyscaleLoginPageTestCase - login page factory constructor
[INFO ] 2021-02-10 13:42:37.785 [TestNG-tests-1] hyscaleLoginPageTestCase - Logo test
[INFO ] 2021-02-10 13:42:44.922 [TestNG-tests-1] hyscaleLoginPageTestCase - login test is successful
[INFO ] 2021-02-10 13:42:44.922 [TestNG-tests-1] hyscaleLoginPageTestCase - Email  and passowrd entered
[INFO ] 2021-02-10 13:42:44.954 [TestNG-tests-1] hyscaleLoginPageTestCase - get driver
[INFO ] 2021-02-10 13:42:48.922 [TestNG-tests-1] hyscaleLoginPageTestCase - get driver
[INFO ] 2021-02-10 13:42:49.411 [TestNG-tests-1] PackageNegativeTestCases - packages testcase started
[INFO ] 2021-02-10 13:42:55.896 [TestNG-tests-1] hyscaleLoginPageTestCase - get driver
[INFO ] 2021-02-10 13:43:01.706 [TestNG-tests-1] hyscaleLoginPageTestCase - get driver
[INFO ] 2021-02-10 13:43:02.045 [TestNG-tests-1] PackageNegativeTestCases - base images testcases started
[INFO ] 2021-02-10 13:43:22.031 [TestNG-tests-1] hyscaleLoginPageTestCase - get driver
[INFO ] 2021-02-10 13:44:51.819 [TestNG-tests-1] hyscaleLoginPageTestCase - chromebrowser started
[INFO ] 2021-02-10 13:44:55.545 [TestNG-tests-1] hyscaleLoginPageTestCase - titletest
[INFO ] 2021-02-10 13:44:55.566 [TestNG-tests-1] hyscaleLoginPageTestCase - login page factory constructor
[INFO ] 2021-02-10 13:44:55.631 [TestNG-tests-1] hyscaleLoginPageTestCase - Logo test
[INFO ] 2021-02-10 13:45:02.852 [TestNG-tests-1] hyscaleLoginPageTestCase - login test is successful
[INFO ] 2021-02-10 13:45:02.852 [TestNG-tests-1] hyscaleLoginPageTestCase - Email  and passowrd entered
[INFO ] 2021-02-10 13:45:02.885 [TestNG-tests-1] hyscaleLoginPageTestCase - get driver
[INFO ] 2021-02-10 13:45:06.776 [TestNG-tests-1] hyscaleLoginPageTestCase - get driver
[INFO ] 2021-02-10 13:45:07.334 [TestNG-tests-1] PackageNegativeTestCases - packages testcase started
[INFO ] 2021-02-10 13:45:13.798 [TestNG-tests-1] hyscaleLoginPageTestCase - get driver
[INFO ] 2021-02-10 13:45:19.761 [TestNG-tests-1] hyscaleLoginPageTestCase - get driver
[INFO ] 2021-02-10 13:45:20.110 [TestNG-tests-1] PackageNegativeTestCases - base images testcases started
[INFO ] 2021-02-10 13:45:37.444 [TestNG-tests-1] hyscaleLoginPageTestCase - get driver
[INFO ] 2021-02-10 13:46:54.461 [TestNG-tests-1] hyscaleLoginPageTestCase - chromebrowser started
[INFO ] 2021-02-10 13:46:57.281 [TestNG-tests-1] hyscaleLoginPageTestCase - titletest
[INFO ] 2021-02-10 13:46:57.310 [TestNG-tests-1] hyscaleLoginPageTestCase - login page factory constructor
[INFO ] 2021-02-10 13:46:57.392 [TestNG-tests-1] hyscaleLoginPageTestCase - Logo test
[INFO ] 2021-02-10 13:47:03.951 [TestNG-tests-1] hyscaleLoginPageTestCase - login test is successful
[INFO ] 2021-02-10 13:47:03.952 [TestNG-tests-1] hyscaleLoginPageTestCase - Email  and passowrd entered
[INFO ] 2021-02-10 13:47:03.984 [TestNG-tests-1] hyscaleLoginPageTestCase - get driver
[INFO ] 2021-02-10 13:47:07.803 [TestNG-tests-1] hyscaleLoginPageTestCase - get driver
[INFO ] 2021-02-10 13:47:08.361 [TestNG-tests-1] PackageNegativeTestCases - packages testcase started
[INFO ] 2021-02-10 13:47:14.816 [TestNG-tests-1] hyscaleLoginPageTestCase - get driver
[INFO ] 2021-02-10 13:47:20.893 [TestNG-tests-1] hyscaleLoginPageTestCase - get driver
[INFO ] 2021-02-10 13:47:21.251 [TestNG-tests-1] PackageNegativeTestCases - base images testcases started
[INFO ] 2021-02-10 13:47:38.165 [TestNG-tests-1] hyscaleLoginPageTestCase - get driver
[INFO ] 2021-02-10 13:48:59.740 [TestNG-tests-1] hyscaleLoginPageTestCase - chromebrowser started
[INFO ] 2021-02-10 13:49:03.204 [TestNG-tests-1] hyscaleLoginPageTestCase - titletest
[INFO ] 2021-02-10 13:49:03.224 [TestNG-tests-1] hyscaleLoginPageTestCase - login page factory constructor
[INFO ] 2021-02-10 13:49:03.302 [TestNG-tests-1] hyscaleLoginPageTestCase - Logo test
[INFO ] 2021-02-10 13:49:10.602 [TestNG-tests-1] hyscaleLoginPageTestCase - login test is successful
[INFO ] 2021-02-10 13:49:10.603 [TestNG-tests-1] hyscaleLoginPageTestCase - Email  and passowrd entered
[INFO ] 2021-02-10 13:49:10.638 [TestNG-tests-1] hyscaleLoginPageTestCase - get driver
[INFO ] 2021-02-10 13:49:14.380 [TestNG-tests-1] hyscaleLoginPageTestCase - get driver
[INFO ] 2021-02-10 13:49:14.917 [TestNG-tests-1] PackageNegativeTestCases - packages testcase started
[INFO ] 2021-02-10 13:49:21.019 [TestNG-tests-1] hyscaleLoginPageTestCase - get driver
[INFO ] 2021-02-10 13:49:26.866 [TestNG-tests-1] hyscaleLoginPageTestCase - get driver
[INFO ] 2021-02-10 13:49:27.271 [TestNG-tests-1] PackageNegativeTestCases - base images testcases started
[INFO ] 2021-02-10 13:49:36.678 [TestNG-tests-1] hyscaleLoginPageTestCase - get driver
[INFO ] 2021-02-10 13:52:27.980 [TestNG-tests-1] hyscaleLoginPageTestCase - chromebrowser started
[INFO ] 2021-02-10 13:52:30.824 [TestNG-tests-1] hyscaleLoginPageTestCase - titletest
[INFO ] 2021-02-10 13:52:30.848 [TestNG-tests-1] hyscaleLoginPageTestCase - login page factory constructor
[INFO ] 2021-02-10 13:52:30.918 [TestNG-tests-1] hyscaleLoginPageTestCase - Logo test
[INFO ] 2021-02-10 13:52:37.876 [TestNG-tests-1] hyscaleLoginPageTestCase - login test is successful
[INFO ] 2021-02-10 13:52:37.877 [TestNG-tests-1] hyscaleLoginPageTestCase - Email  and passowrd entered
[INFO ] 2021-02-10 13:52:37.911 [TestNG-tests-1] hyscaleLoginPageTestCase - get driver
[INFO ] 2021-02-10 13:52:41.912 [TestNG-tests-1] hyscaleLoginPageTestCase - get driver
[INFO ] 2021-02-10 13:52:42.415 [TestNG-tests-1] PackageNegativeTestCases - packages testcase started
[INFO ] 2021-02-10 13:52:48.698 [TestNG-tests-1] hyscaleLoginPageTestCase - get driver
[INFO ] 2021-02-10 13:52:54.800 [TestNG-tests-1] hyscaleLoginPageTestCase - get driver
[INFO ] 2021-02-10 13:52:55.099 [TestNG-tests-1] PackageNegativeTestCases - base images testcases started
[INFO ] 2021-02-10 13:53:05.260 [TestNG-tests-1] hyscaleLoginPageTestCase - get driver
[INFO ] 2021-02-10 13:54:27.117 [TestNG-tests-1] hyscaleLoginPageTestCase - chromebrowser started
[INFO ] 2021-02-10 13:54:29.959 [TestNG-tests-1] hyscaleLoginPageTestCase - titletest
[INFO ] 2021-02-10 13:54:29.981 [TestNG-tests-1] hyscaleLoginPageTestCase - login page factory constructor
[INFO ] 2021-02-10 13:54:30.047 [TestNG-tests-1] hyscaleLoginPageTestCase - Logo test
[INFO ] 2021-02-10 13:54:36.159 [TestNG-tests-1] hyscaleLoginPageTestCase - login test is successful
[INFO ] 2021-02-10 13:54:36.159 [TestNG-tests-1] hyscaleLoginPageTestCase - Email  and passowrd entered
[INFO ] 2021-02-10 13:54:36.193 [TestNG-tests-1] hyscaleLoginPageTestCase - get driver
[INFO ] 2021-02-10 13:54:40.652 [TestNG-tests-1] hyscaleLoginPageTestCase - get driver
[INFO ] 2021-02-10 13:54:41.235 [TestNG-tests-1] PackageNegativeTestCases - packages testcase started
[INFO ] 2021-02-10 13:54:48.259 [TestNG-tests-1] hyscaleLoginPageTestCase - get driver
[INFO ] 2021-02-10 13:54:54.257 [TestNG-tests-1] hyscaleLoginPageTestCase - get driver
[INFO ] 2021-02-10 13:54:54.629 [TestNG-tests-1] PackageNegativeTestCases - base images testcases started
[INFO ] 2021-02-10 13:55:04.821 [TestNG-tests-1] hyscaleLoginPageTestCase - get driver
[INFO ] 2021-02-10 13:56:22.836 [TestNG-tests-1] hyscaleLoginPageTestCase - chromebrowser started
[INFO ] 2021-02-10 13:56:26.818 [TestNG-tests-1] hyscaleLoginPageTestCase - titletest
[INFO ] 2021-02-10 13:56:26.835 [TestNG-tests-1] hyscaleLoginPageTestCase - login page factory constructor
[INFO ] 2021-02-10 13:56:26.878 [TestNG-tests-1] hyscaleLoginPageTestCase - Logo test
[INFO ] 2021-02-10 13:56:34.607 [TestNG-tests-1] hyscaleLoginPageTestCase - login test is successful
[INFO ] 2021-02-10 13:56:34.608 [TestNG-tests-1] hyscaleLoginPageTestCase - Email  and passowrd entered
[INFO ] 2021-02-10 13:56:34.640 [TestNG-tests-1] hyscaleLoginPageTestCase - get driver
[INFO ] 2021-02-10 13:56:38.501 [TestNG-tests-1] hyscaleLoginPageTestCase - get driver
[INFO ] 2021-02-10 13:56:39.053 [TestNG-tests-1] PackageNegativeTestCases - packages testcase started
[INFO ] 2021-02-10 13:56:44.564 [TestNG-tests-1] hyscaleLoginPageTestCase - get driver
[INFO ] 2021-02-10 13:56:50.497 [TestNG-tests-1] hyscaleLoginPageTestCase - get driver
[INFO ] 2021-02-10 13:56:50.817 [TestNG-tests-1] PackageNegativeTestCases - base images testcases started
[INFO ] 2021-02-10 13:57:00.499 [TestNG-tests-1] hyscaleLoginPageTestCase - get driver
[INFO ] 2021-02-10 14:02:20.469 [TestNG-tests-1] hyscaleLoginPageTestCase - chromebrowser started
[INFO ] 2021-02-10 14:02:23.607 [TestNG-tests-1] hyscaleLoginPageTestCase - titletest
[INFO ] 2021-02-10 14:02:23.631 [TestNG-tests-1] hyscaleLoginPageTestCase - login page factory constructor
[INFO ] 2021-02-10 14:02:23.703 [TestNG-tests-1] hyscaleLoginPageTestCase - Logo test
[INFO ] 2021-02-10 14:02:51.099 [TestNG-tests-1] hyscaleLoginPageTestCase - get driver
[INFO ] 2021-02-10 14:02:52.155 [TestNG-tests-1] hyscaleLoginPageTestCase - chromebrowser started
[INFO ] 2021-02-10 14:02:54.897 [TestNG-tests-1] hyscaleLoginPageTestCase - titletest
[INFO ] 2021-02-10 14:02:54.919 [TestNG-tests-1] hyscaleLoginPageTestCase - login page factory constructor
[INFO ] 2021-02-10 14:02:54.983 [TestNG-tests-1] hyscaleLoginPageTestCase - Logo test
[INFO ] 2021-02-10 14:03:03.825 [TestNG-tests-1] hyscaleLoginPageTestCase - login test is successful
[INFO ] 2021-02-10 14:03:03.826 [TestNG-tests-1] hyscaleLoginPageTestCase - Email  and passowrd entered
[INFO ] 2021-02-10 14:03:03.866 [TestNG-tests-1] hyscaleLoginPageTestCase - get driver
[INFO ] 2021-02-10 14:03:07.819 [TestNG-tests-1] hyscaleLoginPageTestCase - get driver
[INFO ] 2021-02-10 14:03:08.368 [TestNG-tests-1] PackageNegativeTestCases - packages testcase started
[INFO ] 2021-02-10 14:03:22.667 [TestNG-tests-1] hyscaleLoginPageTestCase - get driver
[INFO ] 2021-02-10 14:03:28.616 [TestNG-tests-1] hyscaleLoginPageTestCase - get driver
[INFO ] 2021-02-10 14:03:28.992 [TestNG-tests-1] PackageNegativeTestCases - base images testcases started
[INFO ] 2021-02-10 14:03:39.018 [TestNG-tests-1] hyscaleLoginPageTestCase - get driver
[INFO ] 2021-02-10 14:03:44.308 [TestNG-tests-1] hyscaleLoginPageTestCase - get driver
[INFO ] 2021-02-10 14:03:44.384 [TestNG-tests-1] PackageNegativeTestCases - agent images testcases started
[INFO ] 2021-02-10 14:05:33.842 [TestNG-tests-1] hyscaleLoginPageTestCase - get driver
[INFO ] 2021-02-10 14:05:34.822 [TestNG-tests-1] hyscaleLoginPageTestCase - chromebrowser started
[INFO ] 2021-02-10 14:05:37.820 [TestNG-tests-1] hyscaleLoginPageTestCase - titletest
[INFO ] 2021-02-10 14:05:37.847 [TestNG-tests-1] hyscaleLoginPageTestCase - login page factory constructor
[INFO ] 2021-02-10 14:05:37.912 [TestNG-tests-1] hyscaleLoginPageTestCase - Logo test
[INFO ] 2021-02-10 14:05:44.597 [TestNG-tests-1] hyscaleLoginPageTestCase - login test is successful
[INFO ] 2021-02-10 14:05:44.597 [TestNG-tests-1] hyscaleLoginPageTestCase - Email  and passowrd entered
[INFO ] 2021-02-10 14:05:44.631 [TestNG-tests-1] hyscaleLoginPageTestCase - get driver
[INFO ] 2021-02-10 14:05:48.509 [TestNG-tests-1] hyscaleLoginPageTestCase - get driver
[INFO ] 2021-02-10 14:05:49.044 [TestNG-tests-1] PackageNegativeTestCases - packages testcase started
[INFO ] 2021-02-10 14:06:04.104 [TestNG-tests-1] hyscaleLoginPageTestCase - get driver
[INFO ] 2021-02-10 14:06:10.019 [TestNG-tests-1] hyscaleLoginPageTestCase - get driver
[INFO ] 2021-02-10 14:06:10.382 [TestNG-tests-1] PackageNegativeTestCases - base images testcases started
[INFO ] 2021-02-10 14:06:20.354 [TestNG-tests-1] hyscaleLoginPageTestCase - get driver
[INFO ] 2021-02-10 14:06:25.500 [TestNG-tests-1] hyscaleLoginPageTestCase - get driver
[INFO ] 2021-02-10 14:06:25.575 [TestNG-tests-1] PackageNegativeTestCases - agent images testcases started
[INFO ] 2021-02-10 14:07:59.361 [TestNG-tests-1] hyscaleLoginPageTestCase - get driver
[INFO ] 2021-02-10 14:08:00.385 [TestNG-tests-1] hyscaleLoginPageTestCase - chromebrowser started
[INFO ] 2021-02-10 14:08:03.636 [TestNG-tests-1] hyscaleLoginPageTestCase - titletest
[INFO ] 2021-02-10 14:08:03.654 [TestNG-tests-1] hyscaleLoginPageTestCase - login page factory constructor
[INFO ] 2021-02-10 14:08:03.700 [TestNG-tests-1] hyscaleLoginPageTestCase - Logo test
[INFO ] 2021-02-10 14:08:52.686 [TestNG-tests-1] hyscaleLoginPageTestCase - chromebrowser started
[INFO ] 2021-02-10 14:08:56.152 [TestNG-tests-1] hyscaleLoginPageTestCase - titletest
[INFO ] 2021-02-10 14:08:56.170 [TestNG-tests-1] hyscaleLoginPageTestCase - login page factory constructor
[INFO ] 2021-02-10 14:08:56.224 [TestNG-tests-1] hyscaleLoginPageTestCase - Logo test
[INFO ] 2021-02-10 14:09:05.404 [TestNG-tests-1] hyscaleLoginPageTestCase - login test is successful
[INFO ] 2021-02-10 14:09:05.404 [TestNG-tests-1] hyscaleLoginPageTestCase - Email  and passowrd entered
[INFO ] 2021-02-10 14:09:05.435 [TestNG-tests-1] hyscaleLoginPageTestCase - get driver
[INFO ] 2021-02-10 14:09:09.373 [TestNG-tests-1] hyscaleLoginPageTestCase - get driver
[INFO ] 2021-02-10 14:09:09.917 [TestNG-tests-1] PackageNegativeTestCases - packages testcase started
[INFO ] 2021-02-10 14:09:23.392 [TestNG-tests-1] hyscaleLoginPageTestCase - get driver
[INFO ] 2021-02-10 14:09:29.271 [TestNG-tests-1] hyscaleLoginPageTestCase - get driver
[INFO ] 2021-02-10 14:09:29.609 [TestNG-tests-1] PackageNegativeTestCases - base images testcases started
[INFO ] 2021-02-10 14:09:39.019 [TestNG-tests-1] hyscaleLoginPageTestCase - get driver
[INFO ] 2021-02-10 14:09:44.748 [TestNG-tests-1] hyscaleLoginPageTestCase - get driver
[INFO ] 2021-02-10 14:09:44.824 [TestNG-tests-1] PackageNegativeTestCases - agent images testcases started
[INFO ] 2021-02-10 14:09:50.243 [TestNG-tests-1] hyscaleLoginPageTestCase - get driver
[INFO ] 2021-02-10 14:11:09.117 [TestNG-tests-1] hyscaleLoginPageTestCase - chromebrowser started
[INFO ] 2021-02-10 14:11:12.471 [TestNG-tests-1] hyscaleLoginPageTestCase - titletest
[INFO ] 2021-02-10 14:11:12.494 [TestNG-tests-1] hyscaleLoginPageTestCase - login page factory constructor
[INFO ] 2021-02-10 14:11:12.553 [TestNG-tests-1] hyscaleLoginPageTestCase - Logo test
[INFO ] 2021-02-10 14:11:19.157 [TestNG-tests-1] hyscaleLoginPageTestCase - login test is successful
[INFO ] 2021-02-10 14:11:19.157 [TestNG-tests-1] hyscaleLoginPageTestCase - Email  and passowrd entered
[INFO ] 2021-02-10 14:11:19.193 [TestNG-tests-1] hyscaleLoginPageTestCase - get driver
[INFO ] 2021-02-10 14:11:22.991 [TestNG-tests-1] hyscaleLoginPageTestCase - get driver
[INFO ] 2021-02-10 14:11:23.525 [TestNG-tests-1] PackageNegativeTestCases - packages testcase started
[INFO ] 2021-02-10 14:11:29.939 [TestNG-tests-1] hyscaleLoginPageTestCase - get driver
[INFO ] 2021-02-10 14:11:35.946 [TestNG-tests-1] hyscaleLoginPageTestCase - get driver
[INFO ] 2021-02-10 14:11:36.324 [TestNG-tests-1] PackageNegativeTestCases - base images testcases started
[INFO ] 2021-02-10 14:11:46.544 [TestNG-tests-1] hyscaleLoginPageTestCase - get driver
[INFO ] 2021-02-10 14:11:51.440 [TestNG-tests-1] hyscaleLoginPageTestCase - get driver
[INFO ] 2021-02-10 14:11:51.514 [TestNG-tests-1] PackageNegativeTestCases - agent images testcases started
[INFO ] 2021-02-10 14:11:57.044 [TestNG-tests-1] hyscaleLoginPageTestCase - get driver
[INFO ] 2021-02-10 14:13:27.040 [TestNG-tests-1] hyscaleLoginPageTestCase - chromebrowser started
[INFO ] 2021-02-10 14:13:30.403 [TestNG-tests-1] hyscaleLoginPageTestCase - titletest
[INFO ] 2021-02-10 14:13:30.426 [TestNG-tests-1] hyscaleLoginPageTestCase - login page factory constructor
[INFO ] 2021-02-10 14:13:30.492 [TestNG-tests-1] hyscaleLoginPageTestCase - Logo test
[INFO ] 2021-02-10 14:13:38.091 [TestNG-tests-1] hyscaleLoginPageTestCase - login test is successful
[INFO ] 2021-02-10 14:13:38.091 [TestNG-tests-1] hyscaleLoginPageTestCase - Email  and passowrd entered
[INFO ] 2021-02-10 14:13:38.123 [TestNG-tests-1] hyscaleLoginPageTestCase - get driver
[INFO ] 2021-02-10 14:13:41.843 [TestNG-tests-1] hyscaleLoginPageTestCase - get driver
[INFO ] 2021-02-10 14:13:42.370 [TestNG-tests-1] PackageNegativeTestCases - packages testcase started
[INFO ] 2021-02-10 14:13:48.816 [TestNG-tests-1] hyscaleLoginPageTestCase - get driver
[INFO ] 2021-02-10 14:13:54.999 [TestNG-tests-1] hyscaleLoginPageTestCase - get driver
[INFO ] 2021-02-10 14:13:55.399 [TestNG-tests-1] PackageNegativeTestCases - base images testcases started
[INFO ] 2021-02-10 14:14:04.829 [TestNG-tests-1] hyscaleLoginPageTestCase - get driver
[INFO ] 2021-02-10 14:14:09.798 [TestNG-tests-1] hyscaleLoginPageTestCase - get driver
[INFO ] 2021-02-10 14:14:09.875 [TestNG-tests-1] PackageNegativeTestCases - agent images testcases started
[INFO ] 2021-02-10 14:14:15.461 [TestNG-tests-1] hyscaleLoginPageTestCase - get driver
[INFO ] 2021-02-10 15:19:33.720 [TestNG-tests-1] hyscaleLoginPageTestCase - chromebrowser started
[INFO ] 2021-02-10 15:19:38.387 [TestNG-tests-1] hyscaleLoginPageTestCase - titletest
[INFO ] 2021-02-10 15:19:38.409 [TestNG-tests-1] hyscaleLoginPageTestCase - login page factory constructor
[INFO ] 2021-02-10 15:19:38.469 [TestNG-tests-1] hyscaleLoginPageTestCase - Logo test
[INFO ] 2021-02-10 15:19:45.504 [TestNG-tests-1] hyscaleLoginPageTestCase - login test is successful
[INFO ] 2021-02-10 15:19:45.504 [TestNG-tests-1] hyscaleLoginPageTestCase - Email  and passowrd entered
[INFO ] 2021-02-10 15:19:45.539 [TestNG-tests-1] hyscaleLoginPageTestCase - get driver
[INFO ] 2021-02-10 15:19:49.312 [TestNG-tests-1] hyscaleLoginPageTestCase - get driver
[INFO ] 2021-02-10 15:19:49.844 [TestNG-tests-1] PackageNegativeTestCases - packages testcase started
[INFO ] 2021-02-10 15:19:59.242 [TestNG-tests-1] hyscaleLoginPageTestCase - get driver
[INFO ] 2021-02-10 15:20:05.752 [TestNG-tests-1] hyscaleLoginPageTestCase - get driver
[INFO ] 2021-02-10 15:20:06.075 [TestNG-tests-1] PackageNegativeTestCases - base images testcases started
[INFO ] 2021-02-10 15:20:15.560 [TestNG-tests-1] hyscaleLoginPageTestCase - get driver
[INFO ] 2021-02-10 15:20:20.709 [TestNG-tests-1] hyscaleLoginPageTestCase - get driver
[INFO ] 2021-02-10 15:20:20.782 [TestNG-tests-1] PackageNegativeTestCases - agent images testcases started
[INFO ] 2021-02-10 15:20:26.551 [TestNG-tests-1] hyscaleLoginPageTestCase - get driver
[INFO ] 2021-02-10 15:21:21.923 [TestNG-tests-1] hyscaleLoginPageTestCase - chromebrowser started
[INFO ] 2021-02-10 15:21:25.128 [TestNG-tests-1] hyscaleLoginPageTestCase - titletest
[INFO ] 2021-02-10 15:21:25.150 [TestNG-tests-1] hyscaleLoginPageTestCase - login page factory constructor
[INFO ] 2021-02-10 15:21:25.218 [TestNG-tests-1] hyscaleLoginPageTestCase - Logo test
[INFO ] 2021-02-10 15:21:32.602 [TestNG-tests-1] hyscaleLoginPageTestCase - login test is successful
[INFO ] 2021-02-10 15:21:32.603 [TestNG-tests-1] hyscaleLoginPageTestCase - Email  and passowrd entered
[INFO ] 2021-02-10 15:21:32.633 [TestNG-tests-1] hyscaleLoginPageTestCase - get driver
[INFO ] 2021-02-10 15:21:36.401 [TestNG-tests-1] hyscaleLoginPageTestCase - get driver
[INFO ] 2021-02-10 15:21:36.956 [TestNG-tests-1] PackageNegativeTestCases - packages testcase started
[INFO ] 2021-02-10 15:21:43.591 [TestNG-tests-1] hyscaleLoginPageTestCase - get driver
[INFO ] 2021-02-10 15:21:49.738 [TestNG-tests-1] hyscaleLoginPageTestCase - get driver
[INFO ] 2021-02-10 15:21:50.096 [TestNG-tests-1] PackageNegativeTestCases - base images testcases started
[INFO ] 2021-02-10 15:21:57.433 [TestNG-tests-1] hyscaleLoginPageTestCase - get driver
[INFO ] 2021-02-10 15:22:02.588 [TestNG-tests-1] hyscaleLoginPageTestCase - get driver
[INFO ] 2021-02-10 15:22:02.660 [TestNG-tests-1] PackageNegativeTestCases - agent images testcases started
[INFO ] 2021-02-10 15:22:08.262 [TestNG-tests-1] hyscaleLoginPageTestCase - get driver
[INFO ] 2021-02-10 15:29:20.391 [TestNG-tests-1] hyscaleLoginPageTestCase - chromebrowser started
[INFO ] 2021-02-10 15:29:23.028 [TestNG-tests-1] hyscaleLoginPageTestCase - titletest
[INFO ] 2021-02-10 15:29:23.057 [TestNG-tests-1] hyscaleLoginPageTestCase - login page factory constructor
[INFO ] 2021-02-10 15:29:23.125 [TestNG-tests-1] hyscaleLoginPageTestCase - Logo test
[INFO ] 2021-02-10 15:29:30.709 [TestNG-tests-1] hyscaleLoginPageTestCase - login test is successful
[INFO ] 2021-02-10 15:29:30.709 [TestNG-tests-1] hyscaleLoginPageTestCase - Email  and passowrd entered
[INFO ] 2021-02-10 15:29:30.741 [TestNG-tests-1] hyscaleLoginPageTestCase - get driver
[INFO ] 2021-02-10 15:29:34.822 [TestNG-tests-1] hyscaleLoginPageTestCase - get driver
[INFO ] 2021-02-10 15:29:35.363 [TestNG-tests-1] PackageNegativeTestCases - packages testcase started
[INFO ] 2021-02-10 15:29:41.643 [TestNG-tests-1] hyscaleLoginPageTestCase - get driver
[INFO ] 2021-02-10 15:29:47.606 [TestNG-tests-1] hyscaleLoginPageTestCase - get driver
[INFO ] 2021-02-10 15:29:47.946 [TestNG-tests-1] PackageNegativeTestCases - base images testcases started
[INFO ] 2021-02-10 15:29:55.348 [TestNG-tests-1] hyscaleLoginPageTestCase - get driver
[INFO ] 2021-02-10 15:30:00.503 [TestNG-tests-1] hyscaleLoginPageTestCase - get driver
[INFO ] 2021-02-10 15:30:00.587 [TestNG-tests-1] PackageNegativeTestCases - agent images testcases started
[INFO ] 2021-02-10 15:30:06.261 [TestNG-tests-1] hyscaleLoginPageTestCase - get driver
[INFO ] 2021-02-10 15:31:12.139 [TestNG-tests-1] hyscaleLoginPageTestCase - chromebrowser started
[INFO ] 2021-02-10 15:31:15.148 [TestNG-tests-1] hyscaleLoginPageTestCase - titletest
[INFO ] 2021-02-10 15:31:15.180 [TestNG-tests-1] hyscaleLoginPageTestCase - login page factory constructor
[INFO ] 2021-02-10 15:31:15.260 [TestNG-tests-1] hyscaleLoginPageTestCase - Logo test
[INFO ] 2021-02-10 15:31:20.603 [TestNG-tests-1] hyscaleLoginPageTestCase - login test is successful
[INFO ] 2021-02-10 15:31:20.604 [TestNG-tests-1] hyscaleLoginPageTestCase - Email  and passowrd entered
[INFO ] 2021-02-10 15:31:20.647 [TestNG-tests-1] hyscaleLoginPageTestCase - get driver
[INFO ] 2021-02-10 15:31:24.374 [TestNG-tests-1] hyscaleLoginPageTestCase - get driver
[INFO ] 2021-02-10 15:31:24.892 [TestNG-tests-1] PackageNegativeTestCases - packages testcase started
[INFO ] 2021-02-10 15:31:31.279 [TestNG-tests-1] hyscaleLoginPageTestCase - get driver
[INFO ] 2021-02-10 15:31:37.140 [TestNG-tests-1] hyscaleLoginPageTestCase - get driver
[INFO ] 2021-02-10 15:31:37.476 [TestNG-tests-1] PackageNegativeTestCases - base images testcases started
[INFO ] 2021-02-10 15:31:45.764 [TestNG-tests-1] hyscaleLoginPageTestCase - get driver
[INFO ] 2021-02-10 15:31:51.068 [TestNG-tests-1] hyscaleLoginPageTestCase - get driver
[INFO ] 2021-02-10 15:31:51.140 [TestNG-tests-1] PackageNegativeTestCases - agent images testcases started
[INFO ] 2021-02-10 15:31:56.758 [TestNG-tests-1] hyscaleLoginPageTestCase - get driver
[INFO ] 2021-02-10 15:34:00.786 [TestNG-tests-1] hyscaleLoginPageTestCase - chromebrowser started
[INFO ] 2021-02-10 15:34:04.032 [TestNG-tests-1] hyscaleLoginPageTestCase - titletest
[INFO ] 2021-02-10 15:34:04.057 [TestNG-tests-1] hyscaleLoginPageTestCase - login page factory constructor
[INFO ] 2021-02-10 15:34:04.121 [TestNG-tests-1] hyscaleLoginPageTestCase - Logo test
[INFO ] 2021-02-10 15:34:11.828 [TestNG-tests-1] hyscaleLoginPageTestCase - login test is successful
[INFO ] 2021-02-10 15:34:11.828 [TestNG-tests-1] hyscaleLoginPageTestCase - Email  and passowrd entered
[INFO ] 2021-02-10 15:34:11.861 [TestNG-tests-1] hyscaleLoginPageTestCase - get driver
[INFO ] 2021-02-10 15:34:15.797 [TestNG-tests-1] hyscaleLoginPageTestCase - get driver
[INFO ] 2021-02-10 15:34:16.311 [TestNG-tests-1] PackageNegativeTestCases - packages testcase started
[INFO ] 2021-02-10 15:34:44.748 [TestNG-tests-1] hyscaleLoginPageTestCase - get driver
[INFO ] 2021-02-10 15:34:50.587 [TestNG-tests-1] hyscaleLoginPageTestCase - get driver
[INFO ] 2021-02-10 15:34:50.890 [TestNG-tests-1] PackageNegativeTestCases - base images testcases started
[INFO ] 2021-02-10 15:34:58.324 [TestNG-tests-1] hyscaleLoginPageTestCase - get driver
[INFO ] 2021-02-10 15:35:03.471 [TestNG-tests-1] hyscaleLoginPageTestCase - get driver
[INFO ] 2021-02-10 15:35:03.552 [TestNG-tests-1] PackageNegativeTestCases - agent images testcases started
[INFO ] 2021-02-10 15:35:08.885 [TestNG-tests-1] hyscaleLoginPageTestCase - get driver
[INFO ] 2021-02-10 15:41:25.043 [TestNG-tests-1] hyscaleLoginPageTestCase - chromebrowser started
[INFO ] 2021-02-10 15:41:28.248 [TestNG-tests-1] hyscaleLoginPageTestCase - titletest
[INFO ] 2021-02-10 15:41:28.265 [TestNG-tests-1] hyscaleLoginPageTestCase - login page factory constructor
[INFO ] 2021-02-10 15:41:28.313 [TestNG-tests-1] hyscaleLoginPageTestCase - Logo test
[INFO ] 2021-02-10 15:41:35.218 [TestNG-tests-1] hyscaleLoginPageTestCase - login test is successful
[INFO ] 2021-02-10 15:41:35.218 [TestNG-tests-1] hyscaleLoginPageTestCase - Email  and passowrd entered
[INFO ] 2021-02-10 15:41:35.250 [TestNG-tests-1] hyscaleLoginPageTestCase - get driver
[INFO ] 2021-02-10 15:41:38.991 [TestNG-tests-1] hyscaleLoginPageTestCase - get driver
[INFO ] 2021-02-10 15:41:39.506 [TestNG-tests-1] PackageNegativeTestCases - packages testcase started
[INFO ] 2021-02-10 15:41:59.637 [TestNG-tests-1] hyscaleLoginPageTestCase - get driver
[INFO ] 2021-02-10 15:41:59.711 [TestNG-tests-1] hyscaleLoginPageTestCase - get driver
[INFO ] 2021-02-10 15:41:59.777 [TestNG-tests-1] hyscaleLoginPageTestCase - get driver
[INFO ] 2021-02-10 15:42:00.832 [TestNG-tests-1] hyscaleLoginPageTestCase - get driver
[INFO ] 2021-02-10 15:42:00.878 [TestNG-tests-1] hyscaleLoginPageTestCase - get driver
[INFO ] 2021-02-10 15:42:06.675 [TestNG-tests-1] hyscaleLoginPageTestCase - chromebrowser started
[INFO ] 2021-02-10 15:42:11.485 [TestNG-tests-1] hyscaleLoginPageTestCase - titletest
[INFO ] 2021-02-10 15:42:11.506 [TestNG-tests-1] hyscaleLoginPageTestCase - login page factory constructor
[INFO ] 2021-02-10 15:42:11.554 [TestNG-tests-1] hyscaleLoginPageTestCase - Logo test
[INFO ] 2021-02-10 15:42:20.433 [TestNG-tests-1] hyscaleLoginPageTestCase - login test is successful
[INFO ] 2021-02-10 15:42:20.434 [TestNG-tests-1] hyscaleLoginPageTestCase - Email  and passowrd entered
[INFO ] 2021-02-10 15:42:20.463 [TestNG-tests-1] hyscaleLoginPageTestCase - get driver
[INFO ] 2021-02-10 15:42:24.095 [TestNG-tests-1] hyscaleLoginPageTestCase - get driver
[INFO ] 2021-02-10 15:42:24.636 [TestNG-tests-1] PackageNegativeTestCases - packages testcase started
[INFO ] 2021-02-10 15:42:37.206 [TestNG-tests-1] hyscaleLoginPageTestCase - get driver
[INFO ] 2021-02-10 15:42:43.071 [TestNG-tests-1] hyscaleLoginPageTestCase - get driver
[INFO ] 2021-02-10 15:42:43.389 [TestNG-tests-1] PackageNegativeTestCases - base images testcases started
[INFO ] 2021-02-10 15:42:51.011 [TestNG-tests-1] hyscaleLoginPageTestCase - get driver
[INFO ] 2021-02-10 15:42:56.170 [TestNG-tests-1] hyscaleLoginPageTestCase - get driver
[INFO ] 2021-02-10 15:42:56.240 [TestNG-tests-1] PackageNegativeTestCases - agent images testcases started
[INFO ] 2021-02-10 15:43:01.710 [TestNG-tests-1] hyscaleLoginPageTestCase - get driver
[INFO ] 2021-02-10 15:45:10.168 [TestNG-tests-1] hyscaleLoginPageTestCase - chromebrowser started
[INFO ] 2021-02-10 15:45:13.720 [TestNG-tests-1] hyscaleLoginPageTestCase - titletest
[INFO ] 2021-02-10 15:45:13.740 [TestNG-tests-1] hyscaleLoginPageTestCase - login page factory constructor
[INFO ] 2021-02-10 15:45:13.809 [TestNG-tests-1] hyscaleLoginPageTestCase - Logo test
[INFO ] 2021-02-10 15:45:20.995 [TestNG-tests-1] hyscaleLoginPageTestCase - login test is successful
[INFO ] 2021-02-10 15:45:20.995 [TestNG-tests-1] hyscaleLoginPageTestCase - Email  and passowrd entered
[INFO ] 2021-02-10 15:45:21.026 [TestNG-tests-1] hyscaleLoginPageTestCase - get driver
[INFO ] 2021-02-10 15:45:24.799 [TestNG-tests-1] hyscaleLoginPageTestCase - get driver
[INFO ] 2021-02-10 15:45:25.316 [TestNG-tests-1] PackageNegativeTestCases - packages testcase started
[INFO ] 2021-02-10 15:45:31.712 [TestNG-tests-1] hyscaleLoginPageTestCase - get driver
[INFO ] 2021-02-10 15:47:04.578 [TestNG-tests-1] hyscaleLoginPageTestCase - chromebrowser started
[INFO ] 2021-02-10 15:47:07.587 [TestNG-tests-1] hyscaleLoginPageTestCase - titletest
[INFO ] 2021-02-10 15:47:07.612 [TestNG-tests-1] hyscaleLoginPageTestCase - login page factory constructor
[INFO ] 2021-02-10 15:47:07.676 [TestNG-tests-1] hyscaleLoginPageTestCase - Logo test
[INFO ] 2021-02-10 15:47:14.165 [TestNG-tests-1] hyscaleLoginPageTestCase - login test is successful
[INFO ] 2021-02-10 15:47:14.166 [TestNG-tests-1] hyscaleLoginPageTestCase - Email  and passowrd entered
[INFO ] 2021-02-10 15:47:14.196 [TestNG-tests-1] hyscaleLoginPageTestCase - get driver
[INFO ] 2021-02-10 15:47:17.959 [TestNG-tests-1] hyscaleLoginPageTestCase - get driver
[INFO ] 2021-02-10 15:47:18.426 [TestNG-tests-1] PackageNegativeTestCases - packages testcase started
[INFO ] 2021-02-10 15:47:24.770 [TestNG-tests-1] hyscaleLoginPageTestCase - get driver
[INFO ] 2021-02-10 15:49:43.993 [TestNG-tests-1] hyscaleLoginPageTestCase - chromebrowser started
[INFO ] 2021-02-10 15:49:47.105 [TestNG-tests-1] hyscaleLoginPageTestCase - titletest
[INFO ] 2021-02-10 15:49:47.126 [TestNG-tests-1] hyscaleLoginPageTestCase - login page factory constructor
[INFO ] 2021-02-10 15:49:47.208 [TestNG-tests-1] hyscaleLoginPageTestCase - Logo test
[INFO ] 2021-02-10 15:49:55.629 [TestNG-tests-1] hyscaleLoginPageTestCase - login test is successful
[INFO ] 2021-02-10 15:49:55.629 [TestNG-tests-1] hyscaleLoginPageTestCase - Email  and passowrd entered
[INFO ] 2021-02-10 15:49:55.664 [TestNG-tests-1] hyscaleLoginPageTestCase - get driver
[INFO ] 2021-02-10 15:49:59.671 [TestNG-tests-1] hyscaleLoginPageTestCase - get driver
[INFO ] 2021-02-10 15:50:00.202 [TestNG-tests-1] PackageNegativeTestCases - packages testcase started
[INFO ] 2021-02-10 15:50:18.069 [TestNG-tests-1] hyscaleLoginPageTestCase - get driver
[INFO ] 2021-02-10 15:50:23.779 [TestNG-tests-1] hyscaleLoginPageTestCase - get driver
[INFO ] 2021-02-10 15:50:24.086 [TestNG-tests-1] PackageNegativeTestCases - base images testcases started
[INFO ] 2021-02-10 15:50:31.336 [TestNG-tests-1] hyscaleLoginPageTestCase - get driver
[INFO ] 2021-02-10 15:50:36.511 [TestNG-tests-1] hyscaleLoginPageTestCase - get driver
[INFO ] 2021-02-10 15:50:36.606 [TestNG-tests-1] PackageNegativeTestCases - agent images testcases started
[INFO ] 2021-02-10 15:50:41.801 [TestNG-tests-1] hyscaleLoginPageTestCase - get driver
[INFO ] 2021-02-10 15:50:46.054 [TestNG-tests-1] hyscaleLoginPageTestCase - get driver
[INFO ] 2021-02-10 16:06:58.121 [TestNG-tests-1] hyscaleLoginPageTestCase - chromebrowser started
[INFO ] 2021-02-10 16:07:01.025 [TestNG-tests-1] hyscaleLoginPageTestCase - titletest
[INFO ] 2021-02-10 16:07:01.046 [TestNG-tests-1] hyscaleLoginPageTestCase - login page factory constructor
[INFO ] 2021-02-10 16:07:01.109 [TestNG-tests-1] hyscaleLoginPageTestCase - Logo test
[INFO ] 2021-02-10 16:07:06.564 [TestNG-tests-1] hyscaleLoginPageTestCase - login test is successful
[INFO ] 2021-02-10 16:07:06.565 [TestNG-tests-1] hyscaleLoginPageTestCase - Email  and passowrd entered
[INFO ] 2021-02-10 16:07:06.646 [TestNG-tests-1] hyscaleLoginPageTestCase - get driver
[INFO ] 2021-02-10 16:07:10.730 [TestNG-tests-1] hyscaleLoginPageTestCase - get driver
[INFO ] 2021-02-10 16:07:11.275 [TestNG-tests-1] PackageNegativeTestCases - packages testcase started
[INFO ] 2021-02-10 16:07:21.596 [TestNG-tests-1] hyscaleLoginPageTestCase - get driver
[INFO ] 2021-02-10 16:07:27.601 [TestNG-tests-1] hyscaleLoginPageTestCase - get driver
[INFO ] 2021-02-10 16:07:27.945 [TestNG-tests-1] PackageNegativeTestCases - base images testcases started
[INFO ] 2021-02-10 16:07:36.317 [TestNG-tests-1] hyscaleLoginPageTestCase - get driver
[INFO ] 2021-02-10 16:07:41.587 [TestNG-tests-1] hyscaleLoginPageTestCase - get driver
[INFO ] 2021-02-10 16:07:41.694 [TestNG-tests-1] PackageNegativeTestCases - agent images testcases started
[INFO ] 2021-02-10 16:07:47.203 [TestNG-tests-1] hyscaleLoginPageTestCase - get driver
[INFO ] 2021-02-10 16:07:51.402 [TestNG-tests-1] hyscaleLoginPageTestCase - get driver
[INFO ] 2021-02-10 16:08:22.661 [TestNG-tests-1] hyscaleLoginPageTestCase - chromebrowser started
[INFO ] 2021-02-10 16:08:25.662 [TestNG-tests-1] hyscaleLoginPageTestCase - titletest
[INFO ] 2021-02-10 16:08:25.689 [TestNG-tests-1] hyscaleLoginPageTestCase - login page factory constructor
[INFO ] 2021-02-10 16:08:25.773 [TestNG-tests-1] hyscaleLoginPageTestCase - Logo test
[INFO ] 2021-02-10 16:08:34.866 [TestNG-tests-1] hyscaleLoginPageTestCase - login test is successful
[INFO ] 2021-02-10 16:08:34.867 [TestNG-tests-1] hyscaleLoginPageTestCase - Email  and passowrd entered
[INFO ] 2021-02-10 16:08:34.898 [TestNG-tests-1] hyscaleLoginPageTestCase - get driver
[INFO ] 2021-02-10 16:08:38.733 [TestNG-tests-1] hyscaleLoginPageTestCase - get driver
[INFO ] 2021-02-10 16:08:39.253 [TestNG-tests-1] PackageNegativeTestCases - packages testcase started
[INFO ] 2021-02-10 16:08:45.935 [TestNG-tests-1] hyscaleLoginPageTestCase - get driver
[INFO ] 2021-02-10 16:14:43.252 [TestNG-tests-1] hyscaleLoginPageTestCase - chromebrowser started
[INFO ] 2021-02-10 16:14:46.367 [TestNG-tests-1] hyscaleLoginPageTestCase - titletest
[INFO ] 2021-02-10 16:14:46.388 [TestNG-tests-1] hyscaleLoginPageTestCase - login page factory constructor
[INFO ] 2021-02-10 16:14:46.453 [TestNG-tests-1] hyscaleLoginPageTestCase - Logo test
[INFO ] 2021-02-10 16:14:52.703 [TestNG-tests-1] hyscaleLoginPageTestCase - login test is successful
[INFO ] 2021-02-10 16:14:52.703 [TestNG-tests-1] hyscaleLoginPageTestCase - Email  and passowrd entered
[INFO ] 2021-02-10 16:14:52.751 [TestNG-tests-1] hyscaleLoginPageTestCase - get driver
[INFO ] 2021-02-10 16:14:56.755 [TestNG-tests-1] hyscaleLoginPageTestCase - get driver
[INFO ] 2021-02-10 16:14:57.309 [TestNG-tests-1] PackageNegativeTestCases - packages testcase started
[INFO ] 2021-02-10 16:15:04.055 [TestNG-tests-1] hyscaleLoginPageTestCase - get driver
[INFO ] 2021-02-10 16:18:04.914 [TestNG-tests-1] hyscaleLoginPageTestCase - chromebrowser started
[INFO ] 2021-02-10 16:18:08.092 [TestNG-tests-1] hyscaleLoginPageTestCase - titletest
[INFO ] 2021-02-10 16:18:08.117 [TestNG-tests-1] hyscaleLoginPageTestCase - login page factory constructor
[INFO ] 2021-02-10 16:18:08.185 [TestNG-tests-1] hyscaleLoginPageTestCase - Logo test
[INFO ] 2021-02-10 16:18:14.247 [TestNG-tests-1] hyscaleLoginPageTestCase - login test is successful
[INFO ] 2021-02-10 16:18:14.247 [TestNG-tests-1] hyscaleLoginPageTestCase - Email  and passowrd entered
[INFO ] 2021-02-10 16:18:14.284 [TestNG-tests-1] hyscaleLoginPageTestCase - get driver
[INFO ] 2021-02-10 16:18:18.206 [TestNG-tests-1] hyscaleLoginPageTestCase - get driver
[INFO ] 2021-02-10 16:18:18.745 [TestNG-tests-1] PackageNegativeTestCases - packages testcase started
[INFO ] 2021-02-10 16:19:52.738 [TestNG-tests-1] hyscaleLoginPageTestCase - get driver
[INFO ] 2021-02-10 16:20:37.793 [TestNG-tests-1] hyscaleLoginPageTestCase - chromebrowser started
[INFO ] 2021-02-10 16:20:40.764 [TestNG-tests-1] hyscaleLoginPageTestCase - titletest
[INFO ] 2021-02-10 16:20:40.793 [TestNG-tests-1] hyscaleLoginPageTestCase - login page factory constructor
[INFO ] 2021-02-10 16:20:40.856 [TestNG-tests-1] hyscaleLoginPageTestCase - Logo test
[INFO ] 2021-02-10 16:20:46.323 [TestNG-tests-1] hyscaleLoginPageTestCase - login test is successful
[INFO ] 2021-02-10 16:20:46.324 [TestNG-tests-1] hyscaleLoginPageTestCase - Email  and passowrd entered
[INFO ] 2021-02-10 16:20:46.362 [TestNG-tests-1] hyscaleLoginPageTestCase - get driver
[INFO ] 2021-02-10 16:20:50.214 [TestNG-tests-1] hyscaleLoginPageTestCase - get driver
[INFO ] 2021-02-10 16:20:50.687 [TestNG-tests-1] PackageNegativeTestCases - packages testcase started
[INFO ] 2021-02-10 16:20:57.058 [TestNG-tests-1] hyscaleLoginPageTestCase - get driver
[INFO ] 2021-02-10 16:21:49.593 [TestNG-tests-1] hyscaleLoginPageTestCase - chromebrowser started
[INFO ] 2021-02-10 16:21:52.453 [TestNG-tests-1] hyscaleLoginPageTestCase - titletest
[INFO ] 2021-02-10 16:21:52.479 [TestNG-tests-1] hyscaleLoginPageTestCase - login page factory constructor
[INFO ] 2021-02-10 16:21:52.546 [TestNG-tests-1] hyscaleLoginPageTestCase - Logo test
[INFO ] 2021-02-10 16:21:58.627 [TestNG-tests-1] hyscaleLoginPageTestCase - login test is successful
[INFO ] 2021-02-10 16:21:58.628 [TestNG-tests-1] hyscaleLoginPageTestCase - Email  and passowrd entered
[INFO ] 2021-02-10 16:21:58.697 [TestNG-tests-1] hyscaleLoginPageTestCase - get driver
[INFO ] 2021-02-10 16:22:02.688 [TestNG-tests-1] hyscaleLoginPageTestCase - get driver
[INFO ] 2021-02-10 16:22:03.247 [TestNG-tests-1] PackageNegativeTestCases - packages testcase started
[INFO ] 2021-02-10 16:22:34.203 [TestNG-tests-1] hyscaleLoginPageTestCase - get driver
[INFO ] 2021-02-10 16:31:24.178 [TestNG-tests-1] hyscaleLoginPageTestCase - chromebrowser started
[INFO ] 2021-02-10 16:31:27.962 [TestNG-tests-1] hyscaleLoginPageTestCase - titletest
[INFO ] 2021-02-10 16:31:27.986 [TestNG-tests-1] hyscaleLoginPageTestCase - login page factory constructor
[INFO ] 2021-02-10 16:31:28.052 [TestNG-tests-1] hyscaleLoginPageTestCase - Logo test
[INFO ] 2021-02-10 16:31:34.228 [TestNG-tests-1] hyscaleLoginPageTestCase - login test is successful
[INFO ] 2021-02-10 16:31:34.228 [TestNG-tests-1] hyscaleLoginPageTestCase - Email  and passowrd entered
[INFO ] 2021-02-10 16:31:34.260 [TestNG-tests-1] hyscaleLoginPageTestCase - get driver
[INFO ] 2021-02-10 16:31:38.024 [TestNG-tests-1] hyscaleLoginPageTestCase - get driver
[INFO ] 2021-02-10 16:31:38.483 [TestNG-tests-1] PackageNegativeTestCases - packages testcase started
[INFO ] 2021-02-10 16:31:44.963 [TestNG-tests-1] hyscaleLoginPageTestCase - get driver
[INFO ] 2021-02-10 16:32:57.482 [TestNG-tests-1] hyscaleLoginPageTestCase - chromebrowser started
[INFO ] 2021-02-10 16:33:00.913 [TestNG-tests-1] hyscaleLoginPageTestCase - titletest
[INFO ] 2021-02-10 16:33:00.939 [TestNG-tests-1] hyscaleLoginPageTestCase - login page factory constructor
[INFO ] 2021-02-10 16:33:01.009 [TestNG-tests-1] hyscaleLoginPageTestCase - Logo test
[INFO ] 2021-02-10 16:33:06.909 [TestNG-tests-1] hyscaleLoginPageTestCase - login test is successful
[INFO ] 2021-02-10 16:33:06.910 [TestNG-tests-1] hyscaleLoginPageTestCase - Email  and passowrd entered
[INFO ] 2021-02-10 16:33:06.943 [TestNG-tests-1] hyscaleLoginPageTestCase - get driver
[INFO ] 2021-02-10 16:33:10.724 [TestNG-tests-1] hyscaleLoginPageTestCase - get driver
[INFO ] 2021-02-10 16:33:11.193 [TestNG-tests-1] PackageNegativeTestCases - packages testcase started
[INFO ] 2021-02-10 16:33:17.721 [TestNG-tests-1] hyscaleLoginPageTestCase - get driver
[INFO ] 2021-02-10 17:25:23.324 [TestNG-tests-1] hyscaleLoginPageTestCase - chromebrowser started
[INFO ] 2021-02-10 17:25:26.403 [TestNG-tests-1] hyscaleLoginPageTestCase - titletest
[INFO ] 2021-02-10 17:25:26.425 [TestNG-tests-1] hyscaleLoginPageTestCase - login page factory constructor
[INFO ] 2021-02-10 17:25:26.489 [TestNG-tests-1] hyscaleLoginPageTestCase - Logo test
[INFO ] 2021-02-10 17:25:33.885 [TestNG-tests-1] hyscaleLoginPageTestCase - login test is successful
[INFO ] 2021-02-10 17:25:33.885 [TestNG-tests-1] hyscaleLoginPageTestCase - Email  and passowrd entered
[INFO ] 2021-02-10 17:25:33.917 [TestNG-tests-1] hyscaleLoginPageTestCase - get driver
[INFO ] 2021-02-10 17:25:37.611 [TestNG-tests-1] hyscaleLoginPageTestCase - get driver
[INFO ] 2021-02-10 17:25:38.169 [TestNG-tests-1] PackageNegativeTestCases - packages testcase started
[INFO ] 2021-02-10 17:25:52.463 [TestNG-tests-1] hyscaleLoginPageTestCase - get driver
[INFO ] 2021-02-10 17:28:24.642 [TestNG-tests-1] hyscaleLoginPageTestCase - chromebrowser started
[INFO ] 2021-02-10 17:28:28.974 [TestNG-tests-1] hyscaleLoginPageTestCase - titletest
[INFO ] 2021-02-10 17:28:28.996 [TestNG-tests-1] hyscaleLoginPageTestCase - login page factory constructor
[INFO ] 2021-02-10 17:28:29.064 [TestNG-tests-1] hyscaleLoginPageTestCase - Logo test
[INFO ] 2021-02-10 17:28:35.751 [TestNG-tests-1] hyscaleLoginPageTestCase - login test is successful
[INFO ] 2021-02-10 17:28:35.752 [TestNG-tests-1] hyscaleLoginPageTestCase - Email  and passowrd entered
[INFO ] 2021-02-10 17:28:35.783 [TestNG-tests-1] hyscaleLoginPageTestCase - get driver
[INFO ] 2021-02-10 17:28:39.628 [TestNG-tests-1] hyscaleLoginPageTestCase - get driver
[INFO ] 2021-02-10 17:30:27.302 [TestNG-tests-1] hyscaleLoginPageTestCase - chromebrowser started
[INFO ] 2021-02-10 17:30:30.418 [TestNG-tests-1] hyscaleLoginPageTestCase - titletest
[INFO ] 2021-02-10 17:30:30.440 [TestNG-tests-1] hyscaleLoginPageTestCase - login page factory constructor
[INFO ] 2021-02-10 17:30:30.518 [TestNG-tests-1] hyscaleLoginPageTestCase - Logo test
[INFO ] 2021-02-10 17:30:37.652 [TestNG-tests-1] hyscaleLoginPageTestCase - login test is successful
[INFO ] 2021-02-10 17:30:37.652 [TestNG-tests-1] hyscaleLoginPageTestCase - Email  and passowrd entered
[INFO ] 2021-02-10 17:30:37.688 [TestNG-tests-1] hyscaleLoginPageTestCase - get driver
[INFO ] 2021-02-10 17:30:41.577 [TestNG-tests-1] hyscaleLoginPageTestCase - get driver
[INFO ] 2021-02-10 17:31:50.664 [TestNG-tests-1] hyscaleLoginPageTestCase - chromebrowser started
[INFO ] 2021-02-10 17:31:54.606 [TestNG-tests-1] hyscaleLoginPageTestCase - titletest
[INFO ] 2021-02-10 17:31:54.637 [TestNG-tests-1] hyscaleLoginPageTestCase - login page factory constructor
[INFO ] 2021-02-10 17:31:54.728 [TestNG-tests-1] hyscaleLoginPageTestCase - Logo test
[INFO ] 2021-02-10 17:32:01.888 [TestNG-tests-1] hyscaleLoginPageTestCase - login test is successful
[INFO ] 2021-02-10 17:32:01.888 [TestNG-tests-1] hyscaleLoginPageTestCase - Email  and passowrd entered
[INFO ] 2021-02-10 17:32:01.924 [TestNG-tests-1] hyscaleLoginPageTestCase - get driver
[INFO ] 2021-02-10 17:32:05.709 [TestNG-tests-1] hyscaleLoginPageTestCase - get driver
[INFO ] 2021-02-10 17:37:58.548 [TestNG-tests-1] hyscaleLoginPageTestCase - chromebrowser started
[INFO ] 2021-02-10 17:38:01.936 [TestNG-tests-1] hyscaleLoginPageTestCase - titletest
[INFO ] 2021-02-10 17:38:01.961 [TestNG-tests-1] hyscaleLoginPageTestCase - login page factory constructor
[INFO ] 2021-02-10 17:38:02.026 [TestNG-tests-1] hyscaleLoginPageTestCase - Logo test
[INFO ] 2021-02-10 17:38:11.368 [TestNG-tests-1] hyscaleLoginPageTestCase - login test is successful
[INFO ] 2021-02-10 17:38:11.368 [TestNG-tests-1] hyscaleLoginPageTestCase - Email  and passowrd entered
[INFO ] 2021-02-10 17:38:11.398 [TestNG-tests-1] hyscaleLoginPageTestCase - get driver
[INFO ] 2021-02-10 17:38:15.225 [TestNG-tests-1] hyscaleLoginPageTestCase - get driver
[INFO ] 2021-02-10 17:39:43.005 [TestNG-tests-1] hyscaleLoginPageTestCase - chromebrowser started
[INFO ] 2021-02-10 17:39:46.284 [TestNG-tests-1] hyscaleLoginPageTestCase - titletest
[INFO ] 2021-02-10 17:39:46.305 [TestNG-tests-1] hyscaleLoginPageTestCase - login page factory constructor
[INFO ] 2021-02-10 17:39:46.377 [TestNG-tests-1] hyscaleLoginPageTestCase - Logo test
[INFO ] 2021-02-10 17:39:53.068 [TestNG-tests-1] hyscaleLoginPageTestCase - login test is successful
[INFO ] 2021-02-10 17:39:53.068 [TestNG-tests-1] hyscaleLoginPageTestCase - Email  and passowrd entered
[INFO ] 2021-02-10 17:39:53.100 [TestNG-tests-1] hyscaleLoginPageTestCase - get driver
[INFO ] 2021-02-10 17:39:56.909 [TestNG-tests-1] hyscaleLoginPageTestCase - get driver
[INFO ] 2021-02-10 17:41:56.720 [TestNG-tests-1] hyscaleLoginPageTestCase - chromebrowser started
[INFO ] 2021-02-10 17:42:00.326 [TestNG-tests-1] hyscaleLoginPageTestCase - titletest
[INFO ] 2021-02-10 17:42:00.353 [TestNG-tests-1] hyscaleLoginPageTestCase - login page factory constructor
[INFO ] 2021-02-10 17:42:00.418 [TestNG-tests-1] hyscaleLoginPageTestCase - Logo test
[INFO ] 2021-02-10 17:42:06.292 [TestNG-tests-1] hyscaleLoginPageTestCase - login test is successful
[INFO ] 2021-02-10 17:42:06.293 [TestNG-tests-1] hyscaleLoginPageTestCase - Email  and passowrd entered
[INFO ] 2021-02-10 17:42:06.333 [TestNG-tests-1] hyscaleLoginPageTestCase - get driver
[INFO ] 2021-02-10 17:42:10.074 [TestNG-tests-1] hyscaleLoginPageTestCase - get driver
[INFO ] 2021-02-10 18:00:57.305 [TestNG-tests-1] hyscaleLoginPageTestCase - chromebrowser started
[INFO ] 2021-02-10 18:01:00.249 [TestNG-tests-1] hyscaleLoginPageTestCase - titletest
[INFO ] 2021-02-10 18:01:00.271 [TestNG-tests-1] hyscaleLoginPageTestCase - login page factory constructor
[INFO ] 2021-02-10 18:01:00.330 [TestNG-tests-1] hyscaleLoginPageTestCase - Logo test
[INFO ] 2021-02-10 18:01:07.976 [TestNG-tests-1] hyscaleLoginPageTestCase - login test is successful
[INFO ] 2021-02-10 18:01:07.977 [TestNG-tests-1] hyscaleLoginPageTestCase - Email  and passowrd entered
[INFO ] 2021-02-10 18:01:08.010 [TestNG-tests-1] hyscaleLoginPageTestCase - get driver
[INFO ] 2021-02-10 18:01:11.959 [TestNG-tests-1] hyscaleLoginPageTestCase - get driver
[INFO ] 2021-02-10 18:04:13.599 [TestNG-tests-1] hyscaleLoginPageTestCase - chromebrowser started
[INFO ] 2021-02-10 18:04:15.577 [TestNG-tests-1] hyscaleLoginPageTestCase - get driver
[INFO ] 2021-02-10 18:04:16.019 [TestNG-tests-1] hyscaleLoginPageTestCase - get driver
[INFO ] 2021-02-10 18:04:27.756 [TestNG-tests-1] hyscaleLoginPageTestCase - chromebrowser started
[INFO ] 2021-02-10 18:04:30.805 [TestNG-tests-1] hyscaleLoginPageTestCase - titletest
[INFO ] 2021-02-10 18:04:30.830 [TestNG-tests-1] hyscaleLoginPageTestCase - login page factory constructor
[INFO ] 2021-02-10 18:04:30.895 [TestNG-tests-1] hyscaleLoginPageTestCase - Logo test
[INFO ] 2021-02-10 18:04:38.705 [TestNG-tests-1] hyscaleLoginPageTestCase - login test is successful
[INFO ] 2021-02-10 18:04:38.705 [TestNG-tests-1] hyscaleLoginPageTestCase - Email  and passowrd entered
[INFO ] 2021-02-10 18:04:38.738 [TestNG-tests-1] hyscaleLoginPageTestCase - get driver
[INFO ] 2021-02-10 18:04:42.614 [TestNG-tests-1] hyscaleLoginPageTestCase - get driver
[INFO ] 2021-02-10 18:27:22.967 [TestNG-tests-1] hyscaleLoginPageTestCase - chromebrowser started
[INFO ] 2021-02-10 18:27:26.328 [TestNG-tests-1] hyscaleLoginPageTestCase - titletest
[INFO ] 2021-02-10 18:27:26.357 [TestNG-tests-1] hyscaleLoginPageTestCase - login page factory constructor
[INFO ] 2021-02-10 18:27:26.421 [TestNG-tests-1] hyscaleLoginPageTestCase - Logo test
[INFO ] 2021-02-10 18:27:33.394 [TestNG-tests-1] hyscaleLoginPageTestCase - login test is successful
[INFO ] 2021-02-10 18:27:33.394 [TestNG-tests-1] hyscaleLoginPageTestCase - Email  and passowrd entered
[INFO ] 2021-02-10 18:27:33.526 [TestNG-tests-1] hyscaleLoginPageTestCase - get driver
[INFO ] 2021-02-10 18:27:37.254 [TestNG-tests-1] hyscaleLoginPageTestCase - get driver
[INFO ] 2021-02-10 18:30:43.606 [TestNG-tests-1] hyscaleLoginPageTestCase - chromebrowser started
[INFO ] 2021-02-10 18:30:47.478 [TestNG-tests-1] hyscaleLoginPageTestCase - titletest
[INFO ] 2021-02-10 18:30:47.503 [TestNG-tests-1] hyscaleLoginPageTestCase - login page factory constructor
[INFO ] 2021-02-10 18:30:47.573 [TestNG-tests-1] hyscaleLoginPageTestCase - Logo test
[INFO ] 2021-02-10 18:30:56.155 [TestNG-tests-1] hyscaleLoginPageTestCase - login test is successful
[INFO ] 2021-02-10 18:30:56.156 [TestNG-tests-1] hyscaleLoginPageTestCase - Email  and passowrd entered
[INFO ] 2021-02-10 18:30:56.287 [TestNG-tests-1] hyscaleLoginPageTestCase - get driver
[INFO ] 2021-02-10 18:31:00.317 [TestNG-tests-1] hyscaleLoginPageTestCase - get driver
[INFO ] 2021-02-10 18:34:00.951 [TestNG-tests-1] hyscaleLoginPageTestCase - chromebrowser started
[INFO ] 2021-02-10 18:34:04.129 [TestNG-tests-1] hyscaleLoginPageTestCase - titletest
[INFO ] 2021-02-10 18:34:04.150 [TestNG-tests-1] hyscaleLoginPageTestCase - login page factory constructor
[INFO ] 2021-02-10 18:34:04.211 [TestNG-tests-1] hyscaleLoginPageTestCase - Logo test
[INFO ] 2021-02-10 18:34:14.353 [TestNG-tests-1] hyscaleLoginPageTestCase - login test is successful
[INFO ] 2021-02-10 18:34:14.354 [TestNG-tests-1] hyscaleLoginPageTestCase - Email  and passowrd entered
[INFO ] 2021-02-10 18:34:14.491 [TestNG-tests-1] hyscaleLoginPageTestCase - get driver
[INFO ] 2021-02-10 18:34:18.389 [TestNG-tests-1] hyscaleLoginPageTestCase - get driver
[INFO ] 2021-02-10 18:38:33.112 [TestNG-tests-1] hyscaleLoginPageTestCase - chromebrowser started
[INFO ] 2021-02-10 18:38:36.340 [TestNG-tests-1] hyscaleLoginPageTestCase - titletest
[INFO ] 2021-02-10 18:38:36.361 [TestNG-tests-1] hyscaleLoginPageTestCase - login page factory constructor
[INFO ] 2021-02-10 18:38:36.424 [TestNG-tests-1] hyscaleLoginPageTestCase - Logo test
[INFO ] 2021-02-10 18:38:45.339 [TestNG-tests-1] hyscaleLoginPageTestCase - login test is successful
[INFO ] 2021-02-10 18:38:45.340 [TestNG-tests-1] hyscaleLoginPageTestCase - Email  and passowrd entered
[INFO ] 2021-02-10 18:38:45.481 [TestNG-tests-1] hyscaleLoginPageTestCase - get driver
[INFO ] 2021-02-10 18:38:49.330 [TestNG-tests-1] hyscaleLoginPageTestCase - get driver
[INFO ] 2021-02-10 18:41:32.519 [TestNG-tests-1] hyscaleLoginPageTestCase - chromebrowser started
[INFO ] 2021-02-10 18:41:36.211 [TestNG-tests-1] hyscaleLoginPageTestCase - titletest
[INFO ] 2021-02-10 18:41:36.234 [TestNG-tests-1] hyscaleLoginPageTestCase - login page factory constructor
[INFO ] 2021-02-10 18:41:36.307 [TestNG-tests-1] hyscaleLoginPageTestCase - Logo test
[INFO ] 2021-02-10 18:41:43.941 [TestNG-tests-1] hyscaleLoginPageTestCase - login test is successful
[INFO ] 2021-02-10 18:41:43.942 [TestNG-tests-1] hyscaleLoginPageTestCase - Email  and passowrd entered
[INFO ] 2021-02-10 18:41:44.078 [TestNG-tests-1] hyscaleLoginPageTestCase - get driver
[INFO ] 2021-02-10 18:41:47.873 [TestNG-tests-1] hyscaleLoginPageTestCase - get driver
[INFO ] 2021-02-10 18:44:13.242 [TestNG-tests-1] hyscaleLoginPageTestCase - chromebrowser started
[INFO ] 2021-02-10 18:44:17.369 [TestNG-tests-1] hyscaleLoginPageTestCase - titletest
[INFO ] 2021-02-10 18:44:17.398 [TestNG-tests-1] hyscaleLoginPageTestCase - login page factory constructor
[INFO ] 2021-02-10 18:44:17.465 [TestNG-tests-1] hyscaleLoginPageTestCase - Logo test
[INFO ] 2021-02-10 18:44:25.646 [TestNG-tests-1] hyscaleLoginPageTestCase - login test is successful
[INFO ] 2021-02-10 18:44:25.646 [TestNG-tests-1] hyscaleLoginPageTestCase - Email  and passowrd entered
[INFO ] 2021-02-10 18:44:25.782 [TestNG-tests-1] hyscaleLoginPageTestCase - get driver
[INFO ] 2021-02-10 18:44:29.678 [TestNG-tests-1] hyscaleLoginPageTestCase - get driver
[INFO ] 2021-02-10 18:46:21.620 [TestNG-tests-1] hyscaleLoginPageTestCase - chromebrowser started
[INFO ] 2021-02-10 18:46:25.360 [TestNG-tests-1] hyscaleLoginPageTestCase - titletest
[INFO ] 2021-02-10 18:46:25.380 [TestNG-tests-1] hyscaleLoginPageTestCase - login page factory constructor
[INFO ] 2021-02-10 18:46:25.446 [TestNG-tests-1] hyscaleLoginPageTestCase - Logo test
[INFO ] 2021-02-10 18:46:33.864 [TestNG-tests-1] hyscaleLoginPageTestCase - login test is successful
[INFO ] 2021-02-10 18:46:33.864 [TestNG-tests-1] hyscaleLoginPageTestCase - Email  and passowrd entered
[INFO ] 2021-02-10 18:46:33.984 [TestNG-tests-1] hyscaleLoginPageTestCase - get driver
[INFO ] 2021-02-10 18:46:37.780 [TestNG-tests-1] hyscaleLoginPageTestCase - get driver
[INFO ] 2021-02-10 18:47:27.223 [TestNG-tests-1] hyscaleLoginPageTestCase - chromebrowser started
[INFO ] 2021-02-10 18:47:31.012 [TestNG-tests-1] hyscaleLoginPageTestCase - titletest
[INFO ] 2021-02-10 18:47:31.041 [TestNG-tests-1] hyscaleLoginPageTestCase - login page factory constructor
[INFO ] 2021-02-10 18:47:31.115 [TestNG-tests-1] hyscaleLoginPageTestCase - Logo test
[INFO ] 2021-02-10 18:47:39.849 [TestNG-tests-1] hyscaleLoginPageTestCase - login test is successful
[INFO ] 2021-02-10 18:47:39.850 [TestNG-tests-1] hyscaleLoginPageTestCase - Email  and passowrd entered
[INFO ] 2021-02-10 18:47:39.979 [TestNG-tests-1] hyscaleLoginPageTestCase - get driver
[INFO ] 2021-02-10 18:47:43.793 [TestNG-tests-1] hyscaleLoginPageTestCase - get driver
[INFO ] 2021-02-10 19:15:40.535 [TestNG-tests-1] hyscaleLoginPageTestCase - chromebrowser started
[INFO ] 2021-02-10 19:15:44.547 [TestNG-tests-1] hyscaleLoginPageTestCase - titletest
[INFO ] 2021-02-10 19:15:44.569 [TestNG-tests-1] hyscaleLoginPageTestCase - login page factory constructor
[INFO ] 2021-02-10 19:15:44.632 [TestNG-tests-1] hyscaleLoginPageTestCase - Logo test
[INFO ] 2021-02-10 19:15:53.243 [TestNG-tests-1] hyscaleLoginPageTestCase - login test is successful
[INFO ] 2021-02-10 19:15:53.243 [TestNG-tests-1] hyscaleLoginPageTestCase - Email  and passowrd entered
[INFO ] 2021-02-10 19:15:53.409 [TestNG-tests-1] hyscaleLoginPageTestCase - get driver
[INFO ] 2021-02-10 19:15:57.311 [TestNG-tests-1] hyscaleLoginPageTestCase - get driver
[INFO ] 2021-02-10 19:16:07.783 [TestNG-tests-1] hyscaleLoginPageTestCase - get driver
[INFO ] 2021-02-10 19:18:52.478 [TestNG-tests-1] hyscaleLoginPageTestCase - chromebrowser started
[INFO ] 2021-02-10 19:18:55.844 [TestNG-tests-1] hyscaleLoginPageTestCase - titletest
[INFO ] 2021-02-10 19:18:55.868 [TestNG-tests-1] hyscaleLoginPageTestCase - login page factory constructor
[INFO ] 2021-02-10 19:18:55.936 [TestNG-tests-1] hyscaleLoginPageTestCase - Logo test
[INFO ] 2021-02-10 19:19:07.449 [TestNG-tests-1] hyscaleLoginPageTestCase - login test is successful
[INFO ] 2021-02-10 19:19:07.449 [TestNG-tests-1] hyscaleLoginPageTestCase - Email  and passowrd entered
[INFO ] 2021-02-10 19:19:07.586 [TestNG-tests-1] hyscaleLoginPageTestCase - get driver
[INFO ] 2021-02-10 19:19:11.464 [TestNG-tests-1] hyscaleLoginPageTestCase - get driver
[INFO ] 2021-02-10 19:19:21.928 [TestNG-tests-1] hyscaleLoginPageTestCase - get driver
[INFO ] 2021-02-10 19:24:27.352 [TestNG-tests-1] hyscaleLoginPageTestCase - chromebrowser started
[INFO ] 2021-02-10 19:24:31.470 [TestNG-tests-1] hyscaleLoginPageTestCase - titletest
[INFO ] 2021-02-10 19:24:31.493 [TestNG-tests-1] hyscaleLoginPageTestCase - login page factory constructor
[INFO ] 2021-02-10 19:24:31.560 [TestNG-tests-1] hyscaleLoginPageTestCase - Logo test
[INFO ] 2021-02-10 19:24:40.363 [TestNG-tests-1] hyscaleLoginPageTestCase - login test is successful
[INFO ] 2021-02-10 19:24:40.363 [TestNG-tests-1] hyscaleLoginPageTestCase - Email  and passowrd entered
[INFO ] 2021-02-10 19:24:40.496 [TestNG-tests-1] hyscaleLoginPageTestCase - get driver
[INFO ] 2021-02-10 19:24:44.249 [TestNG-tests-1] hyscaleLoginPageTestCase - get driver
[INFO ] 2021-02-10 19:24:54.536 [TestNG-tests-1] hyscaleLoginPageTestCase - get driver
[INFO ] 2021-02-10 19:26:45.932 [TestNG-tests-1] hyscaleLoginPageTestCase - chromebrowser started
[INFO ] 2021-02-10 19:26:48.826 [TestNG-tests-1] hyscaleLoginPageTestCase - titletest
[INFO ] 2021-02-10 19:26:48.850 [TestNG-tests-1] hyscaleLoginPageTestCase - login page factory constructor
[INFO ] 2021-02-10 19:26:48.924 [TestNG-tests-1] hyscaleLoginPageTestCase - Logo test
[INFO ] 2021-02-10 19:26:57.818 [TestNG-tests-1] hyscaleLoginPageTestCase - login test is successful
[INFO ] 2021-02-10 19:26:57.819 [TestNG-tests-1] hyscaleLoginPageTestCase - Email  and passowrd entered
[INFO ] 2021-02-10 19:26:57.959 [TestNG-tests-1] hyscaleLoginPageTestCase - get driver
[INFO ] 2021-02-10 19:27:01.838 [TestNG-tests-1] hyscaleLoginPageTestCase - get driver
[INFO ] 2021-02-10 19:27:12.022 [TestNG-tests-1] hyscaleLoginPageTestCase - get driver
[INFO ] 2021-02-10 19:44:43.731 [TestNG-tests-1] hyscaleLoginPageTestCase - chromebrowser started
[INFO ] 2021-02-10 19:44:46.732 [TestNG-tests-1] hyscaleLoginPageTestCase - titletest
[INFO ] 2021-02-10 19:44:46.751 [TestNG-tests-1] hyscaleLoginPageTestCase - login page factory constructor
[INFO ] 2021-02-10 19:44:46.820 [TestNG-tests-1] hyscaleLoginPageTestCase - Logo test
[INFO ] 2021-02-10 19:44:54.077 [TestNG-tests-1] hyscaleLoginPageTestCase - login test is successful
[INFO ] 2021-02-10 19:44:54.077 [TestNG-tests-1] hyscaleLoginPageTestCase - Email  and passowrd entered
[INFO ] 2021-02-10 19:44:54.324 [TestNG-tests-1] hyscaleLoginPageTestCase - get driver
[INFO ] 2021-02-10 19:44:58.262 [TestNG-tests-1] hyscaleLoginPageTestCase - get driver
[INFO ] 2021-02-10 19:45:10.248 [TestNG-tests-1] hyscaleLoginPageTestCase - get driver
[INFO ] 2021-02-10 19:46:11.525 [TestNG-tests-1] hyscaleLoginPageTestCase - chromebrowser started
[INFO ] 2021-02-10 19:46:14.829 [TestNG-tests-1] hyscaleLoginPageTestCase - titletest
[INFO ] 2021-02-10 19:46:14.851 [TestNG-tests-1] hyscaleLoginPageTestCase - login page factory constructor
[INFO ] 2021-02-10 19:46:14.921 [TestNG-tests-1] hyscaleLoginPageTestCase - Logo test
[INFO ] 2021-02-10 19:46:26.906 [TestNG-tests-1] hyscaleLoginPageTestCase - login test is successful
[INFO ] 2021-02-10 19:46:26.906 [TestNG-tests-1] hyscaleLoginPageTestCase - Email  and passowrd entered
[INFO ] 2021-02-10 19:46:27.024 [TestNG-tests-1] hyscaleLoginPageTestCase - get driver
[INFO ] 2021-02-10 19:46:30.912 [TestNG-tests-1] hyscaleLoginPageTestCase - get driver
[INFO ] 2021-02-10 19:46:40.756 [TestNG-tests-1] hyscaleLoginPageTestCase - get driver
[INFO ] 2021-02-10 19:47:12.609 [TestNG-tests-1] hyscaleLoginPageTestCase - chromebrowser started
[INFO ] 2021-02-10 19:47:16.813 [TestNG-tests-1] hyscaleLoginPageTestCase - titletest
[INFO ] 2021-02-10 19:47:16.849 [TestNG-tests-1] hyscaleLoginPageTestCase - login page factory constructor
[INFO ] 2021-02-10 19:47:16.949 [TestNG-tests-1] hyscaleLoginPageTestCase - Logo test
[INFO ] 2021-02-10 19:47:29.034 [TestNG-tests-1] hyscaleLoginPageTestCase - login test is successful
[INFO ] 2021-02-10 19:47:29.034 [TestNG-tests-1] hyscaleLoginPageTestCase - Email  and passowrd entered
[INFO ] 2021-02-10 19:47:29.155 [TestNG-tests-1] hyscaleLoginPageTestCase - get driver
[INFO ] 2021-02-10 19:47:32.930 [TestNG-tests-1] hyscaleLoginPageTestCase - get driver
[INFO ] 2021-02-10 19:47:42.544 [TestNG-tests-1] hyscaleLoginPageTestCase - get driver
[INFO ] 2021-02-10 19:51:36.447 [TestNG-tests-1] hyscaleLoginPageTestCase - chromebrowser started
[INFO ] 2021-02-10 19:51:40.136 [TestNG-tests-1] hyscaleLoginPageTestCase - titletest
[INFO ] 2021-02-10 19:51:40.159 [TestNG-tests-1] hyscaleLoginPageTestCase - login page factory constructor
[INFO ] 2021-02-10 19:51:40.217 [TestNG-tests-1] hyscaleLoginPageTestCase - Logo test
[INFO ] 2021-02-10 19:51:48.348 [TestNG-tests-1] hyscaleLoginPageTestCase - login test is successful
[INFO ] 2021-02-10 19:51:48.348 [TestNG-tests-1] hyscaleLoginPageTestCase - Email  and passowrd entered
[INFO ] 2021-02-10 19:51:48.477 [TestNG-tests-1] hyscaleLoginPageTestCase - get driver
[INFO ] 2021-02-10 19:51:52.566 [TestNG-tests-1] hyscaleLoginPageTestCase - get driver
[INFO ] 2021-02-10 19:52:02.906 [TestNG-tests-1] hyscaleLoginPageTestCase - get driver
[INFO ] 2021-02-10 19:58:29.510 [TestNG-tests-1] hyscaleLoginPageTestCase - chromebrowser started
[INFO ] 2021-02-10 19:58:33.790 [TestNG-tests-1] hyscaleLoginPageTestCase - titletest
[INFO ] 2021-02-10 19:58:33.811 [TestNG-tests-1] hyscaleLoginPageTestCase - login page factory constructor
[INFO ] 2021-02-10 19:58:33.875 [TestNG-tests-1] hyscaleLoginPageTestCase - Logo test
[INFO ] 2021-02-10 19:58:43.518 [TestNG-tests-1] hyscaleLoginPageTestCase - login test is successful
[INFO ] 2021-02-10 19:58:43.519 [TestNG-tests-1] hyscaleLoginPageTestCase - Email  and passowrd entered
[INFO ] 2021-02-10 19:58:43.646 [TestNG-tests-1] hyscaleLoginPageTestCase - get driver
[INFO ] 2021-02-10 19:58:47.448 [TestNG-tests-1] hyscaleLoginPageTestCase - get driver
[INFO ] 2021-02-10 19:58:57.387 [TestNG-tests-1] hyscaleLoginPageTestCase - get driver
[INFO ] 2021-02-10 20:06:32.467 [TestNG-tests-1] hyscaleLoginPageTestCase - chromebrowser started
[INFO ] 2021-02-10 20:06:35.826 [TestNG-tests-1] hyscaleLoginPageTestCase - titletest
[INFO ] 2021-02-10 20:06:35.846 [TestNG-tests-1] hyscaleLoginPageTestCase - login page factory constructor
[INFO ] 2021-02-10 20:06:35.909 [TestNG-tests-1] hyscaleLoginPageTestCase - Logo test
[INFO ] 2021-02-10 20:06:44.339 [TestNG-tests-1] hyscaleLoginPageTestCase - login test is successful
[INFO ] 2021-02-10 20:06:44.339 [TestNG-tests-1] hyscaleLoginPageTestCase - Email  and passowrd entered
[INFO ] 2021-02-10 20:06:44.476 [TestNG-tests-1] hyscaleLoginPageTestCase - get driver
[INFO ] 2021-02-10 20:06:48.266 [TestNG-tests-1] hyscaleLoginPageTestCase - get driver
[INFO ] 2021-02-10 20:06:57.999 [TestNG-tests-1] hyscaleLoginPageTestCase - get driver
[INFO ] 2021-02-10 20:08:16.531 [TestNG-tests-1] hyscaleLoginPageTestCase - chromebrowser started
[INFO ] 2021-02-10 20:08:20.258 [TestNG-tests-1] hyscaleLoginPageTestCase - titletest
[INFO ] 2021-02-10 20:08:20.300 [TestNG-tests-1] hyscaleLoginPageTestCase - login page factory constructor
[INFO ] 2021-02-10 20:08:20.419 [TestNG-tests-1] hyscaleLoginPageTestCase - Logo test
[INFO ] 2021-02-10 20:08:27.671 [TestNG-tests-1] hyscaleLoginPageTestCase - login test is successful
[INFO ] 2021-02-10 20:08:27.671 [TestNG-tests-1] hyscaleLoginPageTestCase - Email  and passowrd entered
[INFO ] 2021-02-10 20:08:27.804 [TestNG-tests-1] hyscaleLoginPageTestCase - get driver
[INFO ] 2021-02-10 20:08:31.624 [TestNG-tests-1] hyscaleLoginPageTestCase - get driver
[INFO ] 2021-02-10 20:08:41.998 [TestNG-tests-1] hyscaleLoginPageTestCase - get driver
[INFO ] 2021-02-10 20:12:21.540 [TestNG-tests-1] hyscaleLoginPageTestCase - chromebrowser started
[INFO ] 2021-02-10 20:12:24.597 [TestNG-tests-1] hyscaleLoginPageTestCase - titletest
[INFO ] 2021-02-10 20:12:24.618 [TestNG-tests-1] hyscaleLoginPageTestCase - login page factory constructor
[INFO ] 2021-02-10 20:12:24.682 [TestNG-tests-1] hyscaleLoginPageTestCase - Logo test
[INFO ] 2021-02-10 20:12:31.239 [TestNG-tests-1] hyscaleLoginPageTestCase - login test is successful
[INFO ] 2021-02-10 20:12:31.240 [TestNG-tests-1] hyscaleLoginPageTestCase - Email  and passowrd entered
[INFO ] 2021-02-10 20:12:31.376 [TestNG-tests-1] hyscaleLoginPageTestCase - get driver
[INFO ] 2021-02-10 20:12:35.167 [TestNG-tests-1] hyscaleLoginPageTestCase - get driver
[INFO ] 2021-02-10 20:12:44.595 [TestNG-tests-1] hyscaleLoginPageTestCase - get driver
[INFO ] 2021-02-10 20:13:56.258 [TestNG-tests-1] hyscaleLoginPageTestCase - chromebrowser started
[INFO ] 2021-02-10 20:13:59.139 [TestNG-tests-1] hyscaleLoginPageTestCase - titletest
[INFO ] 2021-02-10 20:13:59.166 [TestNG-tests-1] hyscaleLoginPageTestCase - login page factory constructor
[INFO ] 2021-02-10 20:13:59.238 [TestNG-tests-1] hyscaleLoginPageTestCase - Logo test
[INFO ] 2021-02-10 20:14:11.589 [TestNG-tests-1] hyscaleLoginPageTestCase - login test is successful
[INFO ] 2021-02-10 20:14:11.590 [TestNG-tests-1] hyscaleLoginPageTestCase - Email  and passowrd entered
[INFO ] 2021-02-10 20:14:11.732 [TestNG-tests-1] hyscaleLoginPageTestCase - get driver
[INFO ] 2021-02-10 20:14:15.663 [TestNG-tests-1] hyscaleLoginPageTestCase - get driver
[INFO ] 2021-02-10 20:14:25.569 [TestNG-tests-1] hyscaleLoginPageTestCase - get driver
[INFO ] 2021-02-10 20:16:12.888 [TestNG-tests-1] hyscaleLoginPageTestCase - chromebrowser started
[INFO ] 2021-02-10 20:16:16.366 [TestNG-tests-1] hyscaleLoginPageTestCase - titletest
[INFO ] 2021-02-10 20:16:16.389 [TestNG-tests-1] hyscaleLoginPageTestCase - login page factory constructor
[INFO ] 2021-02-10 20:16:16.454 [TestNG-tests-1] hyscaleLoginPageTestCase - Logo test
[INFO ] 2021-02-10 20:16:25.677 [TestNG-tests-1] hyscaleLoginPageTestCase - login test is successful
[INFO ] 2021-02-10 20:16:25.678 [TestNG-tests-1] hyscaleLoginPageTestCase - Email  and passowrd entered
[INFO ] 2021-02-10 20:16:25.811 [TestNG-tests-1] hyscaleLoginPageTestCase - get driver
[INFO ] 2021-02-10 20:16:29.766 [TestNG-tests-1] hyscaleLoginPageTestCase - get driver
[INFO ] 2021-02-10 20:16:40.248 [TestNG-tests-1] hyscaleLoginPageTestCase - get driver
[INFO ] 2021-02-10 20:17:42.577 [TestNG-tests-1] hyscaleLoginPageTestCase - chromebrowser started
[INFO ] 2021-02-10 20:17:45.822 [TestNG-tests-1] hyscaleLoginPageTestCase - titletest
[INFO ] 2021-02-10 20:17:45.844 [TestNG-tests-1] hyscaleLoginPageTestCase - login page factory constructor
[INFO ] 2021-02-10 20:17:45.925 [TestNG-tests-1] hyscaleLoginPageTestCase - Logo test
[INFO ] 2021-02-10 20:17:54.075 [TestNG-tests-1] hyscaleLoginPageTestCase - login test is successful
[INFO ] 2021-02-10 20:17:54.076 [TestNG-tests-1] hyscaleLoginPageTestCase - Email  and passowrd entered
[INFO ] 2021-02-10 20:17:54.207 [TestNG-tests-1] hyscaleLoginPageTestCase - get driver
[INFO ] 2021-02-10 20:17:58.142 [TestNG-tests-1] hyscaleLoginPageTestCase - get driver
[INFO ] 2021-02-10 20:18:08.195 [TestNG-tests-1] hyscaleLoginPageTestCase - get driver
[INFO ] 2021-02-10 20:18:20.895 [TestNG-tests-1] hyscaleLoginPageTestCase - chromebrowser started
[INFO ] 2021-02-10 20:18:24.206 [TestNG-tests-1] hyscaleLoginPageTestCase - titletest
[INFO ] 2021-02-10 20:18:24.226 [TestNG-tests-1] hyscaleLoginPageTestCase - login page factory constructor
[INFO ] 2021-02-10 20:18:24.290 [TestNG-tests-1] hyscaleLoginPageTestCase - Logo test
[INFO ] 2021-02-10 20:18:32.175 [TestNG-tests-1] hyscaleLoginPageTestCase - login test is successful
[INFO ] 2021-02-10 20:18:32.175 [TestNG-tests-1] hyscaleLoginPageTestCase - Email  and passowrd entered
[INFO ] 2021-02-10 20:18:32.304 [TestNG-tests-1] hyscaleLoginPageTestCase - get driver
[INFO ] 2021-02-10 20:18:36.027 [TestNG-tests-1] hyscaleLoginPageTestCase - get driver
[INFO ] 2021-02-10 20:18:46.088 [TestNG-tests-1] hyscaleLoginPageTestCase - get driver
[INFO ] 2021-02-10 20:36:58.872 [TestNG-tests-1] hyscaleLoginPageTestCase - chromebrowser started
[INFO ] 2021-02-10 20:37:03.412 [TestNG-tests-1] hyscaleLoginPageTestCase - titletest
[INFO ] 2021-02-10 20:37:03.434 [TestNG-tests-1] hyscaleLoginPageTestCase - login page factory constructor
[INFO ] 2021-02-10 20:37:03.497 [TestNG-tests-1] hyscaleLoginPageTestCase - Logo test
[INFO ] 2021-02-10 20:37:11.535 [TestNG-tests-1] hyscaleLoginPageTestCase - login test is successful
[INFO ] 2021-02-10 20:37:11.535 [TestNG-tests-1] hyscaleLoginPageTestCase - Email  and passowrd entered
[INFO ] 2021-02-10 20:37:11.681 [TestNG-tests-1] hyscaleLoginPageTestCase - get driver
[INFO ] 2021-02-10 20:37:15.694 [TestNG-tests-1] hyscaleLoginPageTestCase - get driver
[INFO ] 2021-02-10 20:37:25.982 [TestNG-tests-1] hyscaleLoginPageTestCase - get driver
[INFO ] 2021-02-10 20:38:54.213 [TestNG-tests-1] hyscaleLoginPageTestCase - chromebrowser started
[INFO ] 2021-02-10 20:38:57.837 [TestNG-tests-1] hyscaleLoginPageTestCase - titletest
[INFO ] 2021-02-10 20:38:57.865 [TestNG-tests-1] hyscaleLoginPageTestCase - login page factory constructor
[INFO ] 2021-02-10 20:38:57.951 [TestNG-tests-1] hyscaleLoginPageTestCase - Logo test
[INFO ] 2021-02-10 20:39:05.375 [TestNG-tests-1] hyscaleLoginPageTestCase - login test is successful
[INFO ] 2021-02-10 20:39:05.375 [TestNG-tests-1] hyscaleLoginPageTestCase - Email  and passowrd entered
[INFO ] 2021-02-10 20:39:05.509 [TestNG-tests-1] hyscaleLoginPageTestCase - get driver
[INFO ] 2021-02-10 20:39:09.568 [TestNG-tests-1] hyscaleLoginPageTestCase - get driver
[INFO ] 2021-02-10 20:39:19.633 [TestNG-tests-1] hyscaleLoginPageTestCase - get driver
[INFO ] 2021-02-10 20:40:33.106 [TestNG-tests-1] hyscaleLoginPageTestCase - chromebrowser started
[INFO ] 2021-02-10 20:40:36.431 [TestNG-tests-1] hyscaleLoginPageTestCase - titletest
[INFO ] 2021-02-10 20:40:36.455 [TestNG-tests-1] hyscaleLoginPageTestCase - login page factory constructor
[INFO ] 2021-02-10 20:40:36.523 [TestNG-tests-1] hyscaleLoginPageTestCase - Logo test
[INFO ] 2021-02-10 20:40:44.421 [TestNG-tests-1] hyscaleLoginPageTestCase - login test is successful
[INFO ] 2021-02-10 20:40:44.421 [TestNG-tests-1] hyscaleLoginPageTestCase - Email  and passowrd entered
[INFO ] 2021-02-10 20:40:44.557 [TestNG-tests-1] hyscaleLoginPageTestCase - get driver
[INFO ] 2021-02-10 20:40:48.506 [TestNG-tests-1] hyscaleLoginPageTestCase - get driver
[INFO ] 2021-02-10 20:40:59.270 [TestNG-tests-1] hyscaleLoginPageTestCase - get driver
[INFO ] 2021-02-10 20:47:13.343 [TestNG-tests-1] hyscaleLoginPageTestCase - chromebrowser started
[INFO ] 2021-02-10 20:47:16.399 [TestNG-tests-1] hyscaleLoginPageTestCase - titletest
[INFO ] 2021-02-10 20:47:16.424 [TestNG-tests-1] hyscaleLoginPageTestCase - login page factory constructor
[INFO ] 2021-02-10 20:47:16.490 [TestNG-tests-1] hyscaleLoginPageTestCase - Logo test
[INFO ] 2021-02-10 20:47:24.243 [TestNG-tests-1] hyscaleLoginPageTestCase - login test is successful
[INFO ] 2021-02-10 20:47:24.243 [TestNG-tests-1] hyscaleLoginPageTestCase - Email  and passowrd entered
[INFO ] 2021-02-10 20:47:24.376 [TestNG-tests-1] hyscaleLoginPageTestCase - get driver
[INFO ] 2021-02-10 20:47:28.253 [TestNG-tests-1] hyscaleLoginPageTestCase - get driver
[INFO ] 2021-02-10 20:47:38.497 [TestNG-tests-1] hyscaleLoginPageTestCase - get driver
[INFO ] 2021-02-10 20:50:59.715 [TestNG-tests-1] hyscaleLoginPageTestCase - chromebrowser started
[INFO ] 2021-02-10 20:51:03.620 [TestNG-tests-1] hyscaleLoginPageTestCase - titletest
[INFO ] 2021-02-10 20:51:03.647 [TestNG-tests-1] hyscaleLoginPageTestCase - login page factory constructor
[INFO ] 2021-02-10 20:51:03.711 [TestNG-tests-1] hyscaleLoginPageTestCase - Logo test
[INFO ] 2021-02-10 20:51:11.230 [TestNG-tests-1] hyscaleLoginPageTestCase - login test is successful
[INFO ] 2021-02-10 20:51:11.230 [TestNG-tests-1] hyscaleLoginPageTestCase - Email  and passowrd entered
[INFO ] 2021-02-10 20:51:11.360 [TestNG-tests-1] hyscaleLoginPageTestCase - get driver
[INFO ] 2021-02-10 20:51:15.281 [TestNG-tests-1] hyscaleLoginPageTestCase - get driver
[INFO ] 2021-02-10 20:51:25.247 [TestNG-tests-1] hyscaleLoginPageTestCase - get driver
[INFO ] 2021-02-10 20:57:10.383 [TestNG-tests-1] hyscaleLoginPageTestCase - chromebrowser started
[INFO ] 2021-02-10 20:57:13.206 [TestNG-tests-1] hyscaleLoginPageTestCase - titletest
[INFO ] 2021-02-10 20:57:13.228 [TestNG-tests-1] hyscaleLoginPageTestCase - login page factory constructor
[INFO ] 2021-02-10 20:57:13.292 [TestNG-tests-1] hyscaleLoginPageTestCase - Logo test
[INFO ] 2021-02-10 20:57:23.396 [TestNG-tests-1] hyscaleLoginPageTestCase - login test is successful
[INFO ] 2021-02-10 20:57:23.397 [TestNG-tests-1] hyscaleLoginPageTestCase - Email  and passowrd entered
[INFO ] 2021-02-10 20:57:23.529 [TestNG-tests-1] hyscaleLoginPageTestCase - get driver
[INFO ] 2021-02-10 20:57:27.392 [TestNG-tests-1] hyscaleLoginPageTestCase - get driver
[INFO ] 2021-02-10 20:57:36.660 [TestNG-tests-1] hyscaleLoginPageTestCase - get driver
[INFO ] 2021-02-10 21:01:49.557 [TestNG-tests-1] hyscaleLoginPageTestCase - chromebrowser started
[INFO ] 2021-02-10 21:01:53.172 [TestNG-tests-1] hyscaleLoginPageTestCase - titletest
[INFO ] 2021-02-10 21:01:53.193 [TestNG-tests-1] hyscaleLoginPageTestCase - login page factory constructor
[INFO ] 2021-02-10 21:01:53.256 [TestNG-tests-1] hyscaleLoginPageTestCase - Logo test
[INFO ] 2021-02-10 21:02:01.301 [TestNG-tests-1] hyscaleLoginPageTestCase - login test is successful
[INFO ] 2021-02-10 21:02:01.302 [TestNG-tests-1] hyscaleLoginPageTestCase - Email  and passowrd entered
[INFO ] 2021-02-10 21:02:01.456 [TestNG-tests-1] hyscaleLoginPageTestCase - get driver
[INFO ] 2021-02-10 21:02:05.240 [TestNG-tests-1] hyscaleLoginPageTestCase - get driver
[INFO ] 2021-02-10 21:02:15.620 [TestNG-tests-1] hyscaleLoginPageTestCase - get driver
[INFO ] 2021-02-10 21:03:51.939 [TestNG-tests-1] hyscaleLoginPageTestCase - chromebrowser started
[INFO ] 2021-02-10 21:03:55.787 [TestNG-tests-1] hyscaleLoginPageTestCase - titletest
[INFO ] 2021-02-10 21:03:55.809 [TestNG-tests-1] hyscaleLoginPageTestCase - login page factory constructor
[INFO ] 2021-02-10 21:03:55.883 [TestNG-tests-1] hyscaleLoginPageTestCase - Logo test
[INFO ] 2021-02-10 21:04:03.473 [TestNG-tests-1] hyscaleLoginPageTestCase - login test is successful
[INFO ] 2021-02-10 21:04:03.474 [TestNG-tests-1] hyscaleLoginPageTestCase - Email  and passowrd entered
[INFO ] 2021-02-10 21:04:03.598 [TestNG-tests-1] hyscaleLoginPageTestCase - get driver
[INFO ] 2021-02-10 21:04:07.363 [TestNG-tests-1] hyscaleLoginPageTestCase - get driver
[INFO ] 2021-02-10 21:04:17.781 [TestNG-tests-1] hyscaleLoginPageTestCase - get driver
