[INFO ] 2021-02-08 13:51:15.731 [TestNG-tests-1] hyscaleLoginPageTestCase - chromebrowser started
[INFO ] 2021-02-08 13:51:21.049 [TestNG-tests-1] hyscaleLoginPageTestCase - titletest
[INFO ] 2021-02-08 13:51:21.121 [TestNG-tests-1] hyscaleLoginPageTestCase - login page factory constructor
[INFO ] 2021-02-08 13:51:21.171 [TestNG-tests-1] hyscaleLoginPageTestCase - Logo test
[INFO ] 2021-02-08 13:51:38.979 [TestNG-tests-1] hyscaleLoginPageTestCase - login test is successful
[INFO ] 2021-02-08 13:51:38.979 [TestNG-tests-1] hyscaleLoginPageTestCase - Email  and passowrd entered
[INFO ] 2021-02-08 13:51:39.150 [TestNG-tests-1] hyscaleLoginPageTestCase - get driver
[INFO ] 2021-02-08 13:51:39.540 [TestNG-tests-1] PackageNegativeTestCases - packages testcase started
[INFO ] 2021-02-08 13:51:47.809 [main] hyscaleLoginPageTestCase - ended
[INFO ] 2021-02-08 13:52:20.721 [TestNG-tests-1] hyscaleLoginPageTestCase - chromebrowser started
[INFO ] 2021-02-08 13:52:23.647 [TestNG-tests-1] hyscaleLoginPageTestCase - titletest
[INFO ] 2021-02-08 13:52:23.683 [TestNG-tests-1] hyscaleLoginPageTestCase - login page factory constructor
[INFO ] 2021-02-08 13:52:23.757 [TestNG-tests-1] hyscaleLoginPageTestCase - Logo test
[INFO ] 2021-02-08 13:52:34.567 [TestNG-tests-1] hyscaleLoginPageTestCase - login test is successful
[INFO ] 2021-02-08 13:52:34.568 [TestNG-tests-1] hyscaleLoginPageTestCase - Email  and passowrd entered
[INFO ] 2021-02-08 13:52:34.697 [TestNG-tests-1] hyscaleLoginPageTestCase - get driver
[INFO ] 2021-02-08 13:52:35.002 [TestNG-tests-1] PackageNegativeTestCases - packages testcase started
[INFO ] 2021-02-08 13:52:43.575 [main] hyscaleLoginPageTestCase - ended
[INFO ] 2021-02-08 13:54:23.312 [TestNG-tests-1] hyscaleLoginPageTestCase - chromebrowser started
[INFO ] 2021-02-08 13:54:27.413 [TestNG-tests-1] hyscaleLoginPageTestCase - titletest
[INFO ] 2021-02-08 13:54:27.437 [TestNG-tests-1] hyscaleLoginPageTestCase - login page factory constructor
[INFO ] 2021-02-08 13:54:27.511 [TestNG-tests-1] hyscaleLoginPageTestCase - Logo test
[INFO ] 2021-02-08 13:54:37.712 [TestNG-tests-1] hyscaleLoginPageTestCase - login test is successful
[INFO ] 2021-02-08 13:54:37.712 [TestNG-tests-1] hyscaleLoginPageTestCase - Email  and passowrd entered
[INFO ] 2021-02-08 13:54:37.851 [TestNG-tests-1] hyscaleLoginPageTestCase - get driver
[INFO ] 2021-02-08 13:54:38.215 [TestNG-tests-1] PackageNegativeTestCases - packages testcase started
[INFO ] 2021-02-08 13:54:46.653 [TestNG-tests-1] hyscaleLoginPageTestCase - get driver
[INFO ] 2021-02-08 13:54:47.077 [main] hyscaleLoginPageTestCase - ended
[INFO ] 2021-02-08 15:25:46.410 [TestNG-tests-1] hyscaleLoginPageTestCase - chromebrowser started
[INFO ] 2021-02-08 15:25:50.217 [TestNG-tests-1] hyscaleLoginPageTestCase - titletest
[INFO ] 2021-02-08 15:25:50.244 [TestNG-tests-1] hyscaleLoginPageTestCase - login page factory constructor
[INFO ] 2021-02-08 15:25:50.319 [TestNG-tests-1] hyscaleLoginPageTestCase - Logo test
[INFO ] 2021-02-08 15:25:59.158 [TestNG-tests-1] hyscaleLoginPageTestCase - login test is successful
[INFO ] 2021-02-08 15:25:59.158 [TestNG-tests-1] hyscaleLoginPageTestCase - Email  and passowrd entered
[INFO ] 2021-02-08 15:25:59.280 [TestNG-tests-1] hyscaleLoginPageTestCase - get driver
[INFO ] 2021-02-08 15:25:59.618 [TestNG-tests-1] PackageNegativeTestCases - packages testcase started
[INFO ] 2021-02-08 15:26:07.454 [TestNG-tests-1] hyscaleLoginPageTestCase - get driver
[INFO ] 2021-02-08 15:26:07.786 [main] hyscaleLoginPageTestCase - ended
[INFO ] 2021-02-08 15:34:13.965 [TestNG-tests-1] hyscaleLoginPageTestCase - chromebrowser started
[INFO ] 2021-02-08 15:35:18.479 [TestNG-tests-1] hyscaleLoginPageTestCase - chromebrowser started
[INFO ] 2021-02-08 15:35:21.799 [TestNG-tests-1] hyscaleLoginPageTestCase - titletest
[INFO ] 2021-02-08 15:35:21.833 [TestNG-tests-1] hyscaleLoginPageTestCase - login page factory constructor
[INFO ] 2021-02-08 15:35:21.920 [TestNG-tests-1] hyscaleLoginPageTestCase - Logo test
[INFO ] 2021-02-08 15:35:31.175 [TestNG-tests-1] hyscaleLoginPageTestCase - login test is successful
[INFO ] 2021-02-08 15:35:31.177 [TestNG-tests-1] hyscaleLoginPageTestCase - Email  and passowrd entered
[INFO ] 2021-02-08 15:35:31.389 [TestNG-tests-1] hyscaleLoginPageTestCase - get driver
[INFO ] 2021-02-08 15:35:32.120 [TestNG-tests-1] PackageNegativeTestCases - packages testcase started
[INFO ] 2021-02-08 15:35:42.166 [TestNG-tests-1] hyscaleLoginPageTestCase - get driver
[INFO ] 2021-02-08 15:35:42.561 [main] hyscaleLoginPageTestCase - ended
[INFO ] 2021-02-08 15:36:45.434 [TestNG-tests-1] hyscaleLoginPageTestCase - chromebrowser started
[INFO ] 2021-02-08 15:36:48.451 [TestNG-tests-1] hyscaleLoginPageTestCase - titletest
[INFO ] 2021-02-08 15:36:48.479 [TestNG-tests-1] hyscaleLoginPageTestCase - login page factory constructor
[INFO ] 2021-02-08 15:36:48.558 [TestNG-tests-1] hyscaleLoginPageTestCase - Logo test
[INFO ] 2021-02-08 15:36:57.433 [TestNG-tests-1] hyscaleLoginPageTestCase - login test is successful
[INFO ] 2021-02-08 15:36:57.433 [TestNG-tests-1] hyscaleLoginPageTestCase - Email  and passowrd entered
[INFO ] 2021-02-08 15:36:57.587 [TestNG-tests-1] hyscaleLoginPageTestCase - get driver
[INFO ] 2021-02-08 15:36:57.942 [TestNG-tests-1] PackageNegativeTestCases - packages testcase started
[INFO ] 2021-02-08 15:37:05.093 [TestNG-tests-1] hyscaleLoginPageTestCase - get driver
[INFO ] 2021-02-08 15:37:35.458 [main] hyscaleLoginPageTestCase - ended
[INFO ] 2021-02-08 15:40:06.479 [TestNG-tests-1] hyscaleLoginPageTestCase - chromebrowser started
[INFO ] 2021-02-08 15:40:09.419 [TestNG-tests-1] hyscaleLoginPageTestCase - titletest
[INFO ] 2021-02-08 15:40:09.455 [TestNG-tests-1] hyscaleLoginPageTestCase - login page factory constructor
[INFO ] 2021-02-08 15:40:09.531 [TestNG-tests-1] hyscaleLoginPageTestCase - Logo test
[INFO ] 2021-02-08 15:40:20.370 [TestNG-tests-1] hyscaleLoginPageTestCase - login test is successful
[INFO ] 2021-02-08 15:40:20.371 [TestNG-tests-1] hyscaleLoginPageTestCase - Email  and passowrd entered
[INFO ] 2021-02-08 15:40:20.508 [TestNG-tests-1] hyscaleLoginPageTestCase - get driver
[INFO ] 2021-02-08 15:40:20.815 [TestNG-tests-1] PackageNegativeTestCases - packages testcase started
[INFO ] 2021-02-08 15:40:28.479 [TestNG-tests-1] hyscaleLoginPageTestCase - get driver
[INFO ] 2021-02-08 15:40:28.766 [main] hyscaleLoginPageTestCase - ended
[INFO ] 2021-02-08 15:55:08.474 [TestNG-tests-1] hyscaleLoginPageTestCase - chromebrowser started
[INFO ] 2021-02-08 15:55:11.818 [TestNG-tests-1] hyscaleLoginPageTestCase - titletest
[INFO ] 2021-02-08 15:55:11.844 [TestNG-tests-1] hyscaleLoginPageTestCase - login page factory constructor
[INFO ] 2021-02-08 15:55:11.916 [TestNG-tests-1] hyscaleLoginPageTestCase - Logo test
[INFO ] 2021-02-08 15:55:21.135 [TestNG-tests-1] hyscaleLoginPageTestCase - login test is successful
[INFO ] 2021-02-08 15:55:21.136 [TestNG-tests-1] hyscaleLoginPageTestCase - Email  and passowrd entered
[INFO ] 2021-02-08 15:55:21.273 [TestNG-tests-1] hyscaleLoginPageTestCase - get driver
[INFO ] 2021-02-08 15:55:21.597 [TestNG-tests-1] PackageNegativeTestCases - packages testcase started
[INFO ] 2021-02-08 15:55:29.186 [TestNG-tests-1] hyscaleLoginPageTestCase - get driver
[INFO ] 2021-02-08 15:55:29.583 [main] hyscaleLoginPageTestCase - ended
[INFO ] 2021-02-08 16:22:36.818 [TestNG-tests-1] hyscaleLoginPageTestCase - chromebrowser started
[INFO ] 2021-02-08 16:22:40.127 [TestNG-tests-1] hyscaleLoginPageTestCase - titletest
[INFO ] 2021-02-08 16:22:40.152 [TestNG-tests-1] hyscaleLoginPageTestCase - login page factory constructor
[INFO ] 2021-02-08 16:22:40.218 [TestNG-tests-1] hyscaleLoginPageTestCase - Logo test
[INFO ] 2021-02-08 16:22:49.856 [TestNG-tests-1] hyscaleLoginPageTestCase - login test is successful
[INFO ] 2021-02-08 16:22:49.857 [TestNG-tests-1] hyscaleLoginPageTestCase - Email  and passowrd entered
[INFO ] 2021-02-08 16:22:49.988 [TestNG-tests-1] hyscaleLoginPageTestCase - get driver
[INFO ] 2021-02-08 16:22:50.294 [TestNG-tests-1] PackageNegativeTestCases - packages testcase started
[INFO ] 2021-02-08 16:22:58.044 [TestNG-tests-1] hyscaleLoginPageTestCase - get driver
[INFO ] 2021-02-08 16:22:58.888 [main] hyscaleLoginPageTestCase - ended
[INFO ] 2021-02-08 16:23:10.008 [TestNG-tests-1] hyscaleLoginPageTestCase - chromebrowser started
[INFO ] 2021-02-08 16:23:12.926 [TestNG-tests-1] hyscaleLoginPageTestCase - titletest
[INFO ] 2021-02-08 16:23:12.954 [TestNG-tests-1] hyscaleLoginPageTestCase - login page factory constructor
[INFO ] 2021-02-08 16:23:13.035 [TestNG-tests-1] hyscaleLoginPageTestCase - Logo test
[INFO ] 2021-02-08 16:23:26.488 [TestNG-tests-1] hyscaleLoginPageTestCase - login test is successful
[INFO ] 2021-02-08 16:23:26.488 [TestNG-tests-1] hyscaleLoginPageTestCase - Email  and passowrd entered
[INFO ] 2021-02-08 16:23:26.646 [TestNG-tests-1] hyscaleLoginPageTestCase - get driver
[INFO ] 2021-02-08 16:23:26.991 [TestNG-tests-1] PackageNegativeTestCases - packages testcase started
[INFO ] 2021-02-08 16:23:34.774 [TestNG-tests-1] hyscaleLoginPageTestCase - get driver
[INFO ] 2021-02-08 16:23:35.615 [main] hyscaleLoginPageTestCase - ended
[INFO ] 2021-02-08 16:41:54.286 [TestNG-tests-1] hyscaleLoginPageTestCase - chromebrowser started
[INFO ] 2021-02-08 16:41:57.577 [TestNG-tests-1] hyscaleLoginPageTestCase - titletest
[INFO ] 2021-02-08 16:41:57.608 [TestNG-tests-1] hyscaleLoginPageTestCase - login page factory constructor
[INFO ] 2021-02-08 16:41:57.678 [TestNG-tests-1] hyscaleLoginPageTestCase - Logo test
[INFO ] 2021-02-08 16:42:07.059 [TestNG-tests-1] hyscaleLoginPageTestCase - login test is successful
[INFO ] 2021-02-08 16:42:07.059 [TestNG-tests-1] hyscaleLoginPageTestCase - Email  and passowrd entered
[INFO ] 2021-02-08 16:42:07.213 [TestNG-tests-1] hyscaleLoginPageTestCase - get driver
[INFO ] 2021-02-08 16:42:07.538 [TestNG-tests-1] PackageNegativeTestCases - packages testcase started
[INFO ] 2021-02-08 16:42:15.198 [TestNG-tests-1] hyscaleLoginPageTestCase - get driver
[INFO ] 2021-02-08 16:42:17.481 [main] hyscaleLoginPageTestCase - ended
[INFO ] 2021-02-08 17:02:40.913 [TestNG-tests-1] hyscaleLoginPageTestCase - chromebrowser started
[INFO ] 2021-02-08 17:02:46.185 [TestNG-tests-1] hyscaleLoginPageTestCase - titletest
[INFO ] 2021-02-08 17:02:46.212 [TestNG-tests-1] hyscaleLoginPageTestCase - login page factory constructor
[INFO ] 2021-02-08 17:02:46.279 [TestNG-tests-1] hyscaleLoginPageTestCase - Logo test
[INFO ] 2021-02-08 17:02:55.109 [TestNG-tests-1] hyscaleLoginPageTestCase - login test is successful
[INFO ] 2021-02-08 17:02:55.110 [TestNG-tests-1] hyscaleLoginPageTestCase - Email  and passowrd entered
[INFO ] 2021-02-08 17:02:55.243 [TestNG-tests-1] hyscaleLoginPageTestCase - get driver
[INFO ] 2021-02-08 17:02:55.538 [TestNG-tests-1] PackageNegativeTestCases - packages testcase started
[INFO ] 2021-02-08 17:03:03.426 [TestNG-tests-1] hyscaleLoginPageTestCase - get driver
[INFO ] 2021-02-08 17:03:05.073 [main] hyscaleLoginPageTestCase - ended
[INFO ] 2021-02-08 17:03:48.930 [TestNG-tests-1] hyscaleLoginPageTestCase - chromebrowser started
[INFO ] 2021-02-08 17:03:51.959 [TestNG-tests-1] hyscaleLoginPageTestCase - titletest
[INFO ] 2021-02-08 17:03:51.990 [TestNG-tests-1] hyscaleLoginPageTestCase - login page factory constructor
[INFO ] 2021-02-08 17:03:52.074 [TestNG-tests-1] hyscaleLoginPageTestCase - Logo test
[INFO ] 2021-02-08 17:04:03.832 [TestNG-tests-1] hyscaleLoginPageTestCase - login test is successful
[INFO ] 2021-02-08 17:04:03.832 [TestNG-tests-1] hyscaleLoginPageTestCase - Email  and passowrd entered
[INFO ] 2021-02-08 17:04:04.034 [TestNG-tests-1] hyscaleLoginPageTestCase - get driver
[INFO ] 2021-02-08 17:04:04.344 [TestNG-tests-1] PackageNegativeTestCases - packages testcase started
[INFO ] 2021-02-08 17:04:12.375 [TestNG-tests-1] hyscaleLoginPageTestCase - get driver
[INFO ] 2021-02-08 17:04:13.987 [main] hyscaleLoginPageTestCase - ended
[INFO ] 2021-02-08 17:05:30.501 [TestNG-tests-1] hyscaleLoginPageTestCase - chromebrowser started
[INFO ] 2021-02-08 17:05:34.654 [TestNG-tests-1] hyscaleLoginPageTestCase - titletest
[INFO ] 2021-02-08 17:05:34.686 [TestNG-tests-1] hyscaleLoginPageTestCase - login page factory constructor
[INFO ] 2021-02-08 17:05:34.778 [TestNG-tests-1] hyscaleLoginPageTestCase - Logo test
[INFO ] 2021-02-08 17:05:45.434 [TestNG-tests-1] hyscaleLoginPageTestCase - login test is successful
[INFO ] 2021-02-08 17:05:45.434 [TestNG-tests-1] hyscaleLoginPageTestCase - Email  and passowrd entered
[INFO ] 2021-02-08 17:05:45.559 [TestNG-tests-1] hyscaleLoginPageTestCase - get driver
[INFO ] 2021-02-08 17:05:45.851 [TestNG-tests-1] PackageNegativeTestCases - packages testcase started
[INFO ] 2021-02-08 17:05:53.247 [TestNG-tests-1] hyscaleLoginPageTestCase - get driver
[INFO ] 2021-02-08 17:05:59.993 [main] hyscaleLoginPageTestCase - ended
[INFO ] 2021-02-08 17:17:51.212 [TestNG-tests-1] hyscaleLoginPageTestCase - chromebrowser started
[INFO ] 2021-02-08 17:17:54.487 [TestNG-tests-1] hyscaleLoginPageTestCase - titletest
[INFO ] 2021-02-08 17:17:54.517 [TestNG-tests-1] hyscaleLoginPageTestCase - login page factory constructor
[INFO ] 2021-02-08 17:17:54.585 [TestNG-tests-1] hyscaleLoginPageTestCase - Logo test
[INFO ] 2021-02-08 17:18:05.040 [TestNG-tests-1] hyscaleLoginPageTestCase - login test is successful
[INFO ] 2021-02-08 17:18:05.040 [TestNG-tests-1] hyscaleLoginPageTestCase - Email  and passowrd entered
[INFO ] 2021-02-08 17:18:05.079 [TestNG-tests-1] hyscaleLoginPageTestCase - get driver
[INFO ] 2021-02-08 17:18:05.396 [TestNG-tests-1] PackageNegativeTestCases - packages testcase started
[INFO ] 2021-02-08 17:18:12.963 [TestNG-tests-1] hyscaleLoginPageTestCase - get driver
[INFO ] 2021-02-08 17:18:14.603 [main] hyscaleLoginPageTestCase - ended
[INFO ] 2021-02-08 17:18:54.050 [TestNG-tests-1] hyscaleLoginPageTestCase - chromebrowser started
[INFO ] 2021-02-08 17:18:57.351 [TestNG-tests-1] hyscaleLoginPageTestCase - titletest
[INFO ] 2021-02-08 17:18:57.374 [TestNG-tests-1] hyscaleLoginPageTestCase - login page factory constructor
[INFO ] 2021-02-08 17:18:57.448 [TestNG-tests-1] hyscaleLoginPageTestCase - Logo test
[INFO ] 2021-02-08 17:19:04.517 [TestNG-tests-1] hyscaleLoginPageTestCase - login test is successful
[INFO ] 2021-02-08 17:19:04.517 [TestNG-tests-1] hyscaleLoginPageTestCase - Email  and passowrd entered
[INFO ] 2021-02-08 17:19:04.555 [TestNG-tests-1] hyscaleLoginPageTestCase - get driver
[INFO ] 2021-02-08 17:19:04.840 [TestNG-tests-1] PackageNegativeTestCases - packages testcase started
[INFO ] 2021-02-08 17:19:12.586 [TestNG-tests-1] hyscaleLoginPageTestCase - get driver
[INFO ] 2021-02-08 17:19:14.254 [main] hyscaleLoginPageTestCase - ended
[INFO ] 2021-02-08 17:19:55.967 [TestNG-tests-1] hyscaleLoginPageTestCase - chromebrowser started
[INFO ] 2021-02-08 17:19:59.136 [TestNG-tests-1] hyscaleLoginPageTestCase - titletest
[INFO ] 2021-02-08 17:19:59.172 [TestNG-tests-1] hyscaleLoginPageTestCase - login page factory constructor
[INFO ] 2021-02-08 17:19:59.249 [TestNG-tests-1] hyscaleLoginPageTestCase - Logo test
[INFO ] 2021-02-08 17:20:06.841 [TestNG-tests-1] hyscaleLoginPageTestCase - login test is successful
[INFO ] 2021-02-08 17:20:06.842 [TestNG-tests-1] hyscaleLoginPageTestCase - Email  and passowrd entered
[INFO ] 2021-02-08 17:20:06.883 [TestNG-tests-1] hyscaleLoginPageTestCase - get driver
[INFO ] 2021-02-08 17:20:07.187 [TestNG-tests-1] PackageNegativeTestCases - packages testcase started
[INFO ] 2021-02-08 17:20:14.257 [TestNG-tests-1] hyscaleLoginPageTestCase - get driver
[INFO ] 2021-02-08 17:20:15.888 [main] hyscaleLoginPageTestCase - ended
[INFO ] 2021-02-08 17:21:58.143 [TestNG-tests-1] hyscaleLoginPageTestCase - chromebrowser started
[INFO ] 2021-02-08 17:22:01.268 [TestNG-tests-1] hyscaleLoginPageTestCase - titletest
[INFO ] 2021-02-08 17:22:01.297 [TestNG-tests-1] hyscaleLoginPageTestCase - login page factory constructor
[INFO ] 2021-02-08 17:22:01.369 [TestNG-tests-1] hyscaleLoginPageTestCase - Logo test
[INFO ] 2021-02-08 17:22:09.136 [TestNG-tests-1] hyscaleLoginPageTestCase - login test is successful
[INFO ] 2021-02-08 17:22:09.136 [TestNG-tests-1] hyscaleLoginPageTestCase - Email  and passowrd entered
[INFO ] 2021-02-08 17:22:09.172 [TestNG-tests-1] hyscaleLoginPageTestCase - get driver
[INFO ] 2021-02-08 17:22:09.446 [TestNG-tests-1] PackageNegativeTestCases - packages testcase started
[INFO ] 2021-02-08 17:22:16.464 [TestNG-tests-1] hyscaleLoginPageTestCase - get driver
[INFO ] 2021-02-08 17:22:19.105 [main] hyscaleLoginPageTestCase - ended
[INFO ] 2021-02-08 17:26:12.025 [TestNG-tests-1] hyscaleLoginPageTestCase - chromebrowser started
[INFO ] 2021-02-08 17:26:15.582 [TestNG-tests-1] hyscaleLoginPageTestCase - titletest
[INFO ] 2021-02-08 17:26:15.610 [TestNG-tests-1] hyscaleLoginPageTestCase - login page factory constructor
[INFO ] 2021-02-08 17:26:15.685 [TestNG-tests-1] hyscaleLoginPageTestCase - Logo test
[INFO ] 2021-02-08 17:26:22.768 [TestNG-tests-1] hyscaleLoginPageTestCase - login test is successful
[INFO ] 2021-02-08 17:26:22.769 [TestNG-tests-1] hyscaleLoginPageTestCase - Email  and passowrd entered
[INFO ] 2021-02-08 17:26:22.812 [TestNG-tests-1] hyscaleLoginPageTestCase - get driver
[INFO ] 2021-02-08 17:26:23.103 [TestNG-tests-1] PackageNegativeTestCases - packages testcase started
[INFO ] 2021-02-08 17:26:29.958 [TestNG-tests-1] hyscaleLoginPageTestCase - get driver
[INFO ] 2021-02-08 17:26:30.473 [main] hyscaleLoginPageTestCase - ended
[INFO ] 2021-02-08 17:27:02.858 [TestNG-tests-1] hyscaleLoginPageTestCase - chromebrowser started
[INFO ] 2021-02-08 17:27:05.682 [TestNG-tests-1] hyscaleLoginPageTestCase - titletest
[INFO ] 2021-02-08 17:27:05.707 [TestNG-tests-1] hyscaleLoginPageTestCase - login page factory constructor
[INFO ] 2021-02-08 17:27:05.774 [TestNG-tests-1] hyscaleLoginPageTestCase - Logo test
[INFO ] 2021-02-08 17:27:13.664 [TestNG-tests-1] hyscaleLoginPageTestCase - login test is successful
[INFO ] 2021-02-08 17:27:13.665 [TestNG-tests-1] hyscaleLoginPageTestCase - Email  and passowrd entered
[INFO ] 2021-02-08 17:27:13.705 [TestNG-tests-1] hyscaleLoginPageTestCase - get driver
[INFO ] 2021-02-08 17:27:13.997 [TestNG-tests-1] PackageNegativeTestCases - packages testcase started
[INFO ] 2021-02-08 17:27:21.596 [TestNG-tests-1] hyscaleLoginPageTestCase - get driver
[INFO ] 2021-02-08 17:27:23.284 [main] hyscaleLoginPageTestCase - ended
[INFO ] 2021-02-08 17:30:02.886 [TestNG-tests-1] hyscaleLoginPageTestCase - chromebrowser started
[INFO ] 2021-02-08 17:30:05.904 [TestNG-tests-1] hyscaleLoginPageTestCase - titletest
[INFO ] 2021-02-08 17:30:05.936 [TestNG-tests-1] hyscaleLoginPageTestCase - login page factory constructor
[INFO ] 2021-02-08 17:30:06.006 [TestNG-tests-1] hyscaleLoginPageTestCase - Logo test
[INFO ] 2021-02-08 17:30:12.425 [TestNG-tests-1] hyscaleLoginPageTestCase - login test is successful
[INFO ] 2021-02-08 17:30:12.425 [TestNG-tests-1] hyscaleLoginPageTestCase - Email  and passowrd entered
[INFO ] 2021-02-08 17:30:12.458 [TestNG-tests-1] hyscaleLoginPageTestCase - get driver
[INFO ] 2021-02-08 17:30:12.828 [TestNG-tests-1] PackageNegativeTestCases - packages testcase started
[INFO ] 2021-02-08 17:30:19.290 [TestNG-tests-1] hyscaleLoginPageTestCase - get driver
[INFO ] 2021-02-08 17:30:20.881 [main] hyscaleLoginPageTestCase - ended
[INFO ] 2021-02-08 17:30:38.867 [TestNG-tests-1] hyscaleLoginPageTestCase - chromebrowser started
[INFO ] 2021-02-08 17:30:41.723 [TestNG-tests-1] hyscaleLoginPageTestCase - titletest
[INFO ] 2021-02-08 17:30:41.746 [TestNG-tests-1] hyscaleLoginPageTestCase - login page factory constructor
[INFO ] 2021-02-08 17:30:41.820 [TestNG-tests-1] hyscaleLoginPageTestCase - Logo test
[INFO ] 2021-02-08 17:30:49.015 [TestNG-tests-1] hyscaleLoginPageTestCase - login test is successful
[INFO ] 2021-02-08 17:30:49.015 [TestNG-tests-1] hyscaleLoginPageTestCase - Email  and passowrd entered
[INFO ] 2021-02-08 17:30:49.051 [TestNG-tests-1] hyscaleLoginPageTestCase - get driver
[INFO ] 2021-02-08 17:30:49.362 [TestNG-tests-1] PackageNegativeTestCases - packages testcase started
[INFO ] 2021-02-08 17:30:56.959 [TestNG-tests-1] hyscaleLoginPageTestCase - get driver
[INFO ] 2021-02-08 17:30:58.621 [main] hyscaleLoginPageTestCase - ended
[INFO ] 2021-02-08 17:52:50.518 [TestNG-tests-1] hyscaleLoginPageTestCase - chromebrowser started
[INFO ] 2021-02-08 17:52:53.514 [TestNG-tests-1] hyscaleLoginPageTestCase - titletest
[INFO ] 2021-02-08 17:52:53.544 [TestNG-tests-1] hyscaleLoginPageTestCase - login page factory constructor
[INFO ] 2021-02-08 17:52:53.614 [TestNG-tests-1] hyscaleLoginPageTestCase - Logo test
[INFO ] 2021-02-08 17:53:01.394 [TestNG-tests-1] hyscaleLoginPageTestCase - login test is successful
[INFO ] 2021-02-08 17:53:01.395 [TestNG-tests-1] hyscaleLoginPageTestCase - Email  and passowrd entered
[INFO ] 2021-02-08 17:53:01.425 [TestNG-tests-1] hyscaleLoginPageTestCase - get driver
[INFO ] 2021-02-08 17:53:01.717 [TestNG-tests-1] PackageNegativeTestCases - packages testcase started
[INFO ] 2021-02-08 17:53:09.319 [TestNG-tests-1] hyscaleLoginPageTestCase - get driver
[INFO ] 2021-02-08 17:53:11.287 [main] hyscaleLoginPageTestCase - ended
[INFO ] 2021-02-08 17:54:00.110 [TestNG-tests-1] hyscaleLoginPageTestCase - chromebrowser started
[INFO ] 2021-02-08 17:54:03.624 [TestNG-tests-1] hyscaleLoginPageTestCase - titletest
[INFO ] 2021-02-08 17:54:03.652 [TestNG-tests-1] hyscaleLoginPageTestCase - login page factory constructor
[INFO ] 2021-02-08 17:54:03.721 [TestNG-tests-1] hyscaleLoginPageTestCase - Logo test
[INFO ] 2021-02-08 17:54:11.113 [TestNG-tests-1] hyscaleLoginPageTestCase - login test is successful
[INFO ] 2021-02-08 17:54:11.113 [TestNG-tests-1] hyscaleLoginPageTestCase - Email  and passowrd entered
[INFO ] 2021-02-08 17:54:11.145 [TestNG-tests-1] hyscaleLoginPageTestCase - get driver
[INFO ] 2021-02-08 17:54:11.422 [TestNG-tests-1] PackageNegativeTestCases - packages testcase started
[INFO ] 2021-02-08 17:54:19.129 [TestNG-tests-1] hyscaleLoginPageTestCase - get driver
[INFO ] 2021-02-08 17:54:20.795 [main] hyscaleLoginPageTestCase - ended
[INFO ] 2021-02-08 18:17:09.735 [TestNG-tests-1] hyscaleLoginPageTestCase - chromebrowser started
[INFO ] 2021-02-08 18:17:12.632 [TestNG-tests-1] hyscaleLoginPageTestCase - titletest
[INFO ] 2021-02-08 18:17:12.659 [TestNG-tests-1] hyscaleLoginPageTestCase - login page factory constructor
[INFO ] 2021-02-08 18:17:12.730 [TestNG-tests-1] hyscaleLoginPageTestCase - Logo test
[INFO ] 2021-02-08 18:17:22.856 [TestNG-tests-1] hyscaleLoginPageTestCase - login test is successful
[INFO ] 2021-02-08 18:17:22.857 [TestNG-tests-1] hyscaleLoginPageTestCase - Email  and passowrd entered
[INFO ] 2021-02-08 18:17:22.905 [TestNG-tests-1] hyscaleLoginPageTestCase - get driver
[INFO ] 2021-02-08 18:17:23.263 [TestNG-tests-1] PackageNegativeTestCases - packages testcase started
[INFO ] 2021-02-08 18:17:31.011 [TestNG-tests-1] hyscaleLoginPageTestCase - get driver
[INFO ] 2021-02-08 18:52:27.202 [TestNG-tests-1] hyscaleLoginPageTestCase - chromebrowser started
[INFO ] 2021-02-08 18:52:30.351 [TestNG-tests-1] hyscaleLoginPageTestCase - titletest
[INFO ] 2021-02-08 18:52:30.378 [TestNG-tests-1] hyscaleLoginPageTestCase - login page factory constructor
[INFO ] 2021-02-08 18:52:30.449 [TestNG-tests-1] hyscaleLoginPageTestCase - Logo test
[INFO ] 2021-02-08 18:52:38.761 [TestNG-tests-1] hyscaleLoginPageTestCase - login test is successful
[INFO ] 2021-02-08 18:52:38.761 [TestNG-tests-1] hyscaleLoginPageTestCase - Email  and passowrd entered
[INFO ] 2021-02-08 18:52:38.800 [TestNG-tests-1] hyscaleLoginPageTestCase - get driver
[INFO ] 2021-02-08 18:52:39.088 [TestNG-tests-1] PackageNegativeTestCases - packages testcase started
[INFO ] 2021-02-08 18:52:45.976 [TestNG-tests-1] hyscaleLoginPageTestCase - get driver
[INFO ] 2021-02-08 18:58:26.758 [TestNG-tests-1] hyscaleLoginPageTestCase - chromebrowser started
[INFO ] 2021-02-08 18:58:29.902 [TestNG-tests-1] hyscaleLoginPageTestCase - titletest
[INFO ] 2021-02-08 18:58:29.932 [TestNG-tests-1] hyscaleLoginPageTestCase - login page factory constructor
[INFO ] 2021-02-08 18:58:30.006 [TestNG-tests-1] hyscaleLoginPageTestCase - Logo test
[INFO ] 2021-02-08 18:58:37.265 [TestNG-tests-1] hyscaleLoginPageTestCase - login test is successful
[INFO ] 2021-02-08 18:58:37.266 [TestNG-tests-1] hyscaleLoginPageTestCase - Email  and passowrd entered
[INFO ] 2021-02-08 18:58:37.308 [TestNG-tests-1] hyscaleLoginPageTestCase - get driver
[INFO ] 2021-02-08 18:58:37.667 [TestNG-tests-1] PackageNegativeTestCases - packages testcase started
[INFO ] 2021-02-08 18:58:45.939 [TestNG-tests-1] hyscaleLoginPageTestCase - get driver
[INFO ] 2021-02-08 19:08:18.273 [TestNG-tests-1] hyscaleLoginPageTestCase - chromebrowser started
[INFO ] 2021-02-08 19:08:21.192 [TestNG-tests-1] hyscaleLoginPageTestCase - titletest
[INFO ] 2021-02-08 19:08:21.217 [TestNG-tests-1] hyscaleLoginPageTestCase - login page factory constructor
[INFO ] 2021-02-08 19:08:21.287 [TestNG-tests-1] hyscaleLoginPageTestCase - Logo test
[INFO ] 2021-02-08 19:08:31.352 [TestNG-tests-1] hyscaleLoginPageTestCase - login test is successful
[INFO ] 2021-02-08 19:08:31.353 [TestNG-tests-1] hyscaleLoginPageTestCase - Email  and passowrd entered
[INFO ] 2021-02-08 19:08:31.506 [TestNG-tests-1] hyscaleLoginPageTestCase - get driver
[INFO ] 2021-02-08 19:08:31.835 [TestNG-tests-1] PackageNegativeTestCases - packages testcase started
[INFO ] 2021-02-08 19:08:39.423 [TestNG-tests-1] hyscaleLoginPageTestCase - get driver
[INFO ] 2021-02-08 19:11:50.894 [TestNG-tests-1] hyscaleLoginPageTestCase - chromebrowser started
[INFO ] 2021-02-08 19:11:54.288 [TestNG-tests-1] hyscaleLoginPageTestCase - titletest
[INFO ] 2021-02-08 19:11:54.321 [TestNG-tests-1] hyscaleLoginPageTestCase - login page factory constructor
[INFO ] 2021-02-08 19:11:54.395 [TestNG-tests-1] hyscaleLoginPageTestCase - Logo test
[INFO ] 2021-02-08 19:12:03.997 [TestNG-tests-1] hyscaleLoginPageTestCase - login test is successful
[INFO ] 2021-02-08 19:12:03.997 [TestNG-tests-1] hyscaleLoginPageTestCase - Email  and passowrd entered
[INFO ] 2021-02-08 19:12:04.130 [TestNG-tests-1] hyscaleLoginPageTestCase - get driver
[INFO ] 2021-02-08 19:12:04.429 [TestNG-tests-1] PackageNegativeTestCases - packages testcase started
[INFO ] 2021-02-08 19:12:11.617 [TestNG-tests-1] hyscaleLoginPageTestCase - get driver
[INFO ] 2021-02-08 19:13:37.001 [TestNG-tests-1] hyscaleLoginPageTestCase - chromebrowser started
[INFO ] 2021-02-08 19:13:41.527 [TestNG-tests-1] hyscaleLoginPageTestCase - titletest
[INFO ] 2021-02-08 19:13:41.564 [TestNG-tests-1] hyscaleLoginPageTestCase - login page factory constructor
[INFO ] 2021-02-08 19:13:41.643 [TestNG-tests-1] hyscaleLoginPageTestCase - Logo test
[INFO ] 2021-02-08 19:13:51.829 [TestNG-tests-1] hyscaleLoginPageTestCase - login test is successful
[INFO ] 2021-02-08 19:13:51.829 [TestNG-tests-1] hyscaleLoginPageTestCase - Email  and passowrd entered
[INFO ] 2021-02-08 19:13:51.983 [TestNG-tests-1] hyscaleLoginPageTestCase - get driver
[INFO ] 2021-02-08 19:13:52.294 [TestNG-tests-1] PackageNegativeTestCases - packages testcase started
[INFO ] 2021-02-08 19:13:59.366 [TestNG-tests-1] hyscaleLoginPageTestCase - get driver
[INFO ] 2021-02-08 19:16:09.004 [TestNG-tests-1] hyscaleLoginPageTestCase - chromebrowser started
[INFO ] 2021-02-08 19:16:12.732 [TestNG-tests-1] hyscaleLoginPageTestCase - titletest
[INFO ] 2021-02-08 19:16:12.770 [TestNG-tests-1] hyscaleLoginPageTestCase - login page factory constructor
[INFO ] 2021-02-08 19:16:12.858 [TestNG-tests-1] hyscaleLoginPageTestCase - Logo test
[INFO ] 2021-02-08 19:16:22.083 [TestNG-tests-1] hyscaleLoginPageTestCase - login test is successful
[INFO ] 2021-02-08 19:16:22.084 [TestNG-tests-1] hyscaleLoginPageTestCase - Email  and passowrd entered
[INFO ] 2021-02-08 19:16:22.233 [TestNG-tests-1] hyscaleLoginPageTestCase - get driver
[INFO ] 2021-02-08 19:16:22.527 [TestNG-tests-1] PackageNegativeTestCases - packages testcase started
[INFO ] 2021-02-08 19:16:30.147 [TestNG-tests-1] hyscaleLoginPageTestCase - get driver
[INFO ] 2021-02-08 19:17:55.035 [TestNG-tests-1] hyscaleLoginPageTestCase - chromebrowser started
[INFO ] 2021-02-08 19:17:59.062 [TestNG-tests-1] hyscaleLoginPageTestCase - titletest
[INFO ] 2021-02-08 19:17:59.082 [TestNG-tests-1] hyscaleLoginPageTestCase - login page factory constructor
[INFO ] 2021-02-08 19:17:59.125 [TestNG-tests-1] hyscaleLoginPageTestCase - Logo test
[INFO ] 2021-02-08 19:23:26.944 [TestNG-tests-1] hyscaleLoginPageTestCase - chromebrowser started
[INFO ] 2021-02-08 19:23:29.961 [TestNG-tests-1] hyscaleLoginPageTestCase - titletest
[INFO ] 2021-02-08 19:23:29.988 [TestNG-tests-1] hyscaleLoginPageTestCase - login page factory constructor
[INFO ] 2021-02-08 19:23:30.062 [TestNG-tests-1] hyscaleLoginPageTestCase - Logo test
[INFO ] 2021-02-08 19:23:39.615 [TestNG-tests-1] hyscaleLoginPageTestCase - login test is successful
[INFO ] 2021-02-08 19:23:39.615 [TestNG-tests-1] hyscaleLoginPageTestCase - Email  and passowrd entered
[INFO ] 2021-02-08 19:23:39.759 [TestNG-tests-1] hyscaleLoginPageTestCase - get driver
[INFO ] 2021-02-08 19:23:40.073 [TestNG-tests-1] PackageNegativeTestCases - packages testcase started
[INFO ] 2021-02-08 19:23:47.275 [TestNG-tests-1] hyscaleLoginPageTestCase - get driver
[INFO ] 2021-02-08 19:25:24.799 [TestNG-tests-1] hyscaleLoginPageTestCase - chromebrowser started
[INFO ] 2021-02-08 19:25:28.028 [TestNG-tests-1] hyscaleLoginPageTestCase - titletest
[INFO ] 2021-02-08 19:25:28.056 [TestNG-tests-1] hyscaleLoginPageTestCase - login page factory constructor
[INFO ] 2021-02-08 19:25:28.126 [TestNG-tests-1] hyscaleLoginPageTestCase - Logo test
[INFO ] 2021-02-08 19:25:36.713 [TestNG-tests-1] hyscaleLoginPageTestCase - login test is successful
[INFO ] 2021-02-08 19:25:36.713 [TestNG-tests-1] hyscaleLoginPageTestCase - Email  and passowrd entered
[INFO ] 2021-02-08 19:25:36.857 [TestNG-tests-1] hyscaleLoginPageTestCase - get driver
[INFO ] 2021-02-08 19:25:37.199 [TestNG-tests-1] PackageNegativeTestCases - packages testcase started
[INFO ] 2021-02-08 19:25:45.226 [TestNG-tests-1] hyscaleLoginPageTestCase - get driver
[INFO ] 2021-02-08 19:28:00.748 [TestNG-tests-1] hyscaleLoginPageTestCase - chromebrowser started
[INFO ] 2021-02-08 19:28:03.632 [TestNG-tests-1] hyscaleLoginPageTestCase - titletest
[INFO ] 2021-02-08 19:28:03.658 [TestNG-tests-1] hyscaleLoginPageTestCase - login page factory constructor
[INFO ] 2021-02-08 19:28:03.744 [TestNG-tests-1] hyscaleLoginPageTestCase - Logo test
[INFO ] 2021-02-08 19:28:12.738 [TestNG-tests-1] hyscaleLoginPageTestCase - login test is successful
[INFO ] 2021-02-08 19:28:12.738 [TestNG-tests-1] hyscaleLoginPageTestCase - Email  and passowrd entered
[INFO ] 2021-02-08 19:28:12.874 [TestNG-tests-1] hyscaleLoginPageTestCase - get driver
[INFO ] 2021-02-08 19:28:13.180 [TestNG-tests-1] PackageNegativeTestCases - packages testcase started
[INFO ] 2021-02-08 19:28:21.060 [TestNG-tests-1] hyscaleLoginPageTestCase - get driver
[INFO ] 2021-02-08 19:29:25.356 [TestNG-tests-1] hyscaleLoginPageTestCase - chromebrowser started
[INFO ] 2021-02-08 19:29:29.182 [TestNG-tests-1] hyscaleLoginPageTestCase - titletest
[INFO ] 2021-02-08 19:29:29.211 [TestNG-tests-1] hyscaleLoginPageTestCase - login page factory constructor
[INFO ] 2021-02-08 19:29:29.285 [TestNG-tests-1] hyscaleLoginPageTestCase - Logo test
[INFO ] 2021-02-08 19:29:37.685 [TestNG-tests-1] hyscaleLoginPageTestCase - login test is successful
[INFO ] 2021-02-08 19:29:37.685 [TestNG-tests-1] hyscaleLoginPageTestCase - Email  and passowrd entered
[INFO ] 2021-02-08 19:29:37.826 [TestNG-tests-1] hyscaleLoginPageTestCase - get driver
[INFO ] 2021-02-08 19:29:38.171 [TestNG-tests-1] PackageNegativeTestCases - packages testcase started
[INFO ] 2021-02-08 19:29:46.492 [TestNG-tests-1] hyscaleLoginPageTestCase - get driver
[INFO ] 2021-02-08 19:30:34.282 [TestNG-tests-1] hyscaleLoginPageTestCase - chromebrowser started
[INFO ] 2021-02-08 19:30:39.820 [TestNG-tests-1] hyscaleLoginPageTestCase - titletest
[INFO ] 2021-02-08 19:30:39.857 [TestNG-tests-1] hyscaleLoginPageTestCase - login page factory constructor
[INFO ] 2021-02-08 19:30:39.934 [TestNG-tests-1] hyscaleLoginPageTestCase - Logo test
[INFO ] 2021-02-08 19:30:48.789 [TestNG-tests-1] hyscaleLoginPageTestCase - login test is successful
[INFO ] 2021-02-08 19:30:48.789 [TestNG-tests-1] hyscaleLoginPageTestCase - Email  and passowrd entered
[INFO ] 2021-02-08 19:30:48.945 [TestNG-tests-1] hyscaleLoginPageTestCase - get driver
[INFO ] 2021-02-08 19:30:49.290 [TestNG-tests-1] PackageNegativeTestCases - packages testcase started
[INFO ] 2021-02-08 19:30:57.058 [TestNG-tests-1] hyscaleLoginPageTestCase - get driver
[INFO ] 2021-02-08 19:32:38.603 [TestNG-tests-1] hyscaleLoginPageTestCase - chromebrowser started
[INFO ] 2021-02-08 19:32:42.846 [TestNG-tests-1] hyscaleLoginPageTestCase - titletest
[INFO ] 2021-02-08 19:32:42.879 [TestNG-tests-1] hyscaleLoginPageTestCase - login page factory constructor
[INFO ] 2021-02-08 19:32:42.958 [TestNG-tests-1] hyscaleLoginPageTestCase - Logo test
[INFO ] 2021-02-08 19:32:51.397 [TestNG-tests-1] hyscaleLoginPageTestCase - login test is successful
[INFO ] 2021-02-08 19:32:51.397 [TestNG-tests-1] hyscaleLoginPageTestCase - Email  and passowrd entered
[INFO ] 2021-02-08 19:32:51.535 [TestNG-tests-1] hyscaleLoginPageTestCase - get driver
[INFO ] 2021-02-08 19:32:51.854 [TestNG-tests-1] PackageNegativeTestCases - packages testcase started
[INFO ] 2021-02-08 19:32:59.756 [TestNG-tests-1] hyscaleLoginPageTestCase - get driver
[INFO ] 2021-02-08 19:35:18.075 [TestNG-tests-1] hyscaleLoginPageTestCase - chromebrowser started
[INFO ] 2021-02-08 19:35:21.214 [TestNG-tests-1] hyscaleLoginPageTestCase - titletest
[INFO ] 2021-02-08 19:35:21.244 [TestNG-tests-1] hyscaleLoginPageTestCase - login page factory constructor
[INFO ] 2021-02-08 19:35:21.320 [TestNG-tests-1] hyscaleLoginPageTestCase - Logo test
[INFO ] 2021-02-08 19:35:31.387 [TestNG-tests-1] hyscaleLoginPageTestCase - login test is successful
[INFO ] 2021-02-08 19:35:31.387 [TestNG-tests-1] hyscaleLoginPageTestCase - Email  and passowrd entered
[INFO ] 2021-02-08 19:35:31.529 [TestNG-tests-1] hyscaleLoginPageTestCase - get driver
[INFO ] 2021-02-08 19:35:31.865 [TestNG-tests-1] PackageNegativeTestCases - packages testcase started
[INFO ] 2021-02-08 19:35:39.156 [TestNG-tests-1] hyscaleLoginPageTestCase - get driver
[INFO ] 2021-02-08 19:37:34.208 [TestNG-tests-1] hyscaleLoginPageTestCase - chromebrowser started
[INFO ] 2021-02-08 19:37:38.344 [TestNG-tests-1] hyscaleLoginPageTestCase - titletest
[INFO ] 2021-02-08 19:37:38.370 [TestNG-tests-1] hyscaleLoginPageTestCase - login page factory constructor
[INFO ] 2021-02-08 19:37:38.435 [TestNG-tests-1] hyscaleLoginPageTestCase - Logo test
[INFO ] 2021-02-08 19:37:47.554 [TestNG-tests-1] hyscaleLoginPageTestCase - login test is successful
[INFO ] 2021-02-08 19:37:47.554 [TestNG-tests-1] hyscaleLoginPageTestCase - Email  and passowrd entered
[INFO ] 2021-02-08 19:37:47.704 [TestNG-tests-1] hyscaleLoginPageTestCase - get driver
[INFO ] 2021-02-08 19:37:48.020 [TestNG-tests-1] PackageNegativeTestCases - packages testcase started
[INFO ] 2021-02-08 19:37:55.821 [TestNG-tests-1] hyscaleLoginPageTestCase - get driver
[INFO ] 2021-02-08 19:38:44.378 [TestNG-tests-1] hyscaleLoginPageTestCase - chromebrowser started
[INFO ] 2021-02-08 19:38:48.092 [TestNG-tests-1] hyscaleLoginPageTestCase - titletest
[INFO ] 2021-02-08 19:38:48.120 [TestNG-tests-1] hyscaleLoginPageTestCase - login page factory constructor
[INFO ] 2021-02-08 19:38:48.198 [TestNG-tests-1] hyscaleLoginPageTestCase - Logo test
[INFO ] 2021-02-08 19:38:58.699 [TestNG-tests-1] hyscaleLoginPageTestCase - login test is successful
[INFO ] 2021-02-08 19:38:58.699 [TestNG-tests-1] hyscaleLoginPageTestCase - Email  and passowrd entered
[INFO ] 2021-02-08 19:38:58.854 [TestNG-tests-1] hyscaleLoginPageTestCase - get driver
[INFO ] 2021-02-08 19:38:59.192 [TestNG-tests-1] PackageNegativeTestCases - packages testcase started
[INFO ] 2021-02-08 19:39:07.894 [TestNG-tests-1] hyscaleLoginPageTestCase - get driver
[INFO ] 2021-02-08 19:43:58.055 [TestNG-tests-1] hyscaleLoginPageTestCase - chromebrowser started
[INFO ] 2021-02-08 19:44:01.334 [TestNG-tests-1] hyscaleLoginPageTestCase - titletest
[INFO ] 2021-02-08 19:44:01.366 [TestNG-tests-1] hyscaleLoginPageTestCase - login page factory constructor
[INFO ] 2021-02-08 19:44:01.413 [TestNG-tests-1] hyscaleLoginPageTestCase - Logo test
[INFO ] 2021-02-08 19:44:11.905 [TestNG-tests-1] hyscaleLoginPageTestCase - login test is successful
[INFO ] 2021-02-08 19:44:11.905 [TestNG-tests-1] hyscaleLoginPageTestCase - Email  and passowrd entered
[INFO ] 2021-02-08 19:44:12.067 [TestNG-tests-1] hyscaleLoginPageTestCase - get driver
[INFO ] 2021-02-08 19:44:12.425 [TestNG-tests-1] PackageNegativeTestCases - packages testcase started
[INFO ] 2021-02-08 19:44:20.315 [TestNG-tests-1] hyscaleLoginPageTestCase - get driver
[INFO ] 2021-02-08 19:46:35.327 [TestNG-tests-1] hyscaleLoginPageTestCase - chromebrowser started
[INFO ] 2021-02-08 19:46:39.303 [TestNG-tests-1] hyscaleLoginPageTestCase - titletest
[INFO ] 2021-02-08 19:46:39.320 [TestNG-tests-1] hyscaleLoginPageTestCase - login page factory constructor
[INFO ] 2021-02-08 19:46:39.370 [TestNG-tests-1] hyscaleLoginPageTestCase - Logo test
[INFO ] 2021-02-08 19:46:48.532 [TestNG-tests-1] hyscaleLoginPageTestCase - login test is successful
[INFO ] 2021-02-08 19:46:48.533 [TestNG-tests-1] hyscaleLoginPageTestCase - Email  and passowrd entered
[INFO ] 2021-02-08 19:46:48.676 [TestNG-tests-1] hyscaleLoginPageTestCase - get driver
[INFO ] 2021-02-08 19:46:49.015 [TestNG-tests-1] PackageNegativeTestCases - packages testcase started
[INFO ] 2021-02-08 19:46:56.074 [TestNG-tests-1] hyscaleLoginPageTestCase - get driver
[INFO ] 2021-02-08 19:52:19.717 [TestNG-tests-1] hyscaleLoginPageTestCase - chromebrowser started
[INFO ] 2021-02-08 19:52:23.021 [TestNG-tests-1] hyscaleLoginPageTestCase - titletest
[INFO ] 2021-02-08 19:52:23.050 [TestNG-tests-1] hyscaleLoginPageTestCase - login page factory constructor
[INFO ] 2021-02-08 19:52:23.119 [TestNG-tests-1] hyscaleLoginPageTestCase - Logo test
[INFO ] 2021-02-08 19:52:30.888 [TestNG-tests-1] hyscaleLoginPageTestCase - login test is successful
[INFO ] 2021-02-08 19:52:30.888 [TestNG-tests-1] hyscaleLoginPageTestCase - Email  and passowrd entered
[INFO ] 2021-02-08 19:52:31.035 [TestNG-tests-1] hyscaleLoginPageTestCase - get driver
[INFO ] 2021-02-08 19:52:31.336 [TestNG-tests-1] PackageNegativeTestCases - packages testcase started
[INFO ] 2021-02-08 19:52:39.324 [TestNG-tests-1] hyscaleLoginPageTestCase - get driver
[INFO ] 2021-02-08 19:54:06.602 [TestNG-tests-1] hyscaleLoginPageTestCase - chromebrowser started
[INFO ] 2021-02-08 19:54:10.059 [TestNG-tests-1] hyscaleLoginPageTestCase - titletest
[INFO ] 2021-02-08 19:54:10.104 [TestNG-tests-1] hyscaleLoginPageTestCase - login page factory constructor
[INFO ] 2021-02-08 19:54:10.196 [TestNG-tests-1] hyscaleLoginPageTestCase - Logo test
[INFO ] 2021-02-08 19:54:20.945 [TestNG-tests-1] hyscaleLoginPageTestCase - login test is successful
[INFO ] 2021-02-08 19:54:20.946 [TestNG-tests-1] hyscaleLoginPageTestCase - Email  and passowrd entered
[INFO ] 2021-02-08 19:54:21.094 [TestNG-tests-1] hyscaleLoginPageTestCase - get driver
[INFO ] 2021-02-08 19:54:21.454 [TestNG-tests-1] PackageNegativeTestCases - packages testcase started
[INFO ] 2021-02-08 19:54:29.408 [TestNG-tests-1] hyscaleLoginPageTestCase - get driver
[INFO ] 2021-02-08 19:55:01.939 [TestNG-tests-1] hyscaleLoginPageTestCase - chromebrowser started
[INFO ] 2021-02-08 19:55:05.381 [TestNG-tests-1] hyscaleLoginPageTestCase - titletest
[INFO ] 2021-02-08 19:55:05.409 [TestNG-tests-1] hyscaleLoginPageTestCase - login page factory constructor
[INFO ] 2021-02-08 19:55:05.478 [TestNG-tests-1] hyscaleLoginPageTestCase - Logo test
[INFO ] 2021-02-08 19:55:15.477 [TestNG-tests-1] hyscaleLoginPageTestCase - login test is successful
[INFO ] 2021-02-08 19:55:15.477 [TestNG-tests-1] hyscaleLoginPageTestCase - Email  and passowrd entered
[INFO ] 2021-02-08 19:55:15.617 [TestNG-tests-1] hyscaleLoginPageTestCase - get driver
[INFO ] 2021-02-08 19:55:15.915 [TestNG-tests-1] PackageNegativeTestCases - packages testcase started
[INFO ] 2021-02-08 19:55:23.166 [TestNG-tests-1] hyscaleLoginPageTestCase - get driver
[INFO ] 2021-02-08 20:08:00.441 [TestNG-tests-1] hyscaleLoginPageTestCase - chromebrowser started
[INFO ] 2021-02-08 20:08:03.605 [TestNG-tests-1] hyscaleLoginPageTestCase - titletest
[INFO ] 2021-02-08 20:08:03.638 [TestNG-tests-1] hyscaleLoginPageTestCase - login page factory constructor
[INFO ] 2021-02-08 20:08:03.719 [TestNG-tests-1] hyscaleLoginPageTestCase - Logo test
[INFO ] 2021-02-08 20:08:13.354 [TestNG-tests-1] hyscaleLoginPageTestCase - login test is successful
[INFO ] 2021-02-08 20:08:13.355 [TestNG-tests-1] hyscaleLoginPageTestCase - Email  and passowrd entered
[INFO ] 2021-02-08 20:08:13.500 [TestNG-tests-1] hyscaleLoginPageTestCase - get driver
[INFO ] 2021-02-08 20:08:13.829 [TestNG-tests-1] PackageNegativeTestCases - packages testcase started
[INFO ] 2021-02-08 20:08:21.152 [TestNG-tests-1] hyscaleLoginPageTestCase - get driver
[INFO ] 2021-02-08 20:08:52.689 [TestNG-tests-1] hyscaleLoginPageTestCase - chromebrowser started
[INFO ] 2021-02-08 20:08:57.035 [TestNG-tests-1] hyscaleLoginPageTestCase - titletest
[INFO ] 2021-02-08 20:08:57.078 [TestNG-tests-1] hyscaleLoginPageTestCase - login page factory constructor
[INFO ] 2021-02-08 20:08:57.176 [TestNG-tests-1] hyscaleLoginPageTestCase - Logo test
[INFO ] 2021-02-08 20:09:09.952 [TestNG-tests-1] hyscaleLoginPageTestCase - login test is successful
[INFO ] 2021-02-08 20:09:09.953 [TestNG-tests-1] hyscaleLoginPageTestCase - Email  and passowrd entered
[INFO ] 2021-02-08 20:09:10.098 [TestNG-tests-1] hyscaleLoginPageTestCase - get driver
[INFO ] 2021-02-08 20:09:10.503 [TestNG-tests-1] PackageNegativeTestCases - packages testcase started
[INFO ] 2021-02-08 20:09:18.376 [TestNG-tests-1] hyscaleLoginPageTestCase - get driver
[INFO ] 2021-02-08 20:10:21.303 [TestNG-tests-1] hyscaleLoginPageTestCase - firefoxbrowser started
[INFO ] 2021-02-08 20:10:25.081 [TestNG-tests-1] hyscaleLoginPageTestCase - titletest
[INFO ] 2021-02-08 20:10:25.124 [TestNG-tests-1] hyscaleLoginPageTestCase - login page factory constructor
[INFO ] 2021-02-08 20:10:25.296 [TestNG-tests-1] hyscaleLoginPageTestCase - Logo test
[INFO ] 2021-02-08 20:10:31.707 [TestNG-tests-1] hyscaleLoginPageTestCase - login test is successful
[INFO ] 2021-02-08 20:10:31.708 [TestNG-tests-1] hyscaleLoginPageTestCase - Email  and passowrd entered
[INFO ] 2021-02-08 20:10:33.537 [TestNG-tests-1] hyscaleLoginPageTestCase - get driver
[INFO ] 2021-02-08 20:10:35.417 [TestNG-tests-1] PackageNegativeTestCases - packages testcase started
[INFO ] 2021-02-08 20:10:44.907 [TestNG-tests-1] hyscaleLoginPageTestCase - get driver
[INFO ] 2021-02-08 20:10:46.094 [TestNG-tests-1] PackageNegativeTestCases - base images testcases started
[INFO ] 2021-02-08 20:10:49.606 [TestNG-tests-1] hyscaleLoginPageTestCase - get driver
[INFO ] 2021-02-08 20:11:24.541 [TestNG-tests-1] hyscaleLoginPageTestCase - get driver
[INFO ] 2021-02-08 20:11:27.138 [TestNG-tests-1] hyscaleLoginPageTestCase - get driver
[INFO ] 2021-02-08 20:11:27.994 [TestNG-tests-1] PackageNegativeTestCases - agent images testcases started
[INFO ] 2021-02-08 20:13:24.805 [TestNG-tests-1] hyscaleLoginPageTestCase - firefoxbrowser started
[INFO ] 2021-02-08 20:13:28.417 [TestNG-tests-1] hyscaleLoginPageTestCase - titletest
[INFO ] 2021-02-08 20:13:28.496 [TestNG-tests-1] hyscaleLoginPageTestCase - login page factory constructor
[INFO ] 2021-02-08 20:13:28.685 [TestNG-tests-1] hyscaleLoginPageTestCase - Logo test
[INFO ] 2021-02-08 20:13:34.594 [TestNG-tests-1] hyscaleLoginPageTestCase - login test is successful
[INFO ] 2021-02-08 20:13:34.594 [TestNG-tests-1] hyscaleLoginPageTestCase - Email  and passowrd entered
[INFO ] 2021-02-08 20:13:34.803 [TestNG-tests-1] hyscaleLoginPageTestCase - get driver
[INFO ] 2021-02-08 20:13:36.007 [TestNG-tests-1] PackageNegativeTestCases - packages testcase started
[INFO ] 2021-02-08 20:14:30.419 [TestNG-tests-1] hyscaleLoginPageTestCase - firefoxbrowser started
[INFO ] 2021-02-08 20:14:34.348 [TestNG-tests-1] hyscaleLoginPageTestCase - titletest
[INFO ] 2021-02-08 20:14:34.373 [TestNG-tests-1] hyscaleLoginPageTestCase - login page factory constructor
[INFO ] 2021-02-08 20:14:34.509 [TestNG-tests-1] hyscaleLoginPageTestCase - Logo test
[INFO ] 2021-02-08 20:14:41.213 [TestNG-tests-1] hyscaleLoginPageTestCase - login test is successful
[INFO ] 2021-02-08 20:14:41.213 [TestNG-tests-1] hyscaleLoginPageTestCase - Email  and passowrd entered
[INFO ] 2021-02-08 20:14:41.365 [TestNG-tests-1] hyscaleLoginPageTestCase - get driver
[INFO ] 2021-02-08 20:15:23.429 [TestNG-tests-1] hyscaleLoginPageTestCase - get driver
[INFO ] 2021-02-08 20:15:23.457 [TestNG-tests-1] hyscaleLoginPageTestCase - get driver
[INFO ] 2021-02-08 20:15:23.500 [TestNG-tests-1] hyscaleLoginPageTestCase - get driver
